215877
140967
42222
8172
136200
131433
158673
31326
35412
45627
141648
111684
19749
177060
22473
168888
141648
185232
179103
38817
74910
111684
233583
111684
151863
200895
243117
38817
155268
14982
109641
207705
74910
86487
96021
44946
131433
23835
23835
111003
21111
150501
128028
104874
133476
53799
188637
2724
240393
238350
10896
39498
197490
242436
76272
70143
167526
59928
226773
103512
104874
172974
108960
202938
97383
56523
229497
241074
170250
72186
58566
25878
217920
168888
224730
215877
32007
91254
166164
41541
72186
205662
180465
230859
134157
230178
5448
236988
172974
17025
164121
102150
92616
93297
17706
133476
36093
219282
141648
66057
237669
60609
173655
91254
6129
81720
236988
11577
80358
25197
124623
166164
231540
49713
156630
215196
36093
6810
72867
91254
136200
21792
37455
83763
2043
51075
23835
170250
177060
0
111003
143691
224049
170250
167526
81720
225411
108279
93297
21792
202257
152544
215196
32688
133476
122580
132795
226092
70143
225411
25878
95340
137562
38817
146415
222006
35412
107598
88530
60609
106236
14301
44946
219963
175017
74229
681
115089
681
42222
71505
14982
75591
69462
217920
89892
145053
237669
86487
83763
200895
97383
241074
176379
164121
239031
234264
170931
19749
14982
33369
127347
43584
28602
143010
182508
12258
241074
191361
36093
46308
211110
21792
142329
23154
210429
66057
27921
124623
103512
9534
66057
57204
164121
209748
156630
4767
150501
153225
160035
78996
26559
189999
78315
137562
26559
20430
155268
217920
212472
0
98745
194766
46308
207705
206343
155268
19068
66738
24516
34731
15663
90573
136881
216558
37455
174336
129390
17025
183870
38817
219282
213153
168888
224730
89211
157311
89211
32007
166845
23835
28602
56523
237669
149139
149820
168207
176379
80358
73548
101469
127347
176379
90573
22473
77634
157311
108960
139605
231540
98745
236307
167526
59928
189318
226092
117813
120537
130752
34050
73548
200214
239031
74229
8853
25878
105555
145734
189318
228135
228135
61290
5448
156630
169569
198171
131433
85806
160035
87168
111684
213834
19749
44265
89892
128709
35412
104193
64695
228135
147096
196809
83763
27921
209067
198852
13620
11577
184551
102150
201576
200214
143691
179103
102831
125985
238350
681
167526
173655
207024
34050
151863
226092
169569
147096
143010
62652
155949
219963
173655
79677
49713
105555
72867
179103
46308
140967
59247
84444
235626
34050
88530
119175
121218
151863
110322
153225
76272
198171
113046
14301
47670
29283
161397
27921
183189
239712
94659
138243
74910
185232
231540
126666
12258
135519
179103
8853
181146
221325
83082
23835
185232
72867
243117
198852
211110
16344
179103
75591
96021
177741
172974
238350
217920
43584
50394
127347
147777
53799
192042
112365
32688
117813
17706
215196
81720
230178
89892
48351
18387
74229
125985
196809
174336
226092
87849
204300
100788
2724
14301
123942
55842
125985
117132
165483
225411
116451
133476
215196
27921
54480
54480
25878
194766
4767
10896
59247
56523
57204
205662
232221
228135
119856
56523
31326
61290
230859
61290
85125
225411
30645
10215
77634
79677
5448
48351
209067
81039
64695
223368
62652
110322
75591
29964
136200
55842
681
134838
19749
221325
210429
6810
230859
44946
168888
97383
239031
178422
97383
121899
236988
164121
10215
226092
128028
192723
184551
24516
185913
172293
150501
87168
227454
39498
241074
216558
15663
112365
49713
51075
39498
175017
127347
81039
199533
241074
235626
49032
244479
201576
31326
186594
48351
40179
155949
62652
178422
98745
25878
192723
167526
44265
67419
53799
172974
88530
56523
81039
234264
241755
25197
14301
38136
145734
25197
19749
106236
88530
72867
36774
143691
172293
95340
145734
32688
68100
162759
190680
89892
60609
227454
78996
223368
196128
92616
164802
70143
34731
75591
83763
210429
72867
134157
189318
196128
7491
197490
24516
122580
216558
189318
232902
240393
128028
229497
63333
185232
214515
44946
68100
87168
152544
162759
136200
14982
113046
236307
49032
143010
239712
237669
13620
135519
242436
146415
194766
191361
64695
63333
243117
140286
161397
211110
59928
155949
225411
188637
63333
183189
37455
196128
55842
165483
219282
71505
49713
81039
85806
78315
82401
93297
170250
161397
201576
24516
168207
106236
182508
229497
61290
216558
10215
12939
139605
200895
37455
236307
134838
150501
18387
83763
49713
234945
134838
223368
192723
240393
125304
98064
128709
57885
123261
130071
20430
169569
157992
91254
0
72186
149820
198171
147096
19068
23835
168207
25197
70143
128028
181146
189999
194085
139605
189318
196128
36093
226773
125985
224730
171612
104874
108960
115089
157992
132795
77634
14982
77634
220644
151863
76272
217239
82401
89211
5448
242436
123942
6129
36093
49032
74229
29283
129390
51075
19068
167526
51756
32688
17706
61971
98745
130752
139605
25878
160716
120537
125304
228816
64014
119856
188637
172293
75591
222006
178422
194085
140967
215877
125304
148458
232221
229497
70143
220644
217920
187956
157992
47670
183189
3405
143010
219963
96021
125985
117132
202938
140967
8853
113046
236307
117813
91254
165483
160716
61290
240393
185913
27240
36093
108960
45627
120537
27921
195447
200895
143691
153225
98745
0
100788
108960
77634
175017
215877
122580
188637
225411
136200
184551
25197
228135
17706
193404
180465
228816
75591
125985
33369
25878
72867
188637
85125
36093
244479
207024
30645
186594
85806
32688
156630
121218
125985
115770
16344
234264
106236
125985
77634
66738
9534
9534
153906
96702
209748
76953
219963
6810
8172
148458
181146
34731
47670
152544
110322
10896
35412
87849
74229
240393
48351
144372
159354
189999
102150
111003
144372
16344
12939
39498
46989
207024
153906
55161
242436
132795
190680
144372
10215
10215
113046
99426
164802
232902
101469
231540
195447
236988
19068
166845
57204
160716
129390
149139
234945
61290
213153
90573
145734
23154
102150
158673
22473
151182
188637
199533
226773
119856
53799
11577
164802
31326
7491
87168
45627
226092
126666
163440
219963
89892
170250
29964
102831
137562
188637
175698
75591
203619
56523
229497
71505
146415
207024
100788
61971
149139
195447
139605
27921
2043
47670
58566
42222
40860
78315
78996
94659
128709
202257
37455
147096
1362
186594
187275
25878
134838
66057
7491
172293
3405
76272
117813
50394
123942
217239
6810
20430
62652
206343
62652
151863
97383
185913
72867
105555
134838
207024
154587
239712
241074
64695
141648
193404
190680
162078
215196
153225
199533
137562
232221
133476
111684
55161
188637
122580
145053
213834
240393
234264
239031
148458
238350
148458
64695
83082
61290
181827
70824
136200
124623
76272
64695
211110
123942
146415
83082
45627
207705
42903
37455
190680
123546
