2740938
144419
728500
865680
117040
169708
725648
552250
851252
1269664
436785
209510
519915
94392
311395
175430
185920
6330
60379
91314
194439
67571
484100
427928
54223
115964
169617
354403
135520
437143
324536
245588
403648
32585
327712
267096
65170
1012
253208
32643
619178
419686
104142
201552
118440
55883
43940
127652
3380
183196
16263
478972
42218
2042
71330
116272
17408
13728
89672
150087
173317
247245
188415
113900
48825
332640
352662
288860
261360
9270
72192
23240
12250
719923
266912
15820
1075610
155375
812271
18400
382027
129066
916123
459916
94604
1456542
634230
120897
924930
249116
135676
101808
3400
270882
161184
33235
67184
65190
20679
16837
108480
329025
119799
28525
6222
265776
138659
487256
19200
210406
39054
5377
166320
16325
96921
214760
161595
231957
16697
31997
230550
181863
76401
29133
446688
46648
118864
62035
44404
106750
36586
7616
44859
214560
545340
1069820
50660
61218
941680
79497
38664
22610
712220
747696
926200
670138
143717
222110
54663
68850
8034
429590
157905
100188
578612
381225
211650
142800
26334
209664
644674
80802
190443
349569
13266
155540
166428
39933
11998
623076
57334
120640
16043
121980
88040
257600
352755
160716
103512
62856
34050
160684
131100
180400
89175
540891
7176
109620
44265
23970
13432
108077
538375
30780
41724
163404
36540
49770
95120
45990
163964
304029
12834
336996
193223
68882
323301
347743
258863
59265
111600
43080
168744
85083
6877
153344
170300
176172
294840
30785
641214
47520
367728
529420
37138
179220
407320
477712
8224
65807
17160
123600
10300
279756
152440
58776
184437
296008
440084
408152
215952
474440
660843
21648
69165
97773
14724
196040
147780
18190
91616
99760
764635
229056
391004
305580
6806
89718
11664
57470
161335
283635
383104
331936
296475
125851
413633
94770
281644
224664
21641
382374
22190
3645
70152
402116
68404
102712
26757
24990
208026
468864
27783
297924
53568
1938
48803
50232
137176
620496
138384
3140
275100
122850
150876
24960
627192
136152
36300
142560
207900
281385
232848
74529
139256
378006
212760
121352
143028
63427
139264
35326
233920
104027
67936
80003
325612
263056
85136
113715
502052
186548
401450
164616
123966
138346
4797
212268
14260
25346
286099
234117
14496
65278
47424
75510
323456
169724
15390
187936
84747
184951
377580
240932
63168
260224
46287
39198
67488
372096
514112
16544
29526
119168
566530
40257
164288
180480
289408
30324
333040
79692
135750
209494
29394
23760
134976
7752
140535
314352
172
115440
143752
386100
70620
284760
90800
216232
136640
318935
72660
70930
68880
107520
117780
281450
3008
162620
59616
28566
0
124942
153504
15312
221440
290640
118233
156738
19570
79650
107439
37392
214500
2655
17181
318600
20880
8549
181
35255
182515
124564
19264
127072
93472
110208
189210
61307
358807
180208
43022
32264
161044
191552
30597
61008
15312
294528
13312
281487
142428
54636
33176
132314
116774
145702
40141
274276
48564
116432
9024
56376
33354
23068
4668
1452
38544
112098
29484
5274
42408
21708
51348
121859
301925
122850
11600
65030
45384
64416
4922
77602
33284
271268
24154
135864
116600
45684
8800
6624
85050
48462
97524
20050
8947
76995
45650
61846
39788
23316
14260
13770
204300
63882
41503
792
33034
47436
4975
34314
33810
88803
4600
68600
19468
29760
20370
18605
24893
120393
33264
41612
30056
13482
39292
60512
95550
60021
74400
45630
16625
14691
15795
24196
51246
45240
57101
203376
191160
73144
121550
47498
1104
32032
43524
79650
112671
124490
26943
323316
76266
63332
33124
23088
220968
20050
96515
42676
52728
293787
143070
176142
205499
10185
219294
153321
96240
60016
10317
144891
57681
88509
66148
50096
24552
792928
8760
665696
13858
658880
77184
43018
58115
256122
49764
91803
45672
96462
21700
586376
34164
86697
59094
21509
29498
56286
109647
106691
261144
50193
33698
443744
26664
142788
13804
3726
23760
124476
185812
41664
514140
36815
14309
105118
72389
88105
48111
90524
45195
606186
115092
23433
249090
60187
25872
47270
405999
12586
129344
418302
313043
478450
161306
7236
468881
3008
158928
44178
134292
177612
283346
390438
459068
29240
231804
990
208658
157040
185328
2600
108928
200294
11900
46992
279929
82160
64452
13158
32164
97674
106080
20801
85591
64672
101618
231856
81640
37520
218316
93800
113568
631488
53935
40610
57375
17358
324896
40430
42980
528528
195776
100880
105534
24453
97156
2279
21840
14382
750464
113046
14400
36285
48048
9720
217672
53105
125216
6951
30784
18720
202125
17252
192500
82410
299750
140184
69225
290472
39273
125640
192944
6675
41040
113588
8459
119812
151424
181248
19019
227812
241332
32994
12528
17980
1392
204798
384572
125440
280401
15312
159819
158600
76128
179284
200970
176700
249210
187600
191347
39501
171487
129150
287712
68198
168116
308088
71040
6060
186850
8843
32676
190120
232897
107256
133037
224350
42488
288768
3846
42107
112960
115430
52089
323259
137837
46452
6410
241569
176540
172081
62040
199656
73304
123192
127464
196787
91022
147846
134676
106029
37224
299461
322014
228823
159493
179098
236292
14579
145306
50743
48256
42601
79439
17632
152551
28670
25520
213988
152888
44727
226266
107871
90860
290287
10309
196231
195078
55537
37224
50694
77080
173976
146644
3905
125008
0
85555
201422
118604
37009
27560
17040
22356
11324
20623
40238
120714
53131
249002
268100
95370
301714
85228
116960
283866
2128
298903
8448
118950
249084
298903
18744
202905
191912
9702
70490
290296
136240
71530
300105
36698
13630
167723
358425
155610
12460
24634
76540
20868
73396
362483
193284
56916
103455
13310
169420
56430
3605
97020
56550
17181
126004
54270
6228
14580
60776
386958
274659
177216
375291
7420
47840
198352
192126
157336
75570
26130
103005
66216
2748
135300
32178
78310
178420
112530
10140
166419
93228
58307
127182
4866
51671
34275
124476
164633
193829
384252
7565
188370
14663
10230
53976
28090
20049
66490
50700
143041
73920
19152
109906
164892
29799
132610
289668
91080
4752
110660
19737
21294
3465
79665
20056
80605
109292
10602
13110
23408
17080
28250
135840
25428
24231
25344
277688
20600
90342
5390
83985
232925
36864
109158
26555
63215
35770
33712
45052
130168
126232
16154
6552
16898
216720
90104
119712
100607
12720
77159
69471
414412
126240
24200
43688
12960
365893
443540
230480
50778
85544
30411
116053
56416
3900
74340
74493
26784
72540
1334
167943
63187
19809
780
21489
154734
91848
33888
10200
239652
196707
179780
41410
220779
136224
82737
71400
4568
69144
15216
22839
52020
102480
172020
328342
161670
150672
26076
52894
167790
258482
384854
83830
43092
78432
26266
178425
13725
87860
191955
192150
60645
33899
75905
220605
334606
113460
191856
50065
82365
87550
68655
97908
85525
172260
51332
42007
116450
1856
2475
198198
33321
264264
52804
320902
308662
80010
431002
290968
67791
547404
317509
224939
125840
279172
27323
167076
54450
167883
4653
10234
35700
24075
88603
37720
114560
7018
105534
67575
139944
226696
27193
54054
112488
168960
227815
179214
27448
209300
49181
172556
6407
52245
66690
24948
12078
65520
71336
281088
29646
1512
22725
108360
91020
170016
66899
113900
357948
31415
14842
8646
20000
117608
49590
243110
54340
15725
301950
21970
30738
5642
114552
31856
4988
26500
38070
75674
103170
30772
29516
238266
15576
67962
211914
117602
18471
17670
167948
45792
4560
33280
63431
96624
1446
126284
85184
122976
25842
208620
146652
10824
6440
197736
88572
10200
91396
38415
58464
113238
54175
28536
40824
3940
51304
192896
51376
15553
17730
219521
50303
16059
31861
112160
24831
104304
98306
38610
116200
88290
20010
107365
107802
30444
6732
107226
70516
15264
65693
48574
23946
2210
61596
20650
119652
55071
47088
85860
93240
7304
17500
30120
51060
36494
12122
163572
28125
83931
5301
31750
39237
14877
211250
1316
19578
13750
16463
122838
173070
30816
32274
2360
19750
14931
88151
105644
462
8640
117944
22294
9250
219934
2556
25625
135625
134561
7110
68441
20763
97014
37582
25521
214094
2813
80385
30858
42256
138092
27161
94587
142879
27887
145521
22022
12768
4160
50008
45548
34709
47616
110386
13731
41470
20952
51336
960
83160
68774
34925
30883
36047
39432
68138
2728
47530
54320
8208
48096
152045
46410
82620
110637
10108
81432
9072
67487
53940
16443
132354
12528
7028
100485
67176
7965
47952
22287
4272
65835
3230
30880
51168
107570
29904
7480
111758
180327
40800
63147
82026
10440
64578
13889
103680
137775
163800
24552
78408
80724
18868
3465
40414
23184
55335
97664
12052
120741
18546
122820
7250
14260
156860
71318
3904
64416
162440
25025
3100
112725
62620
149492
49452
38906
21712
39816
28476
6050
64860
174348
114754
12855
154260
0
125751
28077
14952
102204
25578
23426
13920
30600
25728
117480
11256
15476
82832
128112
24978
20976
98196
46110
28372
19355
5064
91368
42390
155310
2976
19642
61812
29526
147337
36162
134900
54591
63425
47428
43400
34200
134769
116085
33820
10137
67571
29040
59985
64092
184149
200167
6900
51480
68172
18550
54119
4009
40875
102258
26160
34776
16728
9682
160205
64701
45969
20300
107821
7446
16170
6090
35657
11044
16256
16761
400
105544
1872
56917
91179
219198
51038
90626
6391
12826
75425
132010
55986
56672
20235
104538
110768
23316
18036
80828
144840
18590
2368
17220
53118
50250
23936
50875
224108
81351
435
127448
8421
29696
245588
14148
59598
16032
404
4582
56280
42328
21248
12760
8695
96400
2016
15872
1435
95858
39524
107758
48764
96148
132980
16576
19320
131064
6734
30464
104720
25886
187968
145684
60146
87084
125345
159424
148896
120320
191760
91744
50160
119193
48128
21037
35200
61490
69531
51894
24816
105225
255680
58093
183645
56358
113344
41412
10624
61731
54230
50962
55567
5192
54516
150997
58784
2460
63800
21560
183488
20700
143418
39117
18704
239888
7668
0
9440
52800
16309
154804
48374
52788
729
47060
71393
72000
29056
616
47268
71592
49594
281880
52890
5889
19570
46563
113122
12740
151302
26702
22360
12870
58566
16185
10323
77439
13020
11940
67396
64542
10030
38520
74340
187082
119000
13115
64480
24637
181245
40560
33631
7840
55806
16260
27610
25474
39162
23754
3740
145734
68558
54910
1428
22991
188244
26677
55020
66308
23664
205534
6450
75012
88935
68432
109792
178062
77560
33370
20827
46284
19176
49077
18632
47682
167770
17712
84118
99242
85104
21120
27720
34226
56564
113850
2112
18420
22912
14280
96585
627
29078
3760
17068
23460
23232
71082
101775
7812
25756
12231
4779
51000
32010
53392
20064
58092
22192
147016
65612
38016
152544
1630
65892
51136
44880
95040
44550
124848
80012
193392
57850
68139
11656
23760
53210
117130
81090
51192
27280
21390
31977
1240
2850
20736
17860
35640
50244
2352
37352
12710
40765
66129
5302
58520
28737
81008
2568
5206
20832
78980
1596
9361
28014
46053
7539
44720
7533
8910
58201
18093
140822
73444
42042
9108
29430
22983
65100
2688
112367
25109
35244
6330
94785
124260
38809
2736
25740
67032
90112
78551
14691
26754
88780
15640
143764
73320
2849
156814
24840
87098
4379
12524
6468
68580
79120
49187
800
58320
88128
118668
102120
3564
13161
12160
73920
44000
38532
24495
88917
97713
19760
165093
10248
23188
5940
82838
137112
124740
1890
172608
20696
38870
50730
215160
115320
10098
39556
37960
37290
83712
116250
45770
41402
4383
105679
40128
161700
57660
25856
27104
11529
37950
9898
89679
179520
10203
57816
37582
61952
5390
16905
33212
6643
203980
165540
58968
14558
15372
31979
18225
26524
21372
20488
150302
18496
30825
6260
17080
121792
59764
12544
8680
57792
54510
48440
44520
125664
4928
36743
33712
55578
65832
129054
43078
6800
10206
25893
45400
44730
73500
62059
75460
1059
77308
30530
20944
109237
20679
2187
18920
108576
60685
105096
6325
58245
11492
69188
14040
37558
18928
51183
777
14181
1450
77456
23100
95128
2550
4589
5421
3193
162498
53965
50844
6930
60726
73280
25877
65832
42976
87132
6721
67210
39867
22780
74802
23400
15939
42978
17548
8639
45938
23316
19516
6335
12551
28000
90896
87904
93660
50596
1160
82956
20224
100156
8160
162498
56887
14964
55748
31740
117384
38340
1190
63536
4216
189462
29097
185992
7276
41800
28612
59637
10608
34881
69845
3710
4858
49300
38482
24128
42432
95088
25878
22632
3021
77158
29760
73216
133718
21488
45201
78547
14112
10824
16605
40860
2580
87685
14570
3124
30272
4420
76110
67896
78880
70680
19596
4158
46816
29750
17145
319
21566
30130
72352
319
44685
15900
8064
31644
27798
17550
36771
3168
24360
12070
122176
5406
4992
230
1012
16324
61226
148568
20648
21712
150842
5166
43792
196322
74148
29575
440
33376
15038
39875
20315
29400
50318
25917
15264
39160
39150
48174
32634
40920
19140
5750
13298
45299
2205
3560
149160
69840
45489
156152
9849
21371
75762
42897
4960
16275
58077
10017
24605
44091
104280
18200
780
13312
132804
60196
176421
23858
78456
17760
57960
25560
91506
25443
54522
19834
138600
121737
225897
110670
12851
37740
63828
12596
4650
10787
61944
22134
75875
166252
8738
26040
13534
2464
51480
38400
16640
29684
109745
46980
67334
29106
10488
10206
59401
11570
8424
120060
19440
40176
41760
90298
45292
16168
17120
5068
83412
35375
52704
27501
33120
42960
34068
18928
180780
60606
102846
73950
33500
14839
39600
31008
21960
34760
61122
33824
29646
48096
84530
27666
6890
37524
72474
39875
1008
68931
34125
153306
179859
51142
19805
101382
15824
11618
26752
53328
1638
77760
216660
162324
203550
13432
148797
13552
34188
44472
17818
115551
59150
104308
171120
97920
48323
96338
35190
29400
198720
22561
92701
25284
40293
6532
52668
150728
8840
34697
14357
8730
14124
19392
20370
105288
9792
12804
51040
188568
13968
20405
558
31124
76659
68774
6854
234
42000
79500
7254
6336
11664
42984
9657
56516
64565
29869
31850
10212
67008
83740
98235
2384
14400
146793
4896
50546
44772
12496
3549
59488
78300
38000
92504
40320
63882
4886
142785
54793
49352
176853
22015
23254
101829
54442
22506
8476
17172
71508
7310
137900
46134
0
58104
19513
25575
7209
54831
10626
3672
18880
54901
22572
11122
57420
13410
4794
53352
8241
30338
17799
11771
32832
53440
43966
74679
14663
24624
29274
11811
19929
11343
111331
130995
19040
23520
6480
37692
29422
24722
21360
12800
129240
21513
177016
19950
32705
33210
50668
7844
46410
744
5709
7620
2346
158579
22646
770
117450
39432
18156
52029
18360
37931
53100
30015
23532
670
87744
13253
8878
33660
31324
80476
9984
24948
96048
1800
28392
27390
73278
35400
136206
18879
61360
18236
172806
24840
6641
61800
52704
10794
87840
71508
21450
68724
57960
16880
15794
24070
14214
62748
120288
888
17388
23400
11856
3100
21291
2835
4032
144918
23320
4278
65736
39776
6324
8560
67520
18190
13962
22912
30576
30846
4104
46060
43898
31692
38896
25776
34340
7592
24752
75905
73006
21850
51800
90207
65378
12243
40915
9144
142290
42120
50730
1510
71440
2304
6510
21850
53222
6275
48018
42898
20034
13570
36018
119000
6375
13800
70218
112625
147
65184
18386
157176
4935
38637
39879
84303
20709
137592
137946
131040
5565
26460
65412
8372
49664
70742
2303
66960
18612
52
500
17136
65943
70468
35432
20160
103660
45188
46842
12005
25860
138550
7756
23994
53181
11726
52392
7990
42897
31556
51728
40317
31894
7029
13720
33735
99166
55216
44732
25935
7905
3306
39336
7296
92272
58500
66374
26790
20544
34866
29964
68572
32706
32333
51300
38440
8774
61389
58996
26793
64491
7750
47520
12994
27840
26565
34980
74952
11242
20174
38503
48950
26215
26492
107730
46604
51442
8064
27257
44616
15276
18640
40606
6764
30368
798
38304
5330
93654
6072
34608
43920
30348
15336
6952
20640
45878
60732
2844
51852
41652
30528
41825
29445
8385
17784
155832
18759
25800
6800
12672
14014
61920
81263
39772
159198
18031
30000
78204
8758
56500
39816
45150
150849
67116
17280
50196
29700
5070
23904
2150
855
59094
61934
29714
101849
262854
34463
86697
32074
80940
25350
46472
175780
86925
64638
16020
14600
40004
70928
44036
64998
13640
11880
27492
33345
94116
6721
26230
13188
35968
9450
234608
47564
181984
68781
93795
35203
180390
1424
7448
63812
89823
98785
125631
78260
34782
147994
40602
18200
28804
22515
101332
25839
18212
28574
14946
49226
130599
87250
40192
11970
77056
143037
61490
38468
70680
33123
188604
3588
32809
70658
23188
216876
10010
115068
173436
41472
72475
119385
9559
68628
41311
3258
143662
49392
7000
105625
16512
18785
18360
19227
7866
198300
46250
10509
113792
285369
88832
148463
19089
27880
16766
100100
7860
36096
61944
624
11315
264368
202306
9794
19008
56355
110834
43877
8866
19950
39480
180744
6110
95420
68256
83676
190025
2379
24414
46512
33337
166
87170
76230
1045
84510
86198
55981
90396
101870
32750
21080
6864
16592
9108
53440
113477
94350
57116
5643
152607
218700
29464
252747
59295
72795
10927
184815
13688
82314
15833
3315
229625
50935
168831
101898
20160
55806
6540
177762
8120
16940
65601
173217
56938
105875
25047
32670
81212
16833
188964
29125
22890
37080
111899
45474
1379
53404
45320
109475
1848
18675
22616
31900
79134
75210
189841
22896
6380
2592
162216
131285
23760
98615
115478
10514
47495
26158
51714
237744
42750
266952
22220
84316
17380
130092
92588
22748
22098
230884
180991
225552
85004
208788
54569
11250
264352
169
169884
7632
32250
20210
226404
186684
105918
103264
156279
48032
24012
160752
73140
44916
44785
228248
10860
76304
161271
124485
44408
139320
53037
34715
4137
238506
644
3725
159643
155226
48006
6132
133577
27166
52244
54936
177072
215050
62626
116805
6985
109999
72828
17372
295816
27354
2871
105070
11224
203061
27930
180456
150016
44240
35972
212645
36562
70059
152277
163857
84956
79884
147645
85470
35821
31560
72480
172131
166025
96577
135788
19575
86184
32625
56644
2376
13032
150075
10842
52785
6901
102538
167265
40824
7503
111366
40866
3948
81354
86518
20450
20300
124713
39339
80088
116725
161760
235197
62059
16555
81639
837
146487
238525
34782
15536
10875
152975
2256
39650
3638
13184
59998
43550
163744
23970
88298
28016
63393
153400
107120
120646
18518
97632
100392
67259
166208
23030
69160
3135
235214
7183
182532
110297
3296
211470
275931
44034
215064
60729
149688
5744
145848
41538
6974
145114
94570
229437
44104
12172
77972
25862
25668
55738
9996
75516
17572
52812
9282
57886
90706
27169
400699
410183
50760
124560
372247
20859
74296
20922
53946
156195
322299
72219
40482
50175
22200
7254
146072
4277
158224
34563
57290
21844
59841
5031
1494
13392
30825
135749
41925
20735
28182
10098
115808
69222
544
62478
23140
7112
6696
88395
23973
49800
164424
23904
10560
51408
68775
43216
258726
13197
3400
43758
4361
56007
7493
2000
47978
3810
28623
42160
411245
82584
4256
377460
51405
93240
27861
23244
72416
22542
163725
39456
5488
92093
50337
12510
129438
62160
33785
2160
18144
7936
60024
48708
37835
77154
121619
47188
444
7605
185364
65772
23621
85440
262599
73146
192681
23674
134849
101202
80640
107520
163835
4064
119700
15370
153008
31005
83824
99012
74888
5382
334
51948
177100
71810
22703
111188
93005
27181
67588
107456
53650
149965
35385
58232
93240
43392
41087
18877
66284
39730
119436
1780
111195
1135
102672
86296
439
36256
34146
30545
59136
80100
20633
30740
76486
18841
39208
83739
38728
76500
25908
4070
46760
147504
62928
18327
237396
41344
100835
15312
72867
94656
113498
25200
227640
29718
50267
24070
46973
2338
39624
73491
5111
77506
100580
198372
26000
42423
16224
24780
66150
39366
22596
20685
61418
22950
19950
70028
30081
36036
362586
74191
219996
9796
129471
21216
11640
37219
33600
156798
38412
6544
55500
12079
146663
201938
146422
97464
65564
12850
73968
64119
68224
107206
192465
40081
21330
15552
15062
173124
248724
35752
932
128390
2534
209520
83727
100104
150708
172800
64170
36000
92628
21216
125125
108832
34932
492
156657
43365
179728
62181
71862
175560
34515
227520
175560
44772
37170
61722
56498
55149
29678
31648
36043
268677
89343
54047
34846
83828
99994
13205
99856
7316
19822
13216
3168
172329
361888
28884
14450
71536
7316
58373
125426
2275
25056
144692
54704
77880
63248
7087
92378
78010
22737
7427
672
8211
15249
11374
82280
48360
139590
25172
83819
276921
46268
13056
40920
100812
45951
217512
120384
21016
294550
15136
86559
22446
58140
83848
223668
8128
75888
47970
99484
103850
25676
219408
97200
23664
44704
6726
24308
78942
133713
88580
5260
118988
48450
66048
1504
16881
157320
259164
162360
129344
167564
81096
70110
145672
25440
55440
64985
81641
59996
315665
26675
28798
17100
188754
37908
48076
54900
27104
189420
205492
20640
69825
271005
78720
6215
102680
207473
84537
183519
189288
96120
62217
6100
68080
184600
77680
13700
77592
66220
26404
37653
13837
97308
83215
81468
167904
40495
290329
85224
40586
91008
63115
59796
140556
83776
23304
90345
239837
154985
10100
103726
6264
3838
483
130269
18368
63140
12505
39894
116256
198432
5219
70374
23532
100495
120243
336952
128898
25606
7458
275638
18910
312430
12000
241785
218725
19176
137025
122952
210840
153276
50451
298840
84118
66693
70150
5775
68461
18480
250640
164688
67626
50020
209520
59679
50388
46410
74576
25662
58590
63623
113078
86920
105245
145140
33264
182360
346290
3780
19976
319103
92232
217800
20750
88000
184041
272448
1686
670429
26095
42757
141910
338720
30030
46098
30094
234936
150688
18420
76704
267000
294634
305136
79200
49320
97788
477528
114246
840
228520
688083
634158
141432
70200
304137
13680
10963
177784
6471
88717
88437
100104
230782
440028
170969
43068
127263
14950
569448
132840
201794
220041
301892
120717
26978
34464
145680
25043
20638
155142
258687
111520
24449
211251
338124
77116
9702
4983
487907
132384
223933
175527
404262
189880
19134
310076
22104
114784
36960
68556
2856
8756
550830
91390
218160
113152
48510
169182
15036
9086
63745
41070
488599
206872
9632
160244
193087
64260
67660
1577
113176
399728
635712
4816
39600
163620
111804
159418
47124
103250
32664
54416
18172
1440
96120
139515
135290
131655
157890
66330
736848
539392
35979
25340
50180
132977
138180
141280
185430
213366
415605
320000
26896
194176
54516
415108
142990
96526
70623
32250
23020
20328
124890
93234
33370
16819
549735
135915
768256
710
36048
87456
726272
722750
186813
712425
227255
74222
322140
229215
590590
605045
400610
35616
295295
12431
541030
200305
589589
36736
157976
295365
320850
973245
697412
123830
85581
26660
594660
275520
383520
235136
547808
345356
243784
28305
481156
5661
217516
389818
51084
204074
182078
204960
253518
193760
349440
214179
305552
73509
336171
460776
309288
31450
68242
25382
557034
113184
240786
2516
571307
22842
64014
139986
82566
76032
76002
47762
177636
146196
116620
58566
88825
551100
27370
196882
417428
61479
232308
126437
139098
243063
475746
235984
492316
43737
257403
126192
202860
4788
288960
346225
285065
104535
103596
139009
126567
207633
186973
47300
707609
169166
297045
321786
225182
83390
879630
175912
174825
575905
631684
44718
51574
0
92288
45760
11218
171258
826243
87912
28900
88356
789
361971
299495
32856
99500
379808
256962
21990
127428
915075
82944
158841
698116
133348
125511
62130
984270
444935
262680
279650
6720
312312
702100
40545
81312
634365
814770
464724
68796
98325
9240
30888
384384
121389
279994
271949
687258
231660
308880
65800
625350
6419
348450
254975
134166
24926
204215
33405
50028
9096
55305
60455
70494
231177
691296
786680
886080
750323
17434
89807
929937
820170
40280
131513
1981026
1400598
910440
2208660
303480
1829310
89740
185592
541645
67462
182528
166248
955926
331608
76074
125244
67840
323392
450560
67840
195300
124906
361907
153065
40793
1316387
477648
105288
837168
93170
402213
145782
231994
96918
82764
253992
409222
7743
49724
37366
531260
38936
135982
88398
632228
80400
535098
22902
417915
21335
75302
614400
33222
456723
20643
109634
398268
167110
35526
181168
337222
87899
37453
170688
705600
265176
470400
42460
657600
248745
211731
417795
186686
413499
136398
438039
20358
478144
10152
0
210152
114696
92988
156456
361777
294032
54918
275200
2925
189420
59052
206949
75030
11374
577608
63396
131340
92310
315219
63687
92400
123624
56024
229845
434520
48177
492740
18018
259080
85608
71340
512679
72704
218694
11480
12238
9774
179459
61560
3240
17214
55067
276374
142691
360533
199644
176630
59360
2079
62160
34188
184730
35805
33603
61498
150984
25560
10648
128340
236220
29093
165354
44863
180306
70906
218697
88435
152915
335192
65472
183750
157696
34104
111232
86427
39578
56320
3250
14630
35752
7315
125664
67954
281533
58782
126900
86130
120790
23856
55512
84271
97194
39590
2360
231120
99408
42662
177840
129536
168
102992
20590
130284
132335
219640
32160
232566
77742
775100
90720
719900
223344
19116
248520
34960
306592
6500
2392
317044
905840
136912
359370
57664
576180
3780
128048
42984
115940
86526
506252
110871
36252
18530
337900
137596
15941
37823
233242
21528
15352
370944
91494
151590
538365
129654
459207
105840
195000
276800
349959
48906
60544
598672
72473
272282
507311
193160
222976
128961
530173
208767
543720
1042130
497990
12958
765332
34073
83352
581703
922592
275831
320256
668034
500400
650008
608072
434775
352782
170255
68907
570456
133590
422838
99060
30328
236354
16416
883206
981180
215344
115184
610976
253983
118404
375600
157752
1324096
511140
784524
189000
773526
588468
1018712
1005000
358701
706951
186789
125294
622310
167545
1191963
574440
1067501
214642
1689958
638170
872696
392920
488484
1742640
1544675
843920
2795214
75120
251652
997965
104562
317439
44685
700065
318753
560052
37232
68517
89370
159480
4116
5405
491244
1013978
529032
29440
32362
79756
10476
506024
205540
131580
42659
271076
8464
73749
182016
58600
32882
68742
130650
75159
134017
231088
152425
279898
25134
49647
35568
336930
70928
23564
19796
310384
54000
262171
126730
77904
9042
20124
248704
412488
458320
30990
69160
56350
152376
107026
27090
2192
36176
40250
89658
2052
60003
245854
148752
87096
10944
83835
279036
423272
154867
208610
165981
55818
177876
46656
14664
305968
33833
253053
29044
124775
48516
79608
35524
205940
24930
83139
166334
20320
23946
71546
511210
358449
296460
295425
70300
32028
7056
581
45420
24000
163603
200445
390390
239085
39270
156310
348768
107850
109725
3250
132048
41580
896
139308
189316
4720
130536
27612
66330
44650
251748
12331
259875
309600
21646
73920
198913
290290
36550
24168
147840
13280
57750
218295
59346
44036
195636
363825
188224
98124
44974
62650
109668
94564
35875
29718
122850
21566
246272
31654
132048
6860
121223
56320
24000
64566
51840
38080
6854
31948
185802
160026
86900
55447
13362
39312
71958
78402
62271
101296
141768
80332
110433
177210
70516
27720
28246
128723
3402
148608
113664
24759
82943
96768
79268
103695
66300
11324
139524
61938
238761
9828
102897
63882
213786
349461
82584
75839
58706
18338
102564
52173
1280
98549
130340
216609
30024
190855
63574
97280
49210
33756
215460
14271
18054
99459
16123
118449
92796
92736
50115
45756
94233
57984
347705
82800
277770
341795
13480
98739
227124
277680
95090
185064
50605
185640
79785
18975
97680
213840
57120
5460
41527
28951
146448
17820
114840
16800
118783
17028
76648
77532
74880
240340
11571
40824
36288
4756
107840
10336
13760
10560
6840
184186
207385
82251
85196
35717
28427
9932
7788
68640
49818
127804
25568
9266
52972
64680
56960
60554
35280
87591
38808
23426
123840
67732
110105
3248
13005
10354
98280
12994
126965
38907
56032
394956
14940
2438
68264
62280
133566
43310
35774
6480
36284
124338
216982
55040
17324
40120
74880
95658
191564
111277
30080
85952
8960
256
37577
136030
35670
23482
148840
42588
94839
91728
116383
80396
18434
6512
101871
120612
78351
251667
52470
16362
69975
314496
165906
9884
497952
29656
46640
205296
55965
118958
90405
177281
106829
223437
55085
76245
13392
56953
127920
72930
78858
147854
681984
169600
63787
27258
8804
403500
65952
117528
37249
501954
26533
6018
51142
21756
6878
60760
55120
43578
39200
230802
103880
316260
38220
7722
120373
413
233024
37522
1255
68900
101023
6996
19437
27348
49517
145750
134211
90958
210756
94464
105378
142984
225810
25440
223494
80030
55755
22495
120758
78880
57407
25948
19450
126144
133152
115850
298402
41688
24258
303396
53277
18113
19256
928
135780
2882
148224
14700
449592
21463
269467
268656
108717
58128
227678
538189
44160
265144
218789
9338
26052
97006
130910
276672
37800
73041
197440
6845
16464
63900
258210
13456
32900
196300
45756
119698
9804
5661
74008
446022
96256
92110
168144
18120
29535
57776
34506
39644
148836
388512
47286
24165
18200
336730
49830
67512
217913
14570
324000
282150
125550
107210
264600
72540
24644
77129
122696
157752
48195
122496
4446
45248
122688
7546
77348
66164
31784
7420
34998
98437
169456
87048
50499
145080
206700
62775
495232
35624
612
115632
461312
10251
17670
79500
33605
197370
74256
89700
66019
164441
150930
22100
63756
56050
40704
7076
500320
29988
54696
442656
96678
2316
80730
326025
11480
47765
2450
27000
385104
25908
1260
39710
230850
144130
154440
129151
84109
308259
216315
57057
46041
116424
36330
16077
573216
29002
73968
115443
122661
22400
10112
52662
121644
6552
82482
28140
205533
87234
573624
493614
74517
42912
78792
52096
367406
236004
50690
545136
6640
46741
42292
139494
98908
56640
21146
36624
304360
571728
9197
948
81691
60534
92928
21960
20264
14070
81576
63684
27720
2501
8442
31416
2730
31588
13090
20313
128760
18408
102648
52746
74620
250632
20368
111069
80585
1060
12220
42000
12920
179250
302186
9840
143172
174168
42186
4960
1016
128016
17355
52311
107968
22428
14896
289926
38136
23730
48461
1288
108780
5764
250560
21973
22968
53960
5670
206712
2790
73688
75640
0
15600
89784
37380
309024
60075
163152
181656
40320
217854
825
56364
100098
52744
36960
1946
14938
257868
83258
1457
13072
1856
18792
56882
245939
130972
112728
4029
141192
7952
48650
63189
30785
31458
28620
63684
66144
65964
221328
13113
31806
1194
23994
31487
111690
204624
101748
2628
159137
21780
31666
25676
151641
94454
265655
6704
124002
34432
70512
29321
52416
21573
3220
51290
20900
77604
33592
66132
122160
82336
106262
218400
29522
26691
48910
33288
63360
22386
75141
146412
31136
67155
128772
9730
62408
1632
33625
126636
31086
13098
16284
47344
9792
192864
1494
12384
76800
33975
11984
19228
18720
53952
236799
138768
110094
13110
8748
37524
61306
52920
5264
53568
14877
53800
23244
96
122838
82482
26052
144256
119968
31824
52658
19110
110998
86000
885
65280
169000
55419
3654
11979
198645
5590
88274
25340
5840
107683
27927
116202
113900
22578
2585
116186
144555
8326
119798
26563
27512
55255
112488
204078
157686
191018
149319
93480
97432
65565
77080
104414
100531
55584
34402
61594
48822
114806
27874
73728
40404
260442
126538
2634
21063
109516
32136
171054
86044
160654
35136
150698
18952
84960
47362
30492
114699
16940
4521
9222
140360
48410
88704
110982
42336
37835
54000
14835
100989
40077
81836
151140
103649
1496
33108
58520
25056
226560
22000
4275
7560
54405
11850
1484
14140
8624
181790
23652
11400
7310
230
31310
35720
116766
117265
82748
6644
100040
202672
50310
21320
56165
74907
52272
51600
187812
18924
19758
49632
5460
3600
91632
5566
47652
19758
187862
9690
86940
64655
19800
55836
27580
34272
24168
35454
26634
13098
34632
27368
120696
52752
64780
116127
750
26650
6318
24564
27244
44556
260064
26441
115620
3872
49452
40320
61410
53584
32651
117392
34239
103342
31328
232116
86904
54108
67626
54766
46080
5402
61440
164456
116718
46207
30849
40470
56771
33060
60270
10324
54196
17110
34595
12144
33376
157080
9827
966
23140
151335
254380
12760
45927
62418
76397
42478
27552
98808
23140
36992
65200
83490
98374
66240
27456
13310
12831
171120
34176
39330
42780
207010
47310
118272
77572
183264
139392
89010
81423
67620
38634
568
195261
166067
51072
113285
52934
574525
91052
100206
130650
131943
31164
3968
7880
44144
43659
53865
17608
6120
34251
36099
2412
505218
124
1488
548600
65268
48300
377690
13653
22785
483190
110316
61732
15867
58820
160270
26772
117425
68310
439132
23562
40528
62730
87080
375688
248139
120420
85540
54579
68809
88400
72732
63784
307164
47495
33975
92535
194376
224785
11496
78936
27548
117588
109272
155870
136884
80472
17220
72704
15252
18468
13891
39100
65040
203250
127723
6966
192402
49275
24563
129421
113498
103305
15418
28980
78100
46599
319536
1744
39260
17340
28674
5056
257488
66234
286251
12925
9760
57684
84668
26660
2200
34760
48891
122148
7280
18495
232925
5083
26730
36260
156415
74313
427386
82840
124453
97350
45240
19604
71626
17225
8800
25500
2260
372698
220948
30624
17324
31496
80960
10170
71020
33835
15372
74865
205440
32640
138417
22140
275578
32448
25393
34013
41847
24924
114367
122322
56406
281648
148108
108015
2280
48177
50430
112167
47334
22875
61400
35432
12834
29845
44346
96096
21948
39416
6070
86358
36240
26840
59592
91504
59558
66000
93015
43865
50050
125400
25137
40800
24256
78000
173173
124887
31008
42827
46287
76704
9706
63042
151200
187800
93936
4680
68634
12546
24634
46782
12054
49720
9632
192600
21600
216972
42813
62320
44600
91728
35456
74763
31140
97643
127086
303226
20748
153102
54720
347536
7526
76136
281799
76884
37524
29640
96696
14320
48112
65860
511888
30600
58656
38100
47360
395472
85456
8150
505040
18768
122696
8453
79200
64000
105840
57152
0
23496
20300
112340
39000
139840
275400
103040
76608
12152
599840
133250
111000
59850
179685
32110
35090
28462
284765
59976
279695
109368
96012
79002
17212
21120
90415
19758
355576
36621
6955
116756
1364
20124
55567
22940
23424
29900
44220
48510
79756
200994
152028
140056
7106
86609
24924
58370
2982
57044
224334
121968
146373
172788
124392
2987
100902
55947
60555
73438
131406
193963
21980
169884
54029
73744
51224
127050
68475
18060
216832
65412
267652
39999
212225
35424
78184
69864
230509
166460
58032
4284
173794
199143
29970
29036
152859
81872
2460
9108
49985
68816
80388
69552
76912
202188
164566
224475
29986
25550
60444
54600
58100
235872
14448
105792
203136
126444
68355
165564
29946
33396
10260
68143
82404
70848
51660
7524
14570
23782
52440
23545
62376
113734
60467
34884
124968
122026
78966
79572
188250
24541
215118
22264
100926
7461
173717
9968
390397
16861
98304
243946
46294
413743
233460
72611
95700
158339
54614
52224
58298
64032
117744
470324
41328
18565
120554
92824
13920
536200
31482
523944
1325
58671
68696
120096
9192
51410
4221
14025
46272
14391
127008
32562
31136
19596
29219
73530
43200
69856
16128
109494
37884
253152
55751
65021
0
149472
130284
86147
190240
71640
97470
134536
281341
5986
41607
23530
3321
272844
168480
9744
14578
7332
65100
17220
56650
82490
113472
11462
114450
56502
40752
109935
45570
41820
71925
119180
40158
17630
46492
59040
204527
28340
2230
75852
322558
54064
38192
43362
74683
20910
28829
65278
12336
132160
19888
79475
197335
33669
43792
48316
61857
145638
65208
165480
55080
59524
86207
137632
137632
210627
58960
65601
119016
45725
56772
16815
78880
14892
274560
49149
51336
10449
20916
220806
14756
45144
188224
122320
274833
47871
29041
858
62212
40887
53037
232320
95200
33124
150416
18392
33154
64870
507
29316
44910
30394
35733
79572
6031
16448
51084
48336
16192
47759
22825
12136
84108
94112
96815
109888
2400
29280
103972
20224
118184
307020
24366
49312
3822
77268
16517
25425
176460
21901
45552
74844
16748
16330
12096
3982
79560
59052
48448
180923
23680
1936
31504
42222
64790
103824
45084
47784
95742
5382
27783
169614
2256
22473
12324
0
4959
61200
82010
86400
28200
50540
3405
125874
100989
54280
9450
504
272096
115808
9360
75924
14092
86436
58575
69112
55890
163658
50954
68544
67405
106326
51834
69667
104949
3887
148750
128898
50200
7735
64770
134939
85444
72384
42840
210924
125760
91650
84630
2751
11475
5002
3140
105702
100317
114576
131495
116560
55536
46750
20066
163073
163350
5109
60776
42076
125652
81400
125160
114552
182931
76935
216691
104904
25720
33150
8636
247250
1971
210261
2363
106820
21516
467575
81748
19125
37758
37513
49396
483425
67580
142080
23980
186362
101022
198660
89870
45436
33592
109000
64872
35880
77740
4186
6240
583984
21436
148082
166842
66156
54219
165126
72450
9870
10512
8550
113526
151698
14076
34496
19278
140346
182376
454599
50827
13410
5936
39655
42360
293662
53128
2352
107630
85646
58450
18444
1144
7786
178506
188784
159510
14352
59714
32060
38646
107640
1562
116900
244986
168840
61826
121605
35916
489727
92974
10350
76960
40704
129108
498624
148096
77268
322752
25116
8856
294216
236160
9540
167280
21780
16055
31416
574776
83200
26312
304389
59517
83246
132011
92220
768
145320
113820
197726
8928
319424
72974
63450
288672
233474
49680
283891
82062
33383
8742
99770
148800
134400
25662
25916
269477
286933
118919
71004
321845
17052
101710
428635
109414
117586
11624
163968
210685
78552
351319
41769
237538
348029
95304
23994
12784
228874
48477
263200
93288
7942
97240
7260
53900
149688
80080
126896
6422
123004
3200
362544
2881
164640
14872
26316
136224
135072
35280
137655
5589
55432
8613
10080
54180
43890
58056
801
2782
170016
10045
65939
18428
21962
58824
888
110532
58740
5736
11328
906
85617
67608
26390
25284
87360
48697
21744
46428
60345
17433
131560
75776
119296
72030
144054
70980
14446
13824
19352
9320
9213
9288
103880
79728
14336
50050
152544
150419
3658
66805
49248
34560
132628
14740
111198
13120
62745
40896
137275
203100
67667
32976
35492
58200
77400
13662
143613
115816
14135
11556
223074
357305
15648
97526
242541
44310
138703
69700
75114
13760
79560
57448
111942
24522
63360
177858
28331
158930
32736
90598
80676
245520
6225
57000
41100
35757
39794
66802
36465
20544
30969
85928
38009
10850
50176
35775
75481
112464
36984
16835
22638
9657
59092
26625
51800
83583
87842
70048
118548
38940
144414
62208
38400
63423
40500
76041
103342
14980
43746
44548
27104
11661
185762
47559
22311
19425
14235
48600
70056
65698
14265
2996
28556
12928
9842
66933
52700
44034
1722
38130
56024
17340
84882
156216
37600
138096
71461
118440
38130
23288
38912
67725
112055
19781
29084
10836
6552
5841
18213
8671
81030
46624
56109
29032
2040
103674
76612
8593
3588
47859
88803
25530
127310
74958
100970
17214
51170
126251
113701
30406
22360
103243
4066
26572
131586
49140
39042
119812
17278
41769
5280
10218
7755
28072
74152
87724
14520
87606
3913
113570
85907
86296
191912
1032
64113
51408
2920
75440
12642
20496
94200
169182
182336
132352
26028
56043
80828
41610
79610
77568
119415
25392
76454
19656
55200
1029
63228
6496
31760
26352
88478
43576
99946
16660
24494
81171
29645
84840
93840
39552
131586
74740
83081
14805
58480
32100
6704
336
78864
106040
49950
66990
7123
72250
83259
31620
5040
9599
27722
76130
2505
5194
18821
60030
11712
26058
35462
48807
49088
33672
83853
76986
22248
62624
53953
29458
36872
110957
35638
58482
144414
32670
226954
2040
102666
175959
33583
7308
18096
59784
109561
80520
70605
169692
55208
59784
2220
139655
244290
44750
28356
89676
184894
3480
90052
159543
6965
106191
3944
103113
16716
66933
39690
50808
215380
48675
152306
107802
19327
12411
32010
242284
55990
1210
42210
20001
15366
23040
10125
35595
314562
35904
158928
21018
32860
152110
63070
63900
15428
315580
19680
341030
15364
33360
322706
0
22200
39220
48138
110526
20083
16224
15042
110175
307436
21450
251804
10058
115034
67188
31720
18060
37169
14560
64000
91620
163438
23440
41976
12654
51191
25944
16443
4312
179860
69459
76041
247080
35880
54468
14994
225664
182013
28210
306122
42952
43040
51703
17568
46020
53193
127729
37788
7308
144495
22325
33280
14208
72216
59109
33790
36500
142661
94024
71416
25850
33984
45347
54120
32204
97820
147402
42160
125460
144243
33462
132822
52432
182655
148716
94731
75645
39730
3916
58305
10105
87975
58900
12642
7320
93480
13376
62451
21756
89683
25488
7320
30825
56416
682
83204
166754
20952
32032
13328
3150
0
40120
119552
80179
7384
7160
77900
143836
46740
934
21920
4995
16491
125020
13767
34496
83545
31395
35072
25856
13384
39390
5720
66080
144072
12960
60512
76560
54560
76700
18800
107260
52117
87400
19600
39867
25058
33667
116283
22437
6030
15423
54600
29750
81378
24850
17640
129162
2210
25208
189108
12600
138375
20648
19257
12369
41591
103428
74360
122419
8512
65960
32760
111740
66096
19592
60865
91410
105450
106312
131313
72852
55123
77922
85808
7714
141264
63072
57190
18354
58705
11284
12768
14586
58800
7458
14400
46458
58784
49796
5784
21970
30326
17271
77810
51456
45766
18172
71176
71556
63479
37324
33635
45880
51695
2106
19126
40716
15226
20502
69647
98358
100492
29041
204160
45075
76936
13534
96000
177552
82845
23205
36874
74226
21120
22578
74496
47336
43431
13504
158313
3190
50552
0
188800
41789
93440
3128
152048
7930
34920
54639
1552
57810
8686
12240
23028
8591
11704
145700
50091
27685
47083
37692
41360
13376
7524
21168
31383
12740
34551
99221
37380
86346
26918
36057
24252
28980
14784
165396
5523
9760
7035
239144
12728
39500
18096
385
80324
14933
86838
2323
26316
11330
27920
7287
105264
45648
52884
111500
5632
44034
59502
213
42284
35763
94815
2540
120048
1392
27965
83592
9180
138288
6838
71536
8942
46706
13314
154000
24786
203344
62646
45704
12096
47250
186900
26465
2185
34580
36455
64222
28785
1740
55024
31823
196116
9906
56000
35838
25400
28956
10142
33768
105588
48185
94240
8424
26924
324
13408
67725
688
62624
9804
35316
113735
20320
17598
35074
37152
30906
191684
178273
35948
64944
20284
9272
23408
10695
9720
15281
136175
82164
26730
2000
60298
7837
31006
155818
52000
32184
84456
20091
33856
62750
36600
18619
87365
16463
40633
45450
97524
36750
40595
38525
104006
49608
2200
59400
13500
6461
142428
8536
17000
58695
10718
101574
13515
169312
14787
24682
31347
63339
61533
165042
39168
14448
19320
1458
40257
38208
22848
149301
37296
71137
35997
26492
1798
9984
6549
2233
67158
74028
38130
11457
15872
38794
14916
56064
8613
58450
10695
8064
594
100812
30551
87892
6431
112233
27075
51471
41310
18306
32028
60240
23288
66965
54950
33630
64464
25020
5952
36720
49665
10440
120600
41664
5296
23940
108779
8000
42256
44400
22436
12943
938
21320
149400
44800
157050
29192
12769
66757
32886
4320
124202
41310
3948
75480
67510
4720
17460
94116
137250
71337
84180
56200
78319
77556
32805
90201
51339
34960
68327
100835
170286
127818
51626
12960
720
81900
41026
28930
59200
7584
45762
90482
14640
83538
12426
40141
109652
49984
96205
55792
75348
8632
93912
16632
80896
1616
89010
22950
23940
40936
148950
65340
10935
138996
134478
106232
6370
43992
218610
141966
24934
18228
48642
7128
84350
39760
66216
58265
47250
143154
11592
33325
216720
133874
74778
79515
21409
103320
111387
144919
35880
64779
35632
43646
10246
87696
54742
46458
10476
43197
95850
203742
11424
36663
20806
36176
68526
1815
64602
85668
158100
86715
10324
3978
7900
4096
34263
60669
158004
97776
79497
22451
7275
13261
29580
61608
107085
41496
19944
2356
33664
156800
20301
88350
103362
116480
33945
32232
22143
14880
7830
70854
12288
62496
77406
126728
56420
8880
9198
27720
53214
81400
23807
31160
64638
8880
52122
235800
376232
16640
53750
31440
6319
307064
37760
35964
1164
362608
48000
968
11742
18144
72600
16872
23829
101277
24108
19929
6943
256960
38205
15808
103515
64578
27348
24672
23540
1782
28809
53361
869
124509
9405
42333
154704
44286
28116
38720
193966
40310
18304
11172
27284
2048
30400
62266
6292
20413
21696
97026
72192
48450
53820
74240
52380
40
69569
3345
25877
98412
20580
34408
181070
75600
54178
49878
4374
4966
7958
26696
38773
30470
41750
54516
154386
6592
42212
9922
34452
41064
47586
72144
136920
64462
187620
90131
26296
7107
44370
37947
154530
84336
50310
31096
4550
101018
87676
39758
78588
34402
62985
24111
15525
90300
23076
30444
0
74787
150552
13277
227976
4320
130764
87176
82620
161532
50920
44599
63631
62884
30652
117920
49362
29516
89780
70329
186822
17625
12480
43654
18012
124600
13015
57799
108000
5562
10050
9063
96
27612
79413
74892
33096
81780
240012
33984
27121
32088
174667
252885
69174
14008
12462
28428
3840
178198
13596
36162
189150
205446
128960
58384
102111
186912
3807
7936
0
80190
61854
0
243356
162027
10428
18758
15872
13493
45446
215264
21980
244822
74825
58293
9350
19503
1956
276768
10854
104092
23052
22260
31097
37680
42066
66246
10275
86432
8446
17112
7856
117349
77614
162162
72030
12450
26784
58653
215264
20625
31354
68600
36984
13338
74664
91500
86907
43044
76356
36704
59904
16302
2970
28320
2948
22444
165467
93258
41358
48552
95432
31710
37232
15224
36462
7381
144648
2560
31100
21255
109020
31200
588
14469
11700
80115
175960
282200
244020
76254
8487
80784
88708
74640
15222
1708
85204
55389
35280
25725
23496
60550
55567
64022
106794
180492
71104
61377
6887
60878
35870
21594
122286
50700
29520
118762
71586
120684
6222
187785
50898
52490
88810
59596
37650
8178
143901
45900
22736
93456
146207
84870
8145
64944
53631
91866
66375
43632
1325
88236
23166
2970
25466
65240
65872
47644
43870
23247
89835
30888
71980
41958
67858
12122
17014
51456
18088
102364
43632
66054
37513
38915
9774
41656
15600
47765
10676
21632
36504
51700
7656
81008
3168
20945
23836
2220
106272
4392
51027
59696
26460
71820
28960
21970
7958
22011
69600
61359
45365
1734
61184
30472
57620
21037
108585
105481
98549
5566
83776
111192
36992
39600
54488
15576
30167
55160
69892
27813
97088
25608
125290
40040
117810
16974
6816
59187
55470
3264
23142
26112
8326
30012
39006
78642
65772
11656
67032
36442
29104
5054
65400
76296
15088
19125
29140
37648
9089
36972
34160
63580
48144
68204
15015
9338
36000
59360
6840
58256
113460
36418
52772
55776
27166
167
8892
14852
31313
112362
76720
6864
37410
69836
54442
48825
39245
9548
3689
12906
87391
61336
1394
22932
60300
9272
73935
27744
11765
726
8463
49245
11172
21080
19539
60000
85214
159174
35211
71910
64617
221553
9558
57722
798
49775
9800
33813
34848
29944
37014
112575
62244
15544
13886
14508
26096
59024
63063
72072
52206
21200
3591
99199
113373
85860
57104
151335
133988
21484
31878
8460
48280
35280
193563
144720
39780
58344
21172
1887
182628
167485
45120
47120
76635
59452
67847
49125
204750
80290
41528
18396
40832
52896
23400
5780
68904
31552
13244
76879
0
18876
63568
22713
32982
58448
40222
30976
29845
1404
60225
23490
17487
50688
47112
27125
688
75392
35088
113560
88332
12643
34640
69977
111714
106894
62356
15364
51405
0
22278
14430
217664
3360
55935
692
53088
154432
54108
84168
33158
9912
47084
179859
27600
58643
79662
2795
8232
120132
1254
33659
13748
85845
59286
35358
60970
108150
40391
13950
40500
25704
58520
47539
27501
5547
64163
22914
13300
25670
5868
9372
1548
51680
58812
21684
76104
159909
43878
39878
5488
87246
48697
70848
130140
118720
3094
73542
139977
73386
4176
165396
61131
13800
27939
135420
93456
120130
1390
48280
33673
4469
41174
29468
15936
102705
8526
77350
59679
407286
90180
44010
420596
27904
71874
461857
71643
376673
48357
144855
139755
9675
45346
39780
71445
85301
86203
0
123246
8178
14935
86536
106678
49914
142881
2096
50264
14268
193140
29430
119358
42355
70579
8321
107000
115280
58429
16942
13024
80785
122750
120295
53028
128260
17080
148816
41601
61182
36825
19855
140840
61366
145336
61950
194205
6901
2562
140337
79756
73564
32512
81200
55311
277200
34694
369600
78327
185664
232080
223496
27760
261090
150645
29951
26344
69080
99220
39952
20727
11570
60760
94743
62282
10850
55915
173814
155687
168904
24416
902
320077
24244
26109
90432
102017
166600
52140
70090
80817
92950
167923
4235
0
233350
104618
42980
172126
160650
10428
77307
39634
290968
29232
362964
100568
51538
101871
144648
22932
29322
20400
61884
116040
72150
198900
294492
44975
23324
39270
357
40344
51152
4674
69806
47647
72452
44268
67144
195252
32813
66926
87188
33792
0
17081
65195
319059
278154
18614
27874
225000
121000
13420
148230
40221
181170
175437
3178
67710
94550
62700
12056
50380
304761
333000
65740
183
12726
123163
229068
10224
23632
23868
113535
119952
17388
70144
38500
306680
26145
300699
359566
162240
24674
70720
14060
62238
7050
9864
54340
117950
26700
58102
73206
24444
13205
36520
127908
6148
29624
310860
69440
62220
56700
185003
158148
266644
232939
26040
51414
69222
11356
21060
140832
117343
195584
15067
56144
81641
55266
41160
153282
97282
62250
111438
120045
82350
229991
60514
219457
46600
27495
70350
101088
22499
48760
13559
5922
99495
37098
5402
11460
44096
52390
42926
10170
105324
17667
50337
145924
50040
2592
112455
11790
117810
38913
32054
90363
184972
7930
4192
73872
23166
262052
87096
47320
18504
214684
16936
119184
64368
119700
77928
132936
34138
42075
4464
11448
896
12040
1566
126824
168084
87290
4300
676
223088
28223
5074
21525
2160
8957
15450
140936
98470
187320
10384
141120
612
41422
31500
16263
108240
56880
2816
8550
39600
44118
16646
93438
6372
45056
17480
8343
94392
27977
5292
36972
9030
106210
60280
10080
112746
70090
130226
84949
8940
2448
15312
94863
69048
43848
126895
16562
47880
16704
16074
220983
61686
57114
39497
52200
51128
21125
89397
31992
23808
72105
26085
2338
4416
20264
153825
52514
190762
38912
5236
4172
3753
67080
24794
148086
98010
35464
158400
67599
70231
35584
119110
13662
138138
171028
90945
117208
250734
21251
20447
6496
19320
29972
110931
20320
214682
26208
42560
116883
21962
29106
62280
14688
195546
4940
55211
12692
190
40672
59241
85169
14184
60151
50310
88065
15366
29925
17780
14664
92106
25773
99615
16530
17195
114777
23153
915
5883
25792
88452
20898
1890
14784
42640
112793
26352
149886
139040
8584
5957
15456
26572
154289
10120
84320
45850
133110
11840
23856
8030
127750
160223
81322
6655
102114
43400
38812
11928
320052
20320
22990
44560
21912
31808
107532
186595
39780
153760
34798
52938
15792
87138
72361
11220
91306
117669
33654
2904
116604
55298
79344
48195
14181
74576
146624
106560
59892
4191
25615
41238
33988
87193
3055
6776
58604
160580
119255
118825
314962
53256
21717
106488
39600
67518
60760
227920
186714
211593
17690
35520
11940
312133
4620
23343
199510
14652
120512
135865
246231
38744
32332
46144
5928
97129
102416
14504
99015
180835
43000
165060
79254
21120
91126
189224
38688
18544
14880
57436
27331
27300
1836
238818
70488
2528
89776
108472
95920
39390
0
780
22338
100300
65852
9184
313048
29766
62196
161465
10465
89856
104067
114576
22638
109473
233696
166380
194700
78937
70959
83835
8260
19920
55739
3224
142636
132750
43466
23532
67014
30528
14482
8943
25193
19690
55728
26666
35014
144800
60860
96800
100464
253129
9720
31228
31694
16852
153600
231113
258
128554
44408
316540
145000
5598
256760
171616
126819
140910
70686
175200
61248
651525
237600
76880
270336
83328
156450
11063
17325
20262
10692
35295
412069
9198
107604
66951
117888
421652
43890
30096
89670
18756
113280
52621
123442
46989
73680
224049
137921
162078
89670
67584
34390
70192
123765
142405
41211
9330
56486
102480
71820
17017
14868
26492
49152
12948
66019
93300
40367
23750
7564
15096
179265
303298
54027
105216
90890
117304
90589
68733
10810
203520
119140
239313
1716
389758
15480
235815
40132
238008
50406
576978
195171
32399
26200
206960
326360
155650
11074
39132
88501
187854
5795
10340
193600
145728
79200
61061
6419
78729
208810
102816
69650
4788
7865
32712
19625
46698
182120
205670
215226
259808
65565
21195
76935
168916
17664
46258
26622
40484
76257
214508
242424
44426
51744
37884
147768
87250
49504
39960
59202
244970
218474
64329
66231
469131
50184
527145
115170
138646
556
19065
32218
167250
70334
79250
5655
274575
500511
28710
376560
40794
22356
65565
137700
149205
165039
519339
321822
27510
77952
20090
76050
73125
85894
125204
99840
91434
85695
176816
114800
77824
160992
339730
120130
6192
221232
199680
77824
38517
17934
206986
142680
43719
219384
124862
20592
64416
63210
476298
163566
262944
150002
20501
122512
150696
173740
260610
52547
811614
89352
299390
75520
25460
409530
541076
340158
175522
187256
87438
12410
150700
178007
228344
32256
39270
162208
27232
40341
429516
376380
216580
258657
619362
373968
20026
171072
338884
425585
31527
158795
255664
211887
190960
599441
391776
14742
436451
300800
492592
622784
54900
594890
74571
306280
446340
88774
659680
29450
244435
250325
493376
273980
1304192
421778
124740
218892
177936
268832
437784
695928
474266
28204
336922
637362
99752
369112
355552
732784
594696
234606
326664
257416
822146
664144
548408
462644
756378
107688
439668
291450
249240
172860
1266300
117598
99506
1105818
52785
657713
640400
1717551
1034246
1015034
944590
741772
2994226
71984
768910
1186782
739442
728232
450354
2370349
1798000
1344904
450279
1833960
100688
302039
100062
1100376
1311670
931738
17248
615240
2740938
3111824
597036
945670
2518921
912168
244888
688349
1611504
606528
2605248
2569064
1833000
180920
1753710
1645260
2978612
659984
2657304
987275
1805774
659540
515846
1361408
191448
1393316
1201590
1353690
5070
614880
474280
1874250
1323000
2058000
203587
992250
826000
214551
700625
1150500
1733125
744875
2087125
3042020
2973660
341800
2503685
2351328
160954
906085
2537038
1110939
1127940
1221935
597036
1095263
132951
436839
1722032
1462461
762190
1361165
46025
342760
665225
173635
1130241
331440
1751108
1701392
1583050
193480
80580
911178
342383
555696
326995
104434
1111783
1327215
57204
2050328
2065744
2761032
898738
1180432
299144
2807021
304941
578606
0
818161
472815
237540
974304
2077162
730560
2076346
782308
1293578
1076474
1926798
2840444
587990
1217227
1117770
2777122
597036
193766
1730638
215502
292467
2169555
2316921
687708
307564
2207224
354948
44010
1002496
2379098
459224
87804
1906683
1739920
408192
315780
618728
1179930
190512
1779462
224532
145152
776490
289984
420282
206883
1130750
2632386
644800
1006880
1294560
710790
1555912
1148842
2726604
1438314
2216270
2906028
1076474
2324822
460101
553908
2650478
114804
778116
948196
134204
1199064
656641
174332
884416
505988
802497
1284532
654444
510867
91804
3890
5494
387940
113526
521456
129761
228200
68354
848823
348831
430008
623979
1539986
159552
262332
238128
35843
529522
446936
36575
1050456
61335
1291272
70160
234232
755136
258915
210617
1720895
901152
746640
237168
174097
678084
1520552
462330
635495
689430
348875
374880
31529
19776
525624
47784
411750
144448
293832
493506
200178
1618400
459762
379620
699314
345075
185664
136800
107337
7479
294325
339735
617913
461259
449655
284580
108480
65280
630500
151920
966033
122008
482769
7625
423045
131061
23222
565398
641754
239050
59400
521766
644400
181334
189255
471352
20646
763902
1024216
584760
853368
1067428
1284532
2296330
2337780
666050
1257439
1074697
1379267
270290
838794
334730
142996
1070589
456196
754195
487584
1273136
1042888
15904
1022572
89298
1628400
1579548
331108
1637616
620992
460736
342465
282880
673953
350523
194474
63648
586775
954720
1117376
350400
753168
774384
328536
827424
316872
600820
226304
216545
22831
0
19117
743043
44462
133386
19205
11869
950388
546200
685984
73892
338048
65364
618800
2324
487968
289952
584912
203727
222143
608192
738621
98943
573792
248508
133020
809952
15180
1230528
342958
210254
177003
397015
263427
63336
87395
293752
582426
285450
914875
111476
378527
267425
821980
163270
718478
137800
72118
49862
39295
231456
345525
265580
12055
147368
205020
406679
10596
498490
527800
197600
568864
838250
110170
553245
406696
291564
490400
184065
259200
325618
415296
21600
223972
548100
426569
217280
44058
568652
160706
188232
227814
270198
139680
204930
473055
852837
125198
134749
538137
294175
310612
220290
409266
365052
91010
141795
34617
290048
6592
664017
531050
136211
66780
99910
1098225
1078701
282348
39375
15180
175716
117144
473457
902985
1142154
217350
7392
780960
160138
209643
75880
201894
195822
711375
53865
693000
122670
169312
529250
391645
467857
243567
138807
246750
46165
72527
541022
79700
46480
164101
304194
17526
237774
7332
23712
502726
191912
36183
255892
450600
576768
168966
594510
65750
236520
20821
9144
6258
316920
201348
535428
507072
4928
117453
88404
634144
115092
118349
308728
37736
52150
380380
138171
473430
359910
305027
50654
247500
95918
102208
385320
135900
381520
493473
555756
382850
70268
135000
129357
268296
65824
122631
109880
78208
54735
86762
422284
195408
177285
140892
174168
358048
0
522952
692612
91078
60918
653172
369993
284874
445359
459765
327717
153440
267670
70317
137028
207345
24300
45474
604005
384462
711048
274767
119476
555474
682501
16042
489879
74412
237000
304333
401042
95418
331430
66825
771120
480760
18468
474012
99216
245140
723520
408611
301327
737800
268940
190903
17234
183649
72840
107115
570560
48070
1126804
1626967
129117
244814
462500
85188
173195
301041
135407
374731
177750
11089
1127342
33267
233026
24552
441160
145416
66696
542304
276768
316344
216762
710160
66411
230264
56220
91637
3460
112104
56392
295191
357072
159471
281298
73515
175305
45570
404898
112530
81432
42588
66495
178360
60096
9555
116739
70738
617600
93201
279948
546240
31122
208828
158508
739704
14042
1109088
308080
515712
525512
424320
584256
121014
55094
450432
7152
934452
290880
665388
151774
185436
669355
196878
59010
203980
347200
238520
329556
126945
53922
441384
17410
149226
43659
140188
438732
331867
447909
86901
309386
691096
610736
157797
58764
286455
127595
167994
149784
2868
134037
241059
22869
257115
5058
88821
10209
90034
35167
27898
87087
25437
118184
112749
69344
273600
169218
85000
35680
11102
21200
48552
5876
104489
11120
79709
93678
414345
6624
193050
350692
38186
173340
83952
158522
28000
90644
61404
19411
135280
32994
23026
98010
182972
7600
257256
79268
20026
13184
378386
34782
17344
189700
197276
12704
31536
137811
118306
3888
34574
222680
73720
69920
142140
104606
130096
2256
157590
102272
54250
19045
70505
127100
139500
51385
63406
149352
10556
79734
66234
35815
78684
119132
42112
56133
196980
73704
12954
85491
5478
131868
60192
44100
35815
43368
298485
150199
125139
108465
52038
143640
88000
86548
118440
47096
6474
10209
29400
117334
97812
191646
160461
25398
38522
51450
19992
205567
55419
384
115648
48195
193347
169200
91770
16640
0
113630
4380
32804
175696
66339
33222
30780
191450
110334
54720
101796
125972
17040
297568
291208
24381
197225
24174
82618
15147
51620
117552
141440
120768
368550
191079
80262
9477
127673
49368
143208
117249
61180
155472
74168
23247
56604
102172
44700
165798
99484
22784
238728
18752
48195
118192
3969
127917
33453
276960
126084
101612
198030
134070
411978
5220
960
73948
336968
101232
428904
74613
183625
71278
225920
115825
226060
111180
85374
309504
22785
196911
304851
77770
54999
43092
147543
225295
49896
153504
135642
9880
22608
359424
180894
185952
152031
40953
84185
113400
169440
189057
142494
64974
211288
164892
189840
21646
11067
127218
107744
12432
8138
59718
184184
46991
14464
104720
3234
44892
42244
122248
121890
102770
39886
180800
131694
74327
60372
20955
28820
58824
112554
177784
147110
24024
130190
19372
77903
94380
18486
129551
124780
8424
152960
43212
196560
160605
29370
41925
24732
28665
92267
78144
60775
170980
49720
71190
63973
73242
130764
15820
22160
54937
241380
50624
192780
211225
574360
179262
18720
93433
32382
12480
18700
187437
507036
358080
262242
24050
498294
60164
14300
55214
56595
226200
193452
34280
12445
173114
318990
313348
345072
309375
106856
200343
23226
121808
269864
47748
86268
81030
157356
218872
265174
270320
378000
306362
34020
400400
432432
201432
65565
949964
303056
78200
307940
142800
265500
1509625
167625
218010
223446
375534
666705
72625
765570
310625
726235
931260
914328
547470
790381
286770
756123
299620
50150
107007
291193
29944
44000
266762
118755
367185
545681
25071
281896
18720
163736
20448
205545
43494
37500
33332
147888
168800
4521
220284
132342
201685
293360
9284
313216
242496
81868
650902
530460
409212
717384
138672
1017228
1122572
156240
582180
53955
30338
465000
45696
156510
427800
64116
261072
25551
219512
38280
246413
103014
296225
207562
364140
268770
481620
11550
287100
399300
171600
100320
45674
65975
66840
24990
136955
92964
265240
591981
523848
116130
77142
129564
487326
556944
5766
1048284
404412
123424
122642
121264
46284
257697
200979
120336
81620
135548
501381
1313352
198882
3550
868
129759
340800
456175
541488
131313
137061
30144
415143
259852
86052
237850
596400
42147
83425
472983
48391
240552
576875
80955
33725
287100
499608
140853
346885
81172
101178
385567
128936
466272
254183
46276
91998
158160
187110
37122
16692
143612
20293
670712
485982
161994
232809
74970
124434
297987
9750
61250
54970
163221
2500
604670
24863
195980
75208
143808
119200
29104
95872
402844
460528
60648
329888
155877
41876
202016
116964
451968
267084
474816
243760
409960
487900
69600
563805
213678
607538
280947
18792
183341
326510
37080
338086
38130
247918
597370
464178
165230
176680
439833
31515
492372
1519641
426190
230607
508518
626778
430652
1021124
1657578
2496858
1248
450710
116358
624060
1099039
465696
283101
104601
1951326
275160
153272
1719750
386100
247455
2375648
1545521
247296
2896896
2207224
217104
1614375
757963
579918
1348055
874964
417945
2329920
61200
404500
118420
177980
2669700
36290
1449987
1763837
37662
1857968
1270304
114156
4416
385956
1507744
1810480
1774864
753872
1169968
486312
429928
11913
2039688
77088
882672
662004
112420
221260
1358929
93024
107300
528814
188125
569750
1252375
368280
610644
351528
143148
1564125
1687750
655750
138904
539976
72200
135978
73057
131028
139318
1315650
82432
448000
117507
144960
638928
225840
359856
606004
77112
428128
259710
640288
4266
562606
569668
311364
557898
525930
733752
372744
76220
352149
130823
224692
84950
414556
66261
1057602
432308
192150
32960
70567
164854
38700
470214
296262
925957
371376
59920
112905
577521
448560
53424
614901
506499
173715
173121
186390
161112
35682
5688
165711
112896
42933
157276
0
174538
243900
143312
5088
86768
7527
238630
214656
13260
16512
260416
102124
173658
10692
5421
76728
22885
25296
5110
93975
75816
17355
162424
38700
58446
142400
79655
56027
32724
224910
158240
138288
99468
19832
21910
68085
234073
88064
89518
10696
77311
5472
62764
10368
59143
23058
89890
4382
111622
87362
13524
52245
77184
109538
393660
69255
162854
117648
43472
13851
35076
81928
91572
131166
15405
57171
8580
0
15594
25750
181566
116963
0
26167
2266
67298
53922
65856
56592
115028
33484
24552
805
35076
61374
115824
3654
12397
86464
20271
168942
264828
26904
24211
1932
40250
33292
153633
77972
100532
104918
49088
67518
232401
8064
48972
1135
171808
33620
159536
17346
2840
226576
115258
30495
99448
35742
115940
83616
96525
16269
14282
44460
74936
66062
35805
42228
196588
68552
28842
76415
67375
42619
83182
132447
56523
176382
81473
113288
1356
232554
39870
54027
208033
213570
23532
13500
32736
68134
5994
154059
57116
4900
29975
131026
105014
179447
85186
20246
27720
22150
31768
14100
47652
32850
42784
18848
52122
79456
69036
135610
25212
83658
78720
9360
29636
30480
101574
77212
51993
62444
15111
60116
99456
37014
42444
25125
95676
7074
10350
98810
14268
68096
54768
86920
46230
34686
114912
62445
10500
76766
58212
13377
19035
38346
90475
101270
49650
5885
26412
103320
82576
28355
22101
32277
17570
4544
40425
54812
28272
86519
21424
12305
6375
40176
24534
25480
96690
20604
6624
17685
8853
135128
79800
3630
2046
17232
23100
20833
105910
139230
177905
67362
9198
221844
138243
14280
72590
36582
94380
162759
53186
4028
14719
0
609
36584
32250
21336
66750
4016
30940
50406
5016
38905
22044
52824
43750
68644
76053
67250
6031
11431
34720
786
90297
155890
398772
123165
89100
141610
39786
83121
106260
22815
35052
226548
155960
160416
15950
42254
29568
304761
189380
15521
7777
17856
196402
20088
94984
75150
140616
27388
53214
39432
15688
119232
123546
31752
226947
88375
123709
137448
118069
190890
38640
92303
41454
44200
78088
39104
13468
109585
428280
390870
11229
53636
41748
47031
58788
1222
7524
77357
220584
26260
993
76356
67952
16040
3880
19685
70666
56145
15714
46774
54484
46449
156456
171720
85698
18178
83950
21528
4883
95776
51142
17119
102800
112400
10537
25132
11426
136510
385700
18536
65928
116112
13552
7280
136224
92168
34417
167787
82422
101106
26568
79132
399165
211731
17615
143895
71190
73692
102087
28496
79900
91025
62194
3388
135520
47520
149952
23584
21824
14877
79982
15982
50050
15312
15730
231957
34000
104533
56880
153232
252263
31354
69579
10300
38936
265100
29190
7920
82268
4800
4848
140384
64588
24605
119886
79821
218855
74466
7092
42722
65160
190872
402745
46136
8748
157226
20240
32818
33276
20634
193000
50140
182192
53142
68556
133900
45504
102195
648900
143796
34529
174782
165550
14190
48282
247200
737480
77224
193128
16672
67196
149527
61628
317106
194985
118932
176204
21168
109928
2608
109200
121030
50344
184730
101080
142233
71981
36408
98106
32116
6450
148944
20832
124992
239424
64251
37026
41664
250344
81977
145230
210114
64240
6635
7092
68208
172752
157296
183126
61042
87096
425967
139651
77728
47988
120780
33175
443784
487200
55944
67792
3672
70686
90984
178312
167048
94375
28841
24311
256310
25740
19618
155402
38003
17442
2334
98080
97400
83368
18009
63310
49231
149814
376382
199980
24794
26108
89880
56898
34932
193708
17138
22910
30328
18460
98080
237844
15367
143028
5432
140990
219454
113760
384964
235173
142085
13200
155034
79040
140946
1680
89780
16147
269133
64416
14400
17050
1155
22815
288288
19912
58136
218592
169845
6678
132960
26040
443920
105247
41922
55332
152643
31000
179129
110010
32994
200880
175644
11076
243950
137640
168480
7440
56508
142066
21016
86328
362316
272568
11232
269775
78204
29988
384879
74698
11448
32732
29425
34125
28272
182248
69498
49434
148260
7110
86328
110920
15618
248253
78988
8701
141360
27666
39550
48132
2889
145640
6678
154007
75936
12957
165319
14212
661284
138330
15834
47064
25680
89199
22971
9225
121334
30955
65379
173982
318396
282387
108279
628815
19824
52002
65250
362230
575905
240834
37730
20330
15219
58000
13432
32248
73515
48928
48813
17864
127324
175497
101907
34977
23162
121986
70782
31773
151372
115810
178534
18384
27063
83884
144144
33108
41942
48060
29440
31080
13886
47793
32560
22990
159642
79566
31524
23985
100035
10934
128853
135720
21828
270684
139425
1125
34608
130104
33670
261096
149688
70380
52924
197800
127704
134121
30184
72114
52030
89238
89880
11664
65104
36018
225148
285692
127116
11748
312180
178640
133536
178476
126727
22250
148456
45537
295320
197816
139426
15024
73868
335069
120908
85590
113803
30744
338240
116997
29877
215448
169440
215460
13104
24634
1057
40400
359100
0
8624
121500
385560
23432
4830
270900
78776
75342
274816
349048
120119
41615
77173
30380
136245
13332
1764
147465
47163
67981
110891
119240
130662
5220
297016
30750
19065
79092
46046
9880
13117
10318
158205
108900
4879
38994
157563
80931
105894
93150
29876
79132
109032
226443
39150
12789
35256
20064
356726
20040
71219
350700
170730
158550
72819
53430
19500
205233
50142
125400
166443
204600
4020
57760
24928
10180
93122
76532
155694
48334
226575
77645
221960
229140
349806
140993
126741
217250
15523
87451
689275
203433
169442
124196
497700
88038
34574
469455
4752
193424
119720
89425
409860
49385
212931
126720
300800
9717
138943
12640
15960
214776
205610
1848
8764
111300
63252
205942
54660
180864
18170
26078
120276
180600
79921
400640
85045
221440
220608
197185
107520
21804
311688
190970
424270
45900
56784
199404
358934
37290
22137
157040
14690
30140
628590
308935
327712
265036
109865
133242
30172
400176
238250
1976
289712
257310
297648
60992
192506
134268
715924
228748
184882
678612
172260
48025
149734
289712
48015
74400
295002
160950
1380806
12747
863968
35496
82152
182646
55746
128772
286748
5379
929880
128304
492156
125347
328848
401778
605570
72822
71868
55076
622790
579740
575874
493640
266006
153328
76131
788832
86128
21252
88944
396542
43214
18939
311304
246449
112772
118826
149668
117263
403683
416295
62382
345401
4125
60123
274848
270728
290880
288796
7704
107712
27750
52828
73125
343602
47328
237150
321153
630846
98250
30208
99353
117211
170288
389246
266912
298059
254232
30894
280366
124780
62205
12937
164934
238193
228800
860832
281216
199382
250594
144372
404368
254107
94248
233029
161408
157728
117194
145008
350384
185018
98334
143150
192150
189991
337248
71431
309144
385259
130062
5032
469734
130812
471744
0
10693
195557
172747
355984
539904
127050
40698
412902
12738
216734
369800
30174
597227
229276
316170
467968
48509
163940
418700
349461
5110
608321
50076
27861
292992
68908
364364
250551
141771
5559
33812
273273
152680
3366
175084
40878
134697
87325
34928
13234
124750
255518
272412
222404
18054
133488
16008
125630
110784
15744
103096
268882
213490
4680
371588
355576
85250
174254
137760
124568
29148
164478
163680
4062
48545
78153
58157
205570
22902
2538
153266
54858
170424
66795
223200
46500
95667
94916
35788
74871
5859
89262
87609
307008
53492
129712
185856
144102
95166
60016
298274
128544
249672
180671
5260
105060
13284
37752
407880
107906
36556
111338
48067
26994
33600
144060
60291
113400
13166
66243
29854
104304
37074
360912
17829
10080
18160
19320
275628
102900
179334
196524
191388
86136
44530
140600
30118
24108
122034
138528
9400
80496
158804
52126
313501
30058
79820
46242
71540
163173
128647
440300
96733
198432
385704
596088
143028
303888
19552
24780
307664
163060
69412
271754
876
35560
525084
771505
51209
358463
25137
32704
56280
427955
28875
173712
388266
340844
3468
485933
389235
134318
393030
394224
482848
42784
109185
391560
968752
148236
65010
28696
483000
43650
54526
126035
30158
335814
98667
759136
95200
769303
504961
89635
460904
201388
412450
318947
98496
652600
679496
646185
950624
936096
1100550
934670
1083994
42581
107844
155300
145464
243930
164340
373984
404612
247695
146177
159989
47520
185440
14828
166888
398544
6840
158592
267546
287249
170156
67063
531944
90440
5247
72732
94742
205400
93231
3081
119770
27258
219167
190340
44660
233153
170200
138713
305509
124474
408360
73593
55315
137765
129352
43258
658470
109497
134995
469335
49060
119680
88730
27719
69689
116532
642256
778208
140400
27000
24804
296022
364998
472725
154683
347754
126440
31212
62320
250042
234702
867713
1163008
408870
1008546
228908
1345400
17388
174760
420547
61722
32685
18796
291922
541260
25213
105398
350819
444540
10895
19488
552420
145668
127161
66332
178711
664020
52760
288360
287542
21638
52632
197808
34133
11798
432256
33150
112236
228566
15394
23100
143429
359040
55380
246024
56100
47952
58926
219402
7040
25201
38340
338123
295596
480
384707
291232
19154
360985
322072
282072
53728
130380
49784
106446
523848
570860
320689
72289
2372
325120
1016
190775
152391
115851
87606
53360
25926
62222
156436
98946
39150
236768
96019
37914
40075
155273
114944
73840
721392
27426
0
444752
8604
374682
81345
12906
130524
5786
9540
4866
759096
80289
345486
37590
226416
31088
69153
67259
198493
40066
26773
17062
26112
78792
212160
58156
101473
67536
207998
55744
183848
47145
250087
37560
11438
162743
105468
354410
1020
56032
59713
262860
164280
16728
197508
136367
172563
62006
181838
76692
127896
324323
83230
19769
152306
15834
450465
190875
173038
462681
205030
16807
8280
64148
123015
116610
12309
21216
222942
150612
37264
89775
116056
142506
88821
88400
206944
74085
197091
36270
44289
254
214323
57377
86190
56925
65689
67626
149962
113148
65450
266050
4420
86645
204728
674
127140
57270
101442
80750
11458
10384
98404
44092
66470
1462
137700
199750
65400
187542
119592
35237
12848
5436
11020
95200
12420
26724
108796
10912
85935
117300
114789
113668
112005
43792
42593
95161
56619
126939
88773
1824
194790
67569
65780
45250
49725
12390
5280
45878
49940
4194
11040
7854
103040
113985
51792
31678
7811
234192
89142
77830
46644
99696
35109
261144
121204
112945
70196
34037
9440
51615
64079
48405
65475
78370
60496
17138
147618
3582
47955
20068
8281
62550
3185
37248
40005
87216
110852
149100
742
86456
91074
22500
65394
154700
175380
119889
124932
80550
10421
95254
25041
25398
54096
8040
50298
64454
72998
25493
12064
0
25420
43594
65286
108004
12876
198107
94763
36150
26248
37855
51107
15130
45672
90450
108800
21490
156860
78400
69161
1228
193936
39087
26649
131097
61936
135632
19476
67050
20165
106950
6400
141036
131838
61404
165546
79716
44555
55188
187519
40050
9715
132678
30012
58512
69874
11011
26023
93450
203918
40560
17670
3969
55100
47056
32897
141763
100392
20574
68585
53535
54356
42579
9454
44118
47892
80483
64584
34112
217605
32472
183654
77285
219235
26937
48692
555
51054
58191
36414
90282
43180
95460
0
35397
62040
2556
45760
84915
101475
52460
233675
21546
85692
6683
345
31889
6292
25750
11340
38184
62883
27686
44100
39060
83127
2214
132066
74425
304172
99012
81567
52767
84409
11666
116358
27950
48300
158760
15096
44104
52722
9834
36330
51042
11070
84624
128043
19024
22860
15252
153468
3321
148167
92316
14208
157145
18320
100548
154470
57933
14742
15180
49680
180690
35055
5175
125598
146484
37720
24472
207050
10500
9296
156750
160580
21518
19976
149910
361760
54636
18800
37648
30044
110838
56028
247520
66045
150123
55775
52281
42688
74664
10672
139854
58560
47414
151641
46575
82626
44400
136942
27450
38316
155262
121064
42720
129054
40940
14620
6370
35380
111428
69680
33768
31872
112714
45140
17332
4628
83790
29796
83176
36810
45933
21976
594
3744
12090
83111
23200
13275
81378
2016
0
111538
12336
72152
18093
33666
106750
48952
20313
40870
1616
85026
13359
106602
3300
43790
16562
3828
76440
7160
193572
41895
396200
101112
38976
555
13115
91692
67519
37352
21008
5745
5700
7056
60528
3432
211484
43264
71316
99616
134708
9828
47502
6792
216212
189
26313
147943
1242
272970
237356
110970
13248
2690
27048
189540
9720
44288
19760
144628
99333
36652
134190
10679
20496
42588
80337
3686
53558
233280
31017
113400
2808
26754
84721
43806
97342
69056
11414
56442
14013
59072
23760
214316
10224
57072
73650
21545
26208
0
143962
324884
12300
89428
78210
20580
45675
198744
13968
279604
4921
294320
28126
32387
12336
16837
406
10472
111400
72048
40572
4235
20748
68470
13680
35819
24415
25272
101990
70022
47564
72726
33915
12874
20580
8932
19147
42007
114330
68400
21681
63544
39564
27734
114330
33768
57760
54257
51324
65090
105138
4165
119652
17372
34648
23550
38164
14329
27195
33565
50868
85408
39928
6693
103149
47838
31122
8484
114268
108900
19404
36375
154470
36565
42189
208998
107388
147
47124
99813
46620
7584
19282
23850
5577
40733
58588
18096
86941
588
120262
138431
27420
27405
81196
2400
2175
26838
1860
130177
65351
22211
136643
67496
60104
75831
49356
70290
86904
60528
1764
44814
64998
109908
60918
46366
23668
100125
1405
3969
34726
36716
93571
224024
11873
129930
35000
60918
43860
29050
144585
181272
178542
100598
31020
10656
157080
89176
32214
3108
82992
73622
39621
7275
77106
91180
38056
26133
70448
27090
113730
88128
94752
126990
90720
54180
90210
3672
66882
94350
52266
51460
93500
14300
24335
101878
72520
44020
59572
21840
106215
77775
227105
5406
156492
27132
85600
14805
80835
95750
49407
276696
59013
12194
112267
111672
140685
11319
79180
192339
3780
168
113295
80030
55384
24056
288315
21456
23088
60192
13197
137445
14880
61568
190896
110372
19920
71400
88644
23892
41756
109224
26316
260295
150192
51766
18744
49392
130050
167832
4218
100035
74148
11154
63630
380265
106166
336105
543885
99813
90440
42224
206488
87660
433290
174346
18834
8349
102270
31168
266640
55774
56991
31950
199642
6235
121824
156944
38352
4950
298455
177716
59169
93248
40948
39390
109630
17296
24940
179697
107312
33909
171558
36271
147712
181232
17572
31218
48822
71060
47978
30910
447868
53465
48880
50580
139466
36408
16675
33388
225693
912
130304
523564
359556
425790
188330
37206
125961
498629
593803
0
66444
309465
89920
481689
557037
118464
93379
157738
277173
36830
105452
403650
635076
637767
460161
202993
57998
68672
147890
73676
1929
28275
12920
103174
128516
19584
35815
66924
34860
43442
124976
243504
55722
71190
34668
38038
103127
105507
157750
216567
485317
65268
8560
547884
53004
5970
5876
113430
51405
48416
18426
47299
33831
24024
18634
211014
17682
190036
44750
88234
37280
404352
65205
100408
65473
140544
12180
77655
4890
66930
21060
79092
7254
168829
78166
67935
78792
78792
18360
24680
48364
32875
74044
120989
53424
145200
32232
84152
5096
38532
98208
230979
39576
86036
34944
34226
21920
20972
82896
21060
311064
115128
33644
60564
38205
151084
62488
142096
43960
40710
40866
75048
6757
41474
56000
25718
41541
72732
55726
109500
207393
42926
88494
25596
127440
116112
65520
235104
1624
109968
1602
140304
57828
28728
95694
141372
36158
64575
37920
105120
2400
141313
13068
12826
5688
2225
30174
185808
29044
271128
24840
49020
61952
6756
109650
129940
15870
94584
17784
49389
70125
16957
80172
123984
161024
87000
28688
38284
32005
64400
21353
44055
60040
113152
153080
72216
58608
21300
45248
99475
12750
1296
14060
30358
75840
141410
59225
84671
32292
83164
10530
47970
43688
54352
26110
80276
189525
33579
30324
73616
2562
45408
6116
136670
97170
48480
130077
18327
27590
64272
40698
50298
142200
13328
130928
56244
32964
3936
47867
2040
169060
25740
30432
178412
80647
7960
12986
43681
144530
2928
126260
57936
25019
101864
83220
38908
19837
39824
77958
81988
26123
7701
33180
120196
120330
15675
18170
137409
47580
35910
3520
74412
15456
33500
33945
221991
57624
22035
37400
24850
55638
8802
17082
192806
9222
73080
41076
13332
14328
34500
7881
47686
23604
32640
4485
53000
180840
154440
121735
33228
1616
82500
33128
50086
5278
110500
29295
28764
15553
96403
13373
45250
73440
54320
110880
63903
32350
56214
16770
30940
19140
220627
45045
64584
42525
108240
192806
115362
28288
178572
163386
13770
30067
45264
97776
122760
80137
27876
23323
130944
106959
2149
100016
17984
1395
84825
63406
270432
51680
65919
287716
100630
12596
28084
161966
34428
98547
51576
171
27169
88501
22365
111067
23100
118800
79092
24079
25506
22218
72927
20292
28670
348
130562
24400
34998
131376
88450
7236
50920
40172
40698
606
196968
28457
98892
38325
64291
6699
37515
194345
28865
42588
56856
26169
12031
136038
49096
26208
82620
26676
55208
49329
505
21138
124818
27156
119601
136364
151560
87756
110952
145557
150654
32219
3672
30504
131376
67340
59432
46123
168319
30051
12879
61288
113844
140948
65280
82063
12190
11270
18974
110565
16544
68096
127764
492
5628
90616
9776
249774
11484
19950
40922
22752
6478
26656
99750
50183
63140
32754
942
29972
106323
45780
3450
9858
33990
33233
23433
91124
67424
175560
66068
25730
134064
8526
19422
32448
41308
22236
672
37829
23048
19872
126280
37932
26040
93758
69650
20295
45580
12901
16000
93296
45593
195778
7216
81709
7008
161909
52560
140261
5412
41790
28404
7128
39420
11284
53946
35850
52585
42622
36975
89464
324135
44732
44772
20933
3905
15708
97980
146856
55728
91047
333396
51332
38212
155
61701
26404
100465
62475
19393
14450
38675
3960
91996
3528
36192
9078
16791
80585
1792
34384
35168
26316
118340
9599
39688
6630
39345
61272
3870
90103
25886
65490
20064
15180
5735
47355
45360
52080
138260
3840
45576
10782
56420
1591
1968
92796
153140
728
32550
50736
14194
55707
720
20284
41400
149640
48900
22680
35990
20748
2288
61560
114170
132000
51600
27573
88660
10374
33534
57300
105569
2607
55062
20839
962
19552
34840
51408
43050
139965
59535
19278
69654
117250
207129
78435
10664
2412
60900
1500
210180
44743
30784
39888
253968
81438
151373
6320
150195
6132
43680
306878
26400
90428
45012
187590
74338
50634
23870
174348
57942
4393
2493
11220
35739
8151
333792
175680
50112
10258
144210
31185
203148
21631
122148
232288
16492
237168
1001
63133
49780
32550
20748
119700
10074
180576
1920
158004
189354
44688
225093
29638
43680
136
123101
18414
17290
53760
16592
19152
1254
4864
146358
39201
45584
37758
54426
64680
75810
13370
24327
3192
10428
103208
65968
187404
15549
7011
10296
63745
0
45838
87043
72037
54131
70526
65520
31302
160
78183
36936
57277
119355
78232
45494
98587
4148
169495
188570
129710
66690
13600
90522
18709
6216
101745
98864
90501
89794
60120
1064
55778
12312
14972
65702
488
17690
25824
29970
5215
15010
176800
17835
38295
58373
81423
6350
179838
12150
48416
1170
55872
145200
35700
141350
145256
109344
47380
13857
67000
43400
56072
16684
175914
35096
15916
92752
77988
98088
1616627
