29250
337350
156653
239816
281397
298304
244496
316240
235500
342363
246463
248381
69048
4790
42885
106005
91680
92064
149307
248211
60102
310977
182400
209508
290136
942
40291
80582
221121
205260
172605
204765
142576
312021
307775
238199
178412
28590
237456
248775
23936
156550
41249
34020
2672
45125
58420
23000
86480
16135
121243
12936
264864
16412
240018
23562
233930
1603
616
19800
18088
167386
12460
13446
20769
198240
212803
195750
296670
19096
243846
20976
15678
311144
123015
119680
15696
177110
25868
2930
64440
117480
184704
47844
44300
140146
71504
283725
142680
112230
61770
167910
106887
297888
136960
276573
2920
150156
123093
217248
74460
315040
276320
57200
239967
198675
120099
306525
169818
41998
25900
272875
233013
103600
217845
16650
100607
241686
176540
135900
39001
192284
125166
55
147678
161268
37146
43488
154926
292638
182476
123420
219844
30634
200732
239680
7296
3504
786
3304
102883
111512
180418
520
186204
167586
28652
4896
111853
21285
178432
43824
42687
172329
123656
33664
936
103984
11770
28356
26728
30044
139860
33048
117706
134668
132
92700
7280
71820
154413
2928
10380
8330
288
3400
3288
180728
113506
44850
21000
48400
174033
191052
52800
30000
24376
21500
193550
186361
121660
192648
7089
48024
21204
49
420
68125
644
83844
27300
35
6149
370
5497
67200
159600
7320
80640
75600
1530
76
660
1565
73856
110589
1158
2205
577
46434
47854
4485
168072
8415
136560
132079
50688
149188
50544
136344
2208
7866
39420
204171
173505
300
14526
159176
8050
26554
204622
117931
232622
3885
114848
114660
245700
143352
196168
155827
8890
222438
3115
50715
182735
178266
42824
250575
2592
132430
258
133209
6615
41234
4872
3745
6
50183
113696
220660
177216
230454
288156
244620
98131
164430
119070
63180
164205
95319
5124
16881
69892
220748
214520
182646
179138
