253001
103815
2307
203016
198402
158112
161040
53436
47580
2124
36600
124806
38918
170434
118096
107360
18840
182512
112728
17800
134871
154100
48326
167076
128044
56644
142800
17612
40430
27448
54736
164208
90812
123778
186600
102400
173056
17374
108544
0
116224
100864
31719
34304
7168
654
61440
12288
171008
152064
67584
58112
95195
84530
29928
94405
75776
84925
112575
72704
10065
5632
75264
60416
17408
29440
20145
52992
84736
84925
118895
9760
28672
8192
39680
57856
142336
85504
91392
156107
49216
170765
22663
101150
146965
22015
46698
81900
52260
40300
47988
42828
89391
70460
49400
23140
89440
5746
30160
36686
30627
8320
1743
172074
6266
70854
13728
84084
86372
61696
26992
167254
83386
75192
72072
76638
38078
58058
69890
25272
16848
188760
43560
111510
119180
105610
82600
150450
16520
234545
141496
39219
40757
56137
240656
182272
143112
112496
177288
114009
56947
109312
131089
84119
106750
35014
71951
61488
71610
84546
116622
99491
23070
141496
236852
28453
141496
74593
140727
173658
190518
185845
188570
1504
180480
115808
242144
41360
244400
8272
260192
112048
158672
116888
224548
199940
33836
56144
120064
180096
2680
2680
122208
73432
53128
65392
132392
127980
94770
16472
40800
72848
80580
70064
125145
137295
82592
29000
74925
91125
42930
44080
11979
82215
44550
136485
97008
134460
72900
116616
27258
9550
73278
58410
110094
26628
5460
87084
68676
115404
21594
42294
27048
58056
14310
38796
3150
25281
54390
67932
12550
12285
44520
4392
65247
3276
4482
17430
25935
4891
6930
38955
10220
15400
21315
91530
77760
32940
39858
11242
53730
8370
58149
5183
15908
37026
53724
17654
70422
32398
66792
22625
103092
39204
40293
14744
95832
116523
43983
3886
7964
105270
27742
102003
2178
51947
49368
18150
13199
6916
7182
22140
67650
42560
6437
9840
873
22960
62525
30135
4100
91485
27160
7585
67035
33396
2976
23484
20976
66010
46125
13794
64370
14883
105633
50457
2640
63888
11400
726
36936
75141
58806
24624
26499
12474
4448
5445
5808
4592
5166
33759
57195
33005
6615
737
12050
22646
3300
79497
25410
11926
13135
43921
89423
21641
23881
1701
46917
15372
37293
78195
14214
32882
81804
17085
150216
4020
7303
64866
18509
122335
45864
36946
8918
2573
51765
72590
77945
2585
104232
22078
77164
86052
3572
40470
94132
71508
100958
2090
16517
120768
122400
17952
61625
1111
33524
2088
161211
9877
2533
92862
3818
44086
15933
31866
4433
134199
14911
132184
2500
119288
74152
129766
6035
10057
126945
5311
23625
5750
58975
26880
650
6893
15504
14000
23625
6750
1225
6875
39765
13776
53984
10098
26510
2651
14336
19864
19152
38640
9120
12880
35909
20904
29070
34112
17328
15424
7448
83386
74469
5130
3344
21944
14742
14248
10816
45308
83145
10368
10146
3808
114
1620
29402
19344
20216
2432
12050
7104
18432
21507
23112
49887
17976
54707
5220
15296
10700
7471
8388
7344
31571
55189
10488
1928
34945
18468
22413
990
36391
20304
20544
9399
32207
3485
59286
17111
3820
10752
19988
632
7020
4550
2816
30960
46311
5969
34443
2666
40764
42416
15886
3952
64
28438
11985
27956
62080
41710
13959
14694
24624
7525
24444
14749
27348
0
6615
23280
8536
62274
64347
27650
47530
5820
1446
13774
14319
2352
2788
6206
12416
60491
23068
57840
14701
3432
20444
29294
18642
31875
24638
12000
2793
13125
3335
55484
48306
39500
3750
21172
37596
2892
2328
21728
3168
4579
61696
48441
46814
14784
17444
49887
3584
1446
49210
52510
56876
41800
24920
23318
23309
9968
63724
47705
29845
16464
3136
6006
11550
16324
126374
126021
5544
125668
104488
1760
13024
80131
34947
17808
42007
16808
37950
16720
32368
21230
29302
20496
35763
39200
6270
26752
7884
29656
25132
15568
86864
11172
10368
23226
47580
41712
75884
28248
27832
8448
34648
63196
19272
9612
21837
63893
18424
2496
30358
9504
27456
114019
18424
31417
16368
102017
1320
52244
22239
20988
22239
57409
81896
34408
12084
4263
298
22052
56595
57186
7245
42912
40755
10890
5518
28161
48425
48280
19317
60580
37125
51027
67570
15198
67104
11488
9056
14685
16170
19800
14520
34170
1815
42240
31875
50511
20444
42912
56595
3427
31455
34034
38794
20230
76160
8288
352
45934
28545
10800
68068
29295
1344
22140
29750
7830
72590
4672
11715
44268
19754
69258
20295
6400
22869
13090
12375
12045
61320
11242
9240
33726
1989
75774
9216
101120
13395
63603
30652
10624
12988
764
7488
7831
81528
2848
60040
72996
37604
75840
103332
26505
33945
3066
3038
250
11661
17205
27993
13280
8800
41230
12714
32480
17199
74214
3588
24160
2888
56203
2499
3038
8853
13426
16720
27056
2240
48960
60401
41173
74822
31311
56910
5920
28160
31104
56639
17430
42845
33600
3060
68761
7680
49560
41600
588
42312
39424
23168
11077
26112
68970
5143
40480
72240
22680
14448
71610
1596
13816
60720
2756
33127
1727
12654
16050
26224
25350
17000
139570
