121212
129903
107712
226570
154224
6520
134805
196080
57260
161146
292026
108661
285250
251126
235824
249490
84254
218139
88452
102690
171965
72624
112746
199592
104704
163800
202046
96524
133171
218956
49837
269610
257355
159705
240786
818
230112
254592
209152
143792
159936
40033
269122
240492
13906
283028
40082
4896
50778
281392
235584
220590
130880
148058
217588
85890
185094
115197
49837
53922
278730
8140
238502
264875
179300
119658
204250
159510
238329
179142
44172
166872
131698
132516
96406
278597
32680
44880
43301
202046
287936
16320
85680
196656
151776
107580
115730
282924
146972
144536
230565
95344
19344
106524
81608
150535
271285
270144
63516
122056
99696
172270
269675
43416
43362
249550
24120
98892
804
57155
50463
210386
110148
71
68
78
225
194969
25110
233280
274590
92340
278640
148047
195778
288813
282341
210888
807
7263
158172
182735
16905
251160
68510
137655
237180
170448
158388
167618
68886
78400
188564
197847
56871
151578
268464
37553
243882
216784
261600
258400
177156
268926
56000
17666
168840
220296
31356
236082
225643
144453
3220
177320
118629
117968
29859
224346
135240
217884
103424
106788
67064
189880
223560
205740
168480
135103
194728
81300
195120
151657
277362
199752
128800
250848
16200
140766
187456
0
103552
135103
246745
93960
281532
230850
202500
110296
107730
166050
130410
96960
30704
128472
90720
110024
92226
21034
201441
88990
63024
148925
108675
204724
56420
238576
53460
289264
257262
53130
53935
99820
166428
212256
257922
202653
191114
213864
132495
2403
287559
16842
165418
224840
218946
41860
273234
265503
284768
176362
187920
24300
236520
211410
191160
25824
288906
136552
273912
187798
142485
18492
40200
88440
257763
225362
38544
257763
96360
163404
165212
209322
158994
239592
157780
93264
276232
44912
1608
23970
170772
256312
136800
212534
286841
100674
151620
93483
205056
206916
113082
151578
4010
178623
122400
799
163200
214400
100125
110400
162996
189686
128628
221288
28584
149877
144076
267241
2376
242059
