18899244
17198968
18899055
22199556
15799526
1299948
24796776
10699037
16499505
28697704
24097831
33297336
9099454
26098956
29199708
22298885
15496900
24194434
6697588
599850
22592994
23993280
33891525
33590928
15397228
24696048
19796436
19796832
24495835
17197248
18595908
12797440
21697179
1199868
8898665
28494300
19096562
5199168
26297107
6599670
999930
35397522
28298019
10099394
6399616
20998740
9199356
12399504
28794528
12497875
15698273
27993840
27793050
12197438
33095035
3099721
31396860
23599292
31597788
3399150
2399472
10798164
16396884
1799676
34195896
29097963
17095212
25693318
35791766
33391650
28692825
20194546
5198388
22299554
10299691
32599022
20198586
25797420
5298834
26794104
25994280
17696991
14196876
30393920
20394900
3499580
30694781
6298614
34096931
2899623
30096689
3699297
5798956
34295541
32195492
0
2299126
30188524
32088123
30784600
9595200
3798062
34983200
1399342
16492575
20491390
2498875
14593576
1399398
9795198
12993760
18591258
199904
13493925
14694120
26489135
8496685
99960
35585048
399828
18593490
0
33381964
21289137
24487995
7396448
15693563
15495970
30388752
23891635
34686120
4198488
10196430
31290610
29990400
15393070
14494200
25190172
22590508
14793784
22489875
13895552
35789260
22693417
24391460
33388644
22891298
4298323
9296280
35882050
16390980
18888660
26583242
23987040
29879668
5596640
5196880
32980530
11493560
11994240
19590788
5097756
8395968
20790640
26588296
18693455
14794672
33388978
29888937
18293046
25190676
34487580
12894711
16693487
35687862
20594026
35090523
1499505
22392160
23990880
26590424
26192402
30890112
4498650
9896931
12396404
8097732
19294982
2798992
34477920
32877628
299793
27381094
24582780
25282543
10692296
28577120
21282960
6994400
15888393
14190060
20883698
26282905
34375920
25077661
7593388
19982000
9990000
13188516
30572460
7393340
27175792
1698453
10191228
21082909
30976440
14089284
15286995
4096392
24679252
29274216
26477210
6294330
14786680
1098955
26374656
30967760
2997000
0
12885423
2097585
34458945
0
22572428
9188960
14382720
20875338
29467550
21678517
34565746
25275206
32171664
14987850
32675475
22881222
19483035
11890361
27978720
6195288
8093439
35272819
17792168
8995590
26290269
14394960
25589504
9196596
17291350
26386272
6896826
6396992
18190536
23887572
22886031
22186902
8094087
1199148
25280519
33773974
12589794
33472865
35069112
15688696
22084530
18389696
1499235
7396448
13493520
6296661
13193004
16091628
31284976
28286133
27486800
24487505
12494125
20888923
16791096
30388144
20796256
7998320
25493625
35383716
3298482
24687897
26087994
22890840
1899487
33591936
399868
6596832
34484475
21390370
13395042
4098647
22491900
13095546
30789836
16293480
18193630
2399184
19493370
17692920
22791108
13394774
27187760
19291508
24284691
33078816
4896080
18186532
29776756
16387208
15188296
34974100
27281709
24284934
1299155
6496425
31780284
28180824
35272466
19283016
3996400
33172776
8191308
28069933
4295442
899028
24873108
25572608
31866186
33465495
35765274
6993210
9590592
21475920
8789880
29469615
8890121
2297332
8589680
13082184
27860661
5392062
8287799
35745226
8287467
34846952
15974880
26159390
34843462
9584160
4791888
12777216
3094544
6987750
27053117
11080575
22961820
15773930
6189088
7087291
5290672
28150650
8385636
22665269
6589638
1597504
18171790
3195264
399428
8687472
8489120
22670717
25367488
15781040
3995080
25571328
25769814
31266509
24373648
35167264
24676782
2897303
14286558
24875100
31866505
21175620
18774808
9387028
31956480
12982190
27960240
12383632
30357440
21072148
12282780
33850845
6490575
26962740
10485195
9087442
30358960
3196192
13484205
24571464
31864591
6492070
11885839
26571804
8690517
23273438
13385126
32363064
21374962
22676846
19778616
15082786
2097711
15484190
1198668
14085759
199808
29773180
13686437
7492575
24176526
17283738
6293637
20580018
30972410
32470100
21280191
29575136
9391822
21681772
12789248
9392198
12989210
29777352
15489305
35377344
28783008
19688574
21585960
23884465
14390208
23883270
2198482
22884428
31677176
6595116
6394944
28679049
2797900
13090830
30079231
21285516
16788072
16888001
13986840
30170404
26375184
21979320
7592552
27472500
12088021
27975640
24978000
31371426
34965700
8490735
3595500
2596776
2596516
7889256
2097123
34852536
15179328
8188520
499275
22567682
11282937
33848133
20867605
32542950
31345050
4092825
2695194
34039984
35438940
2495600
14474625
5490100
7986080
30349840
17672388
33747272
4193322
15775194
23562948
18870516
26758996
2895534
9585120
31750710
18870894
2196678
35549092
8387988
2196942
10884958
30755648
23966640
20971230
19174272
17577648
33660571
1298674
8191144
16182018
13285237
14083080
6791704
22672760
24368280
25765686
11484015
34056693
4694266
35656446
2097522
28665273
9388250
10487085
9588384
27065041
5492795
21671790
24369744
14384592
14484485
7191720
35358936
1797840
2197140
24270597
1198524
399524
2197162
28263493
29662281
21374106
1198488
9887526
15580344
21671356
22670036
32957430
10286919
26466345
34057034
17778462
29363544
3695412
33957840
26267388
499365
25764654
3894306
1897245
12681585
33352572
8587874
6291306
34650726
4992900
4094424
19575304
23668953
17676990
8688168
11085348
20973120
33057301
18176340
2097081
18472435
24363644
14977200
11481600
34349088
32953140
3395274
6291243
5592384
35354688
27464800
22370656
28163058
20172124
26860995
22668447
499300
24265008
6790208
599052
22663453
5990280
3094854
35234695
23356710
12776192
3992480
34336016
6487845
31440465
20361648
27247311
32238307
7985200
19563936
21059910
30642284
29043546
15071008
20660877
10779480
798440
17766180
25453335
8882823
6487455
11178048
13671504
1596688
28440435
19458465
24149664
4490415
28040990
3093769
7784400
12873684
28344904
6288030
30142922
9482235
21661157
12477750
22760100
13575248
13674381
34537028
34534952
33137584
22460175
99820
15571296
30941100
34335328
29544944
23456055
21959520
23456760
35532004
31637868
28948380
32641794
30542778
32935980
3393302
23254798
19961200
9681861
31340340
1996280
10479840
26049366
19561780
16666934
0
7485900
9780792
9880695
7984800
33636644
13474890
30541860
33237396
34141518
2695572
29152404
30150472
16471785
6189336
4192650
27750238
16670107
28349448
18966370
5690481
23360454
30648424
3194624
9484325
17271109
30646889
12378176
3693377
14573282
26947890
29044419
2794568
22062651
7686217
10879508
32942910
18965230
31842580
12177064
9082801
24555720
22855345
6787012
7985120
27747736
2395320
31638819
2695086
35136640
20862589
6788100
22361248
2795184
28753344
4692762
35744152
19571580
28457820
2796472
5592216
5791996
30857358
22568134
9986400
10484460
22765116
19470750
26659149
2396352
31850874
8087121
18171244
12181212
21469040
24964500
27758856
6191382
13581776
7488975
12483250
99853
5192564
14079555
599124
898659
18073936
2196788
15680846
1697858
1697790
23969280
5093574
11884530
20173538
29162332
21772968
3096063
4793232
11684322
4394148
23368410
20872412
4294367
16378680
3895047
6192622
8889409
15481400
21972940
30463095
299646
19576284
8987850
10586114
4194330
33853557
23767394
33454440
20072463
23468275
25565184
8788032
8888163
26966790
35255522
18275478
1697722
13282178
26567814
25270652
32959080
3296106
6192622
27466175
11785604
34858818
34459290
8091009
34361816
6592080
33659560
8989020
7291240
12386608
6693635
28371884
7992400
27674793
10290215
16783704
18281334
33362592
30367472
32764576
17081532
22876184
17580992
29663469
24169750
33361256
16680628
19976600
19478550
12985570
30365952
20077488
6293322
17881742
12287823
21679168
2597530
19082428
21780162
17184004
5394816
19380406
0
14985750
20181618
27276522
6894342
4296259
23679855
29078757
12987780
2497525
10289391
20079699
35663586
29070027
28673309
21680904
27575160
14486225
11389740
8192866
6194854
22082541
16386880
30675747
32074641
14288846
26177468
9191076
4096105
25074649
22276362
16483335
17580816
12486125
31865548
8791464
16284189
5994720
4196304
1898328
35669298
11989200
21379670
4496040
13289626
26278960
99918
22182018
30077425
19087012
18887904
19688180
27582888
12291882
1898746
29185400
24088914
15592356
23690520
20290053
20390820
2998470
31384300
28284435
17390082
10694543
20186466
30977370
6595116
4196976
22784952
18586980
32876312
25781166
26880632
35075430
22086298
22485150
6995100
23683173
22686607
799576
20288835
12493500
34083291
27992720
29692575
26388384
27786656
11095449
10496010
28793088
4298968
18893574
17894272
13996360
99985
5798956
29794934
7999120
35694645
16997450
15198024
17397912
10198572
27394246
4298839
17097948
33795606
33793240
8798152
21295101
8097975
20894775
14398128
12897162
23293243
5598152
14995350
8496940
24690614
34387272
6797824
33188048
8696955
99961
16293806
23290680
15694348
28988690
25092219
20595674
9298419
28798560
19198656
32398056
13098952
24099036
21899562
5299841
11299322
31298748
9999800
5399946
4499865
22198446
25098494
21698698
10599364
17597712
15698116
25793808
12297294
19995600
8298340
22895878
18197634
20298579
32497075
18600000
399976
18698691
12598110
6799116
17497725
28496865
10498740
27396164
20398368
10898365
15296481
24693825
26993250
35584336
10794060
21785830
26682912
32679072
2498475
33183068
23587964
32983170
33683824
16793280
11894407
9895347
4398240
32687574
28390344
4998700
26793032
9098089
32593806
17098119
31599052
5299576
23499765
26899462
15897774
30299394
27398630
6999650
29798808
5199740
15798420
30097893
1299974
15399538
31996160
17697699
33196348
999850
11398746
8299502
22498425
29490265
12295695
31488975
31388382
26091387
10495380
12094434
19889652
27085366
4597424
34278391
21485380
9993800
26382312
23485430
1299181
25284314
25184628
22085635
10794384
29880565
5195788
14089002
9293025
32576528
1099252
2598310
11492985
11293333
22487400
17692212
21391226
4598206
19893632
5298304
99993
35694288
15498450
8799648
17000000
26697330
2199890
21097679
24697036
9298977
13495275
1299649
15595476
35889589
9996800
6999440
10199286
24799008
13598640
17699646
199956
13596464
15995840
0
2998830
12295695
22592316
30593574
20795216
4098893
1899506
35184512
25488015
25387300
32583048
5297244
7395856
34184268
23789528
19190784
35382654
20190102
20992440
29189780
29891628
30391792
599892
8799208
3799354
31193760
22194006
10497165
29593488
19395732
18895086
1199664
13296276
34793736
27395342
21496775
27490650
29287987
25487250
6297228
29784206
27086179
12393428
10294747
30683729
21287433
15791310
20388984
7197192
35786038
6297669
24791320
6097804
28889596
33791888
34589620
13998320
32399028
16999830
99998
699937
13698356
26297370
34796520
26994870
22095138
18498150
8999730
30797536
31198128
33199336
11998920
7499100
11297966
27794996
399928
32096148
31696513
20898746
27597792
21199152
32199034
2899797
31995840
32097111
21696311
3099473
26895696
5099235
7499550
22199112
6799864
9299349
2799692
199950
5398488
21894087
34887785
15793680
35387964
17793414
15894435
14394528
17092647
799752
19994000
20093367
17193636
15794786
33586224
31786962
8597162
3698927
33992860
14396400
5898525
12997270
18095294
19094461
11996040
21494840
27790826
25491075
33488610
8497025
29388828
17493700
2398632
12492375
11491490
4196556
5295866
9692822
17687964
22684564
22184238
31578512
13590208
12293358
14791564
999480
24087468
15389682
32277067
33278688
27883818
16290872
27788880
18291033
17992080
8695389
27186944
5397678
17193292
20692548
8995500
15490855
13991880
3398028
25684837
32481800
5596752
11093562
17989740
3698002
17987580
3498390
30086154
12492625
3597588
18688593
34678833
21388230
3098109
15191032
35381238
19388748
11594200
2898637
10495905
34988450
31789506
33389646
25396190
2299678
3199520
19996800
24096144
35593948
5698860
21996700
24498285
15499690
31095646
30895983
11597796
30394832
14500000
7999200
30998450
8399244
14799112
22199112
25098996
19899403
15999840
9499905
28897688
15697645
499880
12796544
16395736
17495800
1199520
8996580
22691374
32588916
4898726
20496105
13499325
15299082
8597936
4398812
18696260
31792368
8399160
29394120
34193160
12197560
5699601
7899605
33098345
14698971
34198290
26594680
12897549
17398086
9797844
31091603
29488200
11195408
12394048
5997480
8796744
30790760
13496085
31391522
3799050
4398812
26992710
20194546
27293448
7498125
24891534
11095338
31388068
11496205
22691374
28488885
31986560
25289121
30283032
3298416
20890386
1999420
12596220
4698355
9097361
5998680
21996040
4899020
26692524
11196976
25392888
12496750
31491495
10496850
5098113
32590220
30692632
23294175
31593680
7798362
28296604
25599488
28199436
3700000
27099729
18599814
23899761
20098794
27296178
31496535
17998560
10699144
14299714
9199356
2799916
16399672
11899643
10899455
24698765
4699953
31698732
0
21097257
21698698
22699773
199980
12498750
5897817
7496550
12495500
33387976
13695479
22291972
12595716
34284565
13393836
11095338
24389508
4298237
20991600
32386392
15693406
6695980
17290312
25483680
34377296
15191488
29786292
18590514
1998980
4597608
32082666
2598622
9095541
21590280
12194998
33984700
20691513
2098992
23886855
11193952
3098295
599670
30085853
28686224
16293969
27888840
6596964
30481700
28283020
34879758
20187880
13693150
11993520
7795710
21487315
35680008
9294048
6597030
30785832
5897345
12092498
26082774
24285177
33280686
12591432
22388352
30285456
34690284
23893547
22294648
11497125
29993400
16396556
8898398
22495275
16296903
9298419
11397720
30593880
29697921
25498980
35697501
7999760
15299388
16199028
7599696
27399452
4799760
27098916
32295801
10798596
11298531
33196016
28199436
32593480
1699473
4198614
2299126
23091684
12096854
25293675
23995200
19396896
31894258
30093077
4299011
12598488
1399804
30794764
26997300
8497535
31290923
10296704
17594720
12296433
19494930
15496125
25398730
19897612
22295540
15596568
2099517
30092776
34197606
15197872
26995410
15697488
30890730
999770
19295175
4498875
11497470
23296272
6898758
16096136
3799012
34291768
23194432
7197984
3998880
28093818
28289529
13294680
29689308
9097179
28897688
32197102
28696843
19497075
5599104
32594784
25189416
7197480
34088406
33591600
8897953
33891525
25390348
11795516
24891534
17696106
32786552
17992260
24289308
28884683
20486675
35074377
9592416
26578188
15586584
4096351
8393448
5394708
26073639
18879966
25073143
1698079
12785536
299625
27966680
30064181
8889587
17478300
35851894
14679420
2097123
11682918
19871941
10487295
26069724
24371940
8690169
19177344
3795364
24970000
27565224
30361392
25661964
23465455
29155616
15077199
9787554
1298414
31360750
2097648
9089353
24769248
29065953
21774058
9288933
27168176
25370790
4495050
27066938
13783440
22272794
20475400
12784000
5293481
4993550
29759770
21570840
35549092
26560366
21068772
998500
17973360
16577922
5991840
22967110
15878058
33353240
35850458
7388900
3095505
9786280
10385336
2996250
34555366
29163792
25767750
17178328
27965000
1098559
23770250
6991250
4294625
12484375
26769716
1198632
29266891
14583064
16182666
2197646
12787072
17583984
16684135
32768184
32369868
25376886
28068809
15182824
24771232
1198644
7491150
5493620
2097774
799128
17481625
5894100
34466880
22178466
599424
12186458
9589056
8190570
18079547
33964640
14784904
22875039
16682298
5593448
23769060
12583494
28961720
8788384
7589664
24866634
28661542
13484475
7391564
32461000
30663467
29667033
18680926
27572124
9789906
25773942
14785052
32262532
11686545
24872361
8990550
35262935
18879399
14284270
13683423
3395886
26867182
7291678
29766326
10188168
15083390
299688
26368320
11885839
26569410
1997660
33658549
34853583
14380272
35652162
5991840
7787754
4493430
33859320
3196000
10187046
22271679
14981700
15281181
22571298
34356656
26667426
25268628
4894022
13582728
24570972
10787688
34963250
15083692
22876184
34264671
27969200
35459530
25171272
4195170
5493730
16781184
7092261
15482175
27865125
32558924
34556750
11985480
32162970
23772154
29765730
7191720
16979940
12185970
27964160
28164750
27366572
31361378
10587386
1098581
27664544
31758342
8091576
20776912
6991810
28267738
29067408
29267770
17979480
35559060
1298531
28467225
6492460
12084391
27863730
29564776
27366024
18077737
25366726
20571366
10585372
16477065
24965250
30755956
7489575
2596464
22469850
33758426
15480625
32853940
18973210
13185612
32064690
27269424
8190734
8290704
31964800
23473210
6192808
5893156
33160492
10286816
18974730
21975140
15681945
17180564
31665764
13585584
10388872
35163040
22179132
17282873
4196010
30170404
14684859
13586128
21478930
35265406
10390016
9690591
25475010
23477205
24876096
11389854
14786088
27475250
31670836
13787442
11490570
5095716
599532
21382452
5595296
16887156
14489560
13390486
14190628
599604
15388450
499645
10790928
399700
12790144
3997120
9593472
19188864
32278359
4196388
9991800
27876564
3596976
31274334
34074084
5395896
29876678
4696851
34878711
28483185
2198724
24386580
6296661
1899031
32684631
29988000
1599440
4799424
6099512
32697711
29097672
14698677
19798218
33995920
29595560
34295884
2099538
24294897
27694183
2699001
32787864
33991840
6898620
28394320
28099438
32396112
13497570
21697179
19697242
11998080
23095611
3799316
17795728
23193272
26090343
8996580
32886840
22093370
20294113
0
29693169
16795800
25791486
26890585
4798320
5797912
12595086
35283762
27087263
19690544
199922
20089749
21888393
12693396
29085450
15092148
21588552
9195032
13591976
27683657
31681931
899298
9292746
4196682
11589908
4895737
32670897
30970240
30970240
14985300
33567072
29070318
35164096
21278061
18980620
1798200
15487290
20486060
34075789
8595442
4797312
21986800
16691817
2299034
22090497
13294680
3398606
32186798
8096517
24591144
35384778
32686266
4898726
30955865
