20000000
7300000
11228810
11760588
20698912
17784888
29467625
7410123
22089846
1018710
34409056
20463399
11789211
5933880
1578784
1379322
6513672
23937930
9586467
23928939
26439540
30377957
8317675
24178743
32443488
3880149
32367236
21549836
27040104
34086850
14963410
28166807
33282940
20058225
29261037
11033067
2094414
21795204
28950700
4195338
28976510
30081037
32800000
18078099
4885937
6579276
4010169
10504404
10000386
28948090
6604
33779669
16053390
8835831
4066011
12996903
8940240
18894930
11377976
27235701
13637151
0
15629518
23851179
5598102
25112726
27672680
4554322
5653144
9516388
7101002
7179984
11865252
24094280
5767230
1392384
12332544
26217418
7099031
31303552
16505130
31259760
34002510
12420072
19507948
15262284
6802460
20426066
393892
2190100
21466245
19567072
8986500
17370144
6908580
14376528
15269553
19989718
32674704
19321042
29369315
10573924
19033914
21036278
31909005
11257512
25296368
11982360
9598848
35794095
0
33295005
5288552
1898499
34772508
17385036
24490284
21516418
29709150
23971536
28348588
28163712
29047038
6338368
9585024
26226623
26673030
35468492
9229785
8308835
1867738
3662889
13536488
33563266
1377866
19234264
14310482
11859331
10913280
30004036
44563
7666373
2769004
30550830
13546149
14918877
11340693
17309775
3375084
28478710
24992976
16360489
7155241
24784215
34739448
18568165
34361655
33918192
24107798
10060408
31029024
3580236
12276138
32507742
21879852
8492775
31717320
3781494
2574546
20007696
12846207
7188840
16626896
18450642
14940750
35061312
7270946
8869028
14721412
12241083
6831904
4006274
30565662
17040960
21794850
5513496
2578419
29510427
28958748
14034840
28852658
30876528
22010536
26669467
18955604
17802540
33559515
27953970
4882850
24264072
6881280
19532944
17691784
8152686
3192
13429935
27278406
18868330
23728900
18209400
17720805
14741984
17732004
9336926
16501728
10586952
10790528
4453352
12404172
17644540
26433500
1361970
90739
11292600
6490974
19086098
6316400
13968084
13923840
156519
17491332
16069914
13064
1984000
3040232
19025955
29366925
1974861
30551680
22720432
1720080
3332170
27221150
27420768
6878016
1538144
4440656
16335540
16043994
24324726
35179080
25859097
4694935
26963687
6284817
4392828
17171964
17751251
24288336
8000000
23362794
697781
28677327
32589147
299361
18962098
1882216
10218733
9916700
8627529
17552128
19689579
11155000
27770685
8532392
7311766
13226070
28183644
23824237
3090142
31182938
34761650
7931360
34847650
4990700
19763172
32212790
31297183
4766352
23856980
3491495
34928940
1694339
23006214
16532770
25932920
99516
13153301
789936
15567108
5489904
9692397
5615982
3334618
30715003
16446024
34457220
31047975
34638192
9931532
24587712
23189800
21814026
25828178
22524211
26064352
28863032
34815331
17377683
22717215
32767020
5370255
28671755
21009456
23151345
15957354
16394180
21503100
24038400
9235618
25628656
7407198
24656513
15794520
16655057
9844167
926450
1760076
2930190
5206402
7662330
9038632
26970625
9846700
13860980
32774296
23876593
10772352
22444425
1888714
21972483
35063847
23850000
4490865
24397804
23474855
12591810
28123384
22190898
23072868
2450100
22261644
10174806
22803591
15958143
6392769
1171495
28891772
29878758
17410530
28151808
9822400
21467768
23346633
19950688
27342438
10342574
21803080
18175362
17495820
24808688
32676581
22855440
27737136
7338474
19024600
31415184
10696896
8948250
0
618431
677061
11734624
12342780
8395460
16254604
376820
26689938
28754232
11592882
26825571
27045969
24508815
0
27317990
23244932
32503770
115052
2443220
19725135
10748592
32581560
8490140
26265078
26987142
180996
15123696
26495592
6098754
20361762
2872740
34158105
23412480
24887610
21665956
30838951
6301952
25397778
20802100
664965
29950200
6182540
31616
4868511
9065755
15402489
380592
17431596
4025532
8897775
17652060
779040
31608390
1825254
2786755
19938505
21772478
28838358
21459218
25423820
30877742
6720576
11744784
34645104
24010830
11855280
19332126
29433560
5711028
5126420
18995316
10661697
13912389
4994380
7936045
26967942
20783175
28157850
10613240
32497878
27938270
23771000
19148382
291795
21818944
19108245
13412026
21589269
23399199
9278688
31895490
14880933
24130878
16507582
5950184
12015378
31983735
9895980
14709300
11662585
10157568
17188150
31318686
19555290
13228515
1183776
13222450
0
27122455
27127441
4300780
97105
11076810
23854620
31930896
28950224
7195832
17287853
13820965
904500
29454189
6688820
887031
19252545
17243600
32133504
12827651
6071102
26314387
18660700
0
16774100
29548192
5880540
30022451
6584023
2015
33534200
11014240
21810614
8361
30401118
17150009
23679120
322
17251226
27493380
393212
16514400
16656824
677831
25649085
12810204
21135318
25195820
5616832
29549400
16680833
21993642
24893100
7808960
22126530
17985642
20507512
8572872
11239356
2524652
2526576
27568067
24612056
784552
19576625
35147364
11421940
28219275
9527922
11628900
33341760
16802658
27935029
32917412
35020076
4640404
32877660
12944132
19777990
4915737
3942273
20403940
27030233
21838989
19385836
20163150
31440192
3316180
11488950
7094475
23815008
19299686
22260315
13062060
18071235
27602679
15186249
24887980
14451606
10022247
8791380
20706464
13283392
27738848
7364172
26485184
6959232
16373058
30088006
17201883
565860
13009674
7346976
21728
10686607
10044629
5058880
14740120
8206851
10160100
22385495
18133594
3513776
28939662
21245400
1605820
8715960
29851296
20844912
9992409
25923006
26550195
4276389
50955
5802496
11960660
15124247
27238050
1008
4026866
5841702
21653988
6369870
3999561
11420272
15170744
13985406
10710714
4024035
4606065
16151580
15831088
17691160
2980950
15099918
19792422
10680555
10792333
28452236
18914336
18872044
15668180
6659405
23321988
2181300
7284778
14381976
27347232
24985282
3240222
3240640
5281160
17707456
28032192
22146054
26964945
11569635
1367216
1607795
15028112
8543000
14719084
24427416
15975078
15362993
27304172
13480192
18738825
4529940
17294765
23447049
8477322
17171892
12115080
7318344
5122812
15868608
7438887
18560
2945845
27138482
14642448
23917485
11578980
5217
24054849
28396800
111325
12259522
26158704
3342708
24491700
353314
3319490
18220140
3218752
17143140
26404870
18579268
17108627
3179151
3001495
25776900
20968752
29965185
22615107
8827512
8074600
13954104
19227936
153600
27009690
690840
24623715
23012109
16014518
15878265
20226768
13940772
22397952
10041064
344793
27255816
17678632
1764224
19741043
10136475
26010079
23552311
22857000
309925
1854985
26857048
8944
8923200
25155546
41976
11666448
5331414
24366552
15101340
19725692
338070
1877016
151206
2388820
314076
9528552
21517580
17436672
19466070
12081976
91357
2290875
10999680
16214357
16592688
11408139
298328
15975144
23817377
25950616
24724012
18824992
1509860
295680
4200
18207288
26069034
312088
8112936
3567212
23080032
369404
3845280
540
25749336
14515476
14649362
27752967
28869310
28586142
17299624
25044139
8639
19851732
25893301
15784483
19571620
1457
10462746
14872704
14964
19441250
62622
5037474
337708
984906
6678
1377252
46880
26203190
24233970
9599568
1060800
13987520
6641250
10185630
1332
168728
41316
5535243
22360
19117824
10183292
24539166
26982270
935957
16301620
211888
1382944
28127280
19592143
8827821
28235790
1626267
85026
20927636
14429
25580618
9303543
26934040
24946335
14380668
8412912
20322050
0
7024150
46512
8254281
20756499
5386953
2989176
16643922
19701088
22560
17494785
1737673
22798440
5840146
2985012
18892930
971460
23032269
11314002
16258086
14640589
640
27959196
3510600
18066818
10880
9094488
11071998
11162665
1142388
11544375
704552
20614932
10377628
2871
26420472
13972365
15384155
22379445
23061132
5119200
127908
4919442
23151036
1105637
25540558
173126
6101130
231902
14773203
7262304
199533
27232566
24680855
15449040
20518150
17178800
27037908
2219750
8782404
15198711
17191614
23454975
11254952
1544092
13444866
8553610
6788808
6013988
13375291
25411320
10757875
559300
5967982
14491084
1807616
2607072
1617839
7502929
786018
4460169
2234362
16119950
1874656
7909380
127680
8290568
3553982
9571155
2788326
1146180
8686648
7473735
20466342
26142766
14383128
19112932
113826
16044226
17700315
13078571
18275740
14294404
8491194
16748224
17632
18329760
9277099
21900
17933945
26631605
21551299
11347644
5486144
22554840
1196090
7023300
24019800
30303816
25882388
12290707
3672522
3515360
12979584
12492708
4573206
816200
20267442
16404315
5341362
20412684
901776
31375
943206
547924
13117338
12181078
0
14498048
158470
3089394
2265
12474
11222101
3707886
8390500
793143
14234459
18013456
23357460
31071730
29229268
23680530
7967580
23415885
25733608
23175042
12402432
24203654
7510272
13767492
2424912
14823
7369415
12346213
15850382
6291131
2206089
13814905
2182908
20628480
3672368
554378
13753952
6443180
14343240
4236849
3637456
7020804
4216452
3397784
13139412
1288364
3458094
27670688
11829740
9656536
26402608
13570695
26684352
10112190
18989145
27218862
49044
8838349
3076830
6058408
28233504
29457345
149604
31823196
21806424
18307632
8883800
17108099
27177482
21537392
28833560
28400544
5144800
27479340
7499125
16235045
10443321
30107688
13567652
3952916
22379280
29881587
11323422
3108732
25690665
26937876
4144410
9329370
472680
8456565
17574580
20070380
1194934
12379500
2011626
18830200
27890310
94624
20262
91306
5432602
20727616
17231455
9022261
12247714
21782704
21480228
32523309
33073194
31211258
1444464
11393551
10107737
2338050
11102340
2136480
25778470
9683714
13034392
3140040
24124674
16104185
3992616
13862975
26206594
27068921
20083393
170274
11962104
7905472
7512864
12493278
25188718
24107265
19380152
22470910
7444560
31382451
8793295
27901185
29454689
16033986
32198744
25407588
29469738
8878958
10341210
28725069
15424035
31690398
26091030
26094520
16717617
1108368
32901400
15424856
33566796
2250312
32285561
3611026
59772
20304585
6763950
14901480
36
27123865
15593725
8874459
20023808
17747532
31429294
20543276
1949913
186596
23643356
27817884
28395360
21172710
19077660
32205504
20364370
28168182
6336270
8517145
23794440
8850996
17958888
4729500
17137494
193496
4066650
15223616
7505238
23475750
19572592
1848500
27351288
15413606
32099571
24123255
13822696
520665
946410
3091308
6084
115567
32226444
26537322
24951056
32714264
9113049
11696573
18124591
27943636
14101125
15821888
19262190
14679980
23032044
30470486
182396
30913038
2709450
8064
228903
4801248
31786884
3570520
13348184
30046068
386061
20867652
7079190
353172
30729298
18875160
20719504
165308
20018205
8373420
6422700
2919036
24792
20428578
8855
6601608
8212020
16200513
19231966
2935662
1680151
29332971
5490356
51015
5024718
26070634
12484197
9749706
7150
9010365
1420618
2745464
3833560
303183
23256
17473299
2526996
241044
72666
16785846
6157400
19265848
2326528
15777636
24938844
1960256
1044786
25970
4122331
2932601
11028240
527200
48708
8451948
20599763
20991362
31572378
23321060
18019232
23770626
22821084
22589001
19204881
1197
1472
28332960
968836
27232404
11998049
523014
14219631
24809428
15865376
18844703
24905
2418336
14501739
6535836
245180
7599250
1459056
8376140
5412055
16241392
24888
17033616
1520106
12397452
19360
19164090
1562139
4920
9353421
10829160
6155940
6785664
3912300
7686005
14521616
8676
27324864
16007500
14204112
8258437
12646952
8803740
13335618
19971185
79209
801
425520
16970800
8924300
436590
13446840
12199506
19412044
14407890
23872905
15682221
27017550
5536353
4618482
4742951
19775694
18402525
3868600
28700640
14860566
21544083
30632385
131005
20137530
16151784
20208080
3233373
40365
2307231
11642416
28224701
28717920
11810745
19659600
27986508
4709826
29612328
23760288
24949536
21133072
9598898
1121526
10168320
3834130
11967964
6480397
55146
16435926
1912456
16540230
1293140
24051753
3519292
207320
20622208
11783178
15953792
18645000
13378541
28689200
6813197
6059690
26695746
13091
3060603
194670
17731340
24655338
14945
18499820
6195728
26081724
28504518
240
21303996
290225
3595617
8605842
39200
834520
22949300
546392
4110904
952
28372490
9985632
11558005
5676668
552992
7379456
381966
1319139
4124208
103389
4654760
240306
5804050
6510645
5521955
1008000
5701189
6896346
8120255
12820759
14715424
16761078
749232
16656486
4226076
1821924
11366550
6954376
17059328
10404344
7728460
24910200
29364832
26489169
27893679
16963554
10719204
19205784
10215220
266064
6084232
9388995
17088
22490505
14486360
8128944
1737788
17073
11057748
6335473
16598088
6531400
24710784
19026553
3338984
2441922
746592
13332880
4960
10780704
15800102
11556335
11780954
174218
23892048
21938955
21463117
1296180
17494542
7679385
2716350
18682208
8505584
8465282
19522017
28291278
804804
29567684
1682963
24977022
30132700
6524
17621415
21019936
13785072
5243168
2170924
10288410
22411620
6944804
32808651
2912672
3567603
21277793
7479
20213010
8514779
31821438
15444
11222784
21338724
13516964
3295515
20700
2046660
27744136
15492100
17511912
26106312
31116096
460284
24667224
8473335
9762974
21821902
8168251
10043136
14180193
15480065
1020316
20054489
8618376
25131440
10612775
17574240
13315392
18921612
12279416
5280594
1760217
23273723
17054526
30689350
14572000
20964448
26117508
2098083
10762308
10657998
583905
23352840
15763167
19608735
19449376
260350
11942865
306280
13750856
12116104
8784
13927432
18562077
5554914
1395088
997164
1662660
6899790
3124485
12227524
23436162
19796850
3996
72960
25816736
18465692
530
545712
16908702
613943
107439
10229939
6588
3544452
5812996
1134414
6559620
17513036
9701685
18679474
8526980
13275385
3245256
761332
1637514
7851350
1835790
23817935
16374383
28230460
4844306
27959220
173810
31194680
208199
20459751
15253843
1736805
21493560
16090464
1077279
17325972
11489192
22215536
4473840
10453108
7945528
17781256
95670
18869968
13468896
4328397
2444442
6807268
9042600
748224
7847540
3421242
30383600
45360
1123212
23495
17480966
19814984
10799460
15745984
518150
17187640
5188572
16094250
1289127
6546680
434925
9090920
3675700
18231480
6581648
4035850
4162174
3698266
15261858
8425802
54686
56604
813374
13397280
116841
3877120
6166512
20016
3259317
642400
12709710
6427050
10693550
3684070
1312140
24153864
13501890
10071536
19921494
24858862
9180270
15268239
29697520
10378662
346430
4904601
65379
6790960
16849860
20985510
22708805
27222523
8012565
25055784
29009332
756279
12922756
11051029
21199711
9881937
2118975
4649700
108367
13104
553126
22303996
344281
8208928
7367360
11778876
6860920
12258057
54168
9369
3976752
25512129
16788216
13712595
11894
7360
27839
24802656
7284264
3359475
10897632
16224
15071181
18996096
25693902
24457875
7540
12225816
4575223
12700242
16533120
105266
14656588
16351291
16701759
12833076
7653618
2119450
28839100
7955520
10711140
720936
899140
5753016
3292382
22600549
20588032
8203044
1925592
17402315
14737664
1067517
167412
1292830
14582265
295
16722090
79820
12162123
11201322
18178514
25114320
18445725
15603042
123336
340832
1535598
19251900
5725056
5232832
91336
2792800
1071866
3198744
38586
10484772
18723540
7035512
17199795
4465013
16816488
1294944
19491975
1500668
16531128
18088895
410190
18694590
139160
1228942
407856
16519977
930
7812643
13623624
7247964
8215360
153318
5423460
18225808
10932064
18540619
33522
59095
9988300
7223975
9532686
3588900
20335788
21411132
9420324
15240438
19218720
15704768
12230933
29764788
26795844
9893013
11245239
16798584
256623
371482
20553172
16057864
20055
240920
2695968
16796
23247956
24725684
21565973
23085540
12104422
6800424
1584
225144
19338576
27548352
13957088
19126800
18770904
20217120
9890664
16105152
13844034
16689984
10497113
24299955
16785268
22700372
25204803
1602080
19516525
8715096
10968630
21916692
22889412
10946300
11873301
1861509
1127304
561492
12453637
4633917
1308615
1168776
812000
14808882
13170784
4922
5743835
63915
7645680
9709608
2928912
74210
9376686
10761
12616226
108630
12485543
8255350
1736650
9447
198020
613972
1066121
8650500
1187724
11800640
1597046
15587608
2874814
16615720
11981763
13160
15782340
20754924
1177813
7738390
5104284
86016
18785024
19242024
15424549
37971
4917120
8063416
29366750
11224224
12092578
13470639
1796340
29686987
17131
14363648
340372
1703640
24434606
21760662
4293
28200105
3895188
23023618
5002964
24353708
26867080
18476760
18119594
7114464
27249250
137484
6006
27263730
16132152
20510250
1151436
27024382
16819645
19873728
27040368
24557815
14005376
16140150
23301645
8041440
1368630
23738900
3832092
117715
25538560
11065698
27588040
28299292
18216
6197100
9502396
7538490
24288950
22952325
1308720
10127590
6554032
13284
10137800
2867841
10845204
1108199
5844804
12118808
9246791
8164800
11465429
16228260
12594359
14676151
211302
15340256
11851566
13231276
7926590
6546816
17945236
