32589735
19459378
2267112
23143435
16058710
9918615
20026156
14452839
12941431
26544103
7557040
29850308
11902338
24560380
10107541
8596042
5667720
10296358
28999834
10957592
18703476
7651503
7934892
20025944
10107327
27487569
22103406
31832683
15207899
24087045
22292324
3494983
21725570
9351441
12468588
29943503
15585735
3306065
20592062
13224400
20781200
20025520
27771240
33249920
13885767
32210860
21536880
19364300
28149080
20308900
3495020
18986460
33250624
17664394
8029270
18609014
33628472
17097622
26543822
9068352
13319142
8973890
8879428
472315
11713412
8029355
31834031
31266922
31171800
29849360
31832683
29093372
30227200
28243540
15396817
12279540
12846288
755664
19175177
28715536
13224260
31455180
24087300
33061000
29282600
22103640
26920815
4061780
8879334
18703278
10296467
14547302
5667780
15208221
6328820
5950980
32305320
5289704
6045376
28998913
18702882
21914488
2455934
22575462
8784594
14546532
33910422
21158592
15207577
5289480
5478332
28242045
13979340
33720435
7839765
14640370
17662524
3494687
1605650
29373950
850041
23045556
18228271
21156128
2361150
13694670
16339158
24744852
16244540
21627676
13411048
25216548
4911088
30788418
17094002
25499340
24460219
6044288
7838520
12938280
8594040
16432212
29937163
11710436
10860485
13882386
26348481
10482729
24648318
33714723
20682141
7177364
29181651
5194255
23704691
20116146
4061006
27577064
19455258
27293738
28332900
33338379
10955388
12844248
3777720
3022208
13127716
11238955
30034464
24367584
27673264
33813100
29562850
3778000
13034100
8217063
33246048
30412578
12845064
15111680
16055990
27295472
19267392
33056800
33057150
7933884
33530815
19079708
2077988
28618956
27201888
33813458
28429751
29657614
5289200
27012986
5383764
755616
22763173
20496301
9539349
2172327
6044800
30035100
25123434
14545146
4061350
14734200
33908268
18795948
29846516
31546634
1227850
17378800
10861865
18606453
15111840
2077878
33340497
15584085
14072752
13978304
29184432
13789408
19645184
9350352
24368100
27012986
3305785
19268820
29942235
30320055
22196925
5100462
20590536
7272881
18418530
22857626
16245916
26163758
5572786
22385598
33436716
3305890
23424592
11334480
19268616
23519046
12940198
13695830
21819105
1511296
10106792
11240145
5761755
472290
25786488
25880944
21535968
27958976
18796545
20591190
19268820
25974575
2550204
5761511
24462809
16151121
8122700
33246048
5666940
30601152
16528225
13883856
19928528
14828336
4533456
17850483
20306105
5005744
1227824
29940016
13316886
12467004
1888940
27011842
26256266
8500230
30034464
16244712
23517054
4722250
21722350
18700110
22099428
11899566
29748600
14921520
6327480
21815640
26160157
3777640
10199520
21721430
22382043
30314919
23987760
28426139
14449014
25403822
8404982
7177364
849951
5194145
28899252
24177152
13788678
4911036
94443
12372033
21438334
25499610
14544222
28615926
22099428
23327174
5666580
22099662
4910984
7366476
28143716
31355076
27577356
21155232
3022176
16244196
15866424
19644144
17377328
16149411
26160157
24743542
24837457
26915115
16904581
7366242
18226727
15960022
11426998
21532092
377764
23326927
33432114
15582765
19832610
24837457
9255414
3116586
18604877
5477578
31354412
23799384
12088448
28615623
23232486
19549494
9727526
7744490
11238955
10672285
12750075
5855590
12088960
24366810
18227885
94447
27578524
25784031
7177972
14922942
3777960
28334400
10389280
7178048
18606059
17756600
10578400
33624556
33719007
21062573
31357400
8311600
1888960
10106150
25029250
24273907
4533744
7272804
20874113
11428813
11806625
22007549
22290908
16529275
18607438
29185977
28241447
17379904
24558560
28053135
2172442
32775538
2455778
12373343
5194860
472260
4628148
3872532
7933968
16906729
3589138
16434474
30224320
17756976
25313136
8028420
12751020
2928012
2550204
17284716
15206772
11617596
12373212
10106364
11523022
13317450
27012700
7556080
32963399
19551357
20495867
9067296
1227863
9917565
29469336
3305855
30508319
30508642
10673528
10295813
24275449
6800904
5006221
18891400
15963402
30793308
14924522
32683852
5573258
5478854
21537564
23332361
4817613
32683852
32117420
3589594
15869784
4628687
1794759
1889180
1794721
28810300
15019458
8784966
13130218
27771828
25504740
30227840
24088065
32022957
19837020
5100948
12468984
17381008
8596042
25693664
9068352
1322454
12940883
27582028
28999220
26543260
28715840
1605837
1511392
8407118
20026156
18513964
24937440
17852184
27486696
24937176
24370422
31643765
33627760
14357920
23237160
15113440
5195300
16624960
8406940
3967320
24937176
18702882
12563047
29565041
10295813
9351243
14073944
28053432
6139705
27770358
19363480
25125296
1983576
14357312
31170810
1700226
25692576
33249216
23142210
11901708
13979784
24370164
0
31454514
2455934
22953051
4345022
13223980
10295922
28903842
4155976
26919390
19362660
26162927
30980256
24840876
16340196
18984852
20307180
14167950
9539854
8784222
20590754
27958088
15868104
27108011
3305890
25219218
29941918
32680738
14167950
29091524
33908986
24274678
16246260
24747472
29092448
33909704
11429418
5100732
7934472
6139835
22386783
33249920
33627760
31265929
29093680
1511360
22859320
15680360
20875881
12279930
20403576
27865995
26354619
19364505
10863015
14452533
21253950
7178960
20781640
1416930
14924996
3400632
2078164
6895799
16531025
3872983
23804424
19364710
7934808
27771534
32210519
16058030
1133520
15585735
22481242
20781420
12657104
18985656
16624256
33909704
14829435
3400380
23424344
28713712
20307395
28241447
10483950
1983450
1700100
25313136
28241148
1133436
10578736
15018027
5383821
12656836
26541574
8689768
20779880
24651972
10106364
21157248
14356552
31735200
23612250
23423104
24650928
33812384
1605599
7744654
6233436
33339438
10766958
16717119
31828639
27484368
10672511
26633208
1605531
7272111
4533264
28521786
12372164
3211096
29278260
12466872
24555700
13222300
26255710
28806030
4911140
1227798
2077812
12277980
6516774
11711304
26444880
6516705
10955968
10011488
9917040
22761968
33340144
4061307
33624200
30035418
14073348
1511248
8500770
8217411
23518797
10862095
17284899
2266872
19552185
27297495
23802660
33814890
7178656
17096536
24369648
13696265
28242643
6706447
5006168
32776232
31453848
12468324
27014702
3589366
31926466
2361425
23235684
23707703
15584415
283353
24651711
14923258
27674143
9917355
32019228
9067296
18890400
17190446
22763173
11145454
15962557
22952079
32870340
17190810
25692304
27109159
12090496
14357464
27770358
26731331
33343321
17002260
14357160
20685426
9350550
20873008
32206427
4344562
566688
10672624
5383536
21534372
23234946
16151121
11806375
5667060
26068476
3589138
8406139
3022496
24086025
13223700
11712420
30131145
17379536
5383878
33720078
472270
32208814
16907266
15679364
7367490
10862325
850113
5950728
30320376
23614000
2644768
28809385
17191356
33438132
9634716
17285814
22575462
24842454
4533936
21252825
6234294
10957244
3589480
32872080
283383
3872983
24182528
28149974
33534010
28149676
27488442
11430023
30417086
4912076
25127158
20592716
23804676
10957592
9257276
12185598
2644908
12752235
23615250
21914488
3022656
1322412
19741931
10768212
10107006
23331126
9823632
1322412
33059600
25880670
9634410
9728865
9067680
32303268
19174162
24180224
16340715
30508965
16246260
13318296
27485823
1511248
29374883
32869644
19173959
3211368
26257656
5006062
12184566
31547636
12940198
33814532
7178428
28430052
16718004
24085515
11239907
30696900
32302584
18985053
30697225
25313136
18229236
19551564
11050884
94450
17567700
24745900
12467400
5761389
4250205
11239550
1322300
377800
3022336
33434946
30318129
30318129
29468088
29940333
7083675
32207109
25784577
27673264
3022336
9256198
16056670
94451
15017709
29846200
26823800
2361250
0
24178688
13883709
13317027
6044544
8027825
31922748
28427945
31827965
30316845
32017533
23233962
3494428
13977712
29277330
18038804
29656044
14639130
13694525
19266780
12938965
16906013
32867556
14639285
472240
27201312
26539607
26445160
24934008
19739632
12278240
12656032
8311336
9539147
9916830
28617138
2361150
30789396
33056450
10766958
14261497
9633696
30884496
16339504
19078496
12939376
33151248
25784031
26067372
13411474
12561451
32111980
31073063
1511168
6516912
10956084
9350352
29750805
16339331
27389630
10766958
5194585
32961654
3116751
18889400
9822488
8878018
21156128
10861405
3305610
32111640
32394978
15772482
15961374
22100598
11711552
13317168
11239193
20872787
29184123
2644516
29089676
32111300
566670
15583425
13316886
31072734
26539326
11994642
8216802
24083475
16622496
7366788
11805875
21911704
30223040
377788
10861405
30789070
23516805
1605548
2266656
29277950
16244368
15205484
33055400
5100030
16811388
18039186
12183405
28144312
9633186
22382754
12088576
1227746
1227746
27199296
13032996
16055140
23515809
23043360
11993880
283326
18605074
20965902
4722050
14449473
12655094
28048977
24554920
8499780
14732796
23988014
8971895
33148791
3210994
25688224
28994001
17471955
13977564
13410906
20210802
19833030
13977564
10483173
7933212
3116619
25405167
17377512
30599532
15016596
6988856
3305470
28709760
28520880
1888800
12182760
21154336
11143802
29843040
16999020
26537078
33336614
5760718
12843568
33903242
20493046
9915990
15582765
31638070
377768
8594222
14543914
31637735
15583095
14166300
24554920
33149142
7933128
6894339
30126998
8216454
5760840
4060920
10577280
16338120
7932960
30220800
20587920
24270566
30786788
2738702
30693000
8121840
18510240
11427240
30315240
9821760
20209732
7082775
27197856
25782120
8405160
29748915
24743542
25876560
11049597
21060566
32394292
3588872
5383308
12655496
10955504
22100130
26444600
7177820
12560653
11616243
9821864
5194255
23043360
8121840
32297796
3683082
5382966
23231256
377748
1605395
8876984
13032168
12370985
661031
1605378
28708544
9632472
30786136
7271418
33807372
29652276
3210756
22380621
18886600
21719590
2549610
20396880
31917340
15864240
14164500
14447790
21813099
24834827
18602513
6326810
27856555
16902791
13880916
32010753
5382339
9537228
32484608
1038752
27668283
30406782
6138015
944330
28329900
30974352
17564724
29935578
17942460
22664160
21719820
32202335
5005055
33052250
32201994
30218880
24175104
24552840
12654290
27575020
10387850
4155096
15770478
28046898
21436745
32957815
755488
25781574
19548459
23892308
8310368
13598928
16715349
5382852
8499240
28614714
32014482
31447854
24931632
22381806
16621088
25403822
24836668
8876890
10482285
11143330
19170305
15770645
5949405
26064060
15959515
15960022
22098258
10482285
3116322
24931104
10576832
12182244
12465420
24458665
30880245
31164210
5477172
23514066
32107560
8593494
6138080
14070219
11898432
28613199
27857735
3399552
17753216
21247200
14353664
8121152
26535111
28046304
23985728
14448096
28896192
25874368
5854722
19830510
755448
30878937
29179179
8404359
32106200
11615013
3777240
23324457
5854722
3305085
32011770
17658410
30878610
32106200
9726290
11237170
1888580
22946247
30689425
31917002
2171867
33616724
26534268
4343688
18979626
32295060
26629542
3021792
26063232
25402208
28896192
28801455
11237289
20963682
1133172
12464892
4815981
14258930
28706720
1794170
4060404
3871548
15108320
6137885
10670703
18508476
10954112
16620032
11142976
377724
31162230
23985474
33806298
8404359
17186624
4910464
27479421
9820928
188862
11520582
31067799
26251818
25024215
30878937
23607500
24835090
31351092
17091830
19452580
12748185
32956419
10104117
3777200
26629260
5571370
26629542
17753216
22191520
12087296
6326944
20491744
30218240
29934310
3305015
11615382
28235766
15392742
24364230
1416510
21625615
11048895
566604
5099490
7838022
11237646
27669162
15487176
13031892
2077570
7365930
11710436
377756
4910828
24459701
23420872
944390
9349362
24553620
17565282
9349164
7460444
13410054
4532976
23419880
4438445
13598640
23514315
20681265
15770812
27292004
19831350
31352752
1699848
10387960
33903242
4344148
14260138
26159049
25025275
8026975
1794265
32391205
20681046
9915675
8404626
6988116
20492395
5477230
28141928
18509456
21342536
24647535
8310280
2266440
8499150
12276550
7176984
23514315
3683004
27292293
29181960
18415800
10388400
9538440
2266560
31542960
6138535
8971705
30692675
15299118
19454434
6327346
13032444
31730832
33431052
30031284
22948434
1699884
2738673
11710188
21720510
27481167
23325939
17187352
10860140
20587048
1416555
10482396
22286896
11143448
7838188
18415410
2738644
30313956
23420128
8782548
7082700
5194035
17659906
5099598
29369907
19264944
33336261
9443800
16715526
24837194
6799464
13693510
22287368
24553620
28236663
6138535
29182269
23704691
7460839
10577392
30598884
31921058
2549907
27765654
3494317
26160434
23610250
19549494
22288312
33810236
23138290
3116586
566652
9538642
13032858
13410196
20587920
25970725
32298138
3210960
13221320
15393394
31164540
10199196
16242992
12371116
10765704
16337428
31352752
19453816
16998480
17848404
19548873
29276090
26254042
25214946
24742756
17093278
6893974
20492829
5666220
15109920
8404804
24931896
10577168
30787440
15015960
31731840
7838437
13976676
17942840
2549745
6138275
32485296
2927485
7743670
25120242
3399732
22476006
11898936
0
27386440
26725105
20397744
19358765
27668576
11426272
24363456
25402208
26535111
30784180
23513070
20679732
5665680
10953648
28328100
4343642
9159419
13125075
5193320
26533144
10953068
11141914
25966325
3304805
22661520
5854288
30970744
15107840
23039456
12463968
23795100
23134125
7459496
11613906
3399192
28043334
26438160
28137756
22755461
17845569
25492860
31724448
10385980
30025242
11141560
19828200
14068729
26909985
3021472
188844
660954
2832660
31348104
30970416
9631044
4248990
17467885
25588091
1038620
20111886
30215040
7931448
94421
33802002
24171264
25304560
32291640
8214540
7931196
24454521
28986633
28042740
16145820
94420
24832723
15956980
23038480
33047000
26908845
14540218
33140016
24831408
32573520
11990959
15106720
13218660
29647566
27475638
29836088
28419818
32574555
24360102
23038236
20960352
15200976
1510656
21526392
11140852
8308432
8025190
10668782
29551582
23319517
4814961
14067239
7836113
1604987
5098194
33234080
33611740
9913260
30966480
12745215
31249710
94409
5475780
17465850
33043150
31721424
15955121
21902888
26435080
25113858
21997996
20109969
15294906
24736206
30589488
1416180
10951792
21147616
17654483
7836030
12839896
20392992
27001832
23886489
17371992
29362443
16050550
26436200
15767138
24075825
21054322
755312
9252572
9913365
14445189
25208004
9818848
30872724
14445189
1227382
5664840
26625030
14445801
4532016
20960574
2926958
16617568
10385980
32951882
10008096
15578640
11329920
10102512
6609120
22565663
16994880
27191808
5287352
2265984
20393856
12746025
2360375
23603750
23697914
14350928
18882800
33139665
32856420
1132980
1227395
2643648
27947136
4909580
20204810
30118385
32856420
3115695
5948082
32761658
10385540
27852130
21242925
2077086
13501059
31155960
33138963
23697663
22470294
18882600
7741866
94413
22092876
25775022
15956135
28324800
31723440
23981156
2171522
29267410
26340669
27001546
11612553
5192550
2360300
22375644
27095670
33893190
18315540
32288220
11706840
13122990
27378900
32760270
31721760
30588516
16615808
8213583
6797448
1510528
10479399
20486753
12084352
32099060
8307992
11423489
25678976
8496720
27850655
6419812
19731481
20203526
31815833
8307992
6703039
29644426
27756540
6136650
18881800
31721760
19259640
6608700
5758949
4059587
11990324
8780316
19260048
15389156
30211840
4342952
21714760
11329920
27286224
15861720
4626286
12462516
10385430
3776560
14256061
1699398
7647291
13972828
23696659
10384990
24640749
25301612
3587580
1038510
10574032
14633705
12462252
18598967
10196388
10007460
2077020
9913050
15577650
2360250
28323000
27850360
25584568
30776356
15104960
25395214
11801000
12084224
16521575
10196172
24357264
28416808
6986192
14066792
1604936
13405794
24357006
21619203
20297505
11045736
19542870
32665860
23885477
8968855
849681
28794135
19447636
29832296
27377740
33891754
23223876
21807786
20958132
13122434
24639705
7835615
25961100
30776030
6513945
25961100
3115365
17370520
5853110
18975405
16992900
11423005
33702585
7080375
21146496
31058916
22561839
32190741
20296430
21146048
3398508
5286568
9817912
31247393
10195740
13499629
30303363
3209702
9062688
33041400
11706096
21901960
5192275
22373748
4436988
32380572
26810736
31530936
20391480
15010236
16332584
1132884
33136506
18125760
3587390
27849475
18692388
28132392
22278872
26432560
15482256
21146048
9723406
15387526
20862842
15859872
1982484
6608280
22562556
18408780
28698512
27660079
25582942
17181346
30114557
17086762
1510400
16519650
5191945
32190400
6513669
28414400
16048000
30868146
12460668
29263690
19446194
4719950
24449341
16331027
28602594
18973998
21994734
6513393
23127265
30584628
9817392
16330681
29357778
15764466
1227161
26336484
3020672
849582
10383780
15198078
23410952
28225301
14065600
2926369
4625551
10006400
3681600
29547200
18974199
32283774
24731490
25769562
30017292
20294710
4814094
8589854
2548584
2926152
31621320
28695472
6796296
21332592
14441976
9628086
7457284
28413196
32849112
32565585
30677725
5946759
21332818
19917134
26335647
30205760
30960576
14159250
16519300
1227148
8684432
5191780
17463260
26902860
0
31245076
24259772
10950052
30112324
15669736
13404090
26996970
23315565
2831850
26430600
13403948
16235768
10194552
27940624
11232886
26524152
13781232
21332592
1321502
18312242
11516434
28884564
19350565
2171062
12836768
29826608
26239864
1604579
18122496
3775560
19255560
27372230
20198604
25484220
25389834
33035800
18877600
14630140
24823781
26711804
1321418
18027726
20670534
24256945
18499460
11892510
12081280
27748602
5379831
19726047
14723280
31617300
2737049
6418044
18404685
10004492
29447184
25011230
19537074
7644861
21047186
23406736
23784264
24916584
16894199
2265144
24350298
11420101
8777433
21046963
10570672
7833540
26237362
25955050
17083142
29352802
31806397
10476624
18310496
3586592
20104005
1982085
15195985
22935798
25295716
29731905
25767378
19254744
33223872
29259350
12930745
11420585
29731275
32845980
8305880
31996176
17744192
21142016
22841170
2831550
29164965
33412290
10099195
30203200
9721655
30108177
18782018
13968388
5946003
20952804
23973028
27087634
283146
11325840
31900778
28597140
14534366
28408380
18970380
15289722
14157300
20386512
2265192
20386728
10759662
24445197
27371940
2076514
14346824
15951403
27277843
14441517
30959592
3303580
18594436
23124815
27089069
25295716
18027917
30109453
17178434
23408224
10665844
26806760
28128220
23125550
15952079
25579690
13308990
16895810
16329470
11515946
33415122
13214880
8967335
27374260
31527596
6985156
14630760
1415850
20105070
1510240
29166510
26807044
22748231
26524152
16612992
33320376
15480288
9722273
18311660
26523590
7173640
7645590
23125550
1038290
14064259
16801598
26429480
19444134
17178980
18028490
30016020
1321460
13308990
11138020
22653600
27939144
11326680
28694256
18500048
31336816
20293635
6324063
9722067
25013085
12742515
8211843
24824307
10854850
22936770
29921947
30582360
7834370
8966955
3681132
8211582
3775440
15668076
7078950
31052665
12270050
16517200
10476624
18121728
23973790
14157750
23313095
4247325
21236625
13780210
8022810
28032345
25767651
21426076
28032939
23030428
24257459
19632704
31997532
7834204
1415835
30676425
23125305
26712087
23219694
16895631
17556168
6701619
28128220
2359750
7551200
3492430
26807044
5191505
8023150
26051640
27561880
25957525
7740144
29922264
14913778
15668906
22182825
11610585
16519125
15386222
24921336
2643144
10289382
19068396
21239550
28791085
33888523
32283774
28035909
9439400
18690210
5002988
22938228
20766900
2643004
188786
23031892
22748713
26996398
16140861
22937013
6701761
24258487
33225632
4908384
22371141
21050531
471980
26525276
33888164
14725776
24826148
2265504
32378514
25298932
13310118
7834951
13876359
20578546
33604976
20578764
11705352
5003094
20107200
8401600
23316800
18974199
20106987
3020768
6985526
25016000
3681639
94402
8307376
31907876
20202028
11706096
33607824
33607468
6325001
19540386
29168982
10478178
7551840
21994268
31527596
94394
22937742
31716384
943940
27940624
22276748
12554402
23881682
18407025
8684432
1415940
23598750
28601685
21805476
94393
5946696
26618544
3303755
2642976
27090791
15008487
11987911
2926245
15008646
13875918
29638460
16046300
755120
22936527
4058727
3586782
566340
20482630
28222610
15951741
188778
6418452
8589399
6796080
14724840
6041024
5663400
23880670
27089930
9250220
16518075
31620315
1415820
28976195
28598958
29070888
22935798
16234736
26806760
3492467
31715712
11610216
2642976
7645833
11327160
19067588
27752130
10477845
28790475
7457205
22182825
12554535
9062016
4814145
4153336
25675168
19161982
18783809
6984934
32376113
33697587
24352620
10760346
16423686
3398004
12176181
5002458
28693344
10665731
17744380
15384755
25577793
33695802
25767378
28315800
6323929
17744756
28315800
18782615
13874595
33223520
30297585
7928340
16517200
9249632
18215919
13685535
12364173
23501865
31714368
3869908
21426076
3586744
19727092
27183744
8306144
24069195
4247505
30204800
15196951
12837176
29733480
9911265
21710620
3114969
22465772
10572016
12743325
11610585
10194768
17840844
30206720
8967620
11799375
29451240
14536830
11138492
26429200
22936770
18878000
6796080
9439000
4153160
15385570
22464582
25674080
10760460
9533390
3209260
21049193
6041024
19727510
13308990
3303615
13686115
5380059
26522747
23596750
16612112
18122304
28693344
12458952
4624963
18028299
4908280
10099730
2454140
32564550
25957250
2548557
4153116
30865203
15762796
3586820
22087260
11515580
16612640
4908280
2831730
26240420
9722273
10288728
29922264
12176568
4530816
22087728
9439000
19822110
8400710
9816456
16895989
30110729
18689418
30393258
32658594
24824570
3020480
19538937
16329297
17273187
14064110
16707207
16235252
7456889
2831730
33509870
33604264
26147138
11610216
31903820
10854620
5285728
29542818
26616852
9910740
9533188
10476957
21803397
33507385
19821480
11137784
18405660
24729656
11232172
2359700
11704112
21897784
24257459
11137666
30014748
7456494
25767378
21991938
25012555
27372230
11703988
94386
22652640
5096790
22275096
1415790
2265264
6040704
1793334
27655098
17366840
2642752
32562480
6134960
16328432
21235950
2737078
9721346
3869662
18782018
10570784
18498872
25955050
19537281
21990773
1415700
30767880
13873860
6795288
33692946
20480026
15950220
3869539
16610704
16893841
31994481
11797375
10665053
14062769
28314000
6417840
11514360
24727822
31523254
7928004
12741300
31051020
11136840
27747132
16705083
12174891
0
8022300
16610880
17649060
7456020
9721140
25765740
10381800
33033000
2170763
9626964
11986514
33128082
2642696
283146
17460855
6323594
20480894
32373026
660695
9627270
23029452
30580092
11514970
14157750
21425168
16233704
26615724
33883138
25672176
1132596
8305616
10571008
20481328
32279328
28787730
9061056
33318258
2737223
22369956
11893014
9722067
5852056
1132656
2265264
8494740
12647456
13685390
32938969
22085154
18121344
24444938
17271723
6323594
17555052
14534828
9343818
8683144
1982022
21424714
1604494
11420222
7267260
14817974
0
15761627
17554680
6512289
18498676
19159140
9249338
23689631
1038191
6701051
28691824
23405992
283137
849402
19536246
31522252
18120768
1321320
755040
31805386
24066390
6228948
20857538
660639
14156400
31615960
19252500
21517500
3208750
5285056
2265048
2642612
32372683
25388220
20008560
27652754
33126327
9437800
4718900
17743628
31900778
22934340
7078425
32088860
20669439
14723436
19159343
25954500
19536453
21895928
11514238
29163111
94378
25954500
24538800
33033700
21707860
2170786
24822466
33505610
849438
4152808
8305616
20764260
6512427
23501865
23501865
19915024
20103792
0
10665279
21896624
21141792
13119098
10948312
94383
17744004
13496769
3586440
7172880
2642640
22367823
19442074
16138809
8777247
29257490
3775080
19819170
26614032
20856875
25480980
28312200
29822184
16609824
16987320
94374
30765598
12740490
32842500
29161875
32936875
11608125
9720419
10758522
29255630
9720419
30859971
4435484
17081332
23309637
25385530
1604290
13589280
29820288
14816090
33501350
11890620
33689733
29349381
1604324
22177655
943730
26707559
16798394
8588034
7361172
188752
10381360
13873272
8305088
13306734
23876369
28311900
8021705
10381030
1510000
11419859
28974353
5568361
17365736
33410166
8777340
16044600
188760
23217726
13496483
10665053
3303335
2076382
26520499
10286984
26047224
2642472
13873125
33879907
32653750
2831280
20857096
18686448
26236806
566262
28879362
16704906
13967944
32655134
15478156
20857759
20480243
755032
28785595
26709823
2076382
6889813
26898870
20575058
23783760
2170740
22179065
19064558
7172804
26709540
23405992
2359500
32466720
3397644
12458028
16516500
6228948
30955984
17648686
25670544
29634378
21517956
24443643
11325240
6983898
4246965
30767228
31428207
28974353
33410166
5096412
20574622
2548233
30767554
22934097
31522586
16233532
20386944
23312601
21613707
28032048
10098981
31618305
14440599
32467408
10948428
7833706
33316846
5190955
14912514
2642724
28126134
18593254
21141568
12835952
19820430
1887640
31146060
849438
17649434
11608986
10948080
31051020
23123100
21234825
16516150
12929649
7267029
23499126
14061726
12835136
31427208
3303055
17836686
23216250
9720625
26047776
31521584
24820625
3208750
17459375
15760959
31427541
660639
18781222
5662680
21518184
1510064
24821677
22367349
28597140
31711680
24538800
22840444
31901116
18593254
32278986
17743628
283149
10098981
3114672
28220517
27559836
12741705
16044940
2925842
17932770
15195663
14346672
25578606
7362030
20292560
3869662
20386728
24634746
5285616
23407480
24823255
25012025
566298
26521623
21613936
9060960
1793315
9627066
28786510
23312848
18782416
9438300
29730960
15006897
10665279
20292130
1793220
11231220
6889521
2265048
8965815
16988220
21329202
7833291
24160512
15477664
28973739
20668563
28879362
31238456
19913336
5379432
16610000
26802500
28784375
9437700
14439528
24065880
7833291
15572205
31050033
31521918
4246965
23405496
15949713
1321292
15383614
23500122
22272972
6417364
5379204
15288264
13023336
31048388
16986780
5473460
31142430
21044510
15382310
6605900
9720007
17364264
20289765
1793049
30387462
2076162
9625842
30293091
16514925
1132440
16892230
12079360
31803027
10947036
32369253
2548017
7549600
2359225
27461379
11324160
471845
28122260
32369253
27178272
16608944
2642332
19251276
15476516
24158976
22177185
30104987
28972511
283116
8021620
17364448
5567948
25574812
21422444
32181193
4624277
29162184
24726512
30294375
25670272
2736933
849384
20290625
13023750
27085625
25953125
33031250
8116164
24348750
25764648
32465344
11985879
19347285
1887540
25859024
30955328
17836875
12457500
21423352
27085625
14061875
9720625
18403125
27179712
9154084
5567948
20478724
25008580
33408396
2548125
21800394
7266798
29727810
11702376
24254118
5756814
15193892
30387784
12928690
28782850
28027890
16703490
13211940
10192176
17647377
23498628
31803027
29160639
25764102
19818540
21706020
30482802
1226862
25669728
10286984
18875200
28124048
30671875
8022045
6606390
17931440
7078200
7550080
377504
28123452
26990964
20668125
13495625
13967500
25198125
283122
3303055
25008845
33030550
24632136
5001928
13495911
22744857
12929649
9437900
4907708
3775160
22273444
22839718
9815624
1132584
6889886
3492060
30483125
23971250
21800625
15949375
11608002
11891124
26802500
11702376
27745956
2359375
9531976
14156250
23027744
17270808
20007712
9437800
33221056
1604426
30294696
16420902
22838024
9342729
12079488
26612622
7266721
30293733
20950806
5001822
23876622
17648125
33220352
24820362
2736846
19063750
2170602
33125625
3963666
12551609
21894536
28689392
1604324
30009978
30482479
11324760
3019936
24253090
10097483
4340974
660583
471840
31141110
18590299
7926996
10286330
22743170
19818120
14344392
15948530
28594110
10946688
6511392
30480864
22082112
9342432
33406272
29631552
26706144
4152192
10663245
19439190
9342135
29819656
21232800
12362339
1887380
1321166
13305888
21894536
32559030
9720522
7738832
1698786
25953675
16704552
12552008
26331183
20573968
33220352
12929512
6040064
21612104
4152544
6606250
13495768
33314728
21140448
15949713
6512082
4718900
22650720
20762940
7172652
29162184
6512013
31899426
32748819
2548233
19253316
26331462
20385864
27275820
6134765
1415730
26521342
3775320
23596250
12741840
27937664
31996515
10759890
15573525
20859085
6889886
3020256
29825344
25389565
30957624
3020256
19254132
9532683
31241104
1415715
30201920
15856008
849429
32089540
32183921
27086773
3303300
19442280
8682960
31711008
26803352
20291055
4152588
13967944
6700838
27275531
33693303
1793220
32844588
755064
19914813
660674
1982043
22369008
5663040
19348720
7456336
27748896
17083504
1510240
11987149
12836632
30109453
11987022
12176052
2359700
11892762
25673264
25012290
7928424
22652640
32091240
8683420
3020320
18216498
30297585
5379945
28126730
23029940
25672992
13308426
17178070
1604545
33601060
23124325
30675125
17178070
26899725
15573525
2265144
8683052
20575058
8022300
22934340
9815520
27370490
15195341
27181728
30862587
4530288
11608863
25010700
19064760
31806060
30201280
377512
10098339
6700696
6417568
7078125
20101449
28500948
5945625
28218125
27463125
32842500
8682500
26613468
17553378
3774840
5851002
30859317
23498628
29632808
18968571
21233250
17269710
16986780
12551210
11418770
16420380
10758066
28405069
25291160
4246605
22837298
1793011
15099040
24819047
12362339
2453594
24913416
26611776
15665088
18684864
1226784
26517127
1887340
9908745
5190240
25762737
15193409
12645580
31708320
33691161
15760291
33691161
19535211
20950806
21611417
21044956
12362732
18780028
24158976
24441830
943700
30575556
0
18874000
21704870
4718450
20760960
25858202
22082814
377480
7832710
20194752
32462592
13966316
17174794
1698624
26800512
11795875
23592000
24819047
17647003
14627195
27838855
21327168
29254080
283104
33877394
23496885
23024816
1887280
22741724
20760300
9059040
26705578
26139382
1698588
17174612
11229316
18117888
849276
6888572
23402520
2264760
23119425
19439190
17363344
16608240
377460
17928780
6794064
12078592
21042949
30196160
29724345
6605410
8681488
12456048
18118080
10663019
21420401
1132356
22552279
10285240
23968202
18212059
30950736
25383647
1132380
15853152
13399688
1981644
20571352
14532056
24062820
19061528
7737766
16985340
11417923
10757268
9530562
31894356
18683874
31139790
21986579
21609127
8209581
15852984
18212252
14720784
1509840
18967365
28686960
4812615
8020855
13210960
16041710
30668950
13588704
22647840
19250664
13683070
11795875
19722703
377468
16702959
849303
10946688
22931424
20478073
12362470
19723748
188748
20007288
6606110
6794856
5473634
8682316
14816561
377492
25103218
11796625
7927332
10758522
2736817
22555147
7172348
17270259
6983602
5284888
28689392
4718650
188746
3586174
22460774
3114309
3491838
11041641
20478724
10192176
11513384
10003326
24347718
5756814
1415610
19724166
9154278
2642472
7078050
23121630
4530000
20951250
25386337
22932639
10192284
16231812
3586060
1226771
23025548
3302810
11512530
13116735
25667280
30383920
25005135
17645133
22457680
25477200
6039040
10096520
27458760
7737602
28685744
4906720
16135389
6982418
2547639
6604920
24815365
1226602
20003048
1226602
6887842
29344094
24626394
12171666
4717700
9624006
31985667
32551785
16700304
30003618
32362393
8114272
6698992
24248464
25380688
26701616
11982958
8774922
20191756
13397984
22550128
28494304
9340848
14341504
11982704
4812003
26890890
17455675
8208885
31703280
6227430
16040350
4717700
11888604
11228126
17361136
1604018
28023435
11700020
15851640
6510288
8114444
9624210
22173425
15191155
6699205
14814520
17079160
2547720
7171360
21419720
8209320
14625800
17362056
20381544
33214368
32648214
5944617
15475040
8586851
21231225
27176256
16135902
5567358
3585756
2736498
27270040
4812258
16701366
27929968
18116736
9624516
29722455
7454203
7359846
30005844
2170257
23778468
20570262
23117955
8869746
24155648
13115623
32364451
7359846
10002054
3396960
19249440
33875240
15663760
23212806
12644374
15852480
15758120
19155080
32176760
33686163
15569235
2075898
8681028
25288212
24910776
10662680
11134480
26137720
23778720
25949275
19910171
1132332
23873586
30573288
26609802
1037960
18022760
24533600
22551801
28307700
11606157
32365480
3019520
1037960
7171360
14720160
3774360
20947698
16229748
10379490
3208206
8020515
29157549
16418814
25382840
33497800
5755960
4340560
8398040
13304901
1509760
20098680
2264664
9341739
20853781
16324280
6982640
21041834
24627438
24250263
20004108
14720316
283083
23024084
5756021
17456785
9718977
20004320
16418466
25948175
24249749
12360767
3113748
28023732
566136
21512940
24060780
23683356
1604052
660485
16889724
14436162
377412
3207968
17832717
1509632
2830530
31890300
7076250
33399546
15567585
24059250
3019200
19813500
14341352
32173691
15850968
9057600
28870794
25851626
5566591
14906826
25284996
8774178
21888272
754768
26133011
21887576
27925528
27358600
15566100
22925349
13208020
14528514
13113399
3018976
7924896
28114512
21888040
17170790
27360630
28115704
6698708
27739194
11888352
1415295
10378830
17266599
13681185
33778374
24154368
17549658
16323069
8963440
8586032
188708
9812920
26702748
25476120
26230968
31231836
23211330
10473516
29062264
11983720
30383598
7926072
4906616
19720822
6510702
21419266
33309080
33403440
14531132
23495142
21513396
21419039
28496116
29533428
33024600
27363820
18965958
29722770
16512300
10567872
33024950
17172974
27646894
3113814
5567122
1226654
10568096
1037927
16984260
10662115
28589868
9058176
6416208
30382632
22834152
25852996
8208798
22644720
26513193
18681498
21040050
32645100
6132750
11322240
16794834
8586123
1320956
14625025
10001524
30287955
5944365
24437945
7170828
1226576
2170119
32552130
5472590
27551660
13964540
4906460
11416955
15474220
23588750
17549844
14247605
15474220
18776645
16417770
14907932
16983720
32175737
13021404
27552536
20947476
13776268
26325882
27929968
6510771
16984800
2547720
22174600
15003240
8492220
22645920
11889108
13021404
188716
0
6227628
4717900
19721240
33686520
9341640
11794875
13493194
30667000
23590250
29723085
13304619
17267697
28590777
3774320
30855393
24816417
33119658
9058368
10756812
754864
25476660
19532106
12360898
17456045
24815891
20758320
12266020
3962910
14342112
21984948
9718771
17456045
33213664
20192184
31798309
22362609
22550845
12643570
27551368
7737110
7831465
19626464
3679962
12455388
13776414
6038912
26514598
17078979
33686163
6510840
9341640
32365137
8209233
22741001
11417681
1415415
25004605
20852897
25947075
18493188
25098164
20286110
31609930
6227694
27930264
12455256
21135968
4151708
31515238
15946333
29628412
754864
14436774
1792802
12549481
30099883
6605130
11134716
15663926
8398218
1509792
6605340
24534120
1509808
23779728
24251548
5095656
27459342
33121062
12361160
31893680
12360898
21702340
15569070
849222
22645920
31515572
11511676
13304619
5189800
10851515
21042280
33686520
25759734
5850134
4812207
24815891
23966678
24344106
3113814
11417439
7926156
17645133
23401032
8209320
7548880
30006798
30761360
29723400
12077952
2642108
33686163
31515906
4529280
16512825
32176419
26797672
31798646
471790
33873445
32363422
10284586
5378178
11416834
16700658
9152338
1981434
33590024
11982958
5472590
10945064
23871562
20663526
12549082
31419882
10190232
3208036
5189360
1981392
19153456
29249430
13870773
3963078
23777964
33874163
15568905
12266410
32647176
660492
849204
25381495
2358875
13587120
4151620
18682686
943570
13681765
33401670
13020990
12926635
11228364
7642836
6982344
13870185
1320956
26702182
32740838
12832144
28211846
28117492
4717700
6982196
11605419
2358900
12549348
5755716
8397684
5472764
33591448
3396888
283077
30477957
26420240
33120009
4246155
14059342
22928994
26514598
9907590
30760708
5000974
2358950
23589500
23401032
14814049
8397773
28684832
13964836
2925067
27646308
22551323
22173895
9341244
29533428
3774120
11416713
32174032
11510944
2641856
33211904
30853104
31984650
24153600
17926690
32551095
15284862
6132815
94350
11605050
10095450
20473516
24624306
8302360
27831775
27643085
12925265
33775510
21038712
6981456
29907365
7264565
15944136
17453825
4056878
27265994
22643040
13585968
27360630
14717820
21887808
18114048
18868800
23491656
19057488
11132592
31793591
16038310
19906795
26699918
19246380
23020424
29718990
3019072
5000444
21134400
16039330
24247436
11510456
10378280
25757004
13586112
20756560
27360630
1415190
5188920
19906795
7264565
1415190
9434700
18869400
21133504
27832070
21793926
4717300
25662384
31323868
23493648
2547531
18021805
3396780
283068
17266782
2453204
20097402
26890890
31136820
21984482
10473294
5189470
3962910
23966170
9152532
22456728
11511432
27174528
27080172
21796236
10850940
566136
25759734
1509744
26326161
32837280
26516284
26893740
18117696
31800331
24912096
23779728
25572644
5850630
9813960
11229316
16136244
20288260
11606526
32271804
2830860
9153114
24722582
15758287
9247476
377448
10662906
20004532
2264664
11323560
16985160
19061124
13021956
19438778
17645881
12361291
1321054
754888
33686877
2736469
1887240
1509792
8870028
6510978
10757268
471805
13965428
16890619
9436100
17362424
24156416
5850630
1887360
8115820
28499136
5850878
30386818
17552634
10474959
19439602
26517127
16231296
12551077
8115734
12834048
2170464
12739680
12078336
20570916
25289016
28497626
16796614
11512286
3397032
6322187
14531594
22741242
27740664
16795546
12926909
10379270
27363530
19814550
9435500
0
7831797
1698462
17833851
11700516
8492310
19626672
13304478
29345649
6605060
15097120
9152726
12077824
21608440
25194120
23495889
15569565
9813544
27270329
11134598
2830860
16796258
17362240
11606280
15286158
28873548
33685806
27552244
4151708
2170234
754864
26797104
33119307
22268252
11228483
32647868
33591092
14625335
27268884
7076700
11228364
29816496
26513474
10567536
1792707
27268017
26513474
660485
15002445
17361136
14152950
11982831
20097189
0
24626133
20851792
30003936
21134624
20190472
25850804
6698495
10378060
21699580
16227512
23963884
11887596
10378170
5377779
32738409
23681097
19058296
3113451
29436264
660429
18680310
23491905
32360335
5755045
21227400
4056835
21510432
25755639
18491032
16792876
26132734
17830638
566052
33208736
9434300
20472431
33020400
6792768
19435070
24152064
12359064
22925835
32737715
14812165
6132425
32455712
754776
30757122
9528946
10472517
6415596
25379612
19813080
21322648
33776942
2075678
13208720
6038208
5189140
27455268
28209155
5377494
17358744
12830376
9339759
12264200
6792480
20849140
30943520
23207640
24811420
11698408
24151552
26038392
14434173
12453012
26981526
15849288
26415200
33868060
8301920
29528420
25754820
16698180
12924580
2924540
16509500
6792408
27830005
19811190
29056412
18396105
27641327
23867767
16792342
9811256
10848870
17263854
14622545
12547087
14339528
17075359
25188513
1792441
14056958
30848526
21980754
21320388
14716572
6509253
10565632
26131349
7452702
11792250
2924478
28018386
3962196
9339462
1320704
13301235
6603520
13867392
9339264
7735634
15471104
19433422
1698066
94338
29339118
1415070
27924048
22547499
25377998
14340136
15849624
5471894
25001425
33492120
6132295
14151600
6037952
15283566
17264769
22831006
21415861
18302542
32265306
10754988
11981688
1698156
19245768
18868400
10094487
32925707
188688
30567456
6887039
33586108
8584849
9905490
18773063
29245090
30377158
16414986
6603730
4999967
5849018
12641426
12452880
943400
20377656
16509850
9151174
21887112
28113618
30755166
10377510
17641767
17264220
31415220
14056660
20660460
11037780
8018900
30849507
17264586
24339720
22641840
10943440
24339720
24811420
12169989
29622760
25188780
11698160
5471720
6226440
20943480
13584816
15377257
29339429
9811152
32641294
6037696
10188612
6320713
25659664
23489415
1509376
15942784
21131264
19621680
30659200
25376384
283008
5565824
5660160
4056448
21131712
26037288
8679280
754720
18868000
3773600
31321544
26132734
11038014
31227202
22642080
14717196
24339720
17547240
7830137
30282819
30754514
10943324
31226540
30094141
13584672
28301100
17924030
28489774
29339429
14245189
27169920
14056511
14245189
31792243
18962943
27736842
30755818
19906373
31510562
24245894
1415115
6037824
2641548
15471924
10943556
20471997
32264622
2264208
17358744
20188974
31604235
19339905
25660480
19811610
6603870
6603590
1698066
22923891
2830140
23017740
17263305
31790895
8961825
27640155
188670
2641380
31978887
28204670
6131450
31317228
33203456
26789152
14715012
30561624
14903666
19620016
17356168
24053385
19808670
19996900
12450768
25750725
17638775
1320564
471625
33202400
2829750
25373694
19431156
12167667
0
1980804
16601024
28957161
377296
32446768
29428464
24806686
14148300
25938275
20279015
7922964
11978767
14053829
8771946
2923982
8206014
32918727
19996264
13393298
20749960
1037509
32917680
660233
23485431
6413692
10280771
18863800
20372904
17354696
11318280
22353603
4715950
15468316
30182080
1980720
22919760
16977780
24712102
33767992
6036864
12356575
32447800
21338231
