3808476
1243584
8666226
2797992
8277606
3769614
1010360
13834872
7927848
427482
12046600
4585362
12862660
6800500
11463405
6139722
6334180
427460
6606200
12473097
13366808
4080195
6062004
1243488
12901188
5478978
10336228
13095146
10530247
4157699
2603285
4623745
9325200
815955
11928485
1087940
4196340
13366120
8703520
4429470
3380472
8781908
1282314
7733140
5323683
6683920
10880800
5323683
3342132
349740
11230829
7189470
10298430
893826
4741164
777220
12824130
5595840
10803080
1165830
8898940
8860080
6683748
10103340
3225297
38858
7655026
1981758
2758918
10297370
10257984
466272
9442008
9170016
2137080
12783953
10452802
3652652
10375086
4041232
4740676
505128
9480864
12705912
9869424
8470608
1554240
971400
7421496
7771400
4701697
11074245
13172523
9053681
8742825
8586955
5167715
6644034
12549842
10063186
6022370
13443484
5595120
8586955
3341444
8392464
7071246
9363573
10062668
8702624
2874974
13676256
6566326
6760770
4351760
1476490
7965275
5284144
11656200
9247252
7926012
12083283
11616449
4195800
2913600
11421312
5632960
9362127
4156736
12547581
5516274
3884700
1903552
8973888
1204288
13635648
1670421
7575165
8080176
1204288
8197139
10878000
3613050
10256136
8818496
5632960
233088
2913600
5982592
3923648
11848640
7808649
10450381
3341014
2952524
7380930
0
13441408
6487783
5166917
13209000
3535350
4390050
7964250
3923850
8236200
3108080
9129985
3729696
9129985
13209680
12510344
8275476
5439280
9091602
1282149
155416
8781230
4157485
9053215
3924355
9052982
9791208
1282149
3846447
11771853
4972928
6099607
5322587
13558999
5322587
11732700
10489500
155396
2291973
7497664
2253184
10993984
7419968
2525120
4894974
9944832
10683475
8119441
13519452
2525055
12508734
4856125
12703296
1787008
7419968
9673152
12664448
9711750
4117676
1942350
4545099
1942400
3068913
7031307
8002482
5088957
10488690
4389711
11848640
13401870
8041122
6914588
427317
971150
2447235
10993135
12857364
9477692
5360334
6137352
6991740
13128596
3184962
11535777
3728640
10137240
12196074
116523
6098037
1864512
5515848
3651336
2796768
3301825
8778970
5438160
11653200
11963952
5515706
9050419
4816532
2447109
2330580
1009918
6758682
9516535
7923972
13867308
8428714
7069244
12856371
7496120
38840
9321840
11030844
13787845
7495927
10836081
8505741
13323149
13711226
9166712
9866122
582645
12079862
13322806
8506398
6758682
7923972
10021236
6836192
6991560
7690518
2408204
5438020
9283477
11342156
7108452
13828464
11536668
13751130
11458980
10526724
8545460
2602481
1087548
10681000
3145878
13011065
776760
3728448
12039780
10718736
1398060
4466025
1203885
1165050
8543700
10368945
10640790
11611964
9475496
4621127
12077063
7300416
13357520
12425280
5358540
5863481
854260
6833904
8231960
2562780
3417040
12658580
6562439
10174246
4504628
8815091
11494568
10679075
1592112
2912400
8387712
10795018
2019212
13823480
4853750
10289685
2562714
10600317
2368508
6600760
2135540
13356488
8464286
5280336
13394970
3843675
13549925
4892202
5241510
11298657
8076016
11648100
11996616
6173016
6755376
7454208
8929520
1009398
7104609
7764600
543522
8075392
12151912
10094240
12889568
13859811
7570485
10404564
2484672
10831617
13821344
5008296
7454208
6522432
10637776
6522432
5357574
9085284
3610818
12036060
10948650
660042
8735850
465900
11958100
11880144
9356584
4387225
13123188
6833376
8114634
349416
1824728
4192992
1747080
12307208
7027325
4659000
465948
13823124
2951004
9668421
6406785
116487
10716528
10211501
6367628
7920504
2950776
8580767
5629480
11569552
6949496
5745804
7609308
2057619
388230
11025732
2834079
2174200
9201525
7104609
5668304
7648525
11298366
9007632
13860882
6289812
1708344
5396814
5668596
10094500
4620056
1902376
9046225
13627224
3416424
11258670
3493980
194115
8385552
7531274
6754854
7531274
12694467
7569900
6211360
10248744
2833933
6716033
3454980
10481400
12189480
582315
7336980
1125780
12422400
659940
9355861
6056076
11995689
9938176
7220706
4930267
10326652
1785858
12462825
3727296
11375725
0
4348512
1824822
1669475
5202416
6716552
8890467
2601141
7648328
5435360
10987192
13238984
8114007
9783900
9706250
6910850
8851872
1009424
5163592
7220706
10985494
13936021
4309020
13781100
698760
8230052
10676050
10986626
5745656
12228930
13354768
7725777
3571716
3688090
6522096
5240970
1358735
8851188
2795112
7997126
892883
310584
12772767
13393935
13393935
10986909
465876
5396119
504673
6327823
12189480
13160319
9394682
4852625
3843279
11413080
7531080
1824493
4697099
12111528
13586300
8539960
3881800
12149408
38816
7452480
5162262
892722
4851875
12925395
12342852
8422638
1319778
1475046
7491488
7569120
13197100
7646555
9315120
3609330
1164300
12263960
7839620
8809870
13545039
8655299
12653038
7141592
12536599
13002355
13041504
9353933
5355918
11798848
2794320
3415280
10905610
1164330
4308021
5355918
815031
11333104
2755723
116439
5123316
2561790
11605386
2134935
3532256
10829664
12304672
5861065
194070
13002690
5783286
12769806
931536
2678166
4657680
1203203
11721526
8228144
6132296
3687140
6947348
1242016
1552560
4075365
4890438
3376731
3066306
5201210
3648892
6055140
13468458
10984362
11644200
10324524
13041504
3338004
11411316
4036656
6947706
5705658
6560411
12072709
6405135
9510655
3648986
7647343
621104
8889551
1940950
7763800
10675225
11451605
7492067
11296329
6327497
9820954
2212626
5318066
12149721
12576708
6249537
5589360
13895770
13003025
13391175
543410
10790292
12148782
13235574
11023176
6520752
4541355
4657920
2173696
4696857
6365988
6055764
6754506
10830501
8307480
7841640
6405465
4192560
5784031
4037072
1125722
4890942
7413856
7336224
4735552
1707904
2639352
3570980
3803870
7840428
4657800
4153205
8228992
5744768
3609888
12615200
11140192
8073728
13896486
13508316
3377079
6559904
10752032
10790848
6016480
6715168
3803968
4929632
7880054
2988986
11723640
11101948
1048059
12809280
11528649
3144177
9859518
12537891
2329020
776340
5317929
4075785
8539520
38816
10325056
9198918
11217535
2057248
11722734
853974
1591497
2872458
11334564
8306410
13701695
2561724
13701342
349335
13934585
2290026
6287868
5783137
7607348
6869901
6598380
3299275
776360
3338434
4813680
9355620
3221977
1669217
13936021
5473479
6676868
6443954
8035326
4037072
12150034
2639624
12150660
5046600
4386660
9705000
5046470
10364940
10714320
9510900
2989140
5629045
13510404
9938944
3183732
10560400
10016592
1514136
10404832
8424374
9511390
1513941
194095
8928370
5900488
7802619
13703107
12849089
3998357
7026239
776380
2600806
465816
12693813
3687805
4891446
77640
11180160
4930394
4076310
10753694
10908982
543494
2057460
12422400
6094897
4192668
11568360
11801584
13548529
1514058
6522096
737599
13160319
9084348
1708168
11724244
1902278
6056232
7337358
5667866
8890009
11568658
12811260
8773320
1630440
12422400
5085289
13780745
13936380
13509360
10559584
7182070
10675775
13160319
13277466
1164690
10715148
3338778
5745656
13510056
5900944
9200814
10947522
2833933
11451900
10364940
2678580
12965880
6754680
9666180
4658400
2989063
737542
10674950
3222060
2562120
10248480
13121160
6793675
9239398
11102806
4619580
12810600
4114920
10831059
7492453
5241105
13160997
5745952
10871000
2989602
77652
3766025
77650
6056856
9045759
1281159
11181024
10443118
4697462
4425822
12733944
10482210
11297493
7415002
9744322
8191020
10559040
3920820
10442580
9006240
10830780
5706540
5939307
10675225
8190809
9277980
10908420
3998460
10753140
12150973
11297202
3183404
13665344
2678718
13161336
12734272
3960048
11958100
9434475
11103950
6173334
815346
4736772
11220714
11143062
4115556
77652
3727296
155304
10988041
6755898
10366809
0
11065695
12735256
4736894
8192075
2678856
4115344
5085944
1824681
8502237
9511635
3921123
9705250
8695680
11024880
5823000
11103092
3998666
7453824
9938432
2795184
3105760
9123405
8735400
13356144
6949854
2562516
4309686
8230688
13666048
815304
11375432
5590656
7027144
13666400
5396814
232944
2795616
9707000
10987758
5008554
9822978
9667923
2290793
3960354
4193316
2950624
13278150
3028350
5241240
1436488
10521304
8230476
5862273
11413668
12421760
1280928
4580288
12149408
3959232
1436155
6831616
9043895
11528055
10868200
0
2134770
1009086
12263644
310472
5083979
5937777
6054204
582135
4928616
6674976
11914056
9119410
1668744
10129671
10827990
2445093
1125577
13817428
10829106
3648516
1086820
4618866
4618866
7102596
8227296
659736
6442128
12379752
5705070
3027180
5394451
13505184
1824023
13466029
10206241
9042031
2871644
3453734
11835525
13310115
814905
1629852
1125374
7256535
10787790
9002992
5665822
1629936
12845448
10439352
13349952
9702000
4346496
2173248
6519744
5200272
11758521
3764376
9160104
9742314
7607544
11644200
388140
9742314
11217246
12342852
4424682
11411022
4734820
5122920
12147843
4269320
2406468
10247160
582225
10130715
1746675
9858756
388140
4890312
8266956
5705364
2406344
3066148
3415544
8150520
7568340
3143772
5899272
13427914
7024429
7490330
2018016
2483712
9275112
8227296
1164270
9430587
13156251
7218474
11059995
8343505
11952556
9430101
13583150
4113754
970225
12263644
8538200
13660416
6286896
11525976
7140856
543326
4657080
5472069
11798240
12031100
1862928
1436007
11294001
9275829
3337660
10439890
1358385
5278160
6287544
5161996
1901739
13117780
12885252
13351328
9353692
13894338
6753114
5045300
10401080
13156590
5937930
11643000
2600337
1591251
6442626
11759733
7218846
13195740
7140856
8382744
310464
11913749
1008982
4618033
12846110
1862880
10439890
6442460
9004152
9469884
11449540
6947348
9004384
5084372
194055
38811
2289731
3065753
13349608
4889682
10516697
10400276
737352
543326
2212113
13544341
13777195
4463035
12069599
13933149
10246104
10207293
582165
5782988
3920012
3803674
12187282
2173528
13856241
3182584
3027336
3881200
6908714
6598040
11294292
7685568
232896
5395424
11140192
5473056
11644800
11295456
11373088
12420160
4036552
1668959
9199155
349326
8267382
10751478
2988678
3376905
1591415
9432531
6327008
7452864
931632
9393956
8268234
5201612
9937408
4891194
9433017
2212740
13393590
2678856
2290557
4930267
12112152
9782892
3532711
1669346
3144663
11413668
7570290
116466
6017410
5629190
12190108
8579662
2989371
9628104
12384856
12035440
310592
1320016
155296
3105840
5939766
6638562
3183322
5202148
1125809
8268873
2057460
6327660
8423723
194095
5589936
10597587
8578778
10054898
12539506
2174088
6056388
9783144
4076100
1436414
8579662
13199480
1863456
9511635
621152
9433746
11414256
2174144
3106000
10676875
8502894
10793628
5397092
1358910
7183180
10833570
2989987
10523201
10872680
4698551
1281390
8464940
6328964
1475464
9629344
5591232
4970112
543606
10910668
2756859
6057324
3921729
1320220
13512840
7998980
7688538
4116192
13241712
12309744
13474704
8931590
13863738
1398024
10058006
10058006
6174606
7106805
12970890
10640790
4776705
11417196
2757214
10524285
2407522
931896
12114960
38831
13241030
2524015
7222566
4465450
7105890
1164900
2718100
13163709
11222448
893159
2213481
3999799
5164789
6873441
6057948
6989940
4854250
5397787
13280886
11494568
1592194
8582314
1553360
155336
815472
621312
10135152
1553280
12698391
11261570
2291383
10719012
1281621
9825761
9126695
9709250
9476472
2330220
6912986
1786502
8000422
9631328
1553480
8505303
12855047
11922959
3650678
12311329
3534167
4311018
11729076
9709500
2252604
3145878
5398343
10252968
1631154
11806752
4155559
8116933
8776936
12582864
8699264
10951188
8776484
9126225
13320405
3029208
77672
6175242
10991154
9243920
8700160
5709480
9981880
271873
12778360
13555160
38842
10875760
12623325
12040710
13400145
737960
10836639
11807664
8700384
13050576
11069685
2097522
5515564
12895544
6253562
1204071
6098037
7884723
621456
5554120
1864272
8000834
4272180
11573724
1087464
9204606
9631824
8155980
6835488
9592986
2912850
13787135
5437320
11107668
4466600
2913000
4776951
1359295
10174770
3844665
4932045
13436564
10988890
9124815
7066878
12813900
3611283
7999186
7649707
9746581
9397102
7766200
4504396
11028288
699048
12893220
893205
38835
10951470
9941760
349515
6485779
38836
11340404
8893444
10951188
2524210
13281228
2990295
9786168
543676
3533894
3961068
9553410
4854375
13747590
8815318
10640790
10601955
8233020
5009715
2291265
8815545
12271860
11728774
8194607
388370
7456704
12777373
13942124
12893884
12777373
2679753
4000211
6641127
5126484
11650800
3378732
13165404
1825245
6563115
776700
3844566
13708049
13630383
3339724
893159
2446479
9436662
9630832
10640242
12581892
427174
8815318
194170
11689034
9514085
6485111
9941248
12154729
5592240
2213595
6446610
10446615
10834965
8503551
9979053
10445001
7144536
10017624
1320220
38832
11184192
7378460
11649900
4582294
815493
3456048
11144497
6990300
8233232
11029424
7223682
8622036
4504860
1126186
7261958
1436784
11882898
4659840
11572532
5475876
6485612
1980585
5320395
3301060
1087408
2873864
8776936
5165321
3650678
582555
5243130
10563392
4776828
10446884
9398312
854414
13709108
11922038
7572240
13630032
4232797
12620725
11804928
9358271
12503260
12153790
12425920
13163370
9552180
11998470
4659600
12660210
427185
11378362
12232710
7145640
7650692
5514286
7572825
11883510
3883500
13592250
11379241
3573004
5204158
9165532
5009973
5981052
5398621
6214240
12816870
7185215
815682
12857033
12196702
3573556
13556207
4894344
1786870
5710509
1320798
2758137
77692
2447235
2991142
7109184
11265630
1825903
7342839
4778673
8702848
10916569
11538153
7109550
10606323
13365088
5866350
10372950
9673650
4351200
7575555
6176991
6798225
2486208
5244345
1048869
7574775
6836720
5515990
5982130
4039880
271908
194225
4389598
6215520
1048869
543858
11964876
6370908
10993701
8507712
6293376
3301995
7225542
2641596
2602749
12702642
5127672
388510
2175656
3885100
77702
9091134
3846051
6138142
11888406
9907005
10218076
8547440
9324480
4040608
5011908
8936190
1398708
6838128
12044430
10296310
13093798
9830062
3263736
6604840
5516700
5244750
11693549
9828797
13596800
10722048
9440064
8585408
9790200
2059050
1165500
10295250
13714050
10062150
9829303
4312461
1204381
2874900
6604330
11071965
7264763
11188224
9983679
8157660
8623812
5399594
12974898
5943438
4311795
9478180
9478180
8429582
11770338
11381292
4428216
10410192
4972032
12662818
4233778
2835466
8895047
7652071
2524795
8623146
8040087
5010489
7962200
4155880
10641612
11107954
2990603
5670056
13591900
6329942
5630930
466008
9436419
1863984
12620725
427163
11727566
5747284
9514085
504829
5087123
8116097
6096781
8659759
1203792
8853924
11494864
4582176
1863936
9902160
9358512
4776213
9901650
5203220
3688850
1009528
8037189
2368264
9628600
9745075
9472812
7066150
5785074
2989294
13898276
10055157
9899865
13548878
10559856
892929
12385494
7648722
5823900
3416688
4193424
11182176
10987758
7260275
8774450
8735625
12307525
10754525
5008425
8502894
6988680
2989679
7726573
4348736
3960354
6717071
10366809
1358945
9512860
1980228
7027868
2213253
504764
12347304
1902572
6251469
7261023
1126041
9163880
2290970
1592030
3417040
5863632
5009328
12155042
2990218
8038638
9048322
38836
3262224
116514
12156294
3611748
13592950
10252968
8388576
10446884
1553440
13748298
9010416
660246
2757569
6330757
1708916
621392
3378732
932064
13709108
4310907
13786425
9320880
7534378
10058783
12583188
2446731
13864452
11922959
6602460
2213766
427240
6330757
8660874
2718800
7651480
5826000
13205260
5204560
1942000
2019732
13478174
5243670
2563638
11187360
5982130
7885535
4894596
8468210
2563836
12159111
3224301
9595209
582720
13169811
660433
9129045
5671662
13790685
12741488
5127672
1398492
10216761
8119023
5205766
12587076
11110528
1281918
12042570
3729312
1981197
582690
2019992
2253068
12003105
4195260
5282920
4700245
5321765
9011808
2369484
9944320
11303895
10760065
1903405
6409425
9711250
699210
4894470
5982130
3185208
8390304
11031696
12002796
8273559
6914054
3068518
5165986
5981514
1980891
1475920
8972040
6719320
11652600
932208
6564636
12080173
4777689
3573464
10176604
1204071
2524730
11303022
13710520
2990680
8156190
7457472
3612213
8778066
7962405
10914321
7457664
2252778
8506179
9554886
3029598
5670786
13050576
2563506
11225049
9787932
4505672
2524535
9631824
6524784
7262706
5670348
11108240
3223720
1126389
3689895
1708960
11069685
1747845
9477204
12934386
2563572
12934386
8584082
8157030
11031128
5437880
4195044
6020665
4195044
854524
2213994
10836639
7379790
2757711
10020978
12001869
11691141
4777443
3107280
427240
9127635
9011112
13440370
9478424
9828038
5826750
8739900
7768800
7652071
2796696
8467774
13090428
11808576
2990988
1009918
11614057
8195873
6408930
7535154
4855000
3029598
1903209
6253562
1359505
12429760
4466715
7690320
9204843
233034
2213823
8777388
2524470
10136979
10408852
9981623
7029859
1398312
7574190
5360196
9244396
2019836
10487610
1281819
9555624
11730888
8273985
5166385
12469887
9944576
2602682
0
12353028
6293052
10333036
4894722
4972416
3263148
10916288
6798575
9090432
2680305
5749504
9207213
1476224
12509056
4079040
12082350
349659
2097954
1165470
12509378
4972672
9906495
9362609
12936384
3341014
9751601
3069229
1825997
7265137
2486464
5594400
9363091
11771550
5361300
3729696
11383343
5516700
6138300
11849250
2059050
11499600
1864800
310800
12898532
11228228
13792815
4001859
13054608
12549842
5361990
7771000
9830315
6217120
5323409
815997
4895982
1437709
6917258
4779903
8977122
11852910
11813744
10608780
3419680
11075100
2681340
13018435
11075670
1671066
9365501
4546854
6995160
8704864
11891772
4119266
2681478
660654
11114532
13679424
3342132
12513242
5518262
6334343
155440
427449
2292799
5673560
8976891
10687050
310896
2292858
1826514
9909810
11425134
3303185
12396978
8588502
11308842
13018770
12124944
11191680
3575120
2176216
5790289
3691700
6839536
11619439
893734
5750984
13406010
9209346
5362404
13406010
12745752
7927440
12551780
10803358
4740920
2875640
5829150
7461312
9909555
12163806
4546854
10647914
9520945
6528480
12279444
6217280
7577310
8471044
8782586
9754111
4935347
11658000
7499980
5518120
9909300
1243520
5129520
4857625
3575212
5906872
155444
9326640
5013069
544054
10491930
10453071
4779780
3264408
5246235
1476718
6256621
8782586
10259304
4235849
7811061
11891772
9715500
13756794
8976891
12940713
9326160
1476680
11035956
11657400
4895982
8315184
5362128
7110648
5905960
2836415
12899196
13132652
1864944
6410745
7032574
1709576
8858484
13170828
5866652
13791750
6604500
11305350
4584300
10994550
2486400
1437339
9634056
10333302
7847094
4933442
3651524
4661280
1747980
9167184
621488
8661989
3340498
8739225
4427874
6874857
5088302
5010618
9788184
10487340
660314
11730888
6409260
7458048
13944996
13634244
10487610
13827752
10953726
11924801
38843
7185955
10875760
3262644
13866237
6874680
10098400
0
621424
1437043
3145959
10253760
9981623
12544997
1864272
10758403
6058884
1709004
1398348
1087660
5399455
7303048
6525960
11731492
12080795
7807845
1553800
4272950
3884600
12431040
9401458
466188
13791750
11032832
4312128
1903552
13791040
7808649
13830600
5788650
2758350
10800300
6993000
3418800
9751099
6060444
3224467
10605504
2097792
5399733
466140
12469245
1825762
8079968
8895734
6098979
2369545
10060855
12935052
7885332
9166712
13866594
3340326
9321600
1903160
12040400
11069400
13088743
2874086
233034
1165170
9205080
4466485
10020462
8272707
8544580
11069400
1553640
8506179
5476440
3262224
1747620
7845074
13437602
8194818
11302149
13477827
3612213
8972040
10292600
932136
13282938
12739192
6253079
12544997
13477133
13127244
8738550
10175032
13476092
7534184
3417568
8504865
3106800
12893220
1786410
38835
932136
12506158
543732
8622036
6019890
11806144
4621365
3689325
8349955
11340988
1359365
11573724
13865166
4272290
8738775
10176342
7185585
6836016
7340760
3262560
13516320
12856371
1048707
271880
11302149
9515555
13244099
11496936
7069062
9282760
1320560
7496313
12196074
4155880
11147080
0
3223803
7612836
3029598
10992286
5049460
11846810
3418008
2679960
2058520
3107120
1592399
8195240
7107537
6369432
9942528
4039152
4194504
4233451
271873
5864840
3340154
7884926
3107280
4855000
9749091
5360058
9049953
1592481
2097360
5631800
8156610
6758508
10914602
6719666
1553680
12235545
815703
12856040
2641120
11030560
4194720
6563791
11729378
194190
7301544
5087909
7961995
11107954
10914040
1903160
6408600
13904720
10719840
12428480
854458
12583512
4466370
11418372
10913478
3728448
7534572
9515065
7611856
6330268
9942016
13359584
2213652
10097100
10485450
9903180
9165532
12738864
7612248
4699398
13321434
9437877
2757569
271873
12816870
13555160
2757640
5903376
10719564
2524275
6834960
5747728
6368940
9669915
3728256
3844764
11145071
5475171
9785160
6989580
11571340
9979053
815409
1902621
12076752
4038528
6057792
698976
11687830
2291029
5086730
8969499
1980279
7454976
12114336
11493088
7415957
7299664
4620532
7687944
12346986
12152851
7338303
1941400
11609273
9590269
5785223
13356832
11260120
1708432
8619816
2912175
5125560
5669180
9319200
7067060
3650114
9318720
8541940
4232143
5629770
2251850
10172150
2601275
2601275
4814300
8929060
12616825
776420
7996714
2135045
9627112
13509012
12189166
4076100
9510900
9588540
4774860
7958100
1785628
4464185
6249859
8850732
8811686
12344124
5745952
9201288
3998872
7104792
310592
5318888
13937098
116463
543494
9589034
3066938
11840710
8152620
4154061
12850413
8036361
7958715
4542291
1708168
12033890
4735918
5162927
8113171
9433017
13586650
12811260
13703813
6055920
4580878
155296
5979204
1320118
9706750
5047250
13860168
10055416
11064840
10366008
10598952
13860168
3921325
2407088
7298912
6444950
6017875
9046225
7065968
6328312
10405100
6910850
194120
7842650
4969600
3765928
5551832
3067096
6910672
38822
12927393
5046730
2329260
2989294
1048221
8696128
1514058
12151286
13121836
698778
2833860
2911500
3649080
10054380
5512440
6366316
3765443
6909604
3493710
11490128
5279112
776360
3183158
8113171
2251502
12188538
3105360
1863216
776340
10325322
5745064
8927910
2561922
621072
13663584
8306838
8423506
815199
11529243
6405135
5473479
8967189
13703107
13277124
4037488
12617150
6327986
6017410
12151599
5745804
11491312
12928059
9123405
12112776
2212968
1242368
1630608
776480
8075392
3688280
8191864
9938944
11530728
7531856
7299100
8036568
6638904
6716552
8696576
2601141
11297784
9939200
10715700
5008425
6600250
11102806
10792516
11607778
2523430
2639896
13121160
8656860
7686360
970500
4580760
10093460
1669303
7880663
7065604
6522096
4348288
3105760
12694794
4425708
9744071
1086988
12887908
8501142
5356608
5123712
13935303
8228992
659889
13158624
10286240
504621
8346300
5939460
2872680
13703460
3066701
11917433
7492067
2173864
2135045
11257510
7802820
13781100
6832320
6211200
2290380
2484352
11296038
7685964
6055608
3066622
5783882
13703107
13936021
7414429
10014528
8850276
5240160
1086848
6249537
8733825
3144339
12849089
3804262
11024596
4192452
13081666
9626616
11645100
2911275
3027726
11334564
6909426
3571256
6793150
5550831
7025877
1319744
10596495
853930
11994762
6482439
6754332
11994762
6210880
3571256
9937408
5318066
349362
3144420
7569705
10170578
6676868
9704750
349371
11179872
1902033
12615525
12576708
6870609
11295747
13818852
2329020
6093955
6171585
5201210
7569120
2251328
4541589
2096118
7025877
13585950
8617596
5279112
2678373
6948243
1746765
1785582
11799760
13662880
1048005
7103145
8189965
3570888
1280829
1358490
4541238
10906734
12303404
5045690
9353692
659838
1513785
8345225
13818140
6753636
6210240
12536922
10635036
1824164
6985980
3492990
12031410
1241920
6752766
582150
10828548
11876778
7452096
3104880
5084241
4424454
9741310
3531710
13389105
543340
12108720
5782690
9003920
10401616
6559228
11565976
9237256
1979412
7141408
6404145
13584200
815052
4541004
11992908
10944984
5744176
5744028
2600270
1125461
10633666
12807300
3454001
2250922
7529140
11332520
7179665
11254610
12884256
5743880
7374090
698562
2910750
6480936
13155912
1164270
10633392
5316559
9507960
10245576
1047870
12573792
10982664
5433120
3065753
12534661
10710732
10245048
3803086
6791225
6868839
3686665
13155573
8382312
4540419
8188277
4928362
8731575
6093013
4618271
2018068
13506228
3648234
9586317
5899424
6559228
1862976
9004384
6209760
8499609
3803478
1435933
9042497
3997224
9779868
3065832
9197496
11875248
5821200
1823976
12923064
9353210
2755510
11604190
12884256
10051013
5782243
1047816
13583500
8499609
7335279
6752766
349272
2289731
12340944
7489944
9081072
4268880
9934848
6092856
5782392
10632022
12378476
9002528
4190832
9468176
8381880
5626435
8032014
1358035
3336886
13541549
3569784
8303628
4888926
8420034
13697106
3220566
12922065
4423770
9817918
11020904
194030
10167172
388060
7140304
0
9855708
6014155
10592673
11834305
3996503
5664946
8148210
3104000
5703600
10941600
3375600
1164000
13774000
1668400
1978749
9932288
3414136
1357895
3103760
3530800
776000
10592127
12027690
11252000
9428400
10592400
4617200
7372000
3181600
5936094
9233924
4345376
4500336
11716392
5237595
4500220
9737294
2987061
6478431
6788775
3491370
4228546
3569048
5431300
13073915
12763555
2482816
2560404
620704
12608050
7487049
7991564
13305999
6866361
3413784
6323259
4693711
737029
12102792
13344792
77586
7021171
8495010
7874370
6517224
9698250
7797393
9659457
5741216
12529816
8146320
504283
9503795
5702277
8495229
4421718
8105647
0
4808968
4576276
6244063
9695500
775640
3723072
13030752
11130434
12875956
13536314
1784156
193935
3141828
12800370
1861872
10085400
4577220
193950
8572590
12412800
2909250
7021171
1900759
12141583
504283
11365470
10279615
8145690
6516552
7641433
4693469
6089873
3064331
5003523
11868822
7563465
3452043
38787
3917588
6671192
10860080
9153496
8532920
4654200
6321955
6826160
3180370
3141666
736953
1008462
775740
12722464
9657963
11946396
4072635
4460505
7059234
9424998
9075924
4692985
9889920
12837504
3606912
7873152
7911732
4847875
1551400
3917285
13458395
6050304
6787200
271495
2831232
1241088
7795584
3451776
3800832
13264128
13341352
13031424
9579648
11751552
10859240
8455130
12333630
0
4964224
1047141
5002620
6786500
5739440
9384760
9423540
7833358
7872137
11129860
4963840
4420806
12990295
6591920
1938850
2908425
581700
11284980
1900171
1240896
504114
193895
9616944
775560
6786500
1551200
11905460
7523126
5971966
7445760
8609160
8337915
6980760
11324344
8842296
5041790
581745
9268898
10858960
13535616
3761951
8183213
12914739
6787375
12255428
8221996
2016612
9578413
11245620
10121058
4459470
13300511
4033016
10236864
4691896
11167200
8103975
969375
7095825
5932575
1900024
8957256
12447096
10779728
4924552
8375616
3179632
11400144
1202056
271418
4730184
9499630
11205686
5079394
10546528
3838626
6513696
8336625
3761272
2093904
6552806
5699778
12524325
659175
12912075
11438330
3412200
5195850
8452950
9732525
4575450
7444800
930624
13261734
2598059
7057414
13066838
5156942
0
2869350
542878
7716424
13610376
12214440
12640976
7793976
11322592
3993928
13649152
4924552
1977576
11981166
1589693
12834525
6087675
8452950
1628550
4652880
659192
13765835
6320814
10508567
2016404
1124533
5971504
6242775
2908125
426525
13183840
10237128
8957487
11361661
10275905
11322884
10237128
3218408
11283816
6902306
13649504
5777773
12525294
5506476
504140
6321140
155124
4149674
3102480
1977831
10548432
12991635
10975023
3490290
12797730
6825456
12759936
8726175
12177862
11440985
2753593
10936806
13341352
4033432
7407553
3955968
13497180
5546255
2831378
2947660
4499292
11636100
13303941
13459436
6167292
11209732
7486277
969725
12218535
1978290
6128820
6245190
7214940
10356129
3529708
6438974
5081359
11714278
10899709
4111634
7563660
7175780
13071556
7796388
4421832
3917487
4848375
5469249
9348149
6594130
10123407
5391115
7950925
13613535
7175410
8222632
8958873
10859240
2947508
3451776
13728474
6747720
13185200
1240928
5971966
11827595
1900122
4381914
1900171
2443140
10082540
1783834
9733278
2326680
7290264
8105020
2404298
2287902
6980040
1938950
6010745
1008280
1085840
13534220
6166020
10509109
3645226
5157740
9113065
5933493
6049992
7756400
2986214
193905
1977831
3141261
3994443
3761757
10820178
8027874
1628802
6903018
3412640
11401026
9849866
10741783
465360
9229640
13883240
4033120
12332040
13456313
4963584
2636904
853116
5738996
814317
4924806
12719184
5739292
8066032
2171624
10625994
7872340
12021180
3761466
6204160
12873964
8996728
7057778
8337485
5002491
1396008
7173930
13222957
2132735
4537026
9384276
3179796
8104602
232668
5002620
0
6631722
5584608
11712466
6050148
9928448
9733780
3179960
5429200
7523320
4149460
1783880
9307200
10975023
8066240
13068860
11789120
12487160
12138453
8415477
2094174
9423783
542948
10471140
4847750
2016716
38783
8066864
3412904
9153024
2443392
4770432
7097655
3839418
13534918
7640054
10587759
10704384
4072425
116355
11325220
504205
13846245
7252421
891986
6903196
698058
11828205
5817300
9152080
12292943
13882882
8725275
4808596
8221360
8841840
13805680
8415260
13689340
2094120
2443140
10742060
6476260
11634300
1939050
3335080
5661880
1396152
3412816
5894712
8337915
2714600
1667583
5972736
4072320
620528
8881307
659277
5002749
10703556
9346221
8493477
1977984
2559744
6825808
10160360
11711560
5933493
6670332
853182
12642280
3218574
7871934
10198877
11711258
7833358
3179878
8686496
13029744
5235165
7717021
3994237
11168352
10392772
6436982
7134968
13495092
9772056
504114
8220724
8996264
1783696
8376264
6398535
13146420
8298920
116337
9423297
1434823
7833358
5584176
8182791
5856082
8183424
6515712
13729536
1318656
8144640
6593110
9967231
2714880
10432896
13186900
6825984
6322444
6632577
12721808
4111104
7136256
10937088
13535965
11558228
8688064
13651968
1435045
7485505
12023660
1279938
11558228
2986522
5701542
13303255
5235975
77570
4266350
6632235
1085952
4033536
7873355
10083840
930816
3141585
4848000
8765184
6903374
6631893
2482112
10432627
1473792
7446336
5933799
10588032
13535616
10161670
3413080
6322118
8222632
9580142
2210802
13886820
2521350
1823130
12528847
4654560
5818200
9347667
10666425
10007046
3917588
8610936
8533360
11985492
9852406
4228110
8611158
2947964
13304627
10046351
6982020
12529493
6710497
13886820
7913160
7912956
11132443
10201507
11985801
9231782
11364884
5663048
11557930
2753735
6399360
3762048
5778816
3917184
7562880
8920550
4537845
9502325
1047168
2869868
9385486
8920090
7639660
13029408
38779
581685
3257436
13067849
6747198
3063462
5700366
3838923
3722496
10042725
4265250
6436152
12601225
8413524
1085616
12600900
11205108
9692750
7095093
10468170
8568391
271390
2830283
8878559
6707210
3915770
271390
10739844
7056504
38772
7521962
3218159
2481472
3528343
9227498
10197299
3257016
12989290
2559084
3179386
6630183
9771300
7367250
1706100
9422325
6552806
4187592
5350812
13105612
5156942
11089364
10158788
10275110
13106288
465288
11709446
10778894
12446133
4846875
12097800
12485550
11943008
116328
4187700
6359264
6747024
3412024
10663125
3722016
7754200
5234085
4846500
5699631
77546
4691654
814338
7561710
8530940
5506334
6785800
2830648
5544968
9500120
11245040
1551040
13571250
8259075
1395864
1899926
3102080
38776
13493352
10275110
4187592
7095642
1279575
3063304
12331404
7483961
13532475
4226584
2908200
8608050
5118300
12486194
5234760
10236864
6010280
7910508
9112595
1318452
1279707
3179960
13572650
10082540
5700219
7832954
853094
7290076
11012668
116328
5195984
8724375
10817946
2481536
8103975
12989625
3683625
2442825
7832550
10430206
8220088
2326440
8336195
2985444
9576684
3644568
10274580
620400
13223298
1279674
10857000
10779450
12020870
12447417
8220512
13067849
1938900
11361954
13067849
4265470
3140937
8143170
3877700
3528707
1861296
13610727
8802379
1047006
12719184
193890
2791944
8725050
310216
5273672
12370182
349020
3373947
232686
1590021
10858960
12177548
3257772
12061824
6981120
6437978
5662318
10704384
1241088
7756800
2055552
659328
271488
11053440
12488448
4498944
3102720
6127556
7097106
3412816
11207998
1047114
969550
7484733
8376696
3490380
9191334
7601664
6360576
8066864
4809092
13728474
13224321
8259927
1202149
9539388
12486838
13766545
12680406
2132790
3024684
13843389
12214440
12369544
7134600
8763376
12213810
6940725
9383550
1667325
10934550
13571250
7057050
5544539
6164589
5272992
6862644
3218242
232644
13299139
891779
9344293
2597858
9189201
1240736
8956794
7832146
5040360
8801017
5234085
5931963
10971627
775380
1550760
6319347
5543824
8257371
13491612
11979621
5543967
1356915
10428861
2830064
3915467
13606866
7210476
9808051
1279311
12327270
9652236
12288188
6085948
1279212
11241850
1705660
9613472
1434268
1318010
5078215
3760205
12521095
5582160
7675668
4729208
11978385
2093310
814065
7985590
13257630
6474089
12405440
2597322
13917353
6047652
2519855
2868758
13684045
2674785
6473922
9846564
11010112
620272
4380671
4186728
13684398
8024769
12017770
6706691
3295110
12405120
11513799
11746401
8800109
12366673
12986945
6241809
6474256
12754672
3295195
1163010
5349846
4535856
2558688
7598332
12870644
11087076
1899534
9032245
2248428
7985796
2907450
4690686
2480960
11047740
6589880
8256732
11124981
8023941
6861051
4612916
3799068
8993944
4419438
5504914
13025712
9730517
4419438
3023826
9149012
2946292
426415
7830530
3450174
891618
116298
4264260
11940236
736573
4613273
10544896
1279311
10583391
7714434
3372642
5078477
11397498
13723872
3644286
2791368
8373456
11785472
1124272
11204241
13530381
5311353
7327530
8219028
13258998
11281779
9924608
930408
11746401
4109408
2946368
5931657
969225
11281779
5776581
3179058
465240
8064368
12290724
7560540
1395792
4187376
7289324
10662575
8879017
9460612
4652760
10585302
6979320
5854874
10546528
4769079
9498895
7095093
1318214
542780
5737960
2830210
8955870
1201901
3566932
8723475
10390628
10081240
13221934
4730306
8452732
9654975
13260366
12290724
9073116
7948465
10585029
1628466
10585029
0
6669300
3334650
1357125
3761078
3140694
659158
5815950
3760981
7870513
12019010
10080200
5660420
4807356
7986414
8257797
4187052
9188253
1163070
4574742
3876800
8218816
3605424
4884642
7288008
1162980
13761575
7326963
1511913
13180440
11087076
13723164
2829918
11823935
2054651
4186836
1046709
2636156
8838876
10506128
9535452
5349156
11628900
2480832
10349721
5155612
9303120
7791363
1007838
4225167
2635952
542696
12753356
2170840
2364665
2287135
3527615
13025376
4690928
2868832
10661200
930456
7521186
2636360
12948846
7404497
1318078
12250688
9847072
6009040
7947440
6435654
13801764
10855040
7831338
10351590
9731521
6435986
8452078
8374536
2713970
3295535
3799558
12290724
3993619
1822284
3373164
4187376
10119492
2248776
6164748
426503
7095459
4730184
4226148
1744740
1667196
659090
5737664
11242720
9459148
7482224
4419552
7520992
310144
3954234
12870312
11242140
4884516
10505586
12365716
2713550
11435675
2636020
4496740
38765
3023670
2248370
116289
8256519
13373580
3992692
581475
12792450
6047340
1434305
8722125
12133445
581475
12947844
11164896
7171895
7016827
13489872
12947176
10078900
8450770
5853515
232590
12094368
1511796
8683360
4457975
8915950
10970778
6241004
5465442
5736776
7015922
8527420
736459
11240690
1744245
3488580
9729262
12443244
4147748
11086218
5853364
155064
11203374
775320
10583391
1279311
11397204
6667752
10932012
7675668
8102303
736554
12172524
1240512
4225385
2325840
3294940
3372555
13452496
7094544
4768218
3295110
5194644
13839105
503932
13838748
13451455
5233140
7907856
6163476
2790936
13334128
542682
10194669
6434658
6124554
5000427
5969502
3411056
4224949
1085308
4651560
7209918
7791765
620224
10582572
12598300
12249424
2984828
12172210
11901162
3915568
10312288
6513024
4070640
4923536
9226546
2597322
3023592
5775836
6357296
11629200
1201684
1821861
2015624
8101258
232572
12674847
3953520
12286920
10193091
8100213
8875124
6627447
9728007
6666032
5348466
12518511
2480576
12441639
7945595
6550271
2596853
9728509
6046404
10426171
10116099
11472664
9108600
10465470
10271930
12791460
7132392
5814450
891572
12249424
6705999
2325900
1356775
1007838
6163476
2868536
1085392
7791564
11125555
5737516
8335120
10971910
5001201
13375305
7831338
11592230
11591931
12870976
4613511
891664
2674992
6435322
7676262
13181800
13414766
4652640
620352
5505624
1938600
6164748
3024216
3295535
7909080
7676460
10778060
7288760
9072180
11477104
11865150
12136262
12834525
4691775
12524002
4846750
6281388
5622085
10856440
10430206
9111890
12989290
10313884
8103557
8685152
11476808
10778894
4303803
12135949
465276
8336195
1706100
9034342
13609674
5040750
6553144
9654975
6785450
5661150
11748522
8219452
2830283
1589652
1706012
11360489
10003692
5195716
4342688
3838626
3373338
9654726
11515878
11166624
3916073
3412024
9732023
9809569
3877300
1279509
620368
8801471
13609323
3683435
11515581
13104936
4303692
6474924
8452296
3140370
6784925
2171176
13685810
9149720
2675130
2946748
8491287
7483189
1667196
12174722
9538158
6824224
7095642
12600900
8258649
2520245
7483575
2442825
7755000
10546800
5428500
10042725
3489750
7677450
155100
13299825
10779450
5118300
1395972
3683720
5040880
3838824
11903618
4885398
12446133
8606940
12794100
77536
11863008
581520
4923536
2093418
8296352
13763350
13143030
581550
3915770
2093580
2597657
7288760
5466711
12833201
11321132
12911076
10002660
2093634
3101680
11747613
5039840
12134384
5078608
1279344
8645487
12367311
11902390
5621795
3024138
11088792
387730
8025597
4768833
4652520
10545168
13723872
155072
11785472
6396720
6745806
8102512
2713760
10234752
2364909
5505056
581520
4613392
3566564
12366673
1395576
8141070
3682865
2054704
12677463
11515284
5117772
7211406
11282361
2054810
3334220
10467900
9653730
5040100
11126990
8762020
11320840
1124330
3915972
2675268
9111420
1822284
9576684
12911076
8723700
12562128
3915871
13220911
11631300
10506670
9808810
13879660
930480
6862290
13762640
4652280
5892888
6551961
930456
7676262
1822190
7327530
9227260
3372990
7056140
2287430
4807480
2442573
6668268
1240608
426459
4729818
11087934
10002402
10855040
6357952
6861936
9265552
2093472
7327152
6668268
10351590
1395720
13724580
8063952
3954336
5194912
6823344
11553162
7948055
11166048
12910743
6862644
13182480
7560540
1899828
12639998
11864538
1822331
6940367
5893496
5506050
1512225
4847000
8104184
9306480
3334822
13300511
8414609
5002362
8841840
891940
5778071
13805324
13417534
6669988
5196118
9151372
9539388
9694500
1745010
5584176
1473526
1589857
1163280
77552
5351226
1163460
10083320
1008384
6476928
11557632
6981120
3917184
7291392
426646
7834570
3296725
12256060
6128030
7252982
1784110
1667798
8765636
8494134
3800930
8106065
387850
4499060
4305135
504205
3451776
13613535
8493696
10704108
2094282
4111104
9851136
6670848
9114240
8183424
9269376
10471680
13186560
6864768
4188564
7756400
12371458
5157873
8880849
12836511
7058142
4653720
2132955
9927936
4343696
8765184
4964224
13030752
193905
10082540
7756000
3528980
11634000
77558
8337485
13650208
12331722
4924806
5739292
3567668
1706276
1706232
8376264
13921661
4498364
1434860
5778220
7174300
7911324
6088460
1008254
1512381
9888135
9074286
13766900
2598193
9578413
155116
698022
9771804
10508567
2598126
11129286
6514368
1551000
10740675
8918250
12175350
1202025
1551000
4691775
659141
12911409
12407680
9189438
12601550
1163220
2520375
5273264
5893496
12213495
11360489
8297636
5156942
3799852
736706
2210118
13144386
8685376
1706056
4032392
3024294
6087675
2830575
13183160
2132570
3877500
2675406
2093796
1589734
6126292
4226475
11361075
9228212
1938700
6630696
6165384
5893952
9151136
11749431
11555546
1589857
4963456
8996264
8647271
12603500
1628760
620480
13728120
8182580
8647717
6320977
12952186
7251673
6902662
12409280
4071795
6941441
5273944
1822707
8570822
6088931
12759607
13418918
6282846
465396
1861584
7175410
8959566
38786
12954524
12217590
193930
1435082
8029116
10162718
10977004
6632748
8727075
6477429
4460505
9619176
1163610
9503060
4887288
9658212
10278820
12218220
13459783
8804876
3995164
3219487
232740
10511819
387890
5003781
2172184
5585760
1163700
10899990
7447680
4848625
10084880
10705488
3956274
13342728
7214382
6244868
5740772
6167451
8378424
12916737
11907916
4577102
5042570
13459783
5857139
3491010
7408699
6477596
1745460
853336
6632748
1745460
13341008
1900269
271467
6708767
11905153
4226911
5429060
6669988
9655722
8841612
5778071
13688634
11517066
4692138
13921302
13145064
11594024
5583600
9422568
2869498
10042984
8065408
2636768
7600096
10701900
7095825
13881808
12835187
1047033
7368200
1240960
4188240
9423540
465360
7445952
2986137
13263444
11401908
12759607
9036439
698112
3180288
12836511
12720168
4614939
7950105
7950310
853160
3141180
4770309
6360412
10626542
4033224
2675820
2986137
814401
11595519
9229164
8996264
8763376
4420464
9189912
11594024
77552
3955356
4420578
2442951
11788208
9461588
11671576
2636768
12369544
3218408
12330768
4653240
7290264
1473602
2404298
5894408
9306960
6708594
659192
7096008
5932728
1124504
8724600
3838725
13726350
1473450
8375400
3140775
3218242
12795420
7444608
4924171
11554056
6978780
4342352
6319836
9110715
11243010
3915669
13646688
5389169
13026720
3799362
8374320
2132350
8412656
10544896
3876700
4148069
11591034
1783190
13528985
3023670
7947030
5466147
9692000
10273520
5892888
2209776
3062672
12677136
814149
11747310
11437150
6629499
12522387
9459636
11747007
9459636
1318146
12135010
659090
5233950
4885020
12678117
8335550
2132405
3993516
1240736
12562452
9577178
7909896
4769202
1938700
11050590
11244460
9227736
6823872
6668956
6397545
6707729
9538158
1008072
9964404
8762698
6862821
1318282
10274845
12291358
891779
11011532
1783558
1357020
2248892
155088
3334392
10468170
11631000
2326200
10002660
11941160
2714110
1938700
11127564
9227736
736668
1667196
6281064
13376685
5660712
3140532
1395792
4032392
7948465
3644568
10507754
116322
1279542
8258862
1706100
12679425
13687575
13028400
12175350
4769325
11283234
13841961
13221593
9072648
9809316
310184
3916073
3954846
7832550
12213810
4225930
12949180
4613630
12483940
10429130
11824850
7017008
11514096
3605145
13762285
77534
2170896
12831877
8102303
13374270
2442384
8839560
8645710
13414420
8258010
13220229
6823344
13724580
387700
8955870
9925120
5156543
8684704
12366992
4807108
7908264
3954132
8954715
1085420
5543395
4652160
2519920
7249616
10971910
1705880
11553162
3915669
12173466
12328542
969250
11437150
4923917
12639346
5893192
9692750
9227498
11049735
7366490
5544253
10739013
0
659107
11437445
3722016
7095093
6823344
11397792
1318078
10583391
697806
7947440
3876700
3682865
5698602
7675668
9923840
6977700
12559536
620256
1783236
1589406
11978694
13219888
10079680
8218816
8024769
11010396
9924864
4846125
9459636
12289456
8955177
6163953
4535856
12056537
6590390
9381614
1860816
7133128
8141070
7094178
4806984
10970778
6706518
11784864
5698602
8838648
10079160
10660650
7093995
4806860
1279278
2364726
3527797
12444207
1938350
9226546
12831877
11630100
6163794
11474736
2868906
13103922
10235016
3954438
503984
13336192
13026384
7327341
11398086
3334134
38770
3528161
13725288
6978780
8606940
4924044
193860
4381010
5583168
6668784
5660712
10352124
13376340
2597590
6358280
4923790
9266030
775400
6125502
2481216
10894089
6357952
11010112
9614216
13103246
13529683
6009040
7831338
8219240
5350260
5001330
0
4264700
12871640
8258223
0
9653730
2791512
38771
6087204
12096552
4497784
542836
4963200
2442825
9577178
13221934
9926144
12058403
4226257
77546
13027728
5389864
7677648
5351364
11284980
2986060
5739736
7058688
1667712
7369340
8067488
3451954
193930
6322118
5973044
8881765
1047195
2443455
11518848
232716
6555172
12489736
9968516
11131582
9424998
3180452
11790640
13885030
8687840
13380825
9618680
3413080
8493915
5429900
1124794
12527878
1086008
11713372
13342384
2598595
6360576
8842752
12992640
3141666
5430040
12294845
155140
38785
5158405
4149995
542990
5003265
1473830
11828815
6127872
13381170
12954190
155140
1396260
7718215
6515880
12023350
8571485
13264470
9075690
10821015
9230830
2249298
10897461
3412728
5623245
5661880
3257688
9229878
2986214
5778518
5817450
7019723
1124707
7562685
2249530
7679826
1861776
1435119
1241216
8378208
5236380
6283656
13381860
13032432
1435119
2637584
426668
11442460
13691811
1086092
10860640
3219321
155148
5081097
11093082
1822942
4692864
7795584
9386212
11441870
232722
13420302
12760923
4305246
5662902
10394648
232716
5895624
4033848
4227674
10588578
736934
9735286
10123146
7369150
4770555
5972890
349065
9231068
387870
8649947
3103200
5934411
2094498
8416779
1551440
9153496
9580389
2637448
0
9037604
8999048
5275304
13071893
9580883
1473944
13265838
13925251
2831597
11675489
10201770
11793072
2017288
2909475
7952565
12297381
11249680
13111020
13498920
9464760
5585760
4848750
7447872
3491280
12801690
9620912
2870756
10978419
10784454
9000440
2288905
1629390
13500660
5082145
12879940
13772225
10125234
2482816
7526230
5043090
8030151
6323096
11288472
7680816
2521545
7370670
465516
6129452
7952770
3724128
7719807
5198262
10163766
2405166
3801714
6827568
3879200
10823247
3879300
3413696
892216
7292896
8650393
8727975
1668013
2405042
7952155
6982920
6517560
8961645
2909625
11910372
6827920
2094930
10125495
12647170
2250052
2250052
3530163
1124997
6594980
13733076
8030151
892239
7138096
13810664
5315052
6517392
10668350
3879400
13927046
10125234
9232972
8534900
13500312
10357731
4654800
9619920
2598930
13887178
10589943
12994985
10550880
6982200
12722792
9503060
10821852
6439140
13460130
8107319
969775
2831743
3452399
2404980
3956580
13304970
13692870
13071893
5585616
8416996
0
1047276
10162456
12838828
10938216
12528201
3258108
620592
8998120
11518551
9850882
2133120
10743722
6477262
7253169
8261844
8572148
10589124
9774576
2443644
12373372
10899428
2055764
12295796
2133175
7640448
7098387
8533580
6555510
8999048
13032768
12993980
4111528
1357615
9309120
9619424
12257008
12955192
1318792
8765862
9657963
12373053
12799710
5624115
1939350
2094444
10355862
5740476
698166
426668
465468
9696250
8338990
3723360
4266460
4615534
4150102
10627364
13186900
10278290
6748764
1551400
10006530
2676441
10318140
7060144
1590472
4189536
3840408
13189620
12064934
9116825
8108155
2172464
11560612
12026140
12996325
5470095
1901004
11366935
1551800
426745
4034680
6789125
3142395
1474248
2444148
12065556
13656544
5160001
4927219
10204400
2522000
9700500
8769026
2444337
12183200
1901151
6440634
7876400
3802400
7682400
11756400
582000
1358035
504400
620800
13929918
1047654
426822
13115076
7255974
13541549
4268110
8574579
13152861
3336628
12842469
5004813
3142476
12104352
4189752
3103520
10396792
5082014
5702718
11910065
77590
12144087
2250226
11833085
7022800
12687600
4190184
13578950
9117060
7797996
193980
3763115
10358799
13268916
13734492
13850886
5936094
271586
5780902
13424108
13384965
4073685
4151279
5353986
7526424
2056188
9000904
4228873
3840903
8186167
7216614
6906400
9661200
10669725
8225812
12649126
5160533
7799001
13697106
6867777
11407494
3414488
6091757
155204
7605192
9932800
10902800
2910150
8730225
12881932
5005458
12649778
4268330
9041332
10050236
9041332
11718808
11330476
9157272
2948952
7178185
1823647
9040633
4190508
13852314
4384626
13114738
6052956
4578518
10127061
12998335
5470800
5238135
11058285
3181682
349218
3298255
10670825
6053268
9429372
1901347
8846856
5432420
4772892
9157744
5277480
2522260
6092228
4190616
12571848
659600
8031807
13037472
9972114
6208320
11368400
10475730
8846400
8768800
12727056
9816653
6091757
3026400
3414400
0
3608493
11446295
13541549
9583847
2289259
10825479
2444400
13347200
232830
9624136
10516697
5665822
2444841
10749539
1474628
13620204
4734088
9312720
1358175
8110036
7916016
4966912
10360668
12843793
8847084
2134165
9235114
11214067
5316011
7838206
8730450
6324726
9972628
7062510
4695405
10128105
7139936
11059425
582075
970125
7411946
3841794
9662694
10748985
6014775
1901445
6752070
8148840
6364020
13504140
3104400
3570060
12727712
5316148
7256348
77610
8498076
3337144
77612
8731350
11758218
7179110
1552160
2367044
6790700
13620555
3337316
12068666
504491
8731125
4035720
1358175
2483520
5044650
13193360
13659008
3375948
4190940
7566780
5083193
13231823
3531073
6208320
11368693
1784892
11524194
194005
12105912
10127322
10787234
9196548
3841695
9779112
3919709
8304912
3065832
11952864
9003920
4851250
7102230
13739094
8383176
8033877
892676
6753114
116433
12885584
7335468
13040832
6830736
11022892
8616486
13856241
3881500
9432288
6093955
12731976
7142328
9393714
6365988
10635584
9471104
13934944
388170
4230835
931560
1358560
8190176
2949940
12654016
6948243
6948064
9393230
9237970
2096010
4075575
6792800
2484224
4813184
11528352
77630
2290085
12304355
3299275
7413474
3105120
9509185
931512
5278568
2367593
5317381
6171267
2445282
11100804
2018276
5938236
4579816
1009086
4618628
7762000
4773876
2755652
10751201
2289967
349308
1358420
3803576
11410434
2522715
13467070
815010
11953480
11332520
10943574
12379433
12340308
3104480
11097944
9934080
1552240
11913442
5743436
7334334
5743288
2794032
2405972
11564188
2638876
11680907
2949332
1319472
1552320
3609144
1358280
8033463
10517239
10788902
6985800
3997533
7529334
3376644
2367532
8305768
2056983
5006748
2483968
6830736
9508695
155240
1086680
13932790
8926300
1241952
13583500
7839620
2638944
5860310
5433260
3259872
3298680
11525976
232848
10051013
10516426
12417280
543256
7605976
1202955
155216
2949104
5937012
5548972
12727712
5121864
5471223
10011174
6945737
9002064
3336972
7372380
2832546
12027690
9660951
1668357
12726072
5354262
1047573
12260800
9932800
3880000
10592400
194005
10553328
13308057
12687273
12338082
2444400
12881268
3608214
5780753
11406612
10901957
1202707
12337446
13113386
7216242
5043610
6246156
5392644
1939800
12453516
814695
8457528
8768122
38797
3297745
7914996
12765200
116403
13619151
11756097
8264187
4811076
8963031
9312480
5781647
3764085
12067733
12648800
5781200
1280400
1164000
5392922
4694679
12415680
10863440
2599667
13774000
698418
6247122
5121864
3957804
11446590
13697106
659651
1552120
6945737
3802694
13193020
4578518
2056453
7333389
10243464
9195837
5005458
8458400
12066800
2366739
10591854
5741956
6906044
11096228
3530618
4073790
11794592
969900
6478932
9039701
11251130
5121204
11600303
4539132
9000672
6517728
9970829
13501356
7798599
2327940
1823506
7759800
7216428
4267780
5470518
9272483
8922850
1435378
11987346
7526036
5314778
12957196
13150827
1668142
3685430
9737545
4422630
7914180
4345040
5625275
11715788
12569256
1823318
11832170
10125495
7991976
9117060
4927092
12802680
12764213
11794288
7255039
9854438
5198932
1862304
4810952
8652177
8613378
5780902
1319132
7953590
116397
10941882
8381232
6751548
12455763
7333767
5742992
3958314
1203079
1203110
2639080
8499390
504517
3958518
9741059
5821350
6791575
4696010
9042730
8266743
11371330
12652060
9547506
426921
6209760
2677821
3454001
13233869
6752766
11525976
814968
8033463
11603592
6015085
9430344
77616
5665968
10090080
4540419
6248088
4113542
1940350
2056771
7489751
6558383
10400276
9274873
3492630
11526273
6908002
3337574
2095632
5588784
7257657
4812564
7063420
1009086
11488056
12419520
13933149
5355918
11099946
4696010
5588496
10556048
4851125
12651734
2638944
6597360
3104640
8343935
12418880
116427
2367410
9741310
3570612
3881100
4424454
11488056
4307688
3492720
3027024
10866800
3997430
7568145
1746495
9780372
1047897
5666260
737390
6558890
2173360
3803380
7723190
8227508
892607
9003456
7295716
3997121
5937471
3725472
12999675
9778608
9778356
2987831
11912828
1552160
7489172
4074420
8459272
10205452
3259620
5122260
12689235
1591046
737333
4812068
10516968
1940400
3104640
10012980
11487760
7218660
4346720
8653961
2988293
11293419
310472
4346608
10672475
10944138
8693216
8576789
8654184
12689889
7606172
9508205
6869016
13931713
9391052
2405910
6325215
10748985
6868308
931272
5199602
3880300
3996709
13464641
2211714
1125287
698436
1164060
1901298
13580700
11058855
11446295
4074105
9700500
6635142
11834610
4345600
2716070
1358035
194010
11563294
11951324
5083193
12533692
4967040
9779364
12185398
3065753
5510736
7334712
5549544
13311144
2677752
6170472
11255480
6985980
2483904
3415368
4036448
10363338
12226410
8655522
815031
3881100
2522715
12303087
12574764
8460580
1862880
13699930
4424454
6752766
13815648
3298680
5510878
6869547
11798544
13273362
8189332
5122920
12730008
3454179
5976740
5161730
116427
2212113
5821350
6519912
388090
7645373
8421553
271656
7140672
1901641
2328600
11293710
3337660
4307910
4890060
194050
4269100
2095740
9314400
2212170
10284120
12883924
8421119
12107472
77614
4967296
10012206
11098802
1862688
10245048
2755297
10943010
5238405
2405786
6247122
3841299
6906756
892446
9622896
10321066
1629642
2366861
10204663
12377519
10359867
8419817
10049459
9545292
2638604
9157508
12416640
10088520
4190616
6130716
2483328
582045
8847312
1474552
1396944
2949180
12650430
4734210
4035616
5587776
10244520
10360935
5122128
3453556
1047708
2832619
7139752
9622896
2832473
10398400
4190616
12843462
13347544
11911907
5509742
11407494
10903081
853644
9816906
6518568
10359867
5276936
13152861
2017548
2289141
11018916
1319064
3219985
504335
5314915
12879940
11483320
12298332
4771908
1784616
3491370
3374991
892216
1280136
10046610
3568680
13421340
1668013
13421340
3646260
2521350
11560016
8611824
5353296
1008592
11753673
1280103
1629222
232752
5973814
3995370
5508180
7990328
10162456
969725
12955860
6633603
2327640
6284628
7564635
10706868
9465492
1590554
1008722
1047546
1707112
10086960
7565220
9815135
12919734
5392922
4074105
9389842
426811
8613822
6906578
12881932
8807600
4888800
11756400
11950708
13813868
12455442
6906756
9700500
10204663
9933056
6479934
5820150
13735200
9933056
8730675
13348232
12455763
6169677
13425838
5393617
9972371
4850250
3065358
9235114
7139752
12649778
6945737
6674116
7489172
13853028
9701250
10360935
9041565
1435822
11059425
3919002
4307022
13541898
504439
3841596
3958008
1707376
13387380
931224
9040400
2289082
1319098
11406318
8807373
7798599
2909925
13463947
5587200
4384400
8768800
4772400
12338400
1590759
1435563
9466956
7837196
5470800
7527394
7838004
13115076
4268220
970050
8652846
9855708
13619853
2250458
1784846
13735554
2405538
13540851
7410609
8458400
4112800
3375600
6556693
13307371
12337446
2715860
6168564
3026088
7681608
5625420
2172576
4267560
10784454
8263548
2482880
6634116
13074589
6246478
13036128
11950092
5858649
7876400
8962800
7799403
11679402
11097372
4229418
10980683
12222000
8690976
1008722
12880604
10436393
12182258
2793456
2948648
5548257
13579300
11794592
12842138
2289023
5431580
7022438
1823506
3530618
5780902
11483912
3918598
11872188
8923540
6828272
9932032
5896840
10241880
10745938
349146
12840814
3413960
5625275
10590762
2482816
737086
9232972
6362216
3142395
9582612
3608121
3220151
13539804
1862112
11017780
13617045
4034680
8922620
3258780
9116825
8884055
9931520
9427671
698346
6595320
7991976
11328432
7022257
13850529
11056575
10513445
12337446
11056860
4926838
6090815
4577810
6866715
8612490
10396524
7332066
3491460
5702718
6672568
6633603
271572
3142476
13578950
10397328
2677131
12610000
12532400
11989200
10864000
4306800
6984000
11872800
5820150
2948952
4229418
3880300
13889684
12027380
8108573
8496762
9932288
4655880
1590759
10165338
931200
11795200
11367814
0
7099851
10126017
1202769
6673256
7643206
5548829
10864840
6751548
5859253
5897904
12222630
6208320
8458836
11485688
6091914
10709904
6402660
5665384
7023705
7101315
2405972
11874636
12300868
2910300
5587776
11874024
10128366
4967168
10904486
6325378
3996812
4617557
7683192
310440
6558045
4462575
2832765
814905
6247444
13154217
8148630
4229527
10243992
7605388
12999005
6169677
12183828
11097086
6324563
11174976
12843462
1978851
10631474
3104080
116409
3414664
2522195
194000
1629600
5625855
3375513
7061418
3491820
5741808
5780604
5741808
10164028
11366642
2444022
13461518
11871270
10785010
11638800
3957192
1280301
10591854
2405476
4888548
9350318
3181436
9621904
194000
13347544
7410991
1668271
2599399
11794896
9311760
10126539
5470377
2599466
9505510
5315463
155196
3259116
6518232
193990
8224964
11793984
8496324
4306467
6401505
3491730
12259220
931080
12453195
1474210
12142835
1900906
1047438
9931264
10358265
5392505
4150851
12064623
9542340
10356930
8417430
7835378
12567636
12761252
11907609
10743999
12566664
2404608
2404608
6127714
1628886
4731404
2947432
6864414
1202242
11440690
13690752
4848000
10859520
12023040
3490650
0
10782230
2482176
465408
13690752
2598528
10820736
2288256
4072320
3451865
2520960
9385728
10782230
9463540
13303598
4111316
8649278
4537845
1590144
10083840
6476928
3335424
9462808
8570822
12177548
8764732
6127556
2598327
13069197
6049992
3529071
4925187
3257604
6786675
2947356
5196788
5584608
736858
6127556
7756200
11052585
4110786
232686
12254796
12255112
12758949
3490740
2715020
9851390
12993310
12528201
6012140
9115180
13342728
11868516
13109668
11713372
3801028
6360904
11286435
6128030
9579895
12449664
7756800
930840
4848375
1551600
9154440
5663194
3529799
5081490
2404980
7176150
10007820
4848875
6982560
5004426
10202559
9116355
6400845
9387906
2909475
5896536
155176
775880
5586336
9465980
5120940
5237325
6323585
6478765
11716090
9388148
10823526
7254478
5664070
10280675
892262
10939908
6594470
11792464
931008
3568864
5586192
8689408
13111358
9969287
12102792
8029944
1202614
5664216
4461540
8651508
13695341
5198798
5276392
1823459
12996995
13346168
4267780
310400
892423
12649778
6208320
6867954
8730450
10398936
7372380
5859253
7023343
3957906
13464641
13270626
10826037
5975662
10398936
6713092
12999340
12999675
6247605
5665384
10593492
1474514
8885429
7643994
5199468
9274156
7333956
10089040
6557876
13426184
8304056
3763891
10010916
1901298
13425146
9118000
13075600
10825200
11911600
8031393
13502052
8496981
2871126
12958532
10631200
7643600
5742548
6324563
13851957
11989818
4578636
8497638
11097372
8808054
5121600
4112906
2095254
2599801
13542945
5044390
6674116
8963493
11291673
4035408
10553872
8303414
10204663
8032014
12300551
7838206
1047681
8536660
7217172
11757309
3220566
9933312
2987754
0
3104240
7721797
3608679
9506735
7915812
4423542
1901298
1358140
9817412
12223260
8032428
1086400
8691200
8574800
5160400
6867777
10592400
7216800
310408
1707376
11253450
4695405
2988062
1241824
7838812
4734454
7062874
6635313
13697812
8304056
4695526
10671375
698472
3104400
2949180
12223575
9623640
12417920
1086624
388080
12030480
12612600
12690216
931392
3997121
6480602
8343075
13271652
10438814
8537320
9740306
8188066
11913135
13193700
9158216
12301502
10245048
1047789
11952864
5355504
4812316
13117780
10323460
11876166
13661120
5705070
9469640
8150100
2095686
8809416
2250864
2095686
7800006
9313440
11330768
12805320
11369865
970125
0
853732
13388415
2211942
13622310
12419200
3919810
4967680
13001685
12885252
6248571
7413092
1901788
11371330
11953172
7490137
9818677
465720
9896550
388100
13699577
11719412
4230072
659719
8071856
13698871
2832984
5161464
4346384
7140488
931368
9197733
2289731
2949560
10012722
10866520
2056824
8188699
9741310
6520080
3648140
7334901
7179480
1901592
1940350
8499828
7762800
465768
11450130
7258218
5511730
9781380
1009216
9936896
232914
4580760
6289488
9550704
12307208
8191864
3649456
5047120
815304
11724546
892906
8424374
11219847
8851644
6056388
3377601
9240112
3028350
2096496
232944
8036568
1048248
388230
11297202
10676875
7648525
582375
10793350
5862726
271782
1553000
7997950
10482750
6328475
543550
271789
13085036
11027436
11066550
77664
8853468
6212960
8348665
11533104
1747440
10212816
4931664
3145392
5087647
5437180
9864598
3689610
6214240
932136
815640
7146560
13360616
5320806
5010231
12312597
155360
3146040
11574320
13749006
4039672
6214880
12080173
1592522
3068518
12507446
13167777
7419013
5204694
7612640
9244158
12584484
9826520
5437600
13166082
8116724
11650800
11145932
2174816
10757295
932040
13165065
1242720
13591200
2873642
427163
13475051
504829
13203220
11766096
3611190
4504280
854260
8426110
5863481
349479
1825057
737770
3028740
8387280
5940990
12930057
9047157
7261023
5902312
1126070
3844170
12503260
11998161
11260410
12231135
465936
3882900
1048410
8076640
12697410
543620
8581651
4970368
4776213
13008050
3145230
10522930
7688340
2252024
582420
8386848
4465220
9435204
427075
6483608
7920096
4853000
6677728
7648328
8968344
0
4037904
4037904
2135485
12618450
2678856
10288625
9900375
10637776
4542291
12928059
7764600
11997543
6367628
6212320
5824050
6950212
2407398
12425280
13667808
10716804
12386451
12424960
12191992
10794184
2795616
6018185
1863696
12774412
12037300
13629330
5358540
77660
12464430
6329127
5164390
13862667
11843150
6096467
3184142
12658906
5552833
8970192
11416902
6290946
4116616
10835523
77676
7107354
9437391
7301356
12738536
12078618
6058728
9010416
4116934
3068360
504907
8855292
6874326
2757498
5009973
9942272
12738536
11923266
5553834
12350484
3689515
9515065
7573410
13709814
12622025
2407894
349533
4543695
2213595
815535
9126460
8310476
7378270
5436760
854392
9049021
8078096
4699640
699138
776820
4816284
3573372
7107903
10876040
776860
4389146
5904136
12701661
12623650
1165260
11924187
2641188
194200
7302108
6369924
13400145
5165853
116523
3767577
1864368
4311351
13283964
8389872
11652600
11108812
6564467
8895047
5554263
543774
12118392
13205940
5515422
13516320
2485760
5204426
893297
13943201
10485990
10019946
6796475
10214394
10214394
466056
737922
8699264
6369924
4622079
7379790
11807968
13205600
8739000
12894880
12623325
9476716
5903832
12079551
4816160
6719320
5010360
11341280
6292080
6019735
3650866
12816540
854436
12972226
9049487
7690122
10020462
854458
12390279
2446983
5165853
11225338
9050186
11303022
10720392
2097468
7030402
5049720
8351675
3923345
13789975
5127540
4467060
8739675
8195662
7613032
2913300
12080173
13595050
9438849
10992003
13516320
776820
7923564
9049953
6175719
11729982
11380413
3767577
233046
1980942
10759234
893389
7147112
1670249
3884200
6447772
6253884
427273
1009892
2796768
4932807
7340949
11729982
5321217
9943552
10448498
7341138
3884200
3884200
8428714
155368
6992100
12080795
11032264
2563902
10139067
7419777
5477427
12159111
11576108
8895734
7963430
3185290
6176514
6875742
8740350
7652662
1281918
9905730
12974230
10915164
13556207
10098920
13594700
2369362
8040915
466140
5632380
11381292
3806712
8351245
0
233052
2136310
2175152
12662492
8195662
1747890
2252778
427262
11924494
2291678
12740176
3379254
893366
3651148
11263890
6991200
932160
9127400
1126360
4350080
6602970
11419254
13710873
9166476
8661766
12895876
932208
11419548
10798354
9050186
3728832
854480
1903258
1359505
582645
11225627
5632380
11497824
8157240
6215040
10565024
1670249
7963020
2291796
2486016
6564467
1980993
3534804
2952296
9983422
3340670
10215972
3107520
1981044
543816
1048788
5515848
1437228
1281852
310752
2990911
9322320
5787607
9089262
4466945
11303313
2369362
3379254
2019680
6097880
5903832
3651054
4777443
3379167
4621722
13127244
1009866
9710250
11574618
10836918
3534622
13284648
4078620
7846286
13595050
6137036
4971776
1437228
5710068
2291796
8351245
6797700
660348
2291737
621456
9710000
2835247
11728774
9437391
6097409
11184768
4077990
427240
3301400
77678
4194612
8428063
2563506
271887
1631322
4350192
2330460
13167099
13594350
6253401
1281786
12856702
1942100
5632090
854524
8816907
3107360
9244396
10409656
9399764
12312914
12234915
4855125
9360922
12390598
4777566
13090091
10215709
6447938
12818190
5981668
4855125
1709048
13633542
9166712
1980891
9127635
11496936
5826150
7884926
1475958
7768200
4039568
1553680
737998
1709048
4583356
9360681
2563440
12389960
12039470
4505092
4893588
12816540
3961578
1592440
8583640
5864991
11652000
13400145
466068
9515800
5321217
155364
13672032
4544280
11652000
9360199
6913342
233034
8389224
1165110
3611562
9941504
8970654
10795852
6019270
504842
737846
7844670
543690
12466035
9592245
8466030
13863738
11572234
5591952
5514286
6446444
3728064
9436905
4388581
7689924
5864538
5631510
77674
4233233
6291432
9475984
4932299
13476092
4349632
2640848
2019420
0
0
11650200
13087058
12854054
3145554
10524014
6562946
8154930
10213342
5087254
11067690
7339626
7572435
5242455
582495
7378270
3922133
2485248
1592112
13319719
3922032
1320288
4892832
9280848
10990022
2291206
4077570
10407512
11029424
9087390
2679615
12854385
13202880
4349184
7339626
1436858
5048420
10446615
6058260
271831
2368813
4621127
4504628
5048160
3960966
9048089
5980282
13475051
776660
12038230
8349310
8504646
466008
9048322
970850
10445001
13393935
1941150
6405960
7182440
10210975
2135430
7182995
9240588
9822978
4892076
11726660
6756420
38830
3688850
12348258
8038017
9008560
8387280
9086220
4543110
13861953
4038216
10522659
8580988
11843455
9980081
4271740
388340
3495060
1941700
6290784
9397344
13435872
271831
9048089
3494970
4232797
2407646
2291206
10990588
11534589
6136246
13592600
5709186
12002178
9982394
10370814
3495870
1670249
7030583
2835466
3923042
4039464
10992003
5165853
12001869
9127635
6020510
13051248
12662492
1747890
2952068
8351030
10331972
10331972
233052
1398312
7885129
582630
7768400
6020510
388440
9244872
7924176
3573648
7574190
2097468
5981822
5398899
2835393
13633191
9826014
5787011
8661097
504920
10564480
12934053
1165230
13556207
9321840
7380170
8895276
233052
4155880
6408600
2796264
5708892
4349744
9243206
4427418
5670056
5631220
9942272
5786713
5592816
582585
9593727
4816408
5049460
13905794
11652900
11147941
9633312
310752
2097630
9788940
2369545
9128340
8390304
504985
11303895
271915
12430400
12041950
2563770
1126505
10915445
1204195
11730586
11148228
11692044
8972733
1126418
9671907
7147112
349587
12896208
699210
7186325
2602615
12275020
4389372
10876320
4039776
13828464
5399455
12042260
7769200
2991142
13712638
5321902
11925722
2330760
9750346
3729216
8468646
13246827
9634304
388480
7186880
4156736
7730752
12897536
7342272
10876880
13557952
11654700
4351088
6099450
8081216
3069308
466236
9363573
4001756
12510344
6682544
10334898
12782966
10062927
7265511
8780552
10762004
11150237
4157057
12004959
2370155
466260
2797560
4274050
13444176
12084216
13095146
155436
3497310
3536169
13522932
9170960
13834516
2681340
9753609
13017430
8354255
1981656
10375086
660603
10919660
13290462
1981911
6450428
9908790
9208872
11773671
2603419
6217280
8626476
13250237
9986763
1904091
2836707
12201726
3264156
6955940
11658000
7344540
7266820
13445560
544040
7344540
816081
12668686
2836707
12162554
6411570
6489286
7499594
8975736
5206704
7848912
10102560
11579088
11734512
3147417
7654632
11812224
388570
5711832
7771200
10257984
5595264
12705912
7654632
3108400
13288410
2137025
3574752
10296840
7771200
12978238
13638807
5206838
1437709
11423370
4002168
3030768
3108480
11190528
5400845
9946880
2642072
3069387
2059262
8781004
5750392
11967032
9247252
6954687
6993540
2952828
3030456
11927564
3263568
4157057
5439000
3496410
4545333
233094
12625925
11654700
11188512
13752546
6410085
9983936
5361024
8390736
1748070
12236490
9711500
7885941
4622674
1514955
932280
6836192
8467556
2524730
10060337
13400835
3340498
7341327
12740504
2175208
3806810
11770035
6525960
9012040
11770035
1786824
9400248
6176037
11769429
13633893
3923143
3146283
13828108
2757782
9710500
12623650
13283964
5399038
7574385
1243008
11770035
3923345
155376
6564467
7341327
2447046
699156
8622702
8894589
5631800
4039256
12156294
10950906
5863934
1553360
2990141
2640712
12776386
10834686
13048224
3145554
6213440
10757295
3611748
3106880
4660320
10952034
4388581
2524405
10874360
3611934
388380
5049330
2330520
8545240
10448767
6602970
11574618
12273124
13283280
5359920
11846200
8039673
854458
7728762
1436969
3184634
9709250
3728352
11767914
10486260
815619
9787428
1087492
13632489
12350802
3456582
12078618
3029364
10719288
3883800
9942528
2563308
3262392
12661188
3534258
12661188
3340068
13127582
4816036
1631196
12583836
12118392
8273346
13283622
1281819
3806614
971100
5943132
11109384
2058626
10137762
3456849
6292242
7884723
4622079
6059196
3884100
2874308
1009866
1165230
10757849
8000628
8544580
13399800
8700384
1320594
971025
9361163
11458685
1825621
9555378
2563572
0
8389872
4311462
3612306
11924494
11264180
11186496
11186496
4622198
13750068
3146202
9322080
10060078
1825574
8428714
8545240
11885958
11769429
8467774
1320594
6098037
8778066
737979
2369301
13477827
1009866
13089417
10681550
3923345
12741160
5399455
13556905
815745
11964568
8002276
3534986
4311906
6331898
13518756
5943438
5787905
1903405
9167420
10100480
5594112
10760896
3845853
8740350
8973195
1748025
11187360
2602615
3534895
6720185
10372149
11110242
12353346
6798050
8545900
9128575
1087688
660382
7691310
3418536
7380930
11304768
8624034
4584064
3030144
4545216
7653056
8585408
10139328
11110528
6409755
1670378
7807644
7846286
9011576
5049590
9089730
38846
2291855
1786870
10604685
11498712
2913525
2369667
8662881
12896872
155376
543816
13089417
8351030
9555378
155372
1592645
12857695
7030945
4156522
10177652
3068913
7497471
6487449
9284433
8312830
233070
1126534
2641528
7225542
10955136
9789192
3768062
2369667
4544865
2214165
3884500
1204257
8352105
9439821
11576406
12974898
13207980
12158798
6487282
5710362
12158798
11925415
7807845
1437265
1903356
6176037
8817361
1864464
11536074
3029676
6253401
12740176
9128105
9282999
2446983
6214560
4272510
10720668
12585132
233052
543788
9050186
8156610
12467961
13051248
7185955
12351756
8312188
10487340
11031128
5127144
6836192
9011344
7923768
10175556
13515624
13826328
2718590
6524448
6640785
12310695
3456315
11029140
6563115
13165065
6330268
4194504
6718974
12933054
11224182
13282938
3650866
2757569
10564208
10603047
1747755
8661097
12894548
3883900
7806639
621424
10952316
2874012
893274
9437634
10563392
2873864
12077996
4000108
12000633
1203916
7184660
1281654
854414
11029708
38837
8194607
11029708
1048545
5358816
11921424
7300416
893159
4155131
1631028
776640
504803
2446353
4232579
12815880
12660536
893228
9903945
1553560
2330340
12739192
5320943
6641298
3844962
6369268
7456512
1786456
9903180
9515065
4077885
6524784
5631510
1048626
932088
6679964
10097620
5048810
11961796
12893552
1514604
10641064
10292070
2563374
6952181
6330757
11574022
10098920
10331440
12855709
12778031
2718800
4427760
8738775
7496313
8195451
10059560
2175040
7573605
2602146
4427304
13708755
5902920
2912625
8310690
3339810
893251
13398765
8272281
8116933
3844764
11844980
7145456
1398024
8426978
4388242
1514526
10717908
13552717
1669776
5824950
13746882
4504628
12310061
11417196
5941602
1475730
4427190
7300980
9358994
6873618
116502
427174
582495
2174648
9125755
2795976
11610768
4504512
8426978
6834784
3572728
12388046
13048560
1980534
5087385
4039152
10563936
6758508
13673088
6331572
4350640
11031128
11419548
9788184
2951992
9827279
9633312
660399
1165410
5788352
4933696
427339
1010074
11227361
13558301
6060600
4778550
11888406
349659
10723152
13754316
12122760
3419240
4312683
3302505
3108240
7265698
9830062
13870878
2020408
10335164
13171167
10257456
12666404
2486656
10412872
4196232
12666404
4662480
13210360
4196232
10179748
11850470
8470172
12005577
4895478
5594544
13131976
2175712
3030456
2836123
5050500
12859350
6604670
12743128
13869807
2874974
7964455
13325550
427350
7303988
8275476
9401942
6333202
11345368
8431101
11150811
7343028
3108160
4934458
10102040
854810
10296575
543956
7809654
6294834
3263988
5711979
7072156
4701939
5051540
4157699
4662840
6839008
2486912
1437746
6761292
10180534
13910806
38857
699444
12745424
12007122
3730368
6450428
2253764
9247966
8043606
5168114
12939714
12434560
5945274
816018
9636784
9248204
4157806
12978238
9092538
5983824
12899860
11967032
7499015
10413408
7926624
10879400
8936190
7770600
11850470
6022060
2369972
12316084
11889018
1126795
6022525
11034820
12355572
4273940
2331240
4973312
6333039
11228228
9674148
9946368
9907260
9713250
932472
5556122
10723704
7576530
9442008
12783624
4818268
11929099
8082256
5945274
10375086
5945427
10957674
7032936
10491390
6838832
3885700
6917258
9288018
12008049
77722
10842498
505206
11503152
3536442
8510340
8860080
3458451
6916902
3031080
12435200
2992220
2409320
6878397
9326640
10259304
3419592
1126911
9210057
5634990
0
5051930
10220443
10609053
10181582
13484767
10025880
12590964
5440540
4469015
8627142
8821674
8199882
13018435
13795300
9015520
3031080
7266820
8626920
1515501
7888580
11580280
4779903
6645231
11852605
11230829
8160810
7422451
12707547
10686775
6800675
6023455
6412065
6684264
1826514
7422642
6917258
8238532
12629825
3691890
1787652
7616952
2525705
8315398
4896234
8626920
3691890
4780026
3886200
932688
9598914
7927848
11463995
1204691
5479260
8627142
699498
13834516
13951099
11502856
8005366
854942
13679072
7966710
3031080
1904091
10608507
3575028
9520455
4585362
3458540
10064740
5907024
1981962
9404604
13135018
5557123
1787652
932664
10414748
4779903
3031158
854942
7772200
11308551
1865328
9287779
427471
6683920
738340
9093240
5207106
5672976
1126824
7809855
11423370
8470608
8664888
9752856
7810056
10024848
1437635
11306223
7109916
2020304
9401942
8819177
10450919
4584418
1165530
971250
8585850
9090900
6449100
11033684
0
5633250
2292150
5089481
1359785
8003306
3185946
8547660
3263652
1049031
7459968
427394
12122448
10102300
11268240
7693488
4934458
7848508
13676256
8586513
13248873
1903650
9363332
1126766
9208161
10684850
6566326
2331240
7731548
10723152
4196016
9169072
6410580
3341186
4234759
10296045
12394107
12549842
5517268
8275902
6604840
5244885
6837952
5283872
388510
11655900
116559
11267370
2641936
8780552
4351424
12821160
2680719
6060912
12549519
3652182
815892
4778796
11461340
4818144
13055616
9014592
12589344
1981656
815976
12667056
3574752
7926420
5945121
8665111
10452802
6683576
7383210
0
854854
9947648
6605690
3341702
5634410
1243520
2525900
155440
932640
4468900
4818640
5051670
7577505
4585362
11269110
3069861
12629825
8199460
13640211
5207508
1360170
7344918
1981962
2992297
13289778
11268820
660569
3846942
11346536
8276754
10647092
9597679
13094809
1282281
1126882
349713
10918817
3924456
621696
3691225
10218865
9946880
4856750
12200156
13948586
11073390
3768838
3729696
7925604
3574292
8896879
7654041
11500488
10412604
5905656
11967032
1359890
12317035
2603285
3846744
8198827
8081840
5089874
3535714
4157271
11695054
3691130
3030690
4274050
9908025
5672830
9092304
11345952
3030768
13483726
1865184
2292563
13289094
9209346
2098278
12589668
1670851
6333691
1554280
1865136
10063704
4118736
5400984
1437709
349713
8198827
8781456
3807790
13560395
12472134
1049058
5167848
1321104
1476566
155428
12977904
10063445
11151385
3380472
10141416
12006195
660535
7809855
9325440
10840824
2447928
8781230
9985735
3419152
9480376
12627550
5827950
3263568
11150524
2525315
6371400
4040400
427350
738150
6138458
893573
8935730
7303988
4700971
9091134
8780326
8624922
8780100
9013432
466236
1049004
4973184
5322861
12354936
10140372
13209680
2913900
4273830
1670679
11733606
8625588
5012166
8586955
12821490
8081424
815892
9402910
13210700
1087912
4390502
4079775
10451995
1359855
10917974
7576140
8741700
1359820
4351424
6255011
10645174
11266790
9479644
5905352
4934204
4817772
12394426
7226844
10412872
2020408
5245425
10801690
1359925
7149136
893642
10451726
11889630
8237684
310856
13405665
7887768
11423664
3419328
6022680
4118736
1787376
6605520
11773368
12978572
8160180
1942900
10024848
310848
11578790
7771400
6567002
2137245
11385687
1748655
3497310
9520455
13406010
12783953
3924557
8082256
10957674
9908535
5090267
5245695
11929099
12395383
7460544
8237896
10297105
3886000
12396021
8937570
10764220
12318620
11540826
7810458
5828550
11229673
2525640
1709708
8043399
5789991
12823140
2564628
13250578
544012
4080090
5207106
4973952
12085149
2681271
11735418
6139880
12124320
4313460
10220180
1088052
5323683
8354685
11851995
5401401
6606030
12240585
11579982
3769323
2564562
2914275
932568
4313016
8120695
8586955
8120904
8159760
7422260
9987020
3730464
5362542
6450594
6217440
2137245
3264156
3225297
12551134
8005160
2836780
9442737
8082464
1981758
6567002
13678016
2564430
11967956
9326400
10531060
2253996
12202354
7305868
7500366
12513564
12669012
3614166
5828850
7344540
3031080
12046600
1632120
8471480
1865232
10336494
2214792
8159970
11851385
12045980
12628850
3574936
2953208
9365260
11075385
582900
7771800
13834516
5751428
13407045
9210057
6878574
1554440
8160810
9792972
10570192
11814048
2564760
738359
4002683
5246235
8277393
11269400
12552103
5712714
9715500
12124944
5829300
6956298
8704864
3303185
7305868
4041544
1748745
10220443
12551780
8781908
1709752
7072156
13600650
9287301
3458451
1360100
1126940
155440
11036240
8626920
5983978
12628525
12317035
11151385
11850775
582825
7926420
10840266
4196232
5128728
2603151
1903748
4312572
10684300
2680857
6022060
6682372
1515189
1165530
3651900
2136750
7459008
4195800
3185618
971150
10100220
5205498
12742144
13907584
7381120
12664448
12742144
8274624
1437376
6565143
3807006
1359645
10566384
13596100
1825762
3807006
4623031
3185618
2292032
3807300
505050
11461340
5128332
8081424
11034252
9985478
10879120
12239010
6061224
13560395
6605350
13910090
2914050
2680926
8819858
7926216
5322998
5012037
0
5633540
6371728
3147012
3341530
6022525
9985735
271985
2137025
2020460
155420
8664665
4740310
8625810
77708
13015755
1554080
13753608
12782308
10995116
6838128
6566157
6294186
5594976
3613422
6138932
8975043
2408824
11616748
11383636
3146931
6022060
971300
1864896
11771853
10334898
12782637
1748385
3185946
8120277
7925808
5477991
8896879
4001653
6682544
10023816
5749948
7343028
12821820
11112244
13288410
427394
13093798
7731548
8780326
1592891
310816
2719570
8741700
13171167
4973184
2875048
9363332
13015420
932472
1670722
505102
2797488
6138774
2758563
4701213
1359855
6799275
11151098
10024332
5128728
1049058
4118524
2408948
11850470
0
9752354
1670722
2642140
4157378
11928178
13210360
1204474
6061224
13404630
4040712
6177468
5944356
13520496
3768547
11189088
2836196
1398564
2020200
11655000
310800
3185700
8430450
2292150
11460750
8391600
9013200
3146850
1903503
3573924
12625275
9983422
4622555
5321765
10915726
12042260
12003414
10644078
8818269
8390520
9478180
10837755
9982908
12041640
2214108
11186784
8894818
7108086
11730586
1204133
2874382
349578
10294455
116541
8429799
9672903
1165410
3612678
9400732
1126476
13711932
5049850
9322800
13362680
9633560
5438300
13712285
12197330
12701988
2408328
7302484
4272730
2408266
11186496
10526182
7574190
13128596
8817588
2757924
2097522
11342156
8623590
9789192
8351890
2058838
2719220
1281951
2253126
3962394
6293376
116547
6992820
8624700
8547000
3535350
9673401
7109184
1942500
7381500
932400
3341186
13636701
1048950
7692300
10916850
10528350
8624700
7575750
4817276
4933950
12159737
4040400
7303988
12043810
12510988
2292445
349695
3652370
6566326
8664442
12472455
12045050
2875344
3302760
5594976
6410910
3574844
10102820
7344351
6256299
2875566
10375086
2098332
9325680
11113388
971450
9831074
6528312
5595840
1282380
9520700
12628850
1631994
7382830
5439980
12628850
9132100
7422260
10181582
11929713
4313238
10335962
38857
13484073
11929713
5012811
11462520
13016425
1670765
10451995
9053215
6139090
4662600
8859396
2137080
7537870
8004130
5517410
3807790
8975505
9713750
11811920
11306805
9830062
12589020
7188175
13910090
3341530
8354040
9830315
738245
10995399
155412
233118
10607142
12277864
8198405
6566495
3846645
1476490
2642072
10140894
8663996
1204443
2525445
1631826
2564298
10685125
10568560
7343784
1282248
6721915
8082256
932568
621712
8043606
6334017
2137245
2642344
2253764
8432186
6100706
233148
12706893
9170488
7499787
8549200
5012940
7616756
6528648
7422451
6878574
12202668
155440
12512598
3419592
2059527
4429926
4196880
12823800
1826373
6295644
4663440
8899398
5051930
10375887
10064740
194300
12240900
12590640
2875640
12590640
1981860
13639860
3264240
5323820
5090791
1865328
6412065
4585598
7422451
13251942
2137355
10219917
660620
9792972
5945733
9171196
5906872
2720270
4702060
11075385
10531331
11036240
7772200
2564826
5324094
7189470
1204722
7461504
3225546
4391180
1904140
9870440
12940380
349731
38861
4041648
12396659
7694478
6528648
12707547
5323957
11930327
1787606
6684092
3342046
9598420
8432403
9559314
1165770
699480
505180
7888580
3186684
13951458
10453878
12435840
11503152
11075385
8704864
233166
9598420
6256460
5556980
1437820
9520700
4313460
1360100
10647914
7694676
13834160
5479260
13756086
3847041
10141938
11424252
7849316
5245695
9364537
116580
4391293
7733339
13756794
1554440
7499980
9093240
1865280
1904140
11968880
6373040
6878220
2914500
11230540
8354900
1826420
8276967
11463110
4235522
13561093
8315612
10608780
5945733
6567171
6450760
505167
7033479
2525835
777180
9597926
6683576
7965890
7111014
1049193
3769129
9053681
8431969
11811616
4001962
11422782
10257192
7498243
7381690
9013432
7614796
8819177
9363091
2875122
3108240
13443138
660501
10334898
2952752
10334632
12315767
12315767
12121512
7304176
1398636
12354618
5167050
2097954
6371564
12859681
3574292
12665426
6643521
9363091
5711097
1398636
10800578
10489770
12121512
5167183
932448
3690940
12548873
5944203
9518495
11499600
13403250
10451188
9169308
13753254
5749948
3962598
5205766
9945344
427339
7187065
505050
4856250
7653450
9518250
12315450
1515150
3496500
13752546
9829050
2175600
7381500
5866350
5167050
10605231
1631574
11421018
13596450
11265340
9400732
582690
10993418
3185372
4894596
12935385
7497278
3029988
1514994
12935718
8118814
4428444
4972416
4389824
3418624
3418624
6448602
8625144
6760248
8508588
13753962
310824
2680857
12161615
4196340
6333528
4545918
2642072
13326579
4739944
5944662
12860674
12782637
5516842
466212
699300
7109550
8080800
6954150
13947509
1515189
3030378
4351312
9362609
11731794
7575165
3457383
3418624
1631532
3573832
2563836
8118814
6914410
4389372
2757924
815703
7108269
3301655
2058679
4350416
3340498
10293395
13245122
5166119
3690085
13711932
6059820
4894218
5981976
1476034
9555378
4505672
1475996
6098194
2136310
10992286
4660920
1359470
6253562
4738724
5360196
12274388
6564129
8740125
4700124
2991065
6526296
582705
7691706
10838592
854656
2719430
6176991
13635999
1631658
194245
3146769
9556362
11498712
9245824
2758279
1243168
4428558
7847094
11848640
621568
7847498
6176832
8779648
13519104
13791750
1165500
11538450
233100
9945344
4895226
3923951
6953613
5205632
13791040
12819840
11189376
310808
9635048
1592891
2913825
155404
10256928
5284144
10373751
13793170
9985735
13871235
1981605
11773065
1087940
12161928
1554240
1748475
13210020
12588372
3729984
7265885
13171506
2136970
6410910
7692894
7187805
12510344
6488284
3846546
4701213
7071428
12277548
8275476
971225
10838313
8002482
2602950
6060912
1864896
2641936
10956546
11228517
10412604
9868662
10529163
8469954
2680857
6255333
12122448
11462225
2486720
8548320
12433920
1515384
8042985
13210360
9830062
13132990
10723428
13171506
3496860
9441279
543970
12627875
8625810
10180010
8936650
7227030
9869170
9946624
5361852
9441279
5827950
11422488
2175712
9130220
8780552
2603084
2564232
6332876
11189376
466212
4390276
10334100
13597500
5827800
5245020
9169072
13753962
10684575
7692696
582780
10256928
13403595
9713000
5051020
8975274
3108400
8625366
1049031
3807594
12821490
4817772
8936190
6837952
5827800
11772156
10451188
3224716
8158920
7886753
8352965
8119859
11655300
13208320
11887182
10217287
1515150
2991450
6487950
1670636
8314542
5595120
11073960
815976
10879680
12588696
7343406
9286106
11966724
6993900
10451995
11307096
2797560
77710
10257720
582810
12977236
13794590
6178422
10685950
3380733
5129652
8666003
10181058
1709796
1165770
5207240
13912238
4313571
10531331
8665780
1282347
13328637
10725084
155440
8549640
7811061
5984594
4857625
10997663
4857625
8510778
7461504
13873377
1049274
11346828
9442980
11541420
9753609
13600300
1243456
893711
3535896
1787376
3574752
12239640
815997
2176048
6256138
9792216
2447928
12356208
466296
4313238
6061848
13251260
8121740
5401540
7849518
12434880
621760
7888580
1088080
4313460
10336494
9986763
5129520
7033660
10025880
4002477
3885900
932616
7694082
2525900
11191680
7111197
11813440
4196988
9987277
11619439
7306056
4585598
8199882
6878397
9171196
11269980
12280392
10376154
5324094
8976891
12241215
9365501
8044227
6683920
7111563
10920222
10802802
13017430
1010282
6489286
6683748
9209583
1398924
0
12280392
427471
3886100
13873377
5790289
3769420
4119160
2953360
11463700
11736022
12279760
10414480
6062160
1709840
2253822
6528312
6100549
9325680
9325680
11074245
1165710
9714000
13250237
8431969
1243456
1049193
8588281
7422451
6839712
4857375
12162867
4857375
6800325
5245830
4002477
11929713
3885900
12396340
12551780
9092538
2952980
3574568
10451726
8470172
11811312
9441036
12044120
7886956
1864896
11694452
11694452
660484
8119859
1825950
3962598
6759726
7187065
10605777
6254206
77692
5011134
11965184
5982592
10683750
8041743
7459008
9828797
5477427
7963635
5633105
815829
11460455
9246062
8546780
9595456
7342650
3846051
3884800
3573832
9905730
2602682
9711750
3845952
2525055
505011
7419968
13402905
9362609
5322313
1165500
8119441
8080592
11731492
13363024
5360886
2757995
5554692
2136420
2058626
5981668
8234504
6991560
854590
1786870
12469245
6253723
10565024
11536074
1942100
5670786
5360196
504946
1475996
5243670
4932934
3029676
8856204
4466830
7030221
2757782
6913698
7923564
1903258
5360196
194210
2641120
11729378
4544163
9748589
11418960
4816036
5204024
3106800
2174760
699030
1514565
3029130
6368776
9203658
1009684
10912354
4155131
13513536
2990218
1669862
1398024
4077570
11416608
1126128
11028288
8581872
893136
4776336
931992
1436821
3494970
271838
5436760
1203854
3106800
271852
5708745
2368813
660161
11262150
5048550
9669915
1980636
1165050
6446112
3960864
12465072
11416314
12270596
3921931
13474357
854282
7649904
12620400
12737224
5281016
4931537
2135705
7416912
5863783
5941449
5436480
9824243
9280609
13241371
6057480
12852730
5319847
2213367
13513188
4426734
4271410
5281152
8504208
10173984
5630495
13746174
3960762
3960660
11882286
4310241
1203730
12347622
1902670
3222475
12501650
6134350
12269016
5629480
12151286
3493980
4231598
12733616
465864
1242304
1358805
5357574
2717610
10676325
11258960
0
4891950
10987475
582375
6444950
11802496
12656624
5435360
7842650
5551975
892975
12269332
5163991
11920196
4271080
13550972
6833552
3960456
12541121
11997543
2174368
4775967
12036990
10794462
5396953
3649738
10677700
8348450
10251120
6833904
9201999
6095839
6289812
931824
12152538
6949854
5280472
7998362
11648100
660076
10599771
893021
2213139
13084699
9590516
11453965
4387677
8658867
6212640
6018495
6911740
9318960
3688945
6601440
155328
7106256
9824496
427141
5125824
9591751
11028856
5669764
7533796
3495060
543676
11417196
5514570
8194185
3262056
5864085
4776705
5825250
3922335
12311329
8738550
13787490
7418058
10913197
4854625
543718
8427846
1786548
1203947
7262332
5747728
8854380
3378645
466032
9592492
13592600
3650584
2446668
2873864
12428800
3495600
6719320
11729378
0
1709004
13360960
4000520
7535154
6020510
6680824
1631364
1903258
8351030
7924176
5088957
4855875
4039984
582690
11226494
4894596
6953255
3962190
2175376
11537262
4467290
11304477
11343616
8740800
233088
10061632
10955136
7381310
5438580
1670421
2136585
9206739
9672903
5749356
427284
6991740
6835840
7185585
7729359
10953162
9982137
10409656
5670932
11497232
3107440
9089262
6059508
7146928
4583592
13828464
1864512
2990988
3068676
9866376
13673088
6137352
12779347
12235230
13050912
13323492
12507768
3923244
12857364
1437265
3301910
5749208
8079968
6914232
13556207
6642153
2796696
466116
504985
6370744
2408452
2408452
4972160
9478668
12858357
6992280
9516780
10138284
2563704
12391236
8351460
10449036
6525624
12118704
4894218
7846286
2369423
2641324
11652900
5011134
5982284
38846
2680374
8779874
5361024
13364056
4545333
3379950
6293700
6021750
4778550
7886753
11266500
271936
11110528
4350864
5011263
5749356
1553880
4001241
2719290
8818042
12625275
11809488
3768353
738131
4078935
10449843
9750848
9167892
3068834
1204195
2291855
9750095
9905475
9594715
10060855
2097630
8584524
5243940
13284648
932256
9633312
12818520
7535736
10487880
13284306
4816532
116529
6409095
1242976
388430
388430
11769732
13944996
5127408
7147296
7341516
13556556
11419842
13206960
2719010
1437191
11575214
2447109
9322080
11263890
1980891
2990757
6952539
3961476
5515138
1320526
6641811
660314
4311462
10059560
13322120
8156820
7962610
13167438
854524
12080173
6486614
3884200
10681275
1825527
12934053
11574618
10875480
7302108
12545643
13555858
5010489
12583188
11689937
13437602
5165321
13010060
11184768
233016
6524448
2485568
11573128
10447153
3806026
10136718
4116828
4660560
6952002
7340382
12737552
4854250
4660080
2330040
13436564
1669862
6291108
4155238
4931918
11339236
1087324
6524112
3339724
5630785
12543059
7067606
9203421
11183904
13203560
3572820
2873790
8194818
5553834
11262730
1165140
13282254
8234292
11535777
10487610
1126418
8739675
7768600
13556905
11381585
7380360
10410460
3185454
427317
1243072
7458432
13790330
8584966
4040088
854634
1048896
9246062
349632
13246827
2680443
4350640
2874530
1048788
10099440
6875388
1243008
8234928
8546340
6759378
5904896
1787008
1825856
9906240
6099293
9051817
4817152
194240
9789696
9479156
77698
3962598
194250
13947150
13170150
13286358
5166917
427339
7225914
7264576
1126592
8857572
3535441
11616449
4234868
3729600
8702400
3729600
12198900
13286700
8585850
6371236
11266500
7459200
5167050
11927257
1282083
11189088
8314328
932400
8391600
1864752
3962700
2214450
854722
1709444
13908300
5244750
5283600
9440064
505024
4273060
6409425
13518060
8779422
10644078
8041329
1010022
3418536
10449843
1048869
77694
10100480
2447424
11537856
11032548
12198586
6099293
4700729
4195692
13673792
5788203
4273390
3418712
11111386
8935730
4545567
8275263
11694452
7498436
8858028
13364056
4972672
6526632
5439000
3069308
6255172
543928
3768450
8508369
7381500
11965800
8197350
3535350
12549842
9635792
13093798
13831312
543914
10528350
13403595
2680788
4312572
4701092
1320832
6526464
12625600
10643804
3884600
9866884
8701280
7341705
4700245
621520
13323835
4389372
8273772
2214108
13906152
4117570
13440716
5321765
4894596
10099700
4894470
12741160
7457664
6370088
3340584
10215972
1320662
11303313
5593248
9088794
11613459
4389033
8467338
5010489
5243130
2640916
10563664
1126273
6990660
3689515
11611665
11728170
5126484
4543929
4466255
388370
1281621
8699264
11960564
10407512
5630930
13591900
427163
6290622
1553240
854260
6018650
8969499
8930670
13318347
5669180
13163370
13551670
9435690
9435933
10173460
12386770
4698309
13784295
9784908
3805144
4309797
737732
621248
12813240
3766316
8930440
9008328
7804629
8038017
2912325
12930723
7688736
621328
1397988
12543059
2951308
660161
7727767
5358954
10407244
13552717
13242394
5242455
1281456
10135674
2252430
970875
8194185
6330105
6019270
10097100
11378948
11844980
9398312
5514996
9088326
8893444
116508
1436932
1669948
7145824
10991154
11029992
1009788
7689924
9631576
9825761
7767400
8971578
5826000
6563791
9166240
12351438
12506480
9826520
9554394
2951688
7262706
8000628
12466677
13359928
11884122
1475730
9980595
8504646
232998
9941248
12465393
12193562
6796125
6097252
9903180
2485376
11844370
2407708
3728352
12155981
5786713
621392
3378819
9204606
11030276
621424
1514682
2058361
2718450
5242725
2563176
2097144
12349848
13865880
466068
12234600
12040710
12079862
7107903
10448229
466080
2951840
5593248
5709774
6564298
10720668
5942979
3223969
116526
12507124
2524665
3418008
1048680
12894880
8622480
1165200
427251
13400145
10448229
1475996
621472
11846810
5709627
10875760
4893966
3456849
6175878
2330520
5826300
1437154
8195873
13206620
3107360
11303313
8739900
7730354
4117676
4389485
10060596
12390917
11302731
2175096
12701007
4855125
13283622
2641188
7961995
815577
4271850
4310685
11300985
10096840
5941449
12154729
1165020
10951188
9863582
2019316
2096982
7300416
12037920
9669168
1863936
13552368
13902214
10290745
3339724
12116832
4466140
5903224
9748087
8738325
5398343
11107096
13398075
11922345
3844665
8970885
12194190
9941760
5087385
13747236
11650200
5125824
3494970
7572240
5863481
11726962
9707250
9901395
4115980
8387280
12542090
427141
4815044
13436218
194160
5475030
3417040
4349072
7339059
12658580
1087212
12697083
11881062
9318480
10871560
12463146
9085518
2096658
12463467
6950033
5163991
12735256
2873198
2251966
11065695
10444463
6639417
12890896
9008096
7804428
10328514
6057324
12502938
5202952
9823484
10561216
4387564
8348235
543592
1630776
4698188
1203668
13939252
4504164
7804629
5863179
9862058
11531619
13394625
4270860
13860882
7571070
6328638
12113400
4775475
10482480
38824
7221078
11918354
11995998
7143248
10753417
2290439
2639760
1358665
12383261
3415984
10364406
10092940
4386434
3299530
11334856
7375420
7026239
8423940
1708080
1203420
1436340
7026420
12578004
13432066
3377427
5861820
12848427
4580406
1785582
3299445
8035119
12537891
5279112
9083412
13780390
2484352
11995071
3532529
13703107
77636
5512156
5085420
12654994
1824493
4309020
6715687
5939460
6483107
7337169
2639828
1669303
6518041
