30358
122844
45184
153908
156026
100252
28946
184266
249218
93898
90368
146848
133434
84720
217227
73815
126540
241129
106153
86469
114589
54834
35150
40071
127946
98420
187701
243238
181374
85766
202464
42180
101232
64676
130758
38665
15466
184186
38665
194028
36556
178562
195434
237614
180671
131461
115995
97717
141303
37259
114589
229881
220039
2118
252748
40948
232274
216742
149672
89662
14120
89662
167322
122844
40242
223802
175088
234392
98840
21180
136964
10590
65658
139082
16944
236510
55774
242158
235804
165204
141200
90368
106606
42360
94604
186384
128492
180736
244982
240746
242158
237216
175794
142612
72718
100958
202622
14120
189208
213312
118272
172480
84337
37638
18819
82943
184705
31365
124763
140097
150552
235586
235586
34153
38335
89216
153340
130339
120581
145673
117793
215373
133127
169371
116399
243253
189584
225131
117096
245344
108035
188190
76670
132430
51578
50881
71791
211888
77367
149855
108732
152643
22304
1038
112217
7667
134521
225828
85034
216767
72488
149158
39032
62730
68306
178432
82246
138703
31365
106641
92004
117096
34153
182614
23001
50184
216767
158916
173553
25092
214676
697
69700
128945
245344
200039
241162
218161
38335
72488
81549
57154
25789
57851
44
179129
58548
220949
81549
126854
241859
212585
18
118490
29971
224808
75168
142680
216456
18096
57072
192792
70296
114144
72384
248472
26448
210192
187920
176088
233160
77256
77256
151032
174696
174000
197664
21576
206712
220632
85608
1392
624
48162
66310
99814
16752
32108
236622
87948
144486
21638
180084
201024
109586
231038
83062
114472
198232
174500
26524
163332
118660
66310
62122
145882
6273
16728
42517
32062
234192
27880
63848
56214
38170
164478
247064
125614
212364
231796
164478
185992
50662
217916
34700
141576
86056
153374
165866
167948
120756
235960
217464
99671
29274
107172
149766
195795
13740
37785
209535
197169
89997
155262
69387
92745
111294
188925
5496
78318
57708
176559
6183
135339
19923
218466
217092
37730
79576
212660
102214
23324
209916
134456
204428
19208
153664
45276
75460
76832
17150
22638
150920
90090
173943
242550
227997
44352
201663
13860
171864
101178
36729
171171
14553
217602
144144
115038
68607
13860
119196
63756
125433
145530
182952
222453
101178
146916
103257
97713
183645
241164
195426
70686
102564
36036
112959
228690
274
194733
105336
140679
49203
108108
85239
90090
169785
133056
209979
82467
243936
41580
196812
108801
18711
9702
61677
86625
118503
131670
241164
166320
176715
134442
85932
97020
205524
79580
188224
81656
141168
243584
113488
232512
40828
84424
206908
239432
166772
24912
30448
96880
40136
142552
233896
197220
213828
210368
143244
58820
60204
97572
175768
77504
160544
173692
22836
96880
208292
97572
139092
188224
148088
29064
42904
117640
107260
67816
68508
245284
144690
217724
19292
88192
59254
188786
178451
110929
157092
86814
214279
184652
161226
138489
173190
78660
107640
46230
106950
140070
129030
210
16560
234204
41726
193151
90182
114410
55186
154117
220071
241607
232185
79414
196516
211322
200852
161760
115254
51898
2022
62008
100950
208630
70665
53404
210236
37856
239980
116948
10816
181168
233896
18928
119652
1352
187928
110188
178464
111540
87230
74481
93940
145607
170434
216410
196017
198693
70245
48764
66800
168336
221776
105544
163660
10020
134268
652
231796
4676
45424
60120
2004
50100
103540
187040
104208
122244
77488
196392
211756
173012
134936
197728
238476
52772
22712
10020
70140
173012
229792
130732
122728
66700
224112
9728
157274
40664
65182
11960
120796
152490
72358
188370
268
8372
192556
190164
116610
68770
119002
108836
117208
26910
153686
177606
18538
181792
2180
11040
1088
141726
168038
2530
174616
8864
209898
154882
64584
181194
89700
58006
184782
40664
4784
127374
101660
640
61594
160264
158470
4186
90
93288
205114
189
110630
147108
155480
168636
38870
91494
71760
146510
1675
100464
98670
169832
0
40066
128570
35282
40066
178204
197938
147706
87308
197340
2840
26312
177008
10976
105846
36478
2976
185380
175812
75946
2392
62790
182988
440
166244
400
80730
7040
177606
127374
1660
110630
116012
176410
208702
2240
195546
202722
6850
129766
126776
2250
147354
206056
92246
141364
602
2800
24559
43727
98835
1358
33544
49118
183294
57504
172512
91647
156339
56306
1525
53910
28752
70083
67088
170520
152250
3836
169911
59073
22533
148596
68817
183309
126063
205233
10304
158340
168693
95613
66990
212890
134810
6710
192150
153110
54720
22496
3648
198816
138016
196384
1204
120992
24928
125248
97280
8320
178752
216448
89376
140448
144096
6912
20064
21280
52896
26752
3648
88768
10944
180576
532
61408
22496
169632
142880
38784
125442
147258
4368
212100
95142
167256
302
190890
35148
186620
168560
1830
103544
6656
91504
93912
115584
86
66822
169162
42140
111972
560
16856
82474
97800
7424
110400
198600
9184
81000
7200
122400
471
200400
70200
1024
52800
80400
71400
153000
66000
124200
142800
174600
165000
145200
7200
133800
19800
79800
15000
45000
46200
70200
70800
47400
82200
75600
143400
73800
150000
896
98400
90600
120600
600
4800
7808
188400
4200
213600
145200
7800
200400
7200
66000
21600
85200
109200
3712
8600
2624
204000
211200
3968
123600
42000
114000
206400
36600
178200
44400
195000
115200
152532
146511
129786
64893
197355
145842
163053
59048
4242
109880
183580
15410
152090
80400
3350
10720
178220
11390
41540
125290
125290
41540
140030
81070
180230
12060
130650
162810
235840
46230
65660
227800
191334
24753
52851
139821
152532
70914
154539
211404
183306
13380
152532
28767
115737
120420
141828
118413
155877
87910
272
91450
43660
65490
115640
114460
123900
123310
181720
47790
98530
52510
167560
84370
236
164020
69620
129800
152220
459
67260
92630
18290
143370
173460
34220
17110
119180
168740
73750
66080
127440
172870
18880
193520
128030
155925
128709
7416
8466
128142
37989
46494
114342
23902
24548
57494
162792
211242
87210
107882
19380
123386
198968
137598
100130
33592
150290
27265
67830
205485
130340
58520
129010
180215
129010
193515
24605
127680
282
178885
65170
130340
120365
164920
174895
212135
41895
622
17982
10656
6660
231102
14652
119214
44622
131202
83250
119880
223110
30636
135198
25308
12654
3330
134532
78588
46620
155178
207126
123172
