83655
163170
55770
56525
29575
250965
141115
95485
8700
175624
35579
181818
210962
41916
68363
29328
142000
20184
32016
33540
4959
31248
3724
8970
97008
80385
96162
18722
2407
12075
30492
12600
15036
13776
31395
16380
6460
13860
214084
165048
388
7560
91482
73533
124485
158646
4554
100746
169068
13317
410
52110
61374
5192
42845
58220
32108
24682
32400
17794
28014
17316
99029
28000
483
16744
12257
83725
7236
64080
30600
74160
10332
29532
35226
50568
35952
79608
82908
1133
12615
10295
37990
14464
48714
0
12744
45522
590
65234
19992
1014
100686
70965
132506
43326
11186
23213
25864
38199
2737
10736
30012
488
24464
20672
2366
20566
67620
40198
106602
90630
41856
34191
39932
32121
100620
27860
48655
38208
23435
33600
158330
51408
59780
118706
69696
24852
42840
17787
128502
54740
31920
31620
84651
149703
59760
22680
56049
2352
24178
5495
47040
9114
56206
4850
9282
11979
5778
76230
129276
108836
952
65780
63580
3960
23664
6390
39600
73700
77140
102370
15480
3476
28420
28248
40704
23850
69750
24990
47400
9006
40750
29106
43952
10428
10191
15857
282
25596
34340
17954
5858
7448
18760
61620
10230
25116
29625
45840
65704
79395
46413
55008
16353
40683
74562
51168
155820
57109
28459
12002
92486
115784
10956
210388
91074
245688
706
30791
13206
13020
116130
172480
28458
24960
75400
65339
11716
5567
50577
164192
231192
14616
128148
8352
5430
6499
13456
25340
2010
17400
33292
28304
16652
8736
3705
10449
31845
3150
62928
2604
7200
37440
25725
33120
170880
105120
166026
32340
117719
118188
26264
13440
105994
60480
2312
5624
90741
27267
7200
8938
84488
740
15552
84252
71980
44320
9088
17856
17664
29088
9920
18600
8029
3380
4368
13135
32926
58123
58344
59449
66458
9898
62101
47872
27846
12726
20553
23392
7712
25792
18096
12150
27846
56055
11899
44642
20286
10752
24038
64090
21024
2035
50384
6164
60568
910
33232
8094
31675
50500
58101
31395
9600
34755
7788
22680
1656
2695
2535
35595
888
4464
10185
8760
10800
10368
462
29715
20736
16800
23310
9920
8190
7705
45
14628
16264
5122
7800
416
3358
12464
5016
2622
5670
3286
4551
43428
23970
9660
2016
5662
7182
8664
9396
252
1802
20394
11250
9000
9044
7897
25317
30525
30081
18093
5325
5922
18825
9805
12126
48060
1653
10590
45120
12825
28797
11775
14715
4650
7860
236
3348
37224
7600
10248
3825
6624
44979
23328
21666
18703
17110
12190
15168
37544
5586
8175
19008
10260
13568
37944
15873
10168
2400
9798
8214
52326
2898
3589
4864
28227
3068
47952
3741
11172
41904
3248
13186
57834
1472
990
12025
77952
11978
3850
4950
25560
4366
87447
96945
17450
55145
26925
58015
1272
8370
885
6090
11583
11264
192
18370
20768
440
3952
7686
882
10324
2695
14455
22610
31535
2576
5280
32724
16324
16056
3267
7938
6480
5742
2380
25542
7616
17536
1519
31250
150230
