48425
233185
86420
115475
118455
100575
226480
236165
151980
262985
155705
99085
206365
91635
253300
192955
183270
210835
2235
58110
216050
61835
9685
125905
251810
239890
175075
15645
175820
126650
186250
225735
241380
207855
131120
250320
107280
0
217540
265965
77480
113985
262240
177310
119200
26820
248085
44700
247340
149745
49915
245105
11920
29800
103555
211580
186250
227970
129630
105790
223500
198915
233930
233185
264475
95360
177310
237655
212325
38740
226480
220520
181035
129630
55875
61090
100575
106535
119200
177310
20115
65560
70030
151980
39485
69285
90145
126650
231695
109515
105790
152725
180290
177310
44700
100575
242125
233185
15645
247340
186250
67795
110260
70030
223500
13410
14155
19370
262240
260005
160175
72265
200405
53640
35015
17135
245850
24585
2235
67795
258515
239890
111750
138570
213070
64070
196680
190720
122925
112495
245850
194445
49915
59600
210835
2235
224245
89400
8940
107280
23840
131865
36505
206365
258515
12665
219030
137825
168370
58110
75245
88655
181035
113240
245850
219030
111005
260005
30545
61835
222755
91635
52895
158685
171350
179545
23840
143040
136335
32780
160175
121435
99085
261495
262240
250320
253300
226480
166880
265220
139315
196680
265965
31290
187740
105045
210090
112495
87910
7450
257025
154960
67795
46190
131120
34270
129630
261495
172095
205620
17880
32035
178800
92380
151235
247340
216050
212325
119200
154215
101320
160175
187740
217540
93125
188485
266710
17135
17880
60345
228715
132610
248830
245850
52150
223500
87165
113240
204130
225735
222010
189975
171350
190720
745
81205
1490
81950
178800
38740
34270
66305
250320
29800
131120
138570
14900
134100
9685
119945
191465
178055
186250
21605
10430
172095
61090
31290
32780
154215
192955
62580
258515
251810
68540
136335
123670
214560
142295
15645
153470
227970
200405
148255
120690
233930
61090
90890
60345
183270
149000
169115
140805
49170
145275
83440
57365
134845
20860
99830
178800
196680
207110
188485
131865
230205
101320
254045
243615
118455
155705
0
243615
236165
79715
84185
55130
184015
93870
61090
17135
162410
177310
172095
182525
149000
88655
61090
48425
62580
77480
199660
262240
174330
17880
183270
88655
33525
195935
128885
244360
138570
106535
195190
186250
255535
69285
75245
233185
48425
201150
103555
248085
32780
211580
26075
172095
128885
185505
59600
163900
109515
49170
71520
185505
13410
166880
124415
78970
260750
70030
83440
10430
94615
128140
61835
192210
53640
43210
252555
114730
120690
187740
122925
45445
49170
202640
35760
7450
3725
242125
96850
5215
72265
87910
78225
13410
225735
73755
172840
201895
58855
219775
87910
8195
145275
163900
179545
237655
126650
249575
160920
231695
105045
75990
179545
154215
81205
191465
188485
258515
169860
149000
42465
745
90890
22350
125905
243615
2235
39485
71520
126650
28310
190720
11175
254790
260750
140805
215305
113240
32035
48425
140060
62580
140060
97595
189230
96850
59600
230950
265220
60345
137825
236910
102065
227225
117710
10430
211580
257025
31290
213070
92380
131120
240635
210835
105790
258515
110260
158685
235420
225735
32035
79715
47680
24585
9685
98340
46190
207855
150490
128140
48425
95360
111005
196680
117710
31290
107280
8940
135590
64815
129630
248085
265965
30545
85675
81950
171350
131120
234675
222755
85675
214560
179545
239145
144530
201150
5960
53640
5215
172840
189230
240635
23095
148255
47680
215305
84930
36505
222755
210090
165390
5215
219030
119200
125160
125905
61090
119945
178800
251065
247340
61090
175075
76735
173585
213815
20860
45445
104300
26075
82695
252555
100575
189230
50660
1490
74500
82695
67795
2235
51405
16390
54385
76735
208600
83440
41720
96850
1490
77480
224245
34270
216795
153470
84185
116965
81950
49170
114730
251810
227225
146765
32035
178800
65560
124415
147510
258515
64815
75990
174330
207110
113240
233930
174330
73755
20115
127395
41720
204130
147510
97595
262985
155705
70775
207110
132610
23095
105790
257025
156450
265220
239890
189975
181780
98340
151980
139315
203385
79715
256280
82695
260750
249575
117710
35760
5960
131865
217540
85675
17135
14155
26820
32780
55875
156450
230950
116220
243615
104300
105790
91635
267455
56620
224245
63325
75990
88655
20115
172840
131865
242870
264475
75990
44700
67050
213070
131120
137825
154215
122925
46190
5215
152725
203385
55130
11175
224245
186995
102065
95360
140060
125160
260750
38740
127395
229460
255535
168370
233930
12665
96105
89400
91635
265965
244360
43955
50660
108770
118455
66305
54385
120690
222755
30545
94615
96850
260005
235420
154215
116965
98340
197425
224245
219775
163900
114730
23095
251810
69285
59600
104300
174330
260005
242125
2235
147510
231695
254790
210090
40975
219775
14155
44700
140805
89400
29800
87165
98340
14155
137825
184760
110260
77480
230205
230950
253300
167625
201895
166880
261495
184015
147510
62580
145275
105790
139315
199660
164645
215305
186995
247340
155705
9685
251065
48425
121435
257025
197425
198915
245850
129630
103555
99085
40230
10430
22350
138570
248085
64070
28310
186995
49915
249575
101320
99830
254045
224990
44700
12665
146020
201150
70030
38740
51405
191465
251810
48425
41720
37995
96105
256280
202640
239145
97595
4470
195190
230950
262240
29800
87165
75245
248085
264475
23840
239145
262985
55130
5215
108025
162410
222010
103555
218285
127395
134100
173585
105790
12665
181780
147510
121435
223500
216795
121435
26075
133355
57365
147510
217540
242125
166880
745
159430
111005
205620
198170
87910
16390
210090
260750
222010
99830
156450
148255
139315
159430
83440
156450
188485
261495
93870
195190
225735
126650
249575
21605
201895
108770
262985
110260
46190
51405
226480
73755
172840
239145
137825
260005
120690
72265
171350
120690
120690
93125
194445
76735
15645
137825
254790
24585
123670
43210
121435
214560
152725
167625
4470
17880
70030
168370
82695
111005
187740
181035
201895
118455
181780
87165
184015
226480
118455
11920
267455
35015
235420
217540
33525
116220
230950
136335
193700
3725
17880
163900
160920
28310
227225
2980
181035
4470
91635
197425
72265
41720
240635
165390
53640
228715
182525
239890
179545
211580
198915
122925
20860
244360
5215
265965
81950
172095
24585
14900
100575
65560
227970
61835
189975
75245
47680
192955
170605
173585
260005
131120
217540
147510
264475
210090
229460
184015
197425
172095
96105
148255
254790
72265
140805
224990
23840
100575
164645
97595
21605
241380
13410
75245
32035
170605
210835
46190
178800
745
39485
265965
140805
55875
159430
6705
230205
151980
7450
43210
29055
249575
218285
44700
108770
37995
70030
111750
177310
242125
41720
52895
136335
17135
260005
47680
76735
41720
94615
185505
70030
90145
239890
152725
134056
