88900
20710
101871
253365
62874
117480
10835
33512
30438
65330
127530
33930
141141
75504
36047
83655
19650
14996
6031
78676
37185
32718
10387
72709
96382
38610
37752
102102
26312
15651
20585
28583
15573
87694
20114
5719
59449
35239
69940
30458
91553
103033
45633
8897
91606
8736
22022
89423
107067
32860
2544
7208
5900
48548
15372
3010
16497
48848
31964
5148
2496
17940
54978
46683
62620
51150
107406
26660
4200
21000
7986
23529
63085
30832
13160
37350
31872
18761
1938
0
3213
12903
10790
676
18172
8316
4841
27307
49737
39072
35280
10325
8190
15147
12696
39744
34965
22752
27808
30537
43811
77184
22304
41100
27984
280
62964
11440
25600
58724
3232
5895
36001
15400
5658
23306
44125
14931
22831
19264
2198
7938
2750
11245
2568
2054
53865
23694
23937
25145
2365
19140
26175
21360
47085
60630
42660
5829
67940
522
17141
2318
19488
68256
13588
5904
736
105270
15312
43676
18467
10881
8909
1440
13440
35216
256
1056
11970
528
47034
43164
10668
26596
8827
58557
4074
36
4690
6480
13668
18880
5100
74340
14586
30358
13502
86
26918
9636
2254
15151
16195
21024
3058
36190
11440
1365
5776
16133
132
117
14278
2700
17135
4956
1653
2493
24424
17702
35483
2466
1233
2244
18154
18810
8778
16872
19295
5085
14535
1273
8596
29046
17716
59535
62370
9396
19952
7638
4712
1070
12888
9202
5450
1799
20925
10736
7452
7467
22149
2568
1827
58240
3072
10971
1422
6300
24648
204
17621
2809
12012
7000
2759
1989
14500
1581
2550
6293
25538
750
17013
9282
5928
16608
84
27359
6195
17119
5500
2430
11070
15158
6972
1554
3960
6825
4002
3454
4756
1152
14100
2898
7425
14100
2222
3285
8281
2146
5550
3213
8250
15456
27141
2100
8284
10045
7525
27285
236
2368
23310
2064
29960
528
798
1926
1260
931
11449
23730
9660
28245
10440
16298
33915
10272
6318
22440
899
32010
158774
