23099769
33199668
25698201
1999880
6299496
11897263
27491750
13395712
24594342
19197504
30896292
18198362
30497560
18796616
8998560
8298838
9598656
29495870
26099739
30899382
28299717
24499020
28398296
14499420
20197778
34391400
31292175
28593708
22895878
10698502
4699436
23796906
34796520
28597998
9699903
24199758
22498875
5600000
12599874
33098014
1100000
33998300
13999720
14900000
20099397
13698767
3399422
28693112
26792496
17095041
27789992
26489665
4997900
28588560
26188472
30187014
29085159
32384448
35080344
11794218
33785128
4398064
35084907
23389470
299847
11793038
30581946
27588684
30688334
4498515
23493420
13996640
8897152
7497225
31189704
13696027
10597138
14895679
4597930
13592384
32982180
8295684
24987500
2198834
26185328
11093784
29281541
13292020
1699065
19289192
21985260
16688477
19388942
20688615
299832
2298758
16091145
29083704
28183080
12392436
30282426
11492180
21385662
32584678
10894877
9395958
22188012
2098887
5696865
1699082
12293358
0
29583424
16990140
18089864
3598488
18292497
33086429
11795162
25089458
18589770
1099406
29386476
1699082
30883932
1499160
12593322
26786332
17492125
27686981
699706
799776
31490865
27189936
24790328
4398020
4198026
33681128
26684781
13591704
30984500
1699184
13692465
20488315
2998020
34677098
9194296
26283694
20683854
16786728
27682549
22686153
2898782
19292473
33986060
14593722
31086627
4297764
11393388
32882234
23887811
10293408
8394792
6096828
23986080
22987120
999460
32284496
31785690
22691828
28386084
22088287
22090055
26886281
3797454
1798578
24679746
21879195
11988960
34167852
27674516
13787718
19683255
18084977
26479330
34474815
22983900
16486800
5795650
32777040
6694908
21082487
6494085
20482165
12289668
25874877
28073024
23177032
25273182
26871217
27170624
9689524
19578832
20079498
399720
2998050
27883539
8395380
26887357
10494120
23785958
16689813
26285535
19290157
7495500
20488110
11293107
7895260
15791626
26585104
18189626
25783230
1998880
13792686
3298251
12193534
32781632
16689145
12693015
15291585
24985750
17091621
25191432
19592552
15897297
13197888
20896447
1999760
29995800
34795476
13697808
0
15597348
14798668
33694945
9098544
20495695
13597144
29197080
3599172
15896502
13795584
24791072
24791072
20490160
2298988
28387504
29387946
23289748
999550
21790190
30485055
33779044
9595104
17990640
399812
27989080
8298174
11997720
12596220
20392452
29289159
30588678
12995320
30385104
24288822
18791728
11792448
27781930
24585486
24585978
34280449
19387972
23385960
16091467
18989740
10494540
21388872
4497975
33585216
25088956
10296292
27488175
31688271
20693583
22490325
19490640
799616
9494680
18589026
34577510
5696181
6095669
12691745
7894470
25882129
8396136
31085072
8595958
12994020
16891381
11893931
6196900
1199412
19690347
799584
5997360
33991500
1799604
3099411
5798956
1399790
25395936
6998600
33693260
18298170
12598110
24197822
499950
19396702
699853
7599924
12999740
8999640
23699289
35700000
19599020
7999520
31098756
34898255
19999600
12399504
1999840
4499460
25097490
23697630
27796942
10799892
33199004
34599308
4799712
8099514
23394384
15895866
22894275
4299312
18498150
499920
10499055
19297491
13098821
30498475
15099849
12599496
3199872
5599328
11299435
15298470
13298803
8199672
29499115
29798808
19999600
21799564
29499705
29999700
15399846
1799982
299988
22999080
20398572
3898791
28390344
1899354
24991750
31987520
24191046
31587676
1699048
35680365
10194594
33580848
24986500
5696808
29780630
27877959
1099109
10790712
31375194
11991120
21484090
35674296
19786338
30879915
2298505
6695243
29278318
15088222
6894480
25080171
10791792
21983280
13690273
8195162
2698596
16092111
24388776
20689029
21786048
15890142
599670
5996700
4896962
17188648
35074377
21285090
25881611
29776458
8493030
29875183
8193194
699377
32472375
6394944
9990800
16583732
30972720
12889809
1798740
21585096
16189146
16191414
12998310
33297336
1499775
4699060
29193868
14794080
32486025
32682669
15191336
35281644
22989190
13093319
21087973
18190536
31783146
9195032
1599120
8794016
28981150
10793412
9194664
13890409
32277390
6695310
10592368
33576144
33875592
15788150
26279486
15387680
3796884
28576262
9992000
22082320
6294330
9991500
26175372
24877092
7293211
799256
23877773
31368600
12587400
34162380
25169004
22774464
31964480
20876592
29063043
28364216
29365896
27863451
28762560
5292421
898758
5492410
7489275
6491745
20573632
6691156
32858875
33957840
20975640
17678406
25469910
17579408
3296073
28466655
34360096
22177134
22975850
32863481
19878309
33366600
4495545
16482840
18280419
22875497
25371552
9289584
2397456
12686919
5894041
26575528
22080110
4795920
23580412
10790928
17083584
6693367
14784904
6593136
7692146
5993760
1298648
24872610
17280624
27968080
5194124
14883014
898956
24371940
34065559
6992580
12585258
8290206
6293007
24373648
28369612
23375196
8092872
25079669
18284811
0
3596508
22777656
31973760
19484790
32475625
5196204
14489705
16688811
34279077
33386974
31286541
12595968
25792776
28593994
18295059
2299425
21094092
27190480
15095621
29790762
19394180
13097380
34896161
28899133
20299797
20997480
3699519
29494690
28994490
8598022
10398440
12798464
32991090
28992170
10396672
17494925
3798822
16295599
15394918
28890463
31090670
15595320
28091570
23193040
30490545
9896733
11297514
14596350
10297631
31593048
13497435
18995250
17096409
14693973
11495400
12694920
25888863
25088203
24589914
32786880
22889695
2299149
6997830
30189430
26993520
19994800
12396776
31489920
3599604
8599140
20297767
21395292
28288397
24190078
11395212
8096355
28787904
4598022
20791056
27787490
27885213
7096379
2798992
31488660
34686467
13693561
26986230
13892911
12693777
2698623
1999100
16292665
3498635
3298944
25789164
29784206
16091467
1199316
19688377
22486275
17593488
1899297
28191822
24389996
35286233
11394984
8796128
7096663
19290350
6696851
15093507
26691723
15895707
23791670
11396466
18794172
27191296
26090604
11294350
35486510
3998480
25790454
20391840
17993880
7097302
15095470
10597138
14497535
18497040
22394176
13098428
10898801
18397976
3599640
3199904
13999720
25999480
27096206
24797024
23898088
20498770
11399202
15697645
31796184
799872
12898452
19397478
13796964
20493030
9295536
32181968
13992300
33281019
19689362
26985690
10994500
35883486
2798684
1599312
32289018
10596184
31885645
21089450
5996400
29881462
29881761
14691327
15091242
12093466
30783984
9795884
14393952
19391076
28087636
1799208
21691537
26387328
26585902
21888612
25986480
35079291
11893098
30382368
17490375
1499130
15490390
31779966
1698963
20690685
19791684
5497580
16193520
7197336
17893377
21692188
2999100
17095212
22895420
20395920
499880
33191036
26492580
12996360
23491775
7896840
30987600
31788234
7897235
26290795
15794312
25891712
14095911
35790692
7297226
1899088
19887861
6495970
32280620
35678580
27283620
14890315
1898670
23183992
18688406
14490720
35672154
4496085
2797592
24181608
30077425
31775514
2198240
4396964
24782392
19185792
35673939
32579788
19089686
29184232
22189788
33685509
1599440
35685363
33785128
23488485
31186272
14791120
26484100
20486060
29979300
32280943
11493560
17289620
15291126
31480785
1799028
34280106
20689029
13892494
30882696
21287646
5896401
25489290
8895728
3198624
12794368
35583980
18791916
35781384
6396544
27485150
2098824
18391536
7297518
5697720
699720
19393210
15994240
17990280
17193292
28288114
22791792
33193692
18696260
20494260
29692575
29290917
18694951
33588576
11495055
33086429
26284483
2498975
20991600
8296514
17196560
7498425
24494365
25898187
25399492
16299511
11299774
21599136
29297070
20999160
17998920
299994
24799008
2999940
26798392
30799384
9199172
20796880
25294687
1899791
4399472
10800000
25899741
5599440
16498680
19798218
0
9799706
20997270
32495450
24295869
3799582
199966
14796892
10997910
26294477
16096458
30093378
8398152
33893559
27496425
2599636
34094203
1999680
31693660
8799120
31596840
17798398
32596740
6599274
19099427
5099796
33697978
6399808
22199112
24698271
24599262
22398880
599988
11299661
10500000
21096624
32795736
15898410
18397424
3699482
11798702
21198304
1199880
6499610
30396960
34096590
9098817
35894615
13397186
8598280
34989850
299913
23193736
6998040
20693790
25491840
4898334
6697722
27194016
7998080
3599172
28490880
25093223
23292544
33089739
6298236
26090604
12194266
15594228
1499325
30188826
11496435
21992960
6497920
25891194
9196872
32487975
13091485
19487130
30580722
20486470
15489770
32177782
33377288
25481895
29275388
34663218
30368080
17680176
18279870
11486775
15082182
11487120
29665548
13883459
5992560
5193656
2996310
26570740
24672336
5992980
12086085
3196416
6293007
31068278
29370012
31167240
28168698
14683830
34560210
26169608
17879952
4495230
15883464
31465665
25370028
2597062
35859433
26271070
34662524
19378466
29865615
10587916
14185374
19379824
10688444
21577104
24774456
16383272
1498425
19179840
3496185
5492850
17874940
8588132
14581020
15080521
14182108
17078283
16180236
2396952
28561962
11485855
16681463
30563586
13284040
23473210
35358936
16281418
2596984
17078967
31762158
19876916
27465075
25271411
2996640
7091196
17977860
10087476
8789264
6492005
33457455
3096528
12085964
20674125
1797696
29562112
8189668
3096311
7191000
19974800
199746
12084149
23567904
14280981
33261372
26965170
16578420
11883340
24069875
15979840
25466595
14980500
15879171
26863954
24069393
33254379
4493655
18573960
16374744
8087769
34441350
9383738
30545532
32941590
26552120
11578772
2295791
3493665
18566706
15672839
2096241
20864052
35638596
20265693
21563064
23859370
21364904
28551380
23359986
12279705
5789792
25854416
31742124
13874702
17368680
14573866
6788236
8285724
33442045
24757344
2395728
16368512
18763528
31434480
11077134
6186856
20656323
34626783
7284597
0
12674346
14369904
28937650
6186918
8481725
20855901
26342976
10976240
3792286
31833648
24849702
14768624
22551184
4191222
21056745
17164912
15065723
9579264
17759772
33523056
31725588
9178840
21351636
22249602
31828863
17061867
3891030
31626773
22446900
18855585
11473090
8779584
13569264
23246177
5886371
25040764
2992920
28633129
11275366
4390364
23248740
24840240
11372982
26636721
0
6484400
11174688
29432740
8579704
24643437
7782294
17160612
21649873
30329472
27039567
25443645
17760662
2095359
3492265
13570352
32828607
25544192
997790
7782840
19157952
2993550
9879507
15567396
27341912
9779224
31728450
29632581
4090980
29335614
6286707
17762264
30437170
5488560
24851445
25456650
23958720
21461515
32942250
18167240
5190796
29055477
15476285
14576056
34643092
17371812
25460730
25759752
17572016
21167564
32751128
8188602
10485825
14880332
23368878
2496900
30761192
27565224
31658156
10685876
14379840
30257580
16176510
16076333
4293636
21270180
2596360
28961720
20472940
16278484
9588384
18477800
24570234
17978940
20376132
24968500
6891306
27066396
25362408
28158828
34148016
9485370
25460220
30352576
1098152
34344960
17970840
15974080
29052276
28654367
31351330
11582484
16377532
33554304
5792228
31756116
4693232
13182444
8188766
34344272
16374580
35147552
11683152
23066505
19472505
5293004
30460655
26767036
25170012
4294582
34255753
29262496
19674981
199754
11485855
29165252
30063880
24969500
8390088
13584904
12186458
19377496
28367340
1398166
23570500
5392494
3994440
13781784
27762470
14583064
17579232
29863522
11588748
4495320
30671142
22479975
9192088
3996240
32469775
25676356
29973300
21281043
5495105
18282432
19679906
12187068
35662515
29268649
23772630
27468375
23674167
21377530
31264005
15778512
23667768
6691089
13082839
2695923
1197948
5490375
7786350
12777728
16171974
15672839
0
23960400
11879413
12478625
24458105
21862113
29248725
28948380
5190744
16470630
9283446
33339546
4592364
14077722
22864734
8486995
21168200
21571272
8089227
28662116
10985480
26061894
9186476
26261602
10284653
17074521
19968800
9784418
2296228
14375952
26155984
499175
1797084
27056369
15874083
28553096
5091789
1597392
13677806
10781748
998320
31647695
31250859
8786536
34048509
1597328
9683898
30148660
299490
10581980
9085349
3494505
33054322
8488270
31953920
32550774
27754964
18572100
31553548
34444800
26060067
23964240
23962080
21564144
15773772
2395848
28850581
12778752
28456680
34047486
27363832
9187856
35451720
7789392
21471405
5392818
2995890
399440
4793424
29658717
28558816
199724
6891099
25868143
33958860
7890204
19077653
10086971
24867879
7191072
23671797
8190980
2897100
35856202
27767196
18578238
26169346
11885958
17878699
11586080
3895125
6391488
22868627
18274563
3095939
11884530
33258375
1498185
3096249
599286
26565420
19174656
35051913
21269967
15080068
17177468
26965440
32960070
24870867
35857638
2397168
12585132
7690914
31863634
18778944
34461360
24672336
14983050
35559416
9089626
31564608
10687374
11786666
7092403
35863741
8092224
20681784
6893721
9690494
13587488
21579480
5494995
17484250
21181980
19083956
4596458
26479860
8693214
14491300
28286982
3298482
30386624
299868
12994800
2698839
20891431
16994050
27589788
27788602
10395840
1299467
11294689
16491750
8995500
4797888
8296182
26288954
4798032
13994820
23690994
24591144
32387364
16891550
2398992
14894785
21890145
16892395
14593284
29983500
11594780
1299298
5496865
1599008
8494560
1998660
34777032
34281135
24785368
29084868
11293333
4196976
10492650
1099241
24783136
999580
28688520
27484875
28982020
17391822
32384124
7696689
5797796
6397632
9495725
17591024
15892686
29284764
21188976
23584896
26583242
28078082
18083891
7993920
25677641
199832
7693455
7093752
33368938
20480320
18182892
999050
9391446
6993490
1698419
11688534
5395032
13686985
31869376
8393700
32773432
33174436
30178256
35868408
11988120
21976680
19479525
8490820
2896723
31066101
32964030
18778944
2297562
22374688
13983480
16880734
24973250
22176468
16383108
3796048
21177952
5794258
26874983
18084977
2697597
31672421
33673040
1199076
12791168
8694432
7795086
4796976
8894927
16290546
8395632
30180068
3697706
26183232
19787724
12992070
19288034
20586610
1898746
7395264
10495905
20092764
19393016
9897129
6097743
35488640
19393016
19192128
1299493
14794524
26290006
2399040
10395320
19687786
10093637
17489150
14992050
15791942
599694
27887166
23493655
29192116
15094413
14293851
20492005
18292131
16392784
8197130
8198360
27496425
17897852
18697943
34596194
15298929
23999760
13499595
24995750
599766
24989250
21489250
33586896
299862
12393180
23583952
34977950
13989360
14488835
14589488
30380848
26282379
14790084
7694533
6695444
34475505
25382220
14689563
18386200
31279029
17088201
34278734
26582444
10193268
18486865
22787004
17187444
30678817
30977680
17487575
5296025
12290775
20681577
5296025
23081982
11588980
30470720
14486225
14886739
31270891
34069651
20180204
22379616
22081436
20881608
22880764
28775808
13289493
20785856
10293202
799536
27384382
28081173
5896165
32280620
4297377
4297334
13891104
24088914
16692652
19590592
2898463
8395128
16091145
5097297
23788100
4597930
12994800
15092903
27987120
4597884
9594240
23486605
13091878
35580064
8194506
19885274
17188132
14990400
29884153
20684682
31177224
30378720
13191024
13391692
4896521
34676057
18185986
23880402
3796770
28975640
25877985
8392608
26775612
22676392
13286168
25571840
25774458
31965760
34563324
4495320
31765338
22075027
32762936
7990880
23073204
2497175
5793330
25570816
7891152
4095326
26269492
8690169
15282558
699216
8191636
31469760
17083755
19182144
13087817
3696485
2397624
4696052
28775808
25179588
18685227
7494750
30379328
22782444
21186644
15590484
29283299
11094006
33282018
15192704
9996100
35487575
6898482
35394336
4699248
35193312
4199580
29299121
3999880
10599258
15399076
23599056
11599304
4399296
13395980
18496115
27791104
33586560
34586852
14995500
3598812
34788168
18392272
6297354
34291425
10397504
18795112
20891849
5897699
8295601
4198026
33488275
22091160
28188720
899595
29190948
2799132
30386928
22589604
26887088
2598362
14790084
7294744
6395264
15088675
11192608
15490080
10093637
7796334
5596752
3198112
6996150
9295164
6896343
29484955
26188734
12794624
32386392
22288181
6096096
5196724
22784268
2198416
699461
11390880
3797302
19186368
23783340
35875229
34577510
2698245
3697780
26783384
4996900
32280943
5196932
10593428
27982640
13092009
26182446
15489150
32677437
12393180
34779468
23883270
32376348
2098530
24183786
5396328
3097892
28576548
3696078
15683358
17381556
17881026
26472705
30767044
27774424
18782704
10690370
22880764
28276228
18084434
20582078
3796694
6195040
23182832
19285718
23383152
11292655
14591678
34874523
20384496
4995700
7693686
4695300
25074398
20376132
35659659
14384160
3396226
26470585
16682465
24174348
7491450
11288022
19980000
24975250
32965680
8690691
9289770
15281640
5593392
199772
3096652
20174548
16878537
10587280
14882418
9089444
18579540
16682131
17478825
13882486
3895203
1897682
3796086
19679315
13286833
5794490
26076510
11389626
6194668
4096761
27377806
399696
499580
4696240
1498755
33972120
24882072
8194998
4397360
25184628
17588912
24584502
28980860
18188534
31379904
6995310
14089989
14090412
5995860
27380820
10091011
899154
15685870
12788096
4096269
12988430
18583260
18778568
6891720
19176192
18476505
11684556
4994100
6292377
8888786
31960320
17876372
18477245
21671790
2296941
28162494
5093166
34954850
11585152
17077941
21073203
4794048
30463705
11885601
30667765
34266729
27974240
32471725
2298091
17186928
15886962
21483660
4896129
6195040
12490375
19984800
31478580
34675363
30779672
28081454
13692054
31981440
199872
11592112
24384628
3397892
19987000
26282116
20087940
6396480
33679443
18962859
