5253254
35286008
26999730
18656055
31446450
15071914
26694126
18169970
27015177
6685528
28461240
17157060
32047275
3454776
12876645
20846949
22756500
32468140
35273024
15199479
18720780
33391008
2570292
28741642
13087668
11167968
28668800
18844010
27037128
16690147
19484595
29158828
8877483
19180800
5992020
14621502
25930222
22156875
11592009
17643894
9309760
33159305
11558820
7886807
33293788
20312484
3967720
26934930
28117182
27601230
16275032
29259575
14599854
1876003
16163712
35440005
20555504
99808
19294464
21383040
32616976
17254014
9280749
27874890
25307036
19545120
29862600
7989360
4190676
28804919
32540224
24632569
9308411
24099086
26588127
31153176
9975100
695373
23450180
1899962
21693056
3198080
3995160
8569276
18632680
15733008
22211469
23279022
35544030
8840014
4938100
108336
24528420
26724775
2429725
29439480
3535596
33126240
1970920
29670966
7042824
29634006
16367670
17402175
298323
28480166
3441515
2874857
5693512
20132230
21114720
10299016
6828654
26219630
5950380
10431225
791248
35119795
1181088
25906338
25876584
30238920
14468016
20567040
29525353
25963360
33959058
31203701
22976100
7784
5470355
24859250
7317736
22503768
2925540
32779664
19990200
6791636
22938300
800000
34187346
25255725
28066280
5554992
15787872
12551742
6676215
13240549
11747254
32111950
33298970
11334400
6930560
11970
31879056
28968
14740469
26356860
16176270
33502518
22005750
21196343
9099027
25735758
23513040
19006762
19041363
3784610
5356692
15080680
1194672
11332626
9249873
35141568
292293
9541536
16192212
27733995
25675902
28161896
7658664
28660681
5274454
19149653
30395763
31088512
34461600
31968069
298734
9269217
30127290
28768794
33658040
35707935
1094984
2188340
6266862
6008988
5312952
8330255
8333910
17536140
8664506
17422428
583464
27080746
29272806
26561862
1412865
1527596
10505928
9591667
1254140
203632
18554508
14335881
21725329
17295555
9496979
15860934
26794040
434792
12463744
26834962
18832600
33792
30221424
27875217
27676846
16235778
11867632
27813789
27730222
23236857
9281772
1197312
11772978
5635860
19987200
15368122
8984910
32117472
17130114
18235584
893880
2881121
30306852
14762408
12878457
11896430
33009432
4281123
996470
6334080
4038172
23318282
15372590
11665362
14575200
19987562
12239000
18236556
30322650
9413280
31509760
26018811
3800640
304864
33696864
34373430
16483
15373551
19724556
32140176
2630070
5939936
3283448
33362190
11060394
3481236
24990392
7681881
29255862
9937962
27001620
14462983
20391503
2940750
31153516
826200
21669960
9744072
11409684
17945526
9136932
17081856
1746198
13806579
31855200
32770744
18381125
6823040
9587046
26651490
10874380
32628987
21947274
2537288
17321675
5078268
28719135
15650688
30114378
8260056
26314100
22754394
34207090
3562128
1085678
5835690
28829735
21036197
4464530
31274424
5212134
18331866
7148104
15940482
10591240
8017128
21429027
9174245
33928619
4636400
19582910
26418420
19162920
10265745
6255808
9369696
29055300
205524
14915205
30847320
5580642
17104150
18939029
2437776
7056555
14485470
12860606
6224517
5934180
884373
5357616
10188090
3464791
16515791
10310112
8233695
15597197
20210091
27686564
11511819
32186440
22154076
14996212
16446066
26639924
16114284
22230404
29392500
4797394
20178936
5088564
10176712
6256575
12999015
16980480
25654516
17808154
30253881
33077512
29701315
14097900
21934900
32123408
25604752
11585196
4007127
591528
18331200
25954665
19200090
14783796
4016610
11991012
31632662
15626923
32176776
16722656
15765317
29773920
19446394
29271088
1428165
6379204
29913210
9635602
3344390
23445716
14325605
12615824
26820606
27043900
6877695
4432899
18849400
10880662
21104640
24757786
24235838
8927002
1095
28488150
28672650
926641
11563776
19779876
24473492
21096537
17837430
20299236
25997220
10901943
13017645
1732950
9397069
5182974
18813452
147136
22339288
26608110
28890072
22716768
32216096
13296920
2097480
7438392
23721483
13706352
1702944
24643591
3044704
2704424
7698242
2398375
3094752
22925721
27995814
19333512
8223688
24990030
19137622
8296200
16216160
16128036
9248260
16612400
10609380
573282
14362040
11822532
30233370
28645975
28552104
24658828
30570750
18521600
19151847
28224272
10114496
21275331
17611155
24796958
26635746
12575416
31421476
15847298
25300863
20771150
31877670
16762785
31215456
870672
11331612
2935240
12375660
25760110
30220125
11126940
28534394
26435854
22106450
25498
7980930
2241028
18670860
25676928
29291426
11125080
7535916
27654809
28865160
219102
27610056
16427400
8022969
7174512
23448960
11229375
16589446
10049298
33358965
8940296
34796034
7495275
16402485
35490770
18955031
5699259
20792304
10899019
10098182
18398160
28118784
33739992
30348110
18900820
23959497
8743152
18252054
11135152
21140250
19843484
32787324
98398
4994277
14226796
7260584
2770208
4056335
3857217
4447125
34393252
4075031
30373120
21410560
24932894
17106413
1393280
34300584
4298194
34568168
5694300
33294006
18595164
27665098
8373288
18829132
26802693
25560206
30773748
15777090
32538386
35775068
13850933
28099326
16635037
13638761
21570451
18272284
34012300
4196472
33957500
3899220
29281248
21338368
24500124
28450125
31451805
27373696
31495275
12619482
35377880
16368676
11395098
19168760
9619199
1987940
2786840
31499650
21628652
24285448
32327379
13485780
16875458
3224958
9849114
20450032
17999183
19498080
20288412
1491855
18201729
11951533
884835
13743660
30123792
34133002
11290470
19484600
118624
14328878
14220730
27973831
28637420
25845092
12622530
27675624
33662256
14105854
26345505
25365202
25164468
598854
31281472
7672482
2876626
14001723
13110342
4051620
9514342
15846360
27684594
6794558
3485196
33187965
7695520
79424
7901102
5014677
25568318
2534714
26110998
8797050
15842628
1858086
8096650
30024456
27078768
6499335
25872762
32210430
15508931
3260004
7607985
1456995
5531176
17734713
4065936
24173644
17077853
15640290
28587384
7273275
21313820
33324656
27385960
2151842
8728408
28019134
26334967
6215872
31294874
9169335
35333884
5214140
21124582
5304852
5116852
25817218
9452640
33242691
8664390
19612047
6675220
31523484
12130176
9043041
23671116
13948792
1668533
31629093
23122194
6882408
24943880
12720268
2635893
9114255
10814003
4772410
2799316
39897
4601895
5274970
19813045
4279860
3674828
3649596
33815397
15526372
10095864
29781648
1059
1640840
30765104
12276156
5784180
21306610
17021488
4371705
16309776
20433168
19661600
1931050
19855794
26276404
1219250
8137038
4312316
28199600
10546776
24416256
11071827
22299385
25410816
33860356
33640640
28116280
16429338
16524384
25277000
12075050
23703780
5484286
12259408
12821777
30092408
18926830
338936
11752834
10665726
20337900
4200345
26041581
10846225
26837696
17820480
19126288
31690602
29989826
32920590
18509472
21103280
9001064
7801
14295024
18827055
29247568
11409372
2820047
34269240
11256756
11849128
8128937
23708256
28337060
8738020
26905175
486205
4728048
8724936
34208995
18262090
98627
19286475
35098140
10784290
15249468
34961922
8352015
10631088
20280240
33214272
34999450
9888900
5848670
10692648
20937546
20957709
12218216
24594192
29787291
961190
25940520
11421657
24940240
11910820
17070556
29262683
29372490
9979386
1463344
621300
32685849
32509516
2918220
10306275
17106636
18873856
20120955
33265731
3897320
25552554
675297
17004240
12491310
11722858
26127232
28772172
26373711
27049960
20447188
1754280
21361698
29675872
14029870
16999
492410
784320
29583600
4946150
5937180
11931084
24695639
34233804
8362045
7606984
1970140
3152800
22264425
1731582
28360822
98316
16064568
25005824
21588385
13325688
33124000
488725
28194090
17482751
29696680
35489640
9035754
10832202
29946300
5106296
26253285
23776337
23927238
17966241
10250869
29154816
8372160
12014816
27374248
14045220
18001717
22827651
29644500
17410750
15740364
18137064
31097745
8974890
25000668
11577844
28193026
18783131
994490
35648208
3991400
11374806
11295932
7399852
33899322
9198804
33891186
28380688
17698938
3284985
2295446
9843075
15871380
9788724
29135675
20114868
8768598
17816373
24520392
18279600
9048402
10519170
21923130
22266424
28761416
8992984
9660546
11286000
17630188
2674242
11369855
11776635
22037680
14709267
20557870
15051227
19040790
30744560
34890100
21529800
18168160
31198275
25318720
14543936
20709936
5170984
27622358
19172234
4070521
28414215
10455480
8391180
1298297
31456530
22309280
34830348
31578129
58515
13095047
10823340
13013651
23318216
25961842
8686128
32630549
26670060
12929196
34455882
25799136
19954396
243808
18503402
3848544
8721270
34342
9842783
30881088
9763746
7611708
22366098
374656
26881568
18705029
7984588
3590329
6808230
8033868
1467255
23388974
13376416
30066208
12852609
4239456
679490
2216425
2360352
11222274
2460675
10140453
0
26201778
14622104
17329488
12502134
3375656
18048009
30182616
28025490
22416732
14841095
21626690
35388530
4572676
30301445
27759480
21321248
28143784
27633243
16967870
32353020
15476905
25796904
26879287
4699812
32382180
32608506
2586090
14693337
27318500
12584064
4976250
11326698
16353645
6238008
2771720
15732692
34432725
35811686
10600000
11885482
21271671
21999560
6869985
1991180
7533348
21219170
26800704
25544393
26745056
2197844
13018387
2684340
13692054
4677064
15299235
5063484
32289400
32260150
25780342
22897650
24040232
24593049
5187624
5567912
11844784
32405052
399020
396164
896814
23458405
19861991
28988110
8980650
32238307
25391618
33794592
10257358
5999820
24686415
34900000
27271881
33265035
174825
4662576
32815878
24393852
17143262
18123771
29217095
7150536
34722444
27480062
19517775
24136480
30188682
28015512
27068756
3031264
23133843
6478
26647663
27207976
5737418
15630450
17051400
27380481
30083520
11284104
16429440
7357119
9624600
25381200
31396082
3989160
23062800
1623636
2203906
15351384
10586240
1387
26872601
6291480
9332700
30052864
10600
24919875
32477915
8898134
15360
28784294
17428400
2399722
13918576
21310443
8288214
27069860
11597750
27658240
18610020
31369764
32541400
18938304
21060
11031820
27261892
27234548
3903900
6978000
8061124
10258380
31195122
7822636
22439116
22741328
3132624
854838
17088120
12460196
11343
32462484
9337692
22185737
28041770
18275136
21720952
378666
27343008
22023936
24779937
11705526
11505836
8176256
14308448
11481420
5528713
2994752
33482124
29366190
18195645
18755511
30034478
22694245
26197310
23398449
770216
26870490
8188900
2340
576492
28324842
13770757
24822645
28258848
2834721
32650170
33786540
1081025
391024
23066876
11697917
13110
30347142
31784361
11971014
32400900
15826428
22749421
7912566
27732868
21965946
2952690
8434448
3200
19293424
31214244
0
24492580
18706450
17210512
23892975
32475300
29021916
169456
26791320
10466758
31500612
19226610
12210528
13524000
21627723
27368431
2687445
32763920
1596272
4690177
24420865
12958270
8393112
6295653
10790388
10868
10747188
3578724
3003648
13691734
34234536
26329660
2063145
27808146
18868
15013496
34649667
13826680
21256620
28344694
28338882
34175817
5829480
5349795
11572155
12840432
16454088
27255231
23442000
9527310
26090720
16829360
20844504
17931375
8865946
20735290
6540
8499251
876880
19050507
10303007
29241399
5306244
5672146
29666362
19258245
23267160
23661225
5586600
26281083
8737876
20947195
8651328
30967964
15199968
24066616
7507599
31495392
10088208
11928909
2805750
34461438
32171548
29161286
17631980
3623832
5376
4128212
21044128
17302707
8653095
15073236
982083
29102202
28297852
8160032
3390582
11098372
4311888
29740350
10782000
650090
17252508
16922218
27691170
23040
4446816
20260396
2653007
9081765
32113900
13395255
22548573
7608216
23517936
3277538
9834666
12954600
24346773
257868
18887136
8639208
8842200
27021636
4716
4302400
11011698
6300000
25233746
22336760
6703216
17210010
21114926
17642335
13512828
14523992
183684
7950147
9782368
22157762
18272538
0
22975120
17347265
563532
17492184
29111199
9892155
15071520
18034990
25608262
5815374
4661615
15538627
23903483
13134702
6187935
33936420
14353878
15100157
13321
26577504
19506327
2019820
29281329
17125680
3592230
29692540
27461385
5785316
27534220
483590
14557788
3372842
2395904
11084931
13496344
554598
1955435
6333327
8553930
12292479
221958
68816
16257696
15719943
1639385
3278770
3775050
6627743
13755105
11763560
13535784
6263428
29315040
24338772
2079022
21277674
2542023
25672647
27316716
5597460
24961296
13860
2903522
9011424
32782268
11459948
1315146
31193392
33064064
19625518
19842480
188822
28578144
11433169
23919126
9337680
30199040
15583788
5370684
11315235
6716804
15784220
5462138
23215758
6438
188042
28418067
24010482
1773346
32016080
29045534
24966975
11125548
24584315
12059060
5777904
13606032
27733800
15228604
5594754
9922902
961807
24697842
9978192
14374272
5718765
1577862
4932032
902502
18207612
29004192
6512820
880373
16686243
11829796
3073422
19520760
14241696
7298648
11521104
16672755
2772288
11569740
2046264
7098
23557410
27746240
18452460
16076527
20350096
6536686
29369054
15628100
10061151
13205892
6617598
6004138
32428829
5579442
2437452
30285005
30351888
21352319
25210320
27898332
20904114
26128
0
29935368
3530475
15355984
6623208
25744831
16181235
14202293
16221355
29047567
17279185
7027796
13180440
23278995
2691055
20475208
1849060
13539729
10298106
43262
20264200
7454349
4865135
7606742
15136635
8177922
1230316
7158012
1740838
0
6391752
9885739
10503640
103170
8489126
18567330
3986290
20190484
18587128
20380960
2287182
11261888
9788328
3445742
8587296
3146
2269360
8930544
20492640
13760208
14536989
90077
18313080
16775209
21187130
23042310
11329152
9482548
3017568
8078525
1048788
14508481
494912
6308
3450831
10887424
23883772
3617635
18677776
29658750
22714578
29318535
21137288
9159777
15992900
3176316
28709595
61642
22031004
12842338
10028480
15218710
16723387
941182
21631753
8641863
863130
5608192
5880858
432354
6868652
5425920
2354300
2661533
4554
14317650
12423
16314220
2186173
102432
4000374
24095720
3617372
776
30334348
6537681
10051768
21147942
12285960
16249959
26412876
23133526
26302610
364572
12168276
22445700
12524833
91590
5022720
3609298
3810290
25973640
378441
17398626
8857392
9273455
13926850
11378880
5524680
50740
7509040
4184778
3590769
3930
1935591
6346620
30931890
15589283
11203493
14484204
12751440
4036496
12351636
23824395
14966882
4756311
1390995
32697684
12294743
21152475
16235185
24409989
13019471
21891408
3160586
20345313
8020830
9071279
4703682
6611436
558569
13547820
25893672
7886003
20423368
12864202
14649120
0
1276177
20130286
24717184
13664
21690799
20955777
17707617
23806750
11820168
22899968
4092942
25261920
520372
5899740
19968075
6139413
16504984
15162345
1206101
3339000
28293496
24591153
8952336
2198952
15416420
4863508
32023512
9069792
1137120
32790450
31696288
31234734
15777904
165155
8124648
1959870
364350
997696
12210005
7483749
2911272
862560
5765584
3325814
6593845
11718595
793017
5873380
20948304
10124045
7235338
8472120
15669204
1568080
9312
17987214
14070150
3309635
6618920
13926090
26698347
7397794
27400516
31628850
17378896
9120285
7955472
21090225
2706802
14001300
14664608
3565650
11805794
4192927
19532912
2321241
16015689
9452691
6247364
5518500
13508212
9251400
18022726
18674200
93379
69460
16990633
2463615
25085500
9605471
20981925
15551374
5781314
20123856
7080616
22006764
8041172
158444
24855578
21370294
2499714
31866450
21196125
21435176
18303912
22572455
2010603
25954212
7060064
23267490
26920092
31996520
32467292
30800478
26136495
29647776
9780992
14742
14771894
2721099
21631270
31867695
20407982
12304306
8886965
10345755
261426
5259732
11100
26466154
7861565
19434030
15281970
1106052
17052375
10769850
23012500
3384
16331436
27489010
4261210
11386602
11105216
29855694
8462430
4433128
30481185
809235
29269512
21884786
26328546
18540432
19001535
16446480
6053460
20075238
23193756
10128690
17096960
30785472
8191456
32015224
31732740
208
27408640
29485590
13388246
32725300
32146041
16395402
24501260
31759399
24045840
21665036
28846623
2221593
4630000
24105960
711975
27708384
30792138
32513418
19067580
27264600
32408116
28801185
9302300
26193531
23867520
17703008
33548672
32297370
4406344
21526
29660800
58480
25906542
19931688
94341
30726228
31742594
28595760
11060494
22449270
3150304
5926144
7534467
8075255
25823070
7808286
79560
47945
8471970
12612750
12826568
4337202
13766048
30084690
3071124
22212084
1635870
154128
24587852
17724300
13031928
8346860
9989238
16524243
6475
23522810
4036340
807984
20081139
8308500
1142757
649875
36158
3471130
19009338
21360968
16429008
391494
6011188
17669848
8224395
4866498
17649366
4182951
15759315
29340350
28052244
16887336
12036542
25572086
14968837
7769430
12961650
20329748
28267800
141440
221254
11917544
5520312
22603896
5742750
975183
17573292
13756870
1709734
31112020
13861050
14414244
1576019
21530296
22555017
26935200
7841222
4424550
8559668
11737117
7199436
19069210
13635314
715816
16778762
10091424
14100
24186462
4400064
5829504
24158160
30826952
7061496
702832
16708012
18945056
22596501
9902860
30090394
160590
22408731
22001488
26074400
16999339
1618553
31763734
283575
11130903
21884850
29120174
123444
23714447
3381976
505890
2107670
7421316
9891361
10283013
13354720
26475056
4620
28200
6131492
16379454
8998100
10435476
20944370
11126949
10614006
15551552
14757212
26261785
21618738
8024212
2237620
162459
6945807
7847658
5914480
4712904
1647100
20133207
16740
1265984
7615428
2393356
17644680
3271382
10315680
16870709
17918945
