32597392
6383296
31231453
24789336
11198208
22493250
32199034
32394492
6783612
17549136
4486995
23449475
18770108
34762764
12289545
11290282
19770102
35556924
29463420
29044128
15665617
26063982
22753944
29455455
13565864
12568248
10777428
14169612
598800
35322828
11578424
14272544
28243683
26535096
23351562
3393166
15364426
28534688
20281884
997080
3088096
5877167
2389704
9083436
28507622
13559472
14624442
14726148
33756942
2688606
21121348
7170912
31888994
34450218
10259130
14545440
21328713
9243828
6268689
20236165
35026785
5139888
32915052
14826450
13507112
29819700
28128219
22883620
20889750
13040526
25062156
28042420
17417218
1629943
19375436
23604602
18825580
14066946
17350550
11996303
28870370
34085088
33795927
21023618
3685200
21694924
19694070
24269948
31317930
21670290
29931440
6164784
13715682
32992500
14409762
1084853
23672400
23785736
15938370
17317344
26762624
98393
21141810
28909902
6300864
27868142
20014582
19005504
25167480
28523144
33742973
1487970
21148983
6552348
31664259
8439565
1786986
30477118
13200383
20150592
27604539
2965170
32616870
27201625
20684312
2968770
31286212
6239520
16856690
21399120
27412596
19667340
8635533
35534364
17486128
23954700
8244516
26208186
11583706
12188208
106634
21325024
14749350
16269292
26464506
7433925
3960440
5130788
22589018
4044035
18904416
29752044
32021925
26655289
21615880
18668260
5105620
27713322
10932884
24948388
28877562
33786992
33000576
8692363
781632
5666136
9476415
29264196
22397352
6201720
1770426
8761160
2755480
27902668
27347736
25479237
32524808
6445335
15964921
13897240
33861641
20619040
22002642
3568608
26574612
24208216
19054464
23965018
2268444
26729001
27717840
27622840
24959209
2667519
5327059
2268581
20102684
6238323
21083805
18312965
8610912
9699648
30968846
34138785
35425532
10486580
16323780
19985274
5639751
16719339
29931824
20334565
24835948
4942900
20563088
6726696
3857139
10503222
25925686
16732521
23505897
20133743
28397226
11633310
15903040
2479225
21117033
20538315
2766400
227500
5996284
2670543
12963629
22832100
32341156
35097330
29044504
21869055
27886698
35405842
23720880
26883664
8689384
10664244
27911236
26822796
883395
34437663
23059610
25436390
9135111
17486720
14448189
12989724
3443580
15188450
3990735
17169856
7309350
19297278
21138621
17829507
4678656
1463220
4294928
27758145
30578890
10128560
16250269
33343560
8053905
7954082
20223279
27475056
35091532
4402620
5870280
33510416
1553168
7429760
13662740
4389705
2926440
22890582
18777408
29535902
12222000
8604464
8554
27576885
7084723
32950080
6290050
31488925
19759032
33707976
7425264
6654636
12730212
24304392
28385406
96506
8156820
16406013
18651160
21276850
26188962
29031976
5878387
24063360
23386638
10919416
25318632
21802950
23623592
16776329
33564768
6497057
20661852
3882760
3979952
22139484
29268036
27711405
18651840
9338688
9249960
23369760
29899100
34741752
2076081
10076172
32499607
6320640
34375788
31204684
17477865
30413152
21499814
9273194
21604350
4036860
10435806
1477245
29934880
7977204
17333008
3345940
0
5418655
33815200
27524840
25354176
27419283
13215482
4827480
9945470
22642580
26100984
15316392
22191844
11309790
31471360
20123825
36695
1551051
4332368
329430
6292928
5702966
34613568
17827957
29540100
14083355
492205
22961684
5808432
9184494
25572106
295890
8979752
16098555
18785269
20828094
28792200
31385787
28698319
3360280
6079286
7157942
29707029
784504
23443032
12368916
14627479
31506150
15988507
31154460
27739094
21053445
15776208
27612
30526138
10590767
14381012
9694278
3246375
3447080
13254208
31342107
21394152
24167712
7626003
3568104
15668496
197044
22417188
29704486
31660328
27909248
9646238
13981320
6787875
2951520
32334449
27412029
3737604
28361088
11706149
26461530
31927904
20565168
29280024
32955012
6926920
21672021
28996452
27401671
18284290
11662412
15020032
12741330
6971135
14436282
14425992
31991032
31385920
14106960
18306926
5391210
13042911
15496798
18220746
14646104
491485
29824593
4429890
6002644
21452072
25835805
34303210
1277796
21722532
3053779
8372755
1576528
11229228
20784750
5350428
6839004
6909630
99115
34748384
34890492
14602894
5966898
2936190
8808480
12934285
27895593
26459104
9373460
9274040
34243001
33046410
9076904
35233044
31289485
9473664
17159010
23494884
8688328
20147244
29317761
19646076
1380750
34040805
15577694
2663172
6114130
1972020
25245184
10453826
20319428
35085360
18587748
17307325
18876912
8090694
2943180
16869072
26496754
16416792
15718080
22008672
17231550
27474804
4544571
21163284
24450679
12938870
24890544
21626250
31204052
5431855
28634600
5512192
18227495
10050162
394080
21078572
22462104
6405620
21080284
17534068
6206634
24748600
12544044
22472364
24671794
9533548
14943728
14943728
8848260
5505640
30574410
7793903
27629000
17381232
5826663
32431000
19183884
8996624
28666210
12777834
2592380
19349220
28913688
24566164
12845546
4898366
17995380
2396238
22300058
15020124
22696905
16015402
29467200
30449440
17965659
27928412
631500
17594640
12963192
6186600
11983084
21385146
7949826
644
2894430
27381576
16576844
16959888
2800356
11884014
30691770
9457980
4832950
28783632
25268880
23984441
4954803
27978272
15989749
12356781
30941139
2713088
12876927
30787806
9431422
6829916
8695567
23291870
34455872
7454992
13817859
34986714
9406272
5386150
8431956
6765036
31568558
24604526
4315476
22558400
14619582
28950120
9405120
11943556
13933750
22572890
19430532
26522176
28576876
30890065
169
13142184
35015274
4124232
24450804
8148691
3724494
2348112
11155242
1064558
9653700
11298222
24415524
9874008
28169382
29153656
21977913
21398104
23439878
25793535
10632930
27108
2788814
15868050
14233012
26765562
6355602
24304392
32029036
6844116
29223744
25557660
23527212
21241248
387612
1937420
20762280
14902353
17940190
25504688
34134399
26008060
33769224
32317317
29026920
26028964
23584608
2523664
20791384
18072132
20014548
17167053
22839608
29905638
7549386
7253025
10639420
2896680
24793600
6684444
32952800
1163016
21550428
24465672
9903486
9128810
14566050
19131458
19689173
27323035
18473700
33526065
28262502
1943740
31385340
29537652
20177325
20546547
23661396
28625604
19954495
4784100
20175187
18741716
4398198
19788165
13803275
1808686
6664700
21931650
13550350
27015746
11073592
11944625
477695
7097710
3932023
8196144
17440998
28089324
3837160
15118704
10717840
17607880
1817977
11482680
29997411
26264778
25292988
11154080
688
17582340
19690188
30182550
32117261
9954078
293808
17730217
2253149
23219601
22417497
8418798
14292232
34352019
20357376
26380292
33245391
20296143
16473744
6071288
15911316
24932132
28956905
19726341
1079210
10774720
7346400
31551814
26149980
0
8218476
1370446
25832995
19395734
5654478
17655283
27551810
6559212
9066018
16582864
13979740
33658956
19877764
19971567
18066444
12922
3188625
14296779
10495440
11915984
34662555
17857840
12768210
16802460
25448045
34486452
31076778
7353075
16869588
12655545
20376666
18597789
493790
15307955
12628992
31569280
28905622
33827346
12216480
25229312
26998864
6108860
1284387
31808126
7803778
32203584
4046700
25962308
17473971
27450554
1184556
6908860
197292
4402665
4390245
29791263
14554764
14357786
29405438
9930108
582996
23223391
1470270
6274560
29275090
12927420
14089360
14963872
1069035
7288650
21236430
22110756
25214020
19779228
34034364
195324
11467989
1470525
31076778
26567214
22569210
18622470
21080750
30877875
390240
15706033
8096235
4584051
21457700
27276714
17510675
27880410
10172968
25824216
31209365
33542313
29545456
10379963
17583224
13409241
19914983
19722339
9721212
12776230
3870768
8300700
1304
7089468
34486120
9999961
14103715
29168400
30718992
34065150
30768288
6913625
16378824
26325540
292887
28893744
10216856
15530007
2064195
24737807
7008197
19936592
3849339
152
8089464
21904518
788176
2762564
14427720
16830340
33527100
17444064
14390380
2381496
14586516
20539782
31161360
29280815
6351168
6349760
8708040
17234352
17451104
32124600
2478775
12691072
34613471
34809723
16452758
16551871
13381335
8810733
16133740
1978820
15533737
22761950
5049918
19306365
4455135
31495992
4656854
7332216
12087760
5914260
23345685
197030
25861053
6247248
27437976
7561554
34221972
15242390
983390
28419971
9741501
16930476
34069582
4429575
22803280
4128222
3063389
26007281
1978060
17704174
197688
32713723
16504777
10255128
8805690
28954128
5579331
3627554
2258968
22049440
2759204
788304
33207980
17340400
11518065
22456632
26398268
19110940
29750020
11230482
11918984
22557416
12206436
34445034
34651539
26578260
13779640
21949221
6790359
16437142
7199917
23362512
1372
1478460
32804829
11322785
27568800
9873300
6419725
32982500
14611744
15596338
25033732
6507138
27630120
197418
23590256
25168500
10561114
33957272
33370320
15309528
34905716
28078272
7311900
20356752
34016410
27610056
33497532
31567320
7990244
18611040
7209006
1463415
77517
33091485
16868884
487535
20655584
17830056
19209667
20970885
487765
12491904
31318044
20683568
11708280
8385602
5557614
11198240
28234980
28450160
19692171
7350600
22838194
10986304
21280105
32652648
6769107
18344326
26560168
689493
18715000
14467593
1669944
15820182
21705957
24151296
25822655
15716160
4713360
34527680
23890290
25331236
29772270
26750894
23534160
31591098
17293011
28383642
7723360
18433601
20138822
700
33430327
9333534
21944088
14245296
19737605
8575862
17818830
32447708
22240218
24073500
17234478
24744731
21451931
12985245
11537640
32631710
28476252
25998948
17171478
13856843
31388796
16950325
19612988
2425175
2526004
19400922
22995322
22618206
31645112
11385230
2798210
10033920
1640160
772272
13032360
15824688
9661800
32385790
20204448
19110168
26252896
1835191
30565100
8987706
18654994
31411575
10613900
30682230
19785192
27351978
24919296
26568360
11678400
12958988
24266046
26803975
25438365
12183250
11502855
29906608
16207455
2451375
16669010
34101564
20662808
3052477
5118464
16418438
26948174
16136944
33750857
9443904
14921992
19435680
12750790
3923960
24916384
8916817
25583220
24806903
7260214
25911072
13024158
2258186
5498416
26447273
30570340
35080596
18625005
29567832
22358819
22370904
19237792
8262072
4617703
2753240
886329
3358316
11561472
6028752
23482746
25601940
6303232
23536242
29839743
4922000
6456582
34504448
20994256
24623853
32276216
5004528
4419270
10998736
12079215
11880385
17862572
8045184
26844636
21472782
26486547
7089624
2953470
13977202
11024720
21720160
26164510
2270836
26771548
24795035
16346020
1181664
31447040
2697996
23412532
10143
10908900
31879304
31710690
11628826
6273345
3473064
23001748
21070136
10631390
18375850
17987316
2730
106100
23892310
9114334
29574020
29866452
23951343
36419
11552639
27581228
6131490
2569190
28756911
6722820
33139205
1183272
18025791
11463585
25428546
30669144
806735
1461152
3904425
20777385
2896020
19009515
13097616
10877719
19167083
18489216
6066018
4235199
5119452
29252964
28604320
32454165
30656320
1724616
11080485
17236856
30790825
27853854
3367070
20746425
10425024
1546224
1234064
10799523
20725752
1752066
13819014
8369004
4866700
26864184
32856489
7890372
5356835
18171351
3304052
6103566
29752905
7070999
31093665
22084536
13170104
22653774
13369578
96782
30189120
1930460
5310
30024562
25485504
7658472
19054132
26266210
9439830
21193186
21419670
3859280
31668728
22687605
4151048
25247630
4625616
33037072
33038104
6421816
11222055
15076396
19779708
18333708
28791300
7211925
0
13158302
3746184
13165246
33338272
4068058
29797425
30565813
3699
18853000
17058526
23690384
30993714
4365998
30869748
23061390
95590
13040482
5519744
15332835
10755792
26645920
11724975
8676577
7914631
4674796
33781512
18894150
28633290
18438360
6113016
6113457
5625130
25304994
34025940
9887472
27907200
11498137
17200140
7442204
24306633
31704400
11318584
17570930
17668140
30116700
33547122
7258734
12259875
4905500
26151315
6868610
4216752
11623444
21802710
5790555
6772005
34076441
32702265
17503452
27882292
21745295
28029180
33839624
17608767
28926366
21617860
20434960
3438400
2063292
13951784
26721280
18370319
16703350
24578500
19749255
16926348
35134512
21110635
21898154
9231646
3821571
6067134
27411964
10140480
32766384
18070745
2319072
14097176
32061240
24629685
17772560
34141454
581976
17943520
26676100
24210250
16020494
32941964
19688352
27
26345053
10184408
17143000
15454454
20149272
26893350
9667944
33543784
8691918
29225100
11983029
27676551
25215555
6181245
3369695
21328489
10072188
23709376
26326956
26509980
18447462
21246292
16768004
25761175
32875011
4875624
25966811
19967685
26565776
22734932
20906368
6049095
3160266
15983616
7925400
1399095
31616157
16887119
3661398
16335990
5537504
6502980
29343166
20877336
19872760
6690724
31291200
5409855
10819710
8061912
17694720
14840733
7964325
33129459
31878684
4233393
34887762
33113808
4039648
27259568
8530524
0
980610
6275840
32178174
10348568
26649987
27979917
14623800
26712534
33038940
20953685
5360025
12475776
22414880
974470
34649420
18941792
18765941
13055945
5003814
5397480
25025190
10895538
31312083
2938230
14397915
11067785
20480328
9969276
30193935
24184017
3035272
12927420
27764692
27088938
5295564
11692828
15727726
25804224
25333613
30614675
1978179
30149760
5030424
24314760
26458860
8684
7827372
1211210
10322183
11093360
10225502
2308704
6347220
3268556
7889630
29268816
13664944
33390769
2406450
18324360
16777950
32652141
10329552
12619728
31930066
3275020
31799520
7294404
32516676
31853580
12931566
17352609
16888284
15739124
13941186
21155341
9106368
33018192
9542884
7653933
17575698
19452992
944500
24652233
12886220
19265080
27911169
20620160
131
19113871
9040704
3400452
31714470
20940030
11027373
12412822
4449936
20674553
21505008
9904027
25191008
31488760
17004728
10802142
31133520
19273023
21176303
18413510
25024560
11276916
13181926
226734
33671040
3127278
5970384
33655065
12045696
13259260
276840
33137899
17485336
9314802
32885570
33967479
19539575
10015530
13636194
24506235
22133728
11520034
15333003
2189403
6508400
3595680
110304
5393190
15201222
18382725
2205981
14461431
25812144
7103985
17962780
13230540
100295
2939580
512276
22026330
483807
27445488
11684530
1306960
22125253
3509230
1305456
17859669
9623018
4403106
13999252
1709463
971112
25348071
217512
13552434
20748176
17155974
14509476
15591858
29135997
15887826
2936250
4066650
7073700
8448
20541316
685405
20324512
29631885
97916
21652254
25473240
14403501
20280204
30897720
13948944
15618888
20926824
23283828
29279990
11589252
4224363
19492448
9501150
22340808
32240355
30842280
7049736
5190184
32978980
15519840
12246192
27402786
32858931
25979384
29563650
3600174
17613110
25998591
9737400
27058574
19198788
9993348
5681854
29377500
2448950
9501344
2547844
22421848
32810235
29072439
18683238
4010497
34339008
10244850
9266775
7123413
11511962
30053716
27216729
11412999
30727620
32449016
26782952
18311788
32175871
4788721
17309361
3423525
12813896
32086272
15750791
20539050
30701036
35076813
195342
14044608
14341320
17744272
25049019
3314354
2823353
10917312
4508
2826340
16274484
2441375
7615920
8398416
33955056
31432099
26068092
21791168
14785952
34478184
11200885
14512451
31360868
16757444
1363740
10911152
5256252
34058212
32215920
34269885
1757898
3663
15706516
782320
7041096
18415768
24243744
16631628
8801940
3797994
8986856
9834998
15269430
0
925530
13504562
30022525
9242100
8498132
25780345
22950
14861556
32903130
22829292
30566403
8176080
5852700
15100328
26331630
21699604
6383016
6381624
24326982
433840
21239799
9490000
12581496
6657633
8302200
371800
1038960
26142932
7274652
20482204
2739075
8081793
31159405
474
16483260
258522
23492096
9394330
2818101
14515450
16733500
3264
25024400
18759978
9251496
21184943
18269862
2815200
10893933
8490438
28301460
28126984
8575200
13980673
12568556
27048105
365157
7563512
947683
25706226
2071433
8816353
19156674
8454051
29929284
8563280
17904304
16357152
24673572
14899140
33945834
10209150
16859896
9647102
1842776
4491918
11708283
16864705
19366794
1765638
57008
7374800
8404764
24771264
1327212
2791168
24581398
294388
19943161
15525250
14416830
11564850
16323281
24876124
1770230
7741125
6660472
8488764
314328
5383020
22228549
10560979
7635390
21299616
5104620
1692990
8733062
394992
6958726
17586493
16053180
10005247
14385334
91679
4150113
17622198
3714075
3018666
13031379
357510
15145312
76465
17017416
20130421
6714988
10872083
17658014
24006143
15308361
32035599
29056930
13274634
27696384
19224400
3066816
191868
21690576
160
9318693
480535
19502413
9134820
8077104
12794600
19323135
2884050
33505047
1730196
2212163
10964178
33268592
24721344
8558418
24913987
23204203
2117610
33694500
1071488
30301974
5263488
6236736
9924090
17740996
5263110
34501194
16875631
6534577
27699088
26695820
1263366
22123366
11847957
0
5774684
12042561
32437007
12069990
20509588
18943336
8739711
34087545
21204072
31922150
34227888
8360855
2165328
28535130
29837016
21073222
19891546
23624080
18082085
29511742
6065150
10476584
8030998
33202338
30773570
22247135
7254220
9410016
25479480
19644800
33196670
10994256
21887004
13842534
31809700
33291489
7029216
25503876
5966776
9196866
13110426
5185573
15745639
5672052
19656393
3130560
10445447
16495921
1464120
12889536
32411832
3517632
23375395
4301880
16799756
2932470
32336714
26821850
19701464
9454202
31148160
26359899
485815
9039321
1170204
34386396
23050776
25577112
13257764
1253798
11284767
9241695
24330250
30105768
195382
2929950
17850186
30224690
10627500
16202762
26838350
3708610
24686475
31406914
4578035
28995516
11828960
19147240
26266680
18424476
25931542
29441074
8283080
31487009
32551640
32121257
15238080
25195248
1168
7979174
15087545
8367886
24032112
20633748
2532686
29471901
19802484
31756304
30400852
18811598
15427293
27169800
18950100
3602949
8967792
11751278
3402595
9127682
21448934
32122888
29209040
16678248
23699156
33339096
11786598
26352700
11403413
26831560
23002560
16226704
1436805
11974500
23902500
24633193
8358598
7871013
25730175
23908859
11226132
30191928
34357610
8609593
6091911
21311620
26739708
5608310
29026800
19641062
9103900
2035698
30521256
25839620
10725880
17953609
