163328
114608
147552
52896
128251
75469
91211
34262
32016
48720
101152
141056
46400
112288
21344
117856
49184
123888
8816
61116
123621
116000
11136
19488
31088
103008
145696
145696
83520
114144
83340
43059
108342
149549
43059
83803
116213
24486
7392
52782
17131
28243
106027
119454
30558
100008
463
42596
91211
27780
10649
150012
13890
46763
11112
143530
25928
37422
55902
131492
130103
103712
80850
64218
57164
113867
45178
93583
62235
30887
4149
147981
41490
64680
60060
144900
68391
164322
91080
113160
134320
8280
109020
16100
5508
95931
15606
69309
58293
51408
67784
22442
60456
161216
44426
78318
24274
117045
127602
45441
157896
48195
37638
34884
26622
34425
68080
127420
95013
40392
103275
34425
149634
39474
41769
129897
128979
35802
88587
122553
50490
95013
20655
116127
120717
85833
114042
99386
3664
107172
61238
99169
26049
32904
148982
95970
135888
15504
80712
123576
90090
9100
22295
20020
94640
44394
129105
111438
45300
144960
109173
75651
81087
93771
89241
93771
126108
118876
110740
106002
101472
0
45300
71278
26332
80358
133476
35412
12684
63420
42129
144507
160815
81087
131823
120045
32616
101019
70215
1812
49830
5889
4983
42582
37599
64326
57984
61020
98988
148708
4972
43844
86141
92906
146700
143550
91553
54000
43650
142650
106887
65846
95612
140712
57150
98550
110946
23452
61787
72160
55473
14883
122221
74415
62689
96063
116358
116809
80278
106887
34727
25707
133947
92906
42394
58179
23452
53550
158400
15750
151200
139500
34200
108450
95188
34496
45248
46592
18816
59898
120960
58240
116032
96768
5824
101248
78400
122752
87165
141120
126784
130816
29568
142464
57792
68544
19712
70784
84930
74649
139464
47829
82248
100352
118272
157696
50624
40320
157696
43650
61650
98100
80100
156150
11700
147600
45900
72450
9020
32472
64042
155144
63591
103279
6314
130790
112750
70807
147928
156046
142065
94224
83805
57078
72480
117327
29445
115062
134541
14949
119139
39411
123216
20838
132729
81993
68856
19932
45300
86523
16761
127746
8154
159456
111684
36320
19522
149240
19565
7735
140140
85085
111020
149695
71890
48685
136045
99190
152544
146510
24624
109896
39672
147288
92112
153672
163248
20064
4113
42136
109462
48548
145783
34732
117449
108309
126589
60192
27360
46056
98496
125400
1820
98280
131040
15925
110110
88725
48685
159250
17290
23660
93936
15960
53352
91200
67488
138624
26448
104424
61104
37310
108290
74165
162435
159144
21432
93480
53808
17784
456
37848
14105
142102
102604
95794
129888
19844
113201
28864
67950
43200
150750
85050
65700
130950
155354
146048
20160
128576
145600
43806
28161
60345
46488
29502
51736
92768
98566
98566
92322
55625
87665
445
23585
60210
44154
58872
54858
87360
37184
75712
83328
17024
1792
77056
88704
23296
9408
3136
159040
40320
64368
40230
56769
87165
119349
46041
20115
130971
67944
128448
38802
129786
8920
133055
136752
100788
103896
149184
70755
18245
55180
29882
894
14304
134100
42912
13410
103257
37101
133206
17433
111500
85632
125326
37018
86078
41924
64670
148851
126618
95850
12600
101250
142650
140850
144900
156150
157950
63900
94950
57023
24695
86208
52084
82616
96984
90249
27389
15715
122650
79834
4906
20962
123988
71806
107040
892
107040
101015
114365
28480
20
42
28
206
129
305
71
177
44
129
11
178
239
270
359
49
103
314
149
184
185
229
21
359
197
84
17
232
229
153
44
110
69
118
60
144
31
302
89
219
205
305
204
208
277
103
11
188
218
348
298
175
194
77
263
355
247
271
13
115
258
89
159
178
281
182
282
329
138
67
255
63
272
23
187
102
339
180
17
321
168
118
232
71
281
100
80
248
201
278
22
280
249
219
267
13
140
320
77
253
270
324
273
88
312
73
260
71
299
130
74
0
26
158
286
241
79
325
42
130
276
241
166
81
232
16
247
351
297
216
318
281
190
357
121
344
98
223
258
40
11
207
180
128652
67044
75936
120684
129724
65088
46104
98988
83620
90147
124575
95130
28992
27180
125481
95130
121857
81087
107124
14012
114808
68704
95824
84337
16687
9020
105985
113652
134398
105083
51414
153340
158752
59983
73062
8118
148830
144320
5412
49159
15334
133792
16272
62376
122492
141024
54813
46659
4530
28539
25368
19479
16236
100122
79827
155595
16236
27000
38165
88004
142333
138741
17960
32777
11674
142146
4470
28161
65709
28990
50172
104991
43414
117838
88157
53603
39870
42085
96574
99232
110750
63048
43512
143735
15130
66750
24976
63332
35680
128289
46488
32184
152532
98566
24030
445
18245
137060
123432
148296
158420
43610
154860
102795
42275
23140
95230
149520
66008
141382
133206
447
49617
64815
119796
59898
150192
127232
120512
120512
17472
47936
36736
99904
12544
101696
64512
128128
45248
71520
159579
90741
113538
160026
77331
50064
79119
21456
70626
52746
3129
109068
59004
104151
87612
6705
83939
