15539625
14448330
2726100
3544125
926772
15866775
13195050
18320400
6379425
15975825
10686704
381668
5670496
15648388
7851600
15376050
3380550
18483975
2126475
11395516
11613612
11122896
18647550
18482619
14557107
163572
15864156
18480585
3597990
18480585
11502665
12757446
2180800
6324320
4852636
7251293
5561142
3216739
7305680
11393635
9266870
1308240
8012970
18914970
6486452
19404848
12537070
18042479
15477716
1035614
5614118
14335078
17167500
4633180
2125812
763112
14229198
16627990
12920292
18374588
10305225
10632375
8396080
12430332
17827386
3816260
5668832
12046268
16624940
1144668
5670496
8668521
4687860
17061630
15644370
18588592
7468144
11940318
19519234
4252794
9596048
9105341
14721210
4252872
15701472
16137624
3053176
4143900
1308048
14279524
14061516
12535460
7194264
18149166
8502312
8614950
7524450
12431016
6815250
11885796
13301904
4961411
763294
4089075
16848225
17993250
218092
17827386
4034036
13956096
11175780
926789
6269455
6979072
7414040
12199488
14432695
5343352
14775733
18046782
15428311
17718025
12593658
15374076
8178450
763350
16739175
11994840
16350300
8556657
17495784
2343672
13408230
5068965
14934370
10519272
2016611
2888659
19512074
7031274
6704238
109012
8941936
11613612
11556968
763196
1689810
272560
1853510
599665
1581196
3980252
13576476
4798200
1632060
15341364
7561878
18102300
18919481
11886014
12213152
9813960
6106464
7032822
1308432
708721
12101664
15916628
763140
7249963
14064096
14227632
19515296
5123658
2507322
8176200
0
6977152
10901800
11011020
17825097
17279987
15480840
7522518
10357280
2125968
2725600
12156399
0
5396688
16953232
3052840
18316704
4688204
1308336
13955584
17335452
13137874
3652505
5560938
2835196
17119594
6869898
12158629
981342
18154827
6487761
18425732
9376580
7468555
9431095
13955840
9049490
15862410
17552220
18206340
17661240
7576890
10029656
18260515
9866129
1471743
12646320
7031790
4197270
9321210
11774808
5887404
1144773
8830296
16842663
5178165
17987310
13900305
18097652
2507506
3325171
12810085
7958606
4796704
17933132
8612264
9811440
15316748
8504028
17498673
12756042
8613528
3979668
2780163
15590718
7195716
8721120
15153224
6213912
10083980
9811440
3924576
17169075
9646500
10246000
1689500
5014000
2016648
6431472
981072
12317904
490536
18531360
8666136
14498064
3869855
12808675
14389320
13136669
16026528
14499394
5832463
13136669
9756574
7140417
18968784
14172340
12483248
8721920
11776104
17773194
18645498
2834988
11503509
9917180
1307712
9867577
14337971
13519968
10522360
1254006
2998710
16193034
13085040
12376267
381647
6651562
5015932
11885578
12267225
16138216
6597041
14666149
1690151
7251293
3707428
2998655
17283157
9922822
4797584
2398528
18151830
1471554
10082870
13244715
9865405
17877640
8774178
14332974
15749633
1689407
6812125
1307928
10190752
16130816
13787741
6267155
6539520
272480
108992
10681804
4196346
599478
5013816
18198658
9807840
7628320
4359040
5884380
6701778
1089880
5285918
490446
2125266
15748766
9701356
54482
1525720
12587190
9045340
1634700
4686312
7683090
3378194
9752815
7028565
17435200
2070886
3651299
6103664
12098334
14278214
16512591
13719384
17254310
1850790
6913245
11485785
2449575
8655165
7566743
12138782
13675484
3269040
15310566
15800940
17598978
4467770
6647170
16836174
8717760
11442060
2015945
14111615
17381672
5284754
7627340
16453262
3268860
15908452
16779532
13783946
15145162
16997448
9424694
15362796
2669079
7625940
13289948
8551319
15306351
3649557
8061856
326832
272360
1034968
18515040
217824
599005
7405880
11599128
17970480
7186080
10833759
7784920
10561166
15722467
18332463
4624340
12458287
17191348
19149856
0
2774553
10771794
6473957
18442617
7072390
16048885
598389
18440922
9465252
3753669
16755508
19094400
17464326
14254372
15184017
15129594
13769019
217692
2394480
17686175
12353340
11591673
16652826
11101272
5278546
16869270
2013503
19482002
3101256
15943009
16378313
8814906
13167946
17682275
3862897
3754014
18934332
7618660
8434480
9632694
7185156
9090645
15243200
11868138
14916834
9472734
9577216
8053568
8053568
15616818
15399728
4896990
10290483
6805750
3321206
8597886
9795240
10230584
2285556
14203098
8761298
7890755
16498350
3920400
4737150
12142127
1687950
14974300
6260715
10289349
8383914
17569908
10335240
15992424
6636434
14197617
3807790
7289198
10063445
10988194
761544
15496875
11036298
13428896
6415424
761166
11797856
17344349
7992537
598081
16039445
6415778
13973604
10765458
8546609
6096944
3866447
3975361
18842122
19164992
5009032
1796718
15354054
7513548
8765806
9092482
12196352
3865808
11379632
12523040
435568
13938176
5879952
6370299
7187004
14809584
1088900
925752
16227888
4846584
12361739
6861456
2504470
15844077
17314146
5607938
14645974
3157752
18020633
8601994
4300997
12956958
19545037
15624854
2830984
15945646
7455814
4571364
9795780
15891224
7238658
18069432
6857424
11320192
12680792
7238259
8273512
18397678
6749444
9743149
870832
17525494
6095712
489834
1795926
8217722
10231524
1142883
17741898
15619401
15837093
15623419
19216261
9580912
10233780
12139005
17528070
9090812
1796388
13282384
14425275
435480
18564040
12575178
4246164
17637912
2451015
9422618
9368152
2450970
14487956
10947666
1416090
5827755
13725180
18027915
12690345
10457472
1034854
5010964
7244111
17048171
10675140
9858346
14432165
1306296
6476932
9469950
18667775
3428775
16000950
14586168
16164522
13987482
10885200
8219383
18997117
816510
4082550
6477527
10342270
13717872
9145248
12520280
16494108
4027820
14315090
4465310
7732610
9638712
12034776
6755024
11062891
6539760
12698034
12806795
1362425
11989340
8229047
16349100
7466363
1852966
19510642
6812375
16676694
11009606
6703869
19512074
12208672
14824816
2398000
5118488
10727241
2450385
15408218
7949116
6533880
13612000
5172465
15789630
10726650
8058452
4083675
14864577
2776899
13340740
9808920
14604392
8663910
18799740
17763740
5230944
16455678
13785717
544900
15584426
11933091
3923208
10952892
15366744
18363804
11769840
11660646
16727816
2506540
17327820
5775940
9372280
871840
8718400
3323890
9916816
11387992
9045340
1471203
11551668
10952289
599379
5013264
19344305
15148498
11497812
19399152
3977989
10298610
11987800
14493808
9862690
14004187
2452095
10189630
9372280
17981040
8336205
4903650
6374862
2833272
816855
13777621
4138656
9801900
17643420
15301855
3811780
10945053
9692634
4083900
9801540
5392134
11819122
18456516
4954404
1847696
4456208
17123085
12067254
17285526
13915648
12719772
3315838
15357156
17372102
1960488
19387048
7133998
10020088
3213022
10129374
5608762
18405452
3702872
1143534
2014798
2777154
3158622
4029966
5877144
11318528
14148680
10067515
13495912
16818252
11588265
16375905
18279744
19383132
18603291
18820586
15458400
488160
7159680
650
11661600
13722720
2983090
1518664
10630648
4284802
1789854
11719944
16601418
13020720
18174755
14213500
2712500
18119500
19151309
6673119
4340320
10308260
7433072
14649120
2550032
4387446
12187350
16737294
1570785
3629055
9099720
16842205
487395
14239346
703846
18083428
17055990
7255564
18517932
18139580
9096864
18681060
13428456
15648483
6118611
16460688
6010317
18006684
18874476
11442108
3904416
12418212
7866250
12260500
16496256
18341570
11504180
13511736
14868336
11829552
10580895
19208394
108522
7596540
10743678
14214024
18065916
11609928
14863952
1573192
18498227
976410
12417525
10953450
14423850
3795750
4175402
5097714
1735200
14803425
13718925
9218250
18706245
16160926
9953418
695552
12198456
2568192
17134447
16167312
13803470
751940
12084750
4887519
11978668
11871015
1074300
5693790
15578220
14181552
11548940
12569544
16007964
9561804
11496294
6500120
14771900
2309788
15792798
7198078
1450359
8326445
19123964
2041322
159120
7360051
4566115
2041322
10528728
14612656
5372200
8219466
2577984
1181708
18638758
3383982
213689
10261475
5529761
7354982
11059522
268440
536870
268350
12451440
3166530
913036
13263406
11276580
3114716
18258680
11384824
17077236
167587
1556952
7516320
6282549
4080972
18847647
5637765
3221580
697918
19112216
7408668
17877438
1503208
2416050
3275273
1181224
16053908
15355912
13586100
1987566
18639799
16171827
14667471
5963697
6554084
17943148
13055175
14398300
3384675
1128225
18696300
19176612
11925174
6976060
8156624
3434496
16957824
2092896
19211712
6654336
12396384
18134038
17329273
4613986
14110213
6706250
13841184
10354064
4611836
12391533
11211387
12498819
9172953
11801020
13571173
9762662
13356360
9011184
7670234
1662778
8796632
11156704
6329284
18935626
1984791
4184154
15288255
9119310
16200186
16951188
8475436
10728400
5257504
8369088
10085824
2950805
697489
7618726
1395004
3326610
5204438
13681770
7404804
2521926
7243830
6653592
6918141
4600
11798160
15069468
2681400
3164052
13675650
15123660
12496023
17538318
4612180
9438880
12495790
12924830
128544
11369560
2091570
12656680
7454570
1072600
2520704
4183296
8312960
3378816
13622528
17966720
4612352
18717568
12174464
1555328
1555328
11638144
0
12067875
9010848
12711732
14642628
10566292
804540
11585376
8206308
17450160
15435222
3659553
4137120
14851480
10767323
4455276
16867038
2864214
10373557
18699432
5480970
15260456
8006366
7363065
15801618
11824340
15429152
17276304
13038720
3585648
8583982
11137445
6193506
10159523
11409090
18308873
9996536
8257704
11514144
14772864
13470120
7060950
9456552
1358700
19456584
4130448
6630456
19239192
8804376
1956600
16359350
1739200
14091154
7181592
8269712
3372986
4352240
5549106
13111123
4297837
326490
16215670
4462030
979470
7726646
6148104
8975835
12950056
2775114
10611315
12678462
3047968
15730270
4844270
6694029
2503596
16925553
3265380
1251775
6259105
9307017
5877468
11970420
4842292
1543409
7610603
8036371
4683448
15167985
10480794
9363552
5905422
6969462
12396066
6650375
12821923
6171548
11438645
18142223
15802479
2819971
7075999
7978650
16862181
3244834
15328512
13412448
2341856
12084572
2395755
9636259
5749704
2395710
16557018
2342472
11765598
11179980
9955506
10913790
14640450
7559796
11659122
5376937
13468961
692029
13468708
2182676
7985400
3886228
11019852
4463424
17581536
19377436
5388669
381031
3483712
12301858
12682656
19214496
19323360
8981115
16708475
17470746
4789576
7184364
7129937
2285934
10341320
4463096
19430796
2993540
5824866
12248550
14970450
8708000
8925536
12027041
2394700
10395175
19320875
8218175
7510788
13551327
14515188
18483420
7719546
11144415
4294756
10111332
3044272
17939460
6360354
5436200
18611640
5659680
4299180
15889180
2720700
3482496
11807404
3427956
3047072
1577948
10394220
18393960
4843380
11754720
10666320
6911340
14366352
13441246
11917323
15672096
5931453
16930840
15188760
8003121
14536281
14699610
5498743
17095102
8438045
15732871
3810730
17638560
6913880
2558680
15460960
1415440
489960
5933960
11704600
8981115
4898790
12738492
18236730
19053650
12684287
18340551
8435565
18072420
13336820
8437580
9471690
7076550
15949748
9037206
16985904
7839648
8656437
10180841
8711360
2667903
5989170
217788
15898816
2232368
9202050
18404100
16225504
16443296
8657232
16715536
4573800
10781100
14865396
3865666
16170462
18239410
5499046
12522580
2994530
5306014
13156749
12886034
8229736
2220396
18358884
15055646
18033948
1516368
12134528
16681280
17276083
7473666
18954950
6986253
4549188
17384397
3899304
15435030
18575165
12239030
15649928
13375544
3898944
17809428
10285080
15481752
15102270
1082600
18458330
3518515
7416221
16997448
11367510
9202100
6495600
6008430
7956963
1407354
12124896
17862570
11755368
18068436
3319742
17904838
4081650
12081462
3918456
8435410
16653132
925191
14748362
14965500
14476252
3972806
4625700
19320520
1523872
11755584
11918856
11646736
2775624
5823796
7565492
18233380
10232840
18288480
7131509
18074412
0
6424156
9636234
163326
17366998
2776134
4191495
8764357
8710080
8329167
12030798
9853278
9308898
10996476
12085236
12684054
4137592
7295496
3484416
17149860
18129852
12793400
11541280
1252166
6097504
17965530
7893800
16059800
17203040
12887823
12496590
1032346
2336362
5053341
17007481
15757730
17985547
19125920
4270
13220901
13002556
14090118
10234
8649918
15395766
544020
0
6256575
13928192
8705120
3373110
7290404
9847305
13438282
10228328
12350162
5930254
5494198
15177042
19149504
17517444
12240450
8377908
16646094
12946962
598884
14647050
2123043
1687423
14533611
15840294
14588580
12030356
6858936
163308
11377124
3973828
1252258
5608350
5935377
13721904
13776356
16825668
15138768
13777115
15617679
0
16923065
5386788
1795431
12513840
14200488
13330940
1468422
10931787
14358168
1142127
18219310
16805274
19198258
5981580
5222304
10118214
924783
1849532
12239550
12892326
17524206
13659420
598620
217680
1795860
10503639
12027041
6367959
12681258
6095600
5170280
18340888
16162146
14584292
870704
14638711
6747956
653016
12516140
8053716
1632510
7018374
12838872
4624255
11152615
15833892
272055
8324424
9521575
13165526
2992110
10553794
2937654
6582400
15721600
2828748
3699132
19474842
17732444
14468804
6908292
17624304
1795167
8267280
108780
7560071
4133412
11367928
15664896
17786184
380737
16426384
4949672
4731582
1522808
18980016
10550496
3263040
3860838
598125
9406702
13974375
11255625
4567500
18487500
14727766
17336374
5162870
18314939
2119533
12173728
16467141
18260592
3206355
1684695
12499810
17608428
17282346
7717274
13260668
7771764
1467504
15000876
17501022
2826200
8315550
18750750
7119850
2608800
9728829
2663199
7011279
7500438
12935538
2663199
14457366
14566604
3207004
11141955
14783200
18370300
3424050
13642101
380443
12497510
14018946
11084748
14018688
17930880
14996460
9889516
217352
14398775
15485760
13633818
4128168
17055852
17978265
15751350
7386840
18848693
3204821
9941658
9942024
488952
10647504
17600976
15808284
1629720
15929001
5309667
11584728
17591624
2681650
16089900
6221660
15715055
142786
16086300
13409500
14374984
6543958
13677945
11532385
9440464
14946867
1767909
16767723
16553439
14035602
118916
2303811
5196969
13769289
7822242
4661286
10553881
11732925
7393350
482175
9481713
4981917
10499524
1124949
803550
14196050
15904350
13814094
14670782
12047175
3319666
11565288
3373209
7388934
17241812
15792530
0
2766087
14643990
6020418
759290
17520812
13506756
14211928
16705612
8352806
2223635
12130272
7364944
15162840
15758814
650040
10622024
216776
7099283
15658309
13050391
4765288
17761528
18086434
18627944
7364536
8014348
6065024
270770
2220314
17924974
7148328
11155724
4928014
1570321
15378316
11750333
11154488
17164916
4818460
1569538
13909354
1082440
108198
7465662
2001663
757386
18392640
17743488
8223352
2705300
14716288
12552360
10280330
6871589
3787490
17044020
4436856
13741654
3949373
1244323
5788700
17203800
3354200
5193600
14552900
11468776
18230689
9304684
2596464
8113500
18336510
0
216368
12711620
16927979
11087015
2433735
8490874
10167416
3244920
15900108
6381676
14493976
7895972
13628664
17904452
16552152
5679660
10872291
11034972
5192928
15632877
12711855
16931109
17634318
1406626
3571458
12608329
4437266
7142916
9145773
11310453
14503356
10228113
19373886
17806138
5358078
19050592
703573
9579417
18509382
9633538
15586560
2164880
11419742
16669576
14881900
13905756
9414618
10604972
8278371
6005877
11687112
6871589
3300466
1028318
11959415
10443616
4026
9579063
16395633
12499872
10551840
7196896
811680
7251008
11599870
17237826
5583527
14906925
11762919
13647312
6986124
15921864
9098208
7690010
16681280
9207200
9542016
15126264
4769248
11055576
3414222
4010356
15607872
6449086
3143252
6612888
18212544
16152792
2059752
14038836
19351185
6504480
11328009
17411682
54242
15512926
2983255
1518888
7865525
2224045
325470
15567454
19201668
6453965
18819545
1084760
7918748
9327904
15783840
15512354
1193258
9220630
2494994
7593460
15561427
17238780
1300872
19404674
6886067
6288824
5909326
13824570
18866124
16155474
12035286
13719937
17841341
3522870
14525064
16258800
4606660
15012292
13223824
18265737
19187154
9485175
1897035
13983858
13063646
4932655
9269397
12737470
17722746
2980725
16584282
8454732
10241721
6502680
7044570
541940
16043496
2709300
18856728
11110385
8999524
8891096
5529828
6885178
5855112
2709850
13115916
14470866
4607510
6175836
3629658
10996916
17172524
18797684
2654428
4441694
13325328
6823404
12996720
11047008
2436840
1516284
6444207
5794371
7797888
11642680
3682336
13760958
17878410
16145044
4767664
17445316
7966812
13276795
2980505
15554539
15012569
4118972
11543961
16368098
7100069
2059068
12294547
15652529
8936565
2653889
2816372
16735749
9803322
19328337
2544627
1515948
10503742
649752
5198016
216648
16193840
15598080
5794799
11210913
15435315
6281980
18249898
649800
10017750
2490854
4277771
18194736
6931328
16841272
2545144
9422100
3032456
15055924
16464032
108316
16193242
12077234
10075992
16522460
18149965
3521635
1571191
8018492
866864
13707540
12678120
14899500
4605300
1246140
9427320
595980
6934912
14249077
433424
4659222
1625310
3358974
2978525
3736695
15813260
10072830
14080040
17166818
9801874
8772948
14946504
11372760
4765728
13647312
3193965
9311392
11801648
13377273
8557122
15812968
4332400
4928105
15108408
15974840
10451915
1570263
7851315
12345516
7363992
16514225
19275620
8338330
4818905
11476620
9635496
2057016
4438496
324762
18349053
7090637
8281431
14344450
3951782
7040280
3141048
6065472
19333692
16137892
1462266
4387122
4494035
14619150
19164498
18081758
9961208
7200221
14400708
6821388
1516368
2274552
3846851
6447539
15660043
12246262
16964913
9485175
2439045
9430104
2709800
3793650
8400225
18697275
12410655
4010430
9972984
487818
7317270
1355050
13225288
15506348
17404299
4931381
14143851
19238160
16365984
15065376
16257600
1083780
2655212
19236740
13059308
17340160
16635716
7046910
13117852
14906650
17237508
15611040
1626150
18917196
4879080
12577184
7047040
6125617
19190340
14040390
11600940
1626240
10890984
14953128
11600084
9486050
15557983
14907475
5314050
14206950
17297775
6290100
19250230
4609210
6671397
18549738
5640856
16705612
1193170
18602605
11694888
9204140
11315678
14185466
18569334
16512090
7687596
974358
595441
2111109
1678092
12393251
12717965
7630779
8605239
1136541
8064029
162363
6926848
14124276
16396542
9686406
17965848
3794700
19136130
9378330
19352970
1843174
5258467
13932227
9161321
16478320
10190540
3631735
14961132
10732986
13716648
18325008
6397960
5042367
9976296
19193526
8023820
216864
18488679
9542544
14639130
9379368
4337280
4499928
16319016
18864036
6884289
3196561
10732194
4607850
14961960
1788930
8348340
9594639
16371420
10575240
4609720
12039504
6290564
4121404
13177404
8893392
5097432
12092844
13902080
18083232
14987904
54302
18134530
12813620
8035660
12487850
9176193
6026967
4563468
2227407
10648092
814890
6519600
9236100
8855790
17005603
7225890
1195260
19287150
2444490
13089674
6301468
977814
18689176
1467045
12490380
19007100
5158975
5757178
12111799
11838272
6516480
18137870
0
10970014
7874515
8363278
3583932
597311
6407518
15143283
12483710
9172813
16663039
10041245
11126785
17588340
4668510
6188490
18294045
14928925
8577346
5700135
7817184
6242890
7220171
9825947
2497156
11725776
11997206
11454346
5428500
7708186
8305299
597069
18237744
15903747
10747242
9498650
15469230
3528070
13569500
5644912
16717624
17260404
8793036
14058002
14980728
17748906
16717624
13461688
16175738
15904040
15686920
4613800
2876893
705653
12050382
4722447
5536866
7653903
17043292
8359428
6188490
9825585
8630361
14266698
9438804
15026142
7323210
1144
8299638
18119166
15135471
2224209
10800128
4287488
6350175
11779411
2822716
16176930
15145515
16014370
3365732
12811496
2768586
19434388
1682866
16069248
11671920
19000800
0
19217952
15635520
16883568
7166016
16449264
17209296
10586355
13680828
18838283
14712048
4668768
18294719
13354602
8034476
2171480
4125812
15579795
6239555
13022400
11555676
17469144
271260
12099757
5263220
4123760
628
3905352
5152420
3200278
19094944
16382594
15514642
18498227
18769116
6943488
5532786
8136000
7268294
3796870
9004006
15565445
5857380
13016400
271160
11769212
17138576
9708244
15511210
15728150
16595910
12202875
3959155
16324735
13176918
13285370
11228715
18280228
18335148
3363252
18768078
18822321
6454679
10901436
3796520
8839490
3687164
4175171
16266900
18598489
2114736
4500177
14693349
6560499
3849549
6993348
17998384
3577992
11926640
11492944
8348648
4662232
16588872
7047560
14964168
2873236
8784126
4608955
11333025
8838675
19032975
12471520
11443374
2602656
11440842
11978863
10190164
10027555
8509871
12629299
17128148
3252120
12358056
9756360
12412258
13886976
4665414
13996242
18603977
4881510
18170065
3688932
15188880
379715
13235780
14483415
10577775
17036070
6619476
2658593
8084293
488313
6456107
8517721
14322792
10524888
11664395
10471022
18825791
5045529
3146732
15190840
4828606
10529156
17639050
1465560
8566918
2711050
9705559
10898421
6289636
13880576
7102951
1789227
13396292
6128668
9763020
11281920
13722720
18167385
11334279
12487620
10261566
12650502
4886370
10803710
5211840
13898240
13246760
15418360
11183740
9717194
14168646
10531484
12486700
17807120
10912290
3473856
4179560
4830920
9337192
7636701
7528379
19064672
8665920
1841542
19011213
8936895
3087234
12561176
1353500
14454579
17541036
13318194
1678309
2598672
5251483
15158360
2165520
15157800
8715574
5305132
4007840
15323601
5847552
18360579
7419783
19118127
1462293
4711050
9744480
4222608
4926376
9961024
17756608
16673888
5251192
16998704
10015160
13316718
6007542
13584120
18888229
5953530
17644098
1840182
14017857
15587424
9688017
6657129
2489566
4383801
4113196
16993994
14720912
378847
6386632
10554765
2922858
10390080
13853440
9091992
10878321
14720912
3788470
14828606
17318080
11365200
15479178
20424
13303926
15921740
4209816
18243888
5667480
19374871
18835181
17864401
18351840
19215456
15382305
9661167
9175410
11982228
539740
1025506
3184466
8581866
4209114
6529523
12303564
917337
2914272
323796
4533144
12465915
9767665
1724448
4527348
14067117
7491683
18424908
1346850
18157223
16756369
8403408
13628604
3994446
16677657
9391302
6098949
12683655
9769294
1943136
14405184
1944
17269760
9822722
15272944
9822358
7286085
5720926
16245271
13708634
16299242
1942956
0
10525710
15815554
6693272
6477360
16735660
17761394
2969230
8367675
7881810
7612590
4264815
485928
6586902
7667006
16735350
3455040
14413995
17923352
15062094
10635242
4694955
12573845
16351395
15278887
18464238
19381333
13442763
13392992
5509020
19119540
4806979
12962640
10532145
4753232
18580816
17876979
14257848
5780889
7131564
5186592
4268133
5726862
5510958
1239010
18746760
19340048
17939376
10074064
4417504
15190212
5063310
14488878
0
5655510
16589496
16697220
10987848
1346050
5976462
3015992
4039275
15241531
8724834
2046452
11363194
15994638
4847670
11149641
18905913
4093056
14863704
3500510
16533485
7701265
12117375
10717145
7647410
15133255
12058368
18948864
10389576
10874064
5759917
968958
18894681
9440816
5900510
8904406
3540306
8958882
0
18884096
12070350
9817767
16792137
53648
11326058
10681922
805170
7783310
17713080
14653548
7997724
429408
482949
214648
9981318
13791648
15025920
15885136
19158762
268330
14758150
16207434
15669304
7834652
4132128
2737935
16642350
536880
15405873
16050021
13151355
12292491
13097676
7944492
6548838
3650036
15570680
18744
9181332
5154432
13423000
17664997
9557354
17449575
6067196
12725004
6550302
13368063
17022900
9343800
2953445
15572710
2416455
4671465
8322725
18148910
4134515
6014064
18526155
15789858
7626110
3061128
12575862
1236089
18434192
1397318
14403124
8598880
1504804
18108358
6448080
11443851
1880445
5909970
2149120
13677
2793856
9885952
1343350
2364296
5264854
17836368
15849170
12291480
0
2156320
1293816
15256247
13585068
7331624
3288510
18652860
4905719
19137695
10189746
4741880
5819580
323310
6358548
5981124
12393320
8944744
4095184
1939752
13417863
9699660
13256202
13472250
8406684
18645594
10184832
9484112
11100722
3125446
6574092
19291188
377202
323334
7275015
8460573
12717804
14981142
14872536
8891190
19345074
1724416
484992
3718203
2694350
16273874
2855958
11260293
1400828
12553574
11152332
702468
16263030
6375776
11724944
7834930
10266460
14210942
5403400
5943300
9509280
2161200
7995404
4753936
18961722
3025232
1404572
5942420
2484966
10371840
8427120
1134420
9237420
6320340
3132928
3132928
972288
9938760
16204500
10315337
13015205
8007096
9251442
4598670
757428
13150431
10931634
20844
8711871
8603490
2813356
9738720
13309584
16988970
811530
19043552
1839536
7790976
16122992
14986254
8818626
17431848
9899568
13073886
13880400
1560229
53801
19099355
16355200
18507200
4736336
13724610
11087744
15231626
14047542
8450525
6351350
2260692
3229560
17540104
107522
5429861
6505081
18494128
8279194
13009920
14085120
537590
2419155
4248620
5378000
9841740
6507501
9572840
12423180
161340
15548
8172584
913954
15913552
2150480
12849118
3655816
8601920
2204242
7365668
2688200
11290650
17527390
11774535
3333306
5483826
13978380
3225420
161265
5698030
4569090
6773256
6074428
12202612
14729144
7956184
13870338
9891656
17901747
13116952
6665868
11235004
6558232
9299788
17471350
3010448
7524300
5643225
17529998
11721642
8630278
1696124
10226630
299316
120230
2194192
4986600
598404
13762188
14260818
16667268
13822023
491850
14361129
5002191
6346866
6615924
5593952
1936368
14951952
8121384
4625510
14629792
11295060
15920656
17749380
18932672
6185390
3334732
15920656
6292845
4894435
10595054
11724258
11078680
1075600
3979720
10003080
14251700
10756000
5646900
15053080
3924407
7096452
15805734
11666354
11505924
16344864
13549032
11343782
10376066
9032016
16774056
2795676
18709524
13710330
16024056
8441419
17581809
8549748
2742372
8764999
10163097
11077238
7205716
15594460
18502728
4194138
5430871
10861540
11936940
8872050
13442500
4408976
14248520
11721424
7473752
13065138
18278400
17632952
12687360
3762150
14730514
5214817
7795345
7687823
14031621
322560
9246376
11785080
18920650
6757625
4973612
11298331
1351475
15622473
13354055
14273160
19193075
12759576
0
8542270
15948585
15030904
8812432
8109900
3514290
15679140
12543312
18869034
6379316
7814195
5658345
10131132
7921683
9911160
17021340
18852750
323196
1561824
18797140
10125868
5278378
9317953
12980260
14434748
13465250
18743628
11041300
10772000
16535020
15727120
7594260
16481160
10286878
8456177
11418320
10179729
1400152
18524744
13193495
58
11311440
6140496
6463680
6517544
17236480
19283670
18934432
8660351
18015965
3495440
16934400
11827200
8384220
1934820
16017798
9298923
5804568
9889264
13382754
9889264
5804460
14717636
1718720
3652620
16488356
14501700
12031040
13369557
7570290
18039840
9448736
4026450
8428702
3704058
10629234
2630467
10253453
17071194
3382029
13152825
1664235
751590
17651837
15344758
3219240
17652166
15076774
12555036
2360644
10945212
2736303
697502
12984026
14765575
11812680
1986678
13212168
214444
17477186
8308930
4644
6220964
4022175
53629
13460879
9224188
5309370
13942240
15872704
5147904
8472434
13355613
13677690
14750450
5095610
11961051
6490077
1931076
7883316
12656208
9759568
9897912
2259306
4787488
17536192
992
10113272
914498
18236166
2796092
14249580
14938886
8490446
12628430
16712518
2579424
8275652
5643330
644952
9083074
8168328
2901906
9350586
2525733
12252492
15046920
16121700
18808650
17464850
7792010
11662014
644904
16766568
5155680
5639235
1664855
16004090
6767208
8163464
7196738
913053
13654278
7741008
2633750
53751
483741
7256115
6127158
3520
18542715
2472086
6663884
15477408
6986330
12091275
11392880
12037760
161226
10694658
9404850
13116708
8708634
17847324
4031625
11826320
15858610
3280153
14034753
6828917
18550995
10212690
9460176
11233541
1451223
14674296
6826504
13169240
4998936
12470464
10641312
14456867
15477984
1773519
7309048
6826758
13761280
14245075
1397708
9354066
8977586
0
8386560
4946656
8925156
10860732
4732904
15274372
10541664
6132402
17590638
7584954
15277496
9360156
12157444
107592
10705404
16461576
9252912
3012520
18397890
8392020
6401843
12050752
15619134
4132898
805110
9929690
10680529
5850139
9821976
2790892
14008653
552
5201528
3700056
2573952
12172648
10454925
2948825
15611277
5257406
536490
8530191
7940052
3916377
11480672
15021160
2735997
8100697
16147446
4130742
6276933
5150304
16201998
9281104
13519296
2521456
17650192
12446336
7188832
5954595
17648876
11910522
7725744
11644003
1985383
10462140
5150496
7940348
9657180
2843503
10730800
5150592
7512120
18350694
1608720
1930464
12869280
18018000
10027875
9652500
15980250
14371500
11475750
13781368
7024744
11904528
3217440
13459373
8954707
5522963
375340
2466520
3377997
5147424
17426175
9007992
15174177
16033875
15604875
10403444
15390375
3110192
10295808
7349228
9656100
9817218
8154040
3701712
3545256
4834440
14288456
15846220
12999272
12139138
18853263
15842090
6659048
12458864
15193920
11941888
0
6397320
2398860
2292244
18177687
2399175
16741224
6611308
639804
8637354
3359223
8798130
5599020
15411792
13491984
15145152
7412592
14185514
19203
9812536
8319324
9439233
15039060
11091392
11517552
10877688
13010568
14663000
16955760
426560
15836040
4478880
16049922
5386027
6399480
5226242
12159696
4959783
12524
6932900
14080968
9227301
7520517
17758890
8159490
2239860
9972710
18612170
15199050
12111131
10832689
12807120
11046141
8911621
4215677
7257368
17716516
8324628
16862708
3842064
12860242
10992366
10085040
10192142
1280688
16061962
14674550
10191951
7310457
18622989
4428797
14140400
11098880
17662160
10085040
8911120
15585792
5177472
15532416
693888
11529216
10835328
15472080
5495256
5228398
15258386
13978224
12167904
853872
11153494
10246272
1921212
4856397
7471380
9659427
9446136
11207280
2507920
4748595
320136
10137640
13659136
16860496
0
16433032
12591308
8962296
2560656
11469605
7521927
7735315
2667350
6828416
17977939
2133880
1653757
8748908
12963078
12963078
12643950
14564823
14298068
12270730
853616
4694888
8056001
3787992
16007100
13162722
3745490
11021412
7383276
17762664
2086578
15248070
5243098
4601086
11128416
17495154
963036
18350157
11288078
12625528
14229936
14175115
8344752
1176824
11981760
18454050
13158540
9414240
4657893
16861320
15361962
3319418
18042643
10172980
7977758
2784340
16652184
8941681
18258163
267720
12583545
17938245
6907563
10548759
16866360
3373272
2730693
5193671
13278664
1605900
17504310
15951940
12740140
10331290
4603580
11241300
10713000
7874055
5677678
2196083
15265740
3481660
13284120
18265665
8516517
6534442
4499124
7343474
9273146
9755564
16295008
15276570
11256420
3805742
9916925
10667395
4610116
19244554
7397628
11632502
12919046
6700875
11847368
8309240
12437288
160827
5736163
2948495
16940444
9596011
16832912
16993736
15814065
14634165
4395364
13454102
17475230
6324328
2411820
16239588
14696264
13409000
15500226
804495
107266
19146981
17113393
18884096
13782910
6328340
2520610
11817
18930684
3593545
18879520
17109246
3754380
14205325
5199782
16190522
19031905
8684982
17906074
7390038
8407507
3427264
2998856
12263179
3587917
8889466
13656525
10603890
4659285
10816898
5462100
13869450
5783616
1606590
16012945
12852960
14459580
7658222
8996400
14353276
803385
11889876
15209904
17780592
749840
2945195
9906565
16225347
803295
17565384
1813
12799167
2409885
9425328
10710000
3587850
535600
1446120
17299880
14354080
5142048
5516989
16765532
18746000
18531760
12265240
17085640
2249520
5248880
19120920
17513793
1606770
8248086
17139200
4124120
6963320
7124012
14354616
1071240
6320670
2249730
17194365
14140632
10337659
5731348
17943940
160647
6425880
5783292
14028790
428360
4658415
10387924
4604956
16331530
11673028
2837938
428368
14346040
13116075
2997960
2837355
17291805
2569680
19111281
2783664
2462196
7547166
7975374
12364506
5245548
4282080
8082426
6584190
588830
8457740
1605840
13756182
6744528
16753951
909993
12258141
15685462
14828641
15363971
16969961
4764526
1766622
10385596
13758495
13597890
17778932
6534686
16765219
9641700
857120
16180556
13181910
6483785
17040030
11199265
11735115
13557258
13499640
10392580
4178460
15749580
13285360
11785840
5892920
10660828
3642556
10766967
13338183
16754088
14393476
14988159
14128360
17190400
3169539
12033504
5423
5586880
8971073
11710742
14530590
2906118
914906
16630071
4144063
1937268
10224470
16143900
9847779
8340860
4627230
9577290
1829370
6133770
2798900
11087950
1614810
17278467
7320472
8505298
5500758
19255509
6202755
6742125
1294464
15371760
4476937
18123504
9924776
13808384
15265020
12675665
1132677
3937182
2103504
14670592
10300248
10247460
5231598
7550760
6310278
17906088
18553296
323604
16180500
11056880
13214810
809070
17206222
14239632
13050576
12780936
17576290
12830104
7223672
13854356
7762896
15094520
13746795
8949060
5337090
15418260
18868500
13641507
10675962
9921280
8465440
3827539
8517622
6630807
14391300
18056500
1994226
12666500
18755460
17784690
8623360
13100616
17900776
3989340
7547400
15310440
3288510
3233820
16757924
17243840
3879936
13741950
15412540
12394930
18700524
1778568
17570096
2694850
14121800
1131900
15522912
17297085
323310
12282816
10885578
13903620
8839600
377300
16493400
13636700
3126142
1293576
18756852
8138749
16223599
14552730
2371556
10618300
8246700
13420851
12989659
3880728
13152576
17733100
14880264
14932239
9595802
6738625
18868150
15417974
269545
5714884
16228114
7094868
4891250
5751143
12362270
806265
107516
17094726
17689719
2704700
19365652
12117056
13306878
14715744
6329934
18935700
12768072
1947780
14230667
19256396
6030976
7592568
19117460
6839585
11795121
17825343
18686991
4038975
15075200
15564095
9424625
18687685
5924160
3928933
10172169
13510075
9419200
2314346
12971102
5651310
6081886
15877195
13887108
12164902
12163546
107644
1614660
1614660
10925866
18279420
10967652
6344034
1451628
11397968
18065376
16667460
6451920
6668968
14198184
14684943
6669340
2796820
9251192
2958175
16565780
3173315
10113836
15547622
14684943
6293664
9414650
2797600
18238200
0
6671448
19154936
16819
18617568
14797750
16143000
7102920
2541
8717382
645732
5703754
1079580
9824178
17701504
14301520
2806336
15057351
14736813
5344119
18246254
4752
16518798
3077088
14845600
53984
9663136
917677
1997408
19055293
3885120
1834640
17860760
7284060
13597416
16727290
1403012
3615588
5450263
2482252
11493906
971316
15972752
11656008
14731899
0
4209114
11979786
3348000
702000
6588000
3888000
1674062
17766987
2376132
14512550
11600755
4694520
7284060
7176414
593494
16778139
4585665
12300144
6257968
11870100
12085472
10197117
12517328
14190954
15820535
14688000
12204000
15876000
1188286
17446199
12909107
11882860
13503250
13232940
14204893
13124673
9398784
11343780
14800932
5671890
19230408
7832610
216072
15179058
216072
10101179
5615688
5021814
647976
18953298
5455515
9289548
14096349
7993332
3723930
3723102
17968014
12895962
10413894
15053445
18722385
7660474
269725
13432305
2211745
1240712
6905216
1564579
1510544
701311
11652552
300
11274714
17532450
12461526
18731754
1511440
13171120
9555
16841760
11339790
17441677
3401559
5777358
14470392
7235196
10366848
3023552
13605480
8422440
3725172
10741622
3886416
13872346
2429100
1835320
14198055
971712
6477600
11767640
6800472
3876
14194636
3022432
863552
12467532
13331331
19214388
8257869
6207010
12090176
0
10036746
2751960
8472034
15109360
3237780
13382824
1510964
15110200
13115439
8473918
53974
11172618
8959684
16192200
13061708
16839576
14356818
5236157
15600509
9554637
13873117
15011444
6209770
2537530
4481004
15979856
3347070
11498805
8027076
15075940
5639816
5532480
7701654
8895196
2494810
14697685
13450280
10358503
7592620
10250415
10141945
15999325
16053560
9870770
14643450
10630060
17572140
17626375
3525080
1410058
6291028
1138872
12852984
14421988
13554500
13879808
4012650
3145050
7320375
7591500
6398550
4283696
1409824
13827120
650676
13555750
7103082
11386620
10518874
12741935
14259597
14747568
15127101
16157262
8241440
6886067
19140013
8133600
8295966
6451109
17294904
4337280
17183619
12684438
2439000
17126884
3414537
11544387
9972616
17135416
4175402
17786128
379561
17893590
1409694
1518132
1030161
13066779
13392093
9325668
11765523
12090837
12633027
4717053
12795448
11386830
8609850
13916293
18248213
3194791
5847984
8609532
14458317
17922657
14294808
13320162
5739582
3952439
8338022
10936886
487278
13589642
2273964
18626568
11479376
1462185
15799828
7737587
9481500
8776998
13815645
325074
10943956
3634
4876290
16471632
2817672
4714095
13741908
5301996
1352525
10277480
4111068
757302
19365294
14064180
17492065
162462
6281864
14025886
17112664
54161
4766168
6715964
6770625
10021265
14083680
16737603
8655520
15579936
8276841
8330938
6762000
12983040
3949081
15039244
11035992
15687260
13848576
1785168
16066512
10927392
9683184
14767116
6815592
15957140
10007020
1731104
15796324
17960204
703274
4219332
14482452
3134262
15722148
16531956
13830144
9778344
5024232
6428856
5510652
13884168
14100264
4105064
14962155
13179660
5023488
16800531
3348558
2862318
15067674
12527768
14417733
4211766
971946
9179320
701857
16304678
11499657
5398800
3508050
2701550
16478845
6266436
9993330
18716524
5625776
15092226
12441620
16964792
13241025
11727765
1675395
16812038
17944932
4161696
2864544
8649920
324480
9463825
2001034
4867380
13682746
15034796
272
7570780
2487542
8813736
14331730
14223303
5351940
108120
1675860
1513680
18758473
6703316
540590
17893529
6541139
8325086
18272618
8109150
3459904
11568840
4486980
18866242
1946088
17190444
15730296
15514072
17567875
702702
4432428
17513496
18378360
13891878
270270
3135074
17296960
15837529
6216095
16161847
16377756
18105410
16053444
14972404
12488091
13623372
15028402
15298414
5027394
17098128
17314560
17530992
10009795
18288166
4436774
10821400
18666915
2758998
14443632
11901560
486945
15366104
1082120
9577116
18126515
6060208
2597232
11849871
17314880
432880
6980190
14284776
15042580
16395330
13925288
10294960
8398520
13493061
7423893
14414274
9050064
975456
15228233
10240020
14899500
9535856
9860942
4876110
6936704
14306952
16910400
9701800
9919881
3089799
6017310
8890440
18593687
5638672
5584351
12036174
16482272
15939504
5963320
6830712
18377868
15945045
11512863
7134732
9133267
14911728
14425743
2431305
8374495
7888234
6699472
7347944
3943898
11399486
6753250
54026
10427211
6375186
19134054
7891154
12971760
7026370
7513228
3026856
10269690
5297194
19080709
4864770
8485693
6054496
14271312
7513645
162165
3081135
12432650
10108846
17190762
16217700
9460325
7514201
6000660
5027580
11081275
7460556
14704864
15786104
270310
3243720
4973704
18597328
4973704
7352024
11838921
16109582
9406266
270295
10487446
3135422
18326001
18920650
17787385
17948916
16217100
14433219
973296
2325096
14329080
17140824
13788360
7677798
8163815
12867470
9353418
12490170
7029100
15675370
6810804
8648640
9080904
18864148
4053900
9188670
2107989
1891785
16593043
16106602
756686
6594222
3999774
11891440
14053520
3999848
54052
5351148
13074534
17936964
6591294
14262864
17505072
4754464
5672940
0
8807216
12968160
11563062
10655336
6112170
14658390
2325913
19148214
7140012
13261850
2868784
19160958
12773972
18619688
5088032
18295264
1807
16935804
4763792
18567962
3572778
6279428
19324053
10555155
17158893
4709223
10338448
19215440
7577640
11745342
3680568
9796806
15100875
2760375
11203254
4870980
7631202
18726212
15640969
11527773
12012420
13635720
10280900
10389696
15043414
12717025
9037205
7143180
2056674
15965990
12015306
18077750
3572250
16075422
17320640
9634606
16616989
12178575
14830798
7036510
4885470
8847640
1519868
16935672
17370240
108564
16121754
12973398
7162980
9387845
3310165
19047015
15627168
813915
17683870
7268830
6943360
4502335
5966950
18172075
17412966
8896344
216988
10577970
2115594
19365465
8732640
9112320
8136150
6075328
19094240
15785295
18660280
10954056
17460772
18762196
11115510
11332398
5581982
8129100
6557474
4660598
6449205
16418661
1788204
18530928
17664310
6556385
17607200
4984192
7963872
10728432
17934904
10890984
16742856
15442440
5960130
5039019
12082586
11703312
10239642
8018344
16307879
8776998
15007583
15874447
3413277
6989091
8343258
433432
2275812
1074900
15479424
17572326
9350586
18002565
14455791
15476832
5266422
8866935
10694061
18861336
6340848
2471764
753
12412785
4889885
1558112
6608544
15258184
11819720
2793908
17838028
15473952
9510033
9241560
9138010
6719125
5751571
860048
16340912
8656004
10430022
3440832
14247195
967716
13225944
8602240
13979160
9409050
18603036
1935828
17691317
3388392
13769472
15490656
16318368
1973136
13864240
6987671
18674950
4108335
7736475
3787140
15308580
13294359
6940830
12546885
1227993
10252416
17355000
1174800
5927289
12441967
16820685
16607089
10785588
17886655
1708448
16285780
12387872
9237162
12920622
8649342
10464636
12119757
14522352
16070691
7315937
2403045
11053800
6568200
5607000
15005962
10573596
5447004
11267822
4752778
11012966
19032116
7056852
12135420
7324020
6254586
5667078
13366000
17696584
12992238
13152636
76585
17055654
8287230
1710720
10744857
14540032
14541120
1336500
18441975
18174700
2298565
13898560
1282968
4650759
17694267
5612985
13898820
5666442
12348567
12188424
18923424
4436765
4809510
13466124
9030853
15161908
10837561
18846670
10624610
1441530
12493260
5659340
16497510
16495965
11157465
13400890
8969688
1921932
10973002
3143166
16568525
12253250
9482950
13798225
7847595
10943925
15159068
10942285
17606490
10457188
12057778
9495766
11682993
2240574
906831
19043451
15896214
13602465
2027072
17763552
15949856
10402080
9661056
213528
8647398
16655184
15534453
9235259
12704440
106760
747320
11049660
4964340
14242848
3308072
16860812
10991542
1600710
10938800
5708985
13765848
14832968
5762340
14565915
14886045
18727956
12485304
13339000
16860496
16806510
14137750
266750
3220620
697801
965826
1985346
5097510
2199978
7834214
3112222
16366300
7941680
16526356
15882472
6009472
4453531
17646902
16253526
5471484
689
13253032
13038408
18294991
2306993
13949260
12983542
5365100
14271166
2146040
3058107
14593072
5687006
2575248
2950970
16150155
16150155
751282
965880
2736660
804900
16044340
11160448
13896904
7565496
5365600
14916368
6546032
1395056
11482384
16311424
13199376
18886912
5097320
12341800
11053960
9712098
18404694
2790320
9769032
16377890
15465024
5853082
17398476
11008295
161100
10471500
7893606
16431282
214784
13048128
7893165
15087733
18577086
11437674
18258000
15411326
12188311
7248555
17074056
3543804
8805652
4832190
2952730
17179200
18091845
18682380
7730640
1664235
10096164
322212
14928600
13908300
5101785
16862742
6224444
3702333
16748
8263486
2360952
7947304
4671726
8860170
5691988
5477196
16485286
13531896
5692094
3759420
16380330
15252504
2900124
8754241
7196336
9129680
11761176
16701944
2685200
12785122
2849386
18064032
10698638
11182288
16674280
14361396
14038668
5647740
3657584
7314896
4410616
18556860
10112144
4518192
17481100
21909
10058543
6185735
7583967
11080122
9028320
7308640
7416120
14402052
698594
10371241
8757501
4405368
10207560
9724406
16708786
16278978
6070473
7037451
1665413
14934994
12678628
8327065
12947243
12786074
15849760
10208320
11551520
4781792
12948448
15581120
14133094
15691496
7254090
5266618
19023960
13005080
2526015
11072088
17305890
10965204
9386650
18615509
8798108
1126587
1394770
8261330
18183960
11907858
5846433
0
17753847
18073647
18127278
17322490
16142028
11154832
9224360
14530478
14312535
14731353
6475320
12357298
161898
18132576
7986968
10470568
1241310
11117820
18133920
17000865
16677039
17000393
18072973
6166990
12339270
18458008
15667844
2791620
15353910
9685620
6618384
11298420
8502454
5435719
5866271
107638
8072550
8449269
9578892
5059268
8611520
13024924
12239708
9856392
9098544
11427338
13106236
15598080
4278324
8773272
7907068
7203413
17602325
2383128
18956700
18740052
17873130
10994683
1462104
13971216
1895320
13047017
10177756
1407562
1353325
2814916
3193847
13858816
14291904
16947072
4872960
162432
2382292
3356928
4981340
7201285
15268890
18842808
4656556
15053422
15215869
8122350
18356511
2003513
14078740
16840339
15488616
5198976
14838744
17980456
2870427
17330880
3410694
8553804
3735453
1245105
4059825
3085752
6063232
1840692
15321620
7687170
4276744
4009838
13763498
9861852
12246036
18531954
15497482
5255266
2164960
17481083
17805809
17643446
14612670
1785630
108220
17423420
13745718
16072749
15585120
16937995
6223225
16775650
2326945
4220970
13794480
7357192
9466975
5462484
18713064
12926076
1730688
18929400
10492296
12763824
7950201
3623561
811245
5786881
3190956
4705134
5246536
12278203
15359004
19252836
17846730
14764386
3839538
12600407
10275010
12113696
6110927
11194353
3893616
18822276
16767280
14170532
5300526
9248877
11953227
11845053
14493172
9626062
9409746
16007976
15088599
1352025
15142960
12654486
12810798
11135124
13999986
19241088
2702450
16376544
13132692
8052556
6432188
5080888
162153
6323967
17134167
15027846
16271157
10704078
9028354
9893529
5568489
12812931
10434159
18814620
756910
9784498
13946964
2108262
8866168
7784928
16542972
9946304
6648765
10378560
5027115
13999727
1189320
12971760
1026874
11457540
5242365
9890235
19079297
12863662
918986
11892760
18055372
8649280
10919716
6108554
378413
8865676
594660
10379520
6703564
1892065
13407376
1135386
7460970
4973980
6758250
15354744
6379670
8702372
10217718
2054356
7728578
14267352
18474498
12802503
9669401
702260
14369054
17070004
12370351
6050128
8102850
7127340
19005536
8854852
14956061
7181069
14740089
12852000
0
17171682
8639840
10583216
1079880
9557292
5561588
6911488
16468780
14309205
12851524
8639680
11556214
11555358
6695132
2753796
18034664
9395304
1403896
19276215
15174281
6912128
17982333
107988
9880353
10150308
13011831
1295784
5237127
17655057
6100983
269955
14415597
1619700
8044659
5507082
19273716
16897931
10419298
10041396
11660328
8853868
5182752
18895800
7127208
9016998
15063768
19329136
11230336
10852593
15387720
4913363
5237418
17386068
2051658
10308652
14031940
8958854
11928254
15381450
2104830
14086170
17701832
8527102
593681
1673101
14572170
701623
10632287
14302315
19049292
19157220
10307315
3669348
18724120
6960969
14569470
3885192
2536167
10197684
3561096
11169099
7715851
17752840
5611944
9766760
8526154
9713340
18131568
5612568
13923486
9983895
19320186
16352001
8742654
16035030
14145642
17764355
5615584
14524117
3293634
17277760
9018334
2215271
8536898
18748757
7510170
10697940
5348970
216108
9991850
14043120
12800607
7510031
10211481
13885710
8104200
10805600
17505396
17990325
15505175
18638625
17289600
7850300
15973955
9638700
270750
18844200
5415000
13916550
16353300
13591650
18627600
8285612
219972
3629538
1283170
9128838
8503960
296844
243009
7655043
1706
10072425
10072425
1831150
3625776
5749968
6885500
1428375
11170625
8240625
5530375
292
2904291
9595750
4754490
7935256
2431878
7093804
4008987
4496757
612794
2888556
4607064
7971170
3546805
11115760
62269
9982791
10531296
7059361
1600123
4066478
1299348
5597046
7975530
1973084
2574634
2378155
1029784
6951530
1311270
950
8415240
4042080
12769212
9073576
293432
661705
2803223
9805048
6987735
1251120
9622381
43503
2964357
7868355
12751068
12751068
572908
806102
18766
2636424
8495144
2343488
3356091
5053422
569125
11425128
36619
3188745
939276
1336662
318384
3150954
2083266
1282855
183260
6267150
549750
5460850
1282750
987714
6707316
5351192
183215
8830963
8611105
96344
1180214
13159863
6708231
11949856
2969136
4315332
11986839
3189246
488430
2459016
3085056
868320
9572697
6198413
10049498
4400640
9278016
2146680
1797026
2016960
10744896
2677275
2074320
137700
272
1001146
11112828
7188496
10085900
1687096
7811988
999948
6198244
4034140
7664657
2824591
8950652
10014459
354760
10125612
8145180
9099368
256837
540090
5247099
12541140
12357116
9827024
8360076
8579844
1503306
10633140
12686436
1572262
1063314
2849760
11147495
2457435
10257120
162042
6624390
121500
11539260
3114576
8262216
4594077
2039999
218994
12463500
5305741
3596206
534090
5555784
177625
1115500
8940118
1830724
9518504
4041376
18026664
15262086
478602
10467989
11424455
18542370
17957602
7491612
6960816
106262
16098693
18277408
8554252
1806556
3401984
10577646
11322441
2817268
4784040
44880
13299500
4628313
531990
3510804
7020816
18509772
9573660
3988575
11168010
3509946
15635214
4839562
10051398
13081050
8675040
2548293
13500531
3089628
11382840
17616300
2493384
12521124
14797692
8618436
3252240
4335520
8183294
6503520
10785004
18426640
9534976
7909696
13438376
3522155
10674839
325116
6502320
1192114
15010353
1355050
3089514
14201186
2384668
216784
7858420
2709800
18751816
10297240
487773
4064775
8725878
15717710
7207935
5798865
45
9918417
867168
5203008
325188
10460021
3577860
11329890
1734720
8348340
18105806
10462144
11546304
11817344
13335168
13065574
6505680
10409088
1897420
14799876
17510476
10570950
13986438
6613742
13931970
16534050
16534050
16317210
5529318
6450871
13281205
921570
2059980
11220642
10136522
13009440
14310384
9323948
16211182
12958341
867504
16266300
3849691
14700666
7214585
18823015
19039995
9058915
3742905
17201054
7488156
8085038
5752514
12045054
14976036
13676292
12314977
14105260
6564371
1953000
7486914
19313712
19150956
15570037
12315885
13292720
12424624
1409434
7319160
10454038
7366576
1570843
1625010
1950012
18741782
15545929
3791690
6554207
3791620
9422970
18466855
7093519
9259821
12562800
2220150
12454500
4007100
11425439
17598425
54148
10666565
8771490
1299480
4114944
6009984
19314771
7148724
1245611
10343987
270495
17852670
13524750
2592
1027919
14007756
18875316
5516568
7084873
2812316
8599356
13899588
6489960
1406158
18552870
8762094
15144920
8383795
16010344
19197335
17902466
3082902
12547952
1838924
6273976
7842180
10492102
15846026
14980160
4975544
19090946
108164
16548174
18008640
6111266
1135722
6327594
973386
7624857
3515005
12111680
10597916
10382208
4920734
15897756
5299742
17088648
15736698
14493440
17574375
7031310
16443056
2806908
17272640
13332319
18891950
9877791
19004480
16035030
12579670
11715830
14090085
8853540
18570496
6424096
2483264
6370112
3508960
4696782
13225100
16409920
2429100
14520620
12468918
18891600
9229725
2428875
3184466
14843125
3562350
18081625
1241379
9661167
9175410
17379306
11442276
4425868
16408096
14359744
16303470
10095195
15175967
4158616
13387288
16302262
10094447
10526295
3508700
10472314
14304965
2753031
5020233
12037763
13333307
11443972
6369758
7124304
1187406
1187406
4101872
7770240
3830592
809265
8955866
16347456
17320518
5018094
13813248
15518592
9592598
3826261
14442788
18646978
16329579
8461201
7544180
6520327
10735851
7175217
15914955
215796
12352031
14078079
15965352
13592124
18824362
3883536
19255866
14185694
10356096
7551460
7712991
17853147
13052754
809070
1995743
13430811
4260865
14993930
14399577
14069727
11859540
6091491
9218097
7924329
16118492
18312
17412284
9649532
17627916
14176752
14887716
5995665
3943241
4213326
4753496
14480308
12102944
9563310
5673360
1296600
11290598
8648160
13621104
18186672
11096650
16780920
14398314
314
6061552
17915375
7631484
15371216
8389995
4763264
12774208
6278732
4925557
8443812
4871250
703625
12773736
10933856
11800340
11962730
6170820
15427050
15535310
13207232
5143015
1461510
7145160
4855320
1024898
7120476
5879787
13971237
13219220
13219220
19262292
3939737
10199763
9767846
6583852
14894616
10352448
6955809
9975385
11966688
2964720
16817424
7330672
17734087
1670993
9802702
269305
1454247
12334169
14165706
8456020
10287260
17504500
10556560
4416520
16158300
4577930
5332437
15242097
16690710
18199272
11899745
11522830
5888080
12900248
2676400
17769968
14121624
12730620
7862001
12247607
4118191
15082206
17980
18176400
3795660
3635416
12403184
13365500
10264704
18016694
15450229
17000598
1069320
4972245
16894940
13366250
5774220
3849480
4972896
4761945
8079255
8132760
11236260
16800884
5885440
11182336
10324728
14282898
14978320
11019764
14389886
9950070
9842712
5448840
12981060
2671000
8013000
2991520
15064440
10203220
9828728
2937935
160266
4915376
16508943
3377745
9543470
15655580
18765250
10079620
18443560
1394042
17479142
3109786
9490209
8687088
6166990
13193226
3969138
18129306
214548
8689194
6918786
16626540
6274827
16142931
4612008
10404026
1662530
2842390
18395090
482670
4988055
9815205
10351748
2467716
5954595
18346590
4060
8368620
5203759
3379761
10568853
19205984
14914144
9871048
2790476
16796519
10679932
16048227
13525596
18409839
17710440
14383024
10143252
11270280
6654832
214656
3541824
14757600
11162112
13416000
13254761
3273382
8799912
8263332
536580
19263581
8047800
5043570
15881880
5687430
15559660
8209062
16257162
19208132
8048100
4131358
6384826
6542738
3110598
13032576
5471076
375354
9705944
9652320
7560561
17533740
16783373
1393158
1768173
27550
18539026
8948027
2946955
6589725
10715000
5353600
12902176
18523110
481806
8779576
8137168
16970278
53534
12473422
18255094
8030100
11940981
3190
5140224
15276570
2251242
4931292
14901078
10398594
17581128
2465140
8730769
16818782
3695847
4124197
15961178
4767196
14834735
7711920
535550
16655605
8836575
18904562
12799406
17190834
4441911
15093486
10544031
5459244
2033798
4174638
10597356
53524
11668232
1926828
14771244
5298381
5619600
648
14348452
1552631
3426560
4872140
5675028
15579558
12260202
2516333
53539
15258615
10126998
11680876
17521314
13181172
8624770
4178460
18803070
15374590
14892182
14570768
10715200
11838749
17999184
2517837
5410671
14892182
6375187
3750110
1500044
3107176
8571520
17893382
13125385
11732487
1232179
8837730
17300526
374913
11139024
2195673
7122682
13120485
2141880
14618058
18473715
12262492
18206320
14297316
1231604
4016100
963846
4069496
4337226
12797494
15635432
9103330
10495996
19171258
2249142
13290816
5627160
15594690
11468902
4876963
18705004
14841937
3536280
10769580
11091060
15270300
6215280
2894886
16886835
15064129
5575336
12169243
18173112
7987592
18601976
2841224
3538128
12865920
1232984
5521624
9703048
15384922
10989640
5468016
7504840
15175875
17374500
15444288
14800776
2734926
14211420
17375472
2466888
10940112
17482728
15390375
17910750
14746325
19096196
4774049
15929595
16519888
804585
8207991
4399136
14913310
6544934
7027757
6598581
19266453
14221755
3863952
9554328
1073520
10091088
11647692
16800588
5814
214764
1664359
4295120
16858346
2308799
2792036
2094027
2040296
4939664
15301935
5100645
5208027
7141169
9720424
5639550
19281890
16059290
11332810
9184410
6069569
11710960
17566113
9239840
16277160
12250668
13164095
6716375
15904376
12035968
6501935
13219548
3923020
10210790
483678
4621812
5437941
5114990
12006543
2153560
11144673
18682133
4953188
4791671
5168544
1507492
269200
6245440
10552640
11305980
15397096
699868
19073520
13416120
6681120
8520466
15099560
5338872
3721032
485352
3613109
17580202
15636800
13265550
8250525
14613675
17741325
16123575
18494903
4852710
377433
10675764
57420
11700206
8520308
18173062
1078480
7441650
2911950
4475775
15530400
4367844
10515180
3505060
12672140
16015428
15637670
3720687
18225974
10353216
14343518
13588848
5014932
15961504
16177200
4853160
53930
11487090
17741983
18587910
7920507
915977
7004790
12683502
17182351
13666968
3308396
5857164
13341318
2928798
15511782
1952532
11552694
1301712
17898540
18440920
12800404
14917100
3905568
16381990
17412645
12532212
2766852
3200868
18771192
10199000
11989250
7269500
10036435
16329551
11446961
14105260
14973552
488268
6455750
1736000
271250
14375455
19144955
10795551
7432113
15026973
7540889
1736128
5533908
9928482
325656
5915866
18181790
12370824
54257
3581094
8133000
18922780
8783640
15668135
13663692
3415797
16699452
6074544
7864365
2766087
18220608
3036768
7971369
7429099
0
11008284
15563436
11885130
15087060
7106619
4882410
15623712
7757607
7106750
6944256
6510240
15299064
1790316
4448582
7323885
54251
1735904
6726504
15188880
8191146
7811712
2169920
2549656
8462688
17956088
15460395
7975044
1790745
16116705
9929763
14813253
2441745
17796296
7379224
3852389
2658691
18335824
13182507
867920
3417246
650892
14428106
9058080
6780500
6888988
6672012
15351052
14483148
11933680
16219255
19311220
4448172
17901510
7104392
11117560
6290912
12961448
9433584
4391496
14637510
325290
14473536
8564864
18268096
3631936
19460672
10737144
10845600
4715574
3577398
5366097
14526404
270345
6109797
12541456
5243626
3675400
9620900
1729600
1135008
0
1398384
0
7584390
13662406
7906983
968202
18288260
6508711
11565065
1310
15492672
9196038
10490508
7011513
5191828
6315950
13220675
535250
5352800
14880784
6318664
696124
7336076
16653117
17403100
14939892
2998688
5461896
6800596
16225044
2356156
18628348
11005220
16427304
7945232
4240957
18898880
8536710
18840276
3274236
3005856
13043268
17015292
1127196
8909718
13632942
1771242
4025550
13579775
10949700
6266169
856960
19013800
10497368
8194221
17513139
1606710
13764149
4070332
16977569
13871263
6052167
9156537
963846
214284
6964230
5571384
696449
15803150
16606700
11624690
2410650
11947225
14197640
11999904
15535590
2893158
11092302
4019250
17470340
6645036
11522065
9164061
18328122
7821804
15857904
1125054
19220166
376866
8614400
4038000
3553440
16905760
915280
8722080
18897840
10337280
11900629
13569948
17393227
9099298
13732515
15618530
4793273
11471541
10771400
5816556
15995529
16009488
14607984
15739968
539050
19297990
17411315
18055160
3934919
7869984
4959168
11373744
17195057
5228591
4096172
18001598
16815864
16115203
17355156
7437924
9863517
7168700
4743200
19080600
5551494
16384992
11749546
17298048
2638111
17174641
12975199
8829596
4307200
17821040
15236720
53840
13244148
1938240
10875680
4146065
4630498
8830252
10607071
3499795
11899303
3553638
7966544
12757236
9473376
9311552
8719488
7699692
3607481
5815044
5599568
215368
17656240
6082903
8665825
1560780
6350760
2744871
6635235
15590105
8469365
2643011
14995320
12728424
11487942
18445428
107868
13914972
2481056
9978160
18176095
9870105
12351115
17528875
5717110
11757830
8251749
3667444
9381036
1347875
15097040
2102802
4690779
12400910
1887095
15582013
2426265
12078080
4151840
4583200
4205760
5985120
1401920
2749971
1671520
13857440
5176320
2156840
4151994
3882384
269600
18876550
7711990
107860
9114170
161790
9222030
17146242
5337981
6739875
1833280
5985120
16445600
6200685
12239159
11699989
11592155
8033633
17684776
2965435
10567144
14286945
18815637
754782
14884956
2319033
6093864
3613176
2696400
16555896
15315552
323556
8197056
10192392
7711561
4639184
14996432
5987784
10357248
539410
18879350
13431558
12406660
3829882
16720780
6472680
970902
14347774
13592376
15426268
8683374
13753170
13052028
16557738
18229692
377489
4582605
7009470
1024271
4582265
13045736
1186130
19139825
11591725
15528672
3396897
9380862
10081170
10997640
12237570
15352665
9696420
10666062
3769360
9261684
6569212
9208179
10715951
2638748
13516852
2424330
969678
7488347
508
13521370
1346825
14276875
2424375
17990910
13035330
6248340
11688705
1072
15081920
10826865
10342080
3447488
13241088
6620544
16393728
15027584
12979109
4414032
4729320
12718310
9985070
6728576
4836072
1314175
8676290
0
916130
18969280
5874010
9430750
3194378
54140
5576420
8554120
13480860
11477680
15809464
0
17169671
15599520
8395575
1191630
7095353
8774406
8612076
7799616
3412332
18737976
4874040
14188348
15542198
11372550
19008405
10993465
16571124
2219781
5955400
4276981
3194260
247
18460376
8717506
10341886
10504324
14727712
10613596
2544345
11097675
16680356
3953461
18581682
8126100
9697146
10076364
5634096
6013314
14680612
15384848
9588444
8180123
5742338
10618104
3521115
10509174
10400832
15874740
15007583
433432
6989607
7152156
9319648
10890984
16688056
16742238
17446604
6447658
15550234
2058916
8561072
8777808
3196856
6283140
13648572
18577223
7745023
5468544
4493952
14564736
5251968
2382336
1840964
17223516
16790220
12402182
2653742
4008136
16953958
10129042
6445754
12187575
7529352
11537784
4654
9371237
3358478
12946869
10725264
13054970
16846870
4658706
14676005
19116715
13755116
9910182
19387848
15542772
1678836
9477300
758184
15047862
5521158
17970828
12666186
18999279
15318224
14775579
5899407
10229247
5518914
4058025
6059984
9738000
19422618
16555212
54102
4490383
7680922
1081820
1568639
18499122
11521383
16714737
11900460
12224792
4543728
1406418
17851680
10493072
16334576
7680496
9357224
1189936
10763512
6435282
17467194
7894950
12869850
19304775
11842644
1297824
4326080
6975804
17953232
9030191
9840740
13787850
15625074
18922400
4974256
2270856
18707528
7136976
14220410
8435232
8813736
17521272
2433600
10005170
7837830
15729714
9891882
10972962
15621606
16213200
17079168
13187712
7242700
13782750
324294
18863101
9512624
16430896
10107163
6269684
10593604
8809987
2810548
1351325
17783437
8594427
5080982
3621551
5621408
19134408
18485784
378329
12106528
10431071
9296084
2540350
19403950
15578208
6652824
811575
703352
19369232
10009055
162309
15202943
14337295
2110017
3354386
12503337
15750084
4059300
11257792
11201184
14772303
7142520
12661506
324654
17044335
4869810
3084270
2543170
13311060
6547310
7792848
5790519
7414166
16127760
18725520
3950760
12935636
9742320
18726904
9738360
5626608
4761064
216364
973782
4815078
10333673
19315128
18073408
17913058
108234
19164498
5305524
324822
13805190
15970710
5684490
54138
3410694
6171732
18081758
9095016
9191050
14652428
16923284
12978000
1676294
9637810
4494118
2923938
6389700
8934750
8555700
17650618
14618610
18571049
9312940
8230040
18138910
1353575
13752576
11749682
17435012
12616018
14348955
3681996
4169319
4169319
9475725
3900096
15606720
18532980
14959476
7208467
15446715
18210864
10947996
19403600
3035200
4065000
10623200
7371200
8347262
1951488
16750890
7047300
4553640
17337852
4050900
14042600
15176810
14312650
270050
12639276
6049568
9614492
14498293
15036705
269505
17949033
7060900
2802800
15850422
17359986
17575638
8679510
8374495
8428524
16964478
19071531
7618089
7942263
16803019
9886941
9941336
17883599
13236860
19233968
18322272
9079896
1891610
8863544
7998808
18106080
19403232
10214316
8646880
16697124
4627918
5865617
699595
7803175
0
12107025
16842217
5488416
161424
1022352
8769889
16086200
3604533
12963390
8176080
8713980
3281190
11510418
15920952
13661644
18878886
18179668
11133702
1828622
11401996
16621110
10381470
12264348
1936476
54978
17863077
1403116
3939518
7825795
13600692
2482712
809625
8905875
17057048
16247378
15545664
12199028
3293146
4372866
4210596
5182272
10850382
10796600
7283520
12301968
14567850
4531716
7498911
12137625
18718568
3074808
18556392
107894
17155146
3184702
10255820
17915716
3345520
2859880
6745000
9709920
5933840
14887164
9439325
1024841
2157520
13863094
18394222
16018992
4530624
7820720
4746368
11919856
10679328
14728077
6419931
9495200
16670550
10034328
4476522
15749312
2912598
3344094
12567321
17637726
17745602
16019586
2211417
10355904
14942765
10627165
15374325
8954870
11381762
3614114
18664278
7071642
39
12361878
15276906
18731754
323892
15060978
9392868
18624135
6478200
4533732
3238380
9931032
18512396
5883166
18675004
9065952
377748
9983340
16081272
2860145
18782256
15969496
11060365
16078888
12895245
16510230
9442125
10197684
11007432
485289
12778566
4151455
2264430
11861740
6146538
2749869
3342854
16175100
4744872
647016
9381732
14450024
17469432
9597404
3255
2588112
13910328
650124
17336640
9368469
13538250
11478104
5188896
14917524
19025248
1512840
12965520
378175
3511820
3457792
10589488
5403400
8915610
6916352
2863802
8969644
9293848
7077668
4160233
8575
6914816
16800842
17016615
16314342
5564163
15882174
918357
3025120
13456956
17943272
5026278
10700118
14212783
15401685
14155598
11237616
10319157
4484905
5943850
13508750
17786069
3945504
3567168
1513400
14107050
5405000
1135050
13782750
8810150
1405300
17241950
10701504
15619583
15621606
6594954
1565536
3724896
16195800
13766940
12903132
4157076
12903132
12632958
2051506
6856349
13280802
17059260
7072035
17383170
13658205
9393390
1727520
5128480
4102784
15816726
14843950
10093886
14898204
2590896
1349425
7556780
15005050
11544016
9709920
16508394
8740224
10196928
4856670
3453568
13220690
15916430
5394200
5016234
6688436
12886641
11108550
3936525
862864
2480734
16664061
3559314
14830475
1725792
9383472
2157120
7044525
6607929
6393275
9616775
3760750
2525075
18266500
8810900
12571650
161145
3169244
6285591
4620178
14568147
4784373
12364110
7203304
15266704
10966020
7095528
14298564
14997366
18383184
3600915
18971985
6879488
17628688
4729648
2149840
322470
18973397
10158561
14995971
3493685
1558837
17039701
322518
18383868
9460880
17577885
9030672
1612860
16182362
12815
12795118
7415844
18593348
5883
4675380
5857660
7416120
17841680
16713140
2955755
11017315
3116804
3492970
19238562
2310519
13594449
5910630
8382348
18002900
1880900
7200892
11610864
1720128
7471667
8385468
4407746
4192656
16013030
3438656
10799529
16763448
16603806
53734
11982682
16496338
2794220
18699780
1020965
2525545
13648690
15959295
13111340
1451790
12313330
14625168
3871368
107538
8656970
18873270
9248956
13819661
914141
13658342
4409386
19304507
53773
11023260
16834705
9412025
18178654
6079626
12589902
18777247
7264485
17003644
12322490
5058140
1291440
3013360
17328543
12955200
10796000
8312920
3724620
7719140
10256200
7179340
11983782
2815254
15032394
690534
12535848
4780800
7861316
14288473
12270027
6480274
3346760
12523128
11011716
1889300
2645020
16031763
6099627
16194000
7509197
1134483
5402300
4916093
4970116
5618288
9832004
18799656
10425088
7994368
270080
5563751
6049904
2322774
8588703
15718947
4375377
1674527
17502480
16853304
16097066
10479298
12423910
2376748
7017530
16734420
1241517
5020047
7017400
9986300
10094260
12251417
1619100
3076233
15760992
12468918
10039908
14735994
16950034
7934913
5235963
8150829
14466372
1889265
15113280
9067968
17488224
485820
11659680
15866592
8958688
1888880
14031420
16190400
7879328
18024978
5234799
18618615
12142575
11549152
5072992
4587025
12667675
5067070
14177015
15741720
17574008
16275988
3340374
14923929
11583555
1400802
13684758
18695319
3879144
11852940
1670280
5495760
8620640
9480240
107730
3285338
15726536
5708948
10286878
6893824
807870
861728
4739152
13894590
10986420
8509090
12979055
7270425
9753366
12938160
15795044
107816
4097008
17358698
1401660
2803320
4528356
14824975
19266576
14733264
5234993
13923228
14625057
14355222
2104635
7069677
15164727
8041083
10307697
6745500
8040636
14516316
3399732
4101188
10522785
2104284
10143728
10467464
12248012
13499784
6131034
8658741
2581488
9949485
10164420
11131011
17153587
16669630
13387983
11613672
10592493
14726404
10480470
16604115
7469165
19237130
3170365
17467775
12523750
4622500
6772500
18866250
15856545
6772626
18945696
11680025
15654345
15584310
15046920
429904
8383128
17729910
16224044
6661528
10905566
12416481
1666250
14136250
10266250
8224362
16878756
17040335
8977085
5805648
9192276
107510
8009495
17007684
804750
4077476
1448577
482859
18455944
804765
5043194
13949260
4613642
6276699
8529873
7564227
4828230
2055
18508905
12124222
7778670
7349776
2628850
3916450
10622898
14107846
5417438
3486470
18880576
2735487
12765606
19042555
13732096
2146360
12019840
3917180
11053960
11644220
7297760
5741620
5366000
10141551
14058658
18101955
18048240
8540685
18907328
12622790
10474230
4511976
310
10796514
3061698
5156544
11602224
15175266
3336406
3282593
4466479
10654974
12968933
13344384
13299221
9584054
17388705
15666567
12006766
17230720
8830744
8669206
7269075
1238435
7322512
19329278
13997620
6998810
14374479
11359185
13297245
5868015
4091460
807570
9852354
1830458
12382510
17227840
17390643
1561389
16098758
5384200
11306610
430728
18468149
1453653
6837553
12275748
430728
15604844
19362788
10709028
14116446
11303974
14440695
1892800
14224355
7572040
17145262
5731844
2703700
3082218
10382208
11734058
15411090
13193812
11841768
15843096
6326541
1730336
17567875
2810860
4810450
7512811
18592856
15246894
5028603
4650106
2379124
19247852
5839128
5028045
15463448
18869732
12273436
18707874
8755452
17185674
2107677
18915050
14969911
17834190
11515206
8865184
6810930
3621685
6108215
13514000
6648765
5135130
14702688
7459314
14756469
3891456
5080512
7242432
8809824
2810496
2324064
12539136
16159754
2215927
9674413
15403110
2810392
6917888
2702300
14862650
10755154
810690
14754558
3458944
9079728
2053748
108092
1729472
3134668
14376236
5430366
7097112
16883466
15540397
1183006
18282480
8170152
18436593
806265
4837680
806280
17360604
6772248
11985804
9674640
11875656
967248
9188856
8544024
13385244
16072745
15320175
12847684
7203304
1451439
16073343
13331736
16826880
13063923
13295070
8593155
18266534
8700923
13779945
12861044
5620576
18861356
16753640
5187360
15238152
972648
18426276
15508906
8321852
3837550
108100
12808902
10593016
9187820
9620188
13511500
1188902
6376602
3782870
12915799
18914350
594462
15941210
15827860
10695366
8048831
7886628
12532176
9128704
2106663
6751375
18472446
4429066
11343150
8534212
8695288
10963624
4806712
7723144
13068484
16526754
11611935
16148691
10585568
6210920
8694805
4266395
4536420
11885280
13235880
1674744
14047800
16965420
8860920
14263920
8697542
11128532
16692798
15611202
2052646
8858788
7238144
8102400
8696415
5293470
12207616
6157938
6752125
12369893
17555525
17879627
7562380
17393474
14690176
324048
377755
13979007
18890550
5721244
16408096
13925292
6099062
3184525
7286625
17164368
15114400
9068640
16954430
1727712
2969505
9556407
15766248
4373514
19329852
13336518
2105883
13228285
13930452
19060941
13827328
188
6373534
18202381
16636004
18908370
10235300
297
18369670
6141180
18099984
5009817
4740384
17989908
1992894
6409459
12980260
8886900
3932218
13196925
13735575
11799063
9859491
6626133
3501680
5441678
2262960
2747319
4417176
8891685
10885578
7652238
7167237
8838288
10400770
14765860
18807610
15519168
19291188
2963785
12932880
10131508
2425095
17075060
14751555
9888588
2269512
864528
12810087
108084
7079502
13348374
15347928
5566326
5944620
486414
17777515
13238575
12914365
15291905
3079995
6051920
14373842
11780066
5943960
7511004
8483652
13941030
1999295
8051215
4052550
4971128
13670602
15075486
4106660
7510448
5295136
14642672
9617518
19242512
7836380
14053520
18706836
10434738
9731880
8703821
1405586
10595956
1621260
8646720
2810184
2431890
15888348
14157956
8424156
10800200
17766329
17010630
2159880
1133832
2483632
13339729
3834284
4384786
6849408
11986464
6474226
8774984
13269488
3852000
16800256
10326272
6901758
2728602
13238085
2179888
17332768
18768304
6274532
12814934
18984903
18665127
8774205
17708940
265900
17496220
15475380
10795540
3616240
11912320
2339920
5690260
17070780
13454540
13873455
15361795
11587790
11480832
425216
15201472
11586700
14191050
9673300
17433200
17645136
372036
14775700
15307200
6537204
2072772
19020182
796995
17054409
2603370
956448
478197
10573268
17468880
211504
4018500
14697860
14170500
4388791
8301689
3596928
8780736
7088332
5289800
105796
18985715
17504935
13855870
3014445
8620255
18191408
9782800
16199946
18476060
17999600
18846996
11328946
17815505
6925315
6555384
17974440
18714564
6925446
3278126
3701110
15913870
10203910
2326104
4810533
9832518
12369942
3066054
5533528
10055934
11199540
5258400
100182
9788808
7471046
16837760
2683467
12575463
4419912
4630912
11683860
3420950
14841942
1894680
9052360
2157830
16578450
15999520
14210100
2368350
9052360
14315360
8736580
15944163
736848
13684320
9000072
8000064
0
13053232
16416504
14206320
14785096
9102568
8313328
8547
11259824
18524704
1525719
15415902
5261400
14257310
3893288
17782856
8845
157779
420744
7204967
1893276
14304480
9887108
4996240
9834704
1472576
15514640
18410350
7784948
17146948
6919
18891657
0
5578250
3845713
7220448
8011160
4111146
474363
2214030
1475964
11069730
2372310
9805548
17133350
10965344
8118572
2477746
12863192
9700112
3848706
11608909
7984104
18814332
6411588
7567776
6149052
6983298
4830552
36000
17747028
18692136
2047773
7086960
17638656
16903712
1259904
13858680
6562000
14961360
12021584
17483499
12233199
83212
17895339
12699918
13644280
4460630
13224456
17479503
6298920
2676531
15586560
11073280
10286080
9027420
1627004
9950
8814960
7555680
8027604
5456672
3043144
6558500
16212303
12067410
12642137
3095081
10334423
4616392
9075407
891888
8709854
11857994
13274910
6191460
14951100
6977180
17155401
17928953
10872368
15001490
5800971
0
7316680
9563946
17716818
1201865
17662190
6845405
16930620
4650695
7576975
3919125
13377280
12279925
7890505
1149610
14004340
12750220
3396575
3605595
1933509
12854484
15362676
4755114
2874135
8831095
10504059
15938995
11340637
4285402
4808012
888437
10190895
12964448
8990956
13747799
13486176
6063552
731808
6114186
731612
7943368
7089952
10791531
48280
12303388
13523640
2392506
5253313
11390847
11598899
17424355
10402600
18621012
16852536
5721540
17736774
16020312
11755164
16956564
17325657
5515074
10978119
3485943
1612899
13995801
9937539
11602467
5930394
6139658
4838883
13684153
7338768
15458256
3331328
6454944
13898952
2967192
8328960
18115488
416456
2082320
7964721
14108802
15618600
8434368
5310528
0
728868
0
3354
108356
7240788
14012748
14325300
2846772
7960720
10373626
7214146
17061192
13480704
14322976
13954635
17327772
14431032
17275104
12482079
6162039
3741629
18286553
6270943
9116754
5006310
15229722
33138
18022716
160956
16494474
105396
11013882
8169740
9698456
15338319
11540424
12330630
16387834
2371140
52692
7429572
18178740
632304
3266904
158094
6692646
10328808
579678
14178721
18922172
11648468
3162480
12070132
17129775
4426884
3425565
2002638
1528561
1844710
1844710
12069674
1792242
18712050
4164090
12650400
13546470
5903856
3479058
16551882
12071277
8487115
10277865
8169585
18235584
3109536
8959680
17023392
3056774
15652791
13176250
12069445
11068050
263525
3688930
843248
15441979
5428409
15758795
10225158
12175317
13438500
4110600
1001281
14650600
11169008
9957276
11472032
1105125
12575702
10794890
18454100
4587162
6063490
4428
15447253
11387736
4744890
18610513
3532307
1634351
685373
12442156
3930
13819976
17036635
3059152
13607952
10073913
158802
58
15985464
12227292
6775296
18366710
635160
18790150
6880380
9156544
6510021
14872768
15296192
12015110
1587900
9580330
1014
16091328
4446204
11538958
11432448
15136836
4445784
2673000
16572600
15236100
3474900
12830400
17588011
6361621
17801181
10317587
17427634
2138400
13365000
5998160
10550532
14027218
16168174
10868011
8833605
10225567
6852736
17988432
18092464
6744528
10705600
7922440
5032008
7976268
5032008
3961368
10866590
16647830
14560976
9850256
11402742
428272
18899620
9155340
2998184
12902658
6210408
7495320
17301382
16947945
14096386
15278632
6186425
3496675
14632240
3173846
7477366
18558930
1775235
5433194
3657992
18612724
10328064
8821560
10542840
14089050
3710130
14625440
5432184
3119472
3334670
8713170
9358590
17157415
4517940
11940270
1882580
15113023
7797085
2150120
8277192
4891068
2902392
3386250
3440000
9406250
8331250
3117500
2687500
18326022
6934395
7095660
19298045
1720160
13331488
14192904
5698666
16988476
7902867
6881408
1661941
9703591
13027473
1876385
18603017
5896660
10667793
8630727
16886205
2519529
16993419
10667793
14795532
589677
9970902
16349525
4931660
1983385
7665658
2519482
8469748
17797192
5360600
11095407
8737126
12274858
11684364
14042414
9969042
13077912
9004464
4770222
5466996
11576952
5145312
1232731
17794204
1286328
8199423
8735333
2840323
2358004
2626106
3376422
5680964
9378950
18813951
1286424
1072020
16830714
11363412
1983237
18760700
15865896
16668356
5467506
1179706
12437520
10882627
12866160
12812551
16886835
17476534
15546900
1983570
12330300
4878510
1715520
6272487
5253780
7398870
5039152
16672088
6701000
9810264
11579328
15651492
9433600
6432000
11152960
3109960
482580
7292184
1018761
5844471
375746
18787300
1502984
7130
18947628
16800588
9768668
5472912
9604066
6009248
1877890
4775206
9604066
6814312
7404528
12180366
16312336
11912520
6009920
17222292
5472912
15777216
2575872
11215776
2736864
3488160
13040352
3861
6224908
3541164
5578664
10996405
3057480
14857726
7937832
17699220
1126314
2467164
11640531
1662933
214596
15933753
14109687
12071700
5576064
1554864
14851909
17747227
8792860
9330402
36040
14746325
14051060
18337014
10455315
697021
18980418
3806807
4772180
6326688
15388366
10350590
12710310
14801880
1716224
16143232
2520704
1290744
4033575
19261116
17862264
10114776
9576756
7370874
4142754
9899568
14903431
753256
9308092
8608640
14258060
3874824
16198917
7372792
10063592
10441662
753522
15124263
6297291
1614720
5705344
1507072
12434268
7858888
8967486
15233922
4537764
7506278
12690235
7020130
9396174
14797370
3294061
918017
16956314
7128132
324000
14471464
14039480
1997926
6371528
11284746
13552243
15118040
7289595
18412977
6101661
4590510
7182532
10692792
14904828
4536252
18523029
9612534
3563736
2267832
16466035
17494380
18412295
1835864
11501148
15173157
4643742
5777893
9935816
12743764
10205811
17117683
5723894
11339790
9125831
13716508
2699750
2483770
9934712
11230544
12472383
5291314
8584887
6966516
11610860
13771020
162012
10368768
5994444
11718868
17983332
10746199
16362303
19116708
2592096
17333679
3186000
7722000
10636818
18519942
15010610
18412295
19168225
10205055
3185646
18087990
9826908
6371056
1997889
13013277
9557646
485982
647976
3563736
12744944
1080080
1512112
13339482
3294549
3024504
14582430
4698783
16310718
7495019
19134644
3601183
15695000
2365000
17092500
11448750
15479424
10749600
3009776
19076280
6931944
13111584
3761590
3707853
1289856
4620006
13645134
12837407
16542372
8002343
11279100
1503460
3543870
8375952
3114078
7248150
18952570
8966230
9932650
4402580
9020088
16483137
6603993
16488970
4457764
698191
16112100
3651940
6117468
13522824
18728038
7780845
16849554
14112843
4990287
10839118
11161072
3595153
4507356
321966
6224676
5635770
3059418
14653821
4562715
214716
15699012
14150470
4111646
9611100
11052765
13989490
9398224
18582852
9238027
6568200
4272080
15539982
17944416
16929702
2082834
534060
4325886
18265194
12764512
17731456
13085205
1548716
747656
1388478
12496302
7796838
7102599
2405070
5611830
2832638
5077750
1763949
5303331
17249218
18267029
2678450
19231989
12430096
5625690
16394868
12537252
17359272
13287344
12108854
7340049
11033154
6267222
15159178
18265324
1339100
3963736
17568008
14782284
19227681
5105300
9189540
14617280
3009440
16283220
18593694
15098411
5158176
41976
752234
15743183
18913312
4835790
644724
10423038
7629092
16708786
9402050
5748682
17297840
12086775
11657023
429752
19177683
4350753
14985927
1611480
16705676
14342172
18101955
14771900
16222232
17350268
107430
7734960
16275645
14932770
7252065
11441934
1020642
4805911
17226000
4860990
9073680
11610860
4535412
1565797
16636004
7021690
11666808
15607156
9180850
12205130
19117770
18842510
15875706
18953649
13391752
7991852
15280868
14740908
10853196
7559440
8477686
3456192
16255806
1350150
6588732
7830870
10638788
6048336
2592096
8802326
17820660
10694772
14420136
11774180
7129320
18795132
4428984
378084
16687854
13072114
4267580
18637935
6374714
9238104
5240425
13722350
13128075
13123458
14203578
4536420
1890175
2538235
18255380
5833836
10263230
1944360
3186767
14257584
7452828
10207134
9019002
1944252
6157140
11612150
7830870
7938882
647964
18192945
18248282
1830798
538470
13515597
7107672
9476896
1776885
5596136
15812790
10271407
6668472
17961852
10750200
14029011
18974103
2311207
8870895
161289
8440477
5376300
9517467
7258680
12527245
12957365
2849545
8978254
5860058
4623532
14300692
11827640
2688100
17150078
5967582
19250018
1182962
3979054
1021611
9086961
6129666
1881915
10646262
16883466
4516596
18603382
18065712
12366410
8925322
12957847
18011945
3064776
10430604
12043808
8819264
1882160
12959293
752822
13120612
14410896
7958256
2258466
10378575
10808775
18552375
3710544
17011805
9981690
18192435
17494790
8532735
5259366
10143063
18407781
12506741
4831740
13957840
9018912
18896768
0
14977557
2791516
12453296
1664018
858848
19009446
1410
14928044
5101310
16969200
10847400
7732800
8860500
11652249
10148733
375879
11437674
9987828
9397500
16970464
11172304
11387156
11439165
4566370
16115700
8971073
19130202
5198133
2304327
9431664
13397250
5354500
10495016
5943606
14296782
4337226
16652495
2891322
10012541
14029052
3105726
5140320
8460110
14296515
12528828
11083194
17351820
856864
3855816
4445065
6319490
792
10068528
4820040
17459908
4927520
4391920
10965450
6047873
18036914
14557984
12738236
12791758
2409165
7816986
3212580
267715
11779460
4657980
7763300
17828820
8727020
16864785
5621910
14671056
14403605
19007410
3319852
15209052
5676724
5944050
9157050
0
2570352
14566960
7337172
910452
5998272
15852576
7390728
18959532
5516371
1285368
7068996
9104010
8246238
17777604
12475985
8353176
9049105
1981128
13380750
17180883
4281840
4026
8242388
12952324
1391572
17552592
6849792
17663910
481743
14291709
14719925
16004274
963468
12096876
6958510
14489820
12074850
8264410
8371740
15562850
11806300
10893995
14489820
4454278
16582794
6708500
194
15080146
8371896
8049450
16422102
2898018
8854890
13577498
5420266
12987172
16691059
6173430
5314518
16104600
6227344
6066179
12669188
11273430
16426998
15460704
19003782
15299655
3865176
6925107
7032473
3382029
1127322
15943851
15353624
5314716
6173660
6817868
18472800
2309100
12941700
15948603
3759070
18740602
4242142
18364716
6658800
15410752
17881767
4671639
15625827
3973578
10792092
17986820
12349160
5154432
161076
1395992
9342408
11704202
10415666
8643768
11059522
644244
7838156
9878224
1879010
8052900
11005425
5905350
15997832
3918786
12836212
14876562
107414
7303472
19172685
9345888
9345888
12192624
9828930
14125730
10849622
3222660
18515805
7513940
14169408
2576256
3595890
6654460
3595555
16743480
7298440
11786500
10018525
15001000
5892920
12267988
2410740
107132
8302730
8891956
7552665
4070940
18052079
14998760
3856824
1499876
4338927
15084080
4401842
11648126
16956876
11751759
11483454
3863592
16097400
12555972
14434002
16902585
10678141
9497643
5527289
17440475
5795388
15728240
12507440
1878800
11113002
12132810
11059522
11865269
2093481
14708320
8266720
8911212
17714730
19218156
1610460
17607696
1234617
12292033
14063374
16210454
17552379
12345020
2898396
11861954
5260052
483066
5796900
10788675
6870400
4455025
2147040
12235848
4078464
5697818
4404220
12621850
3437824
17565132
1450332
5264168
4512144
11548295
12729981
1718816
9453312
7519820
2255946
16534672
18466952
14333361
8964393
1556633
1886
14386776
19057110
6066066
5020
1772100
18741300
4886882
9523131
8339465
645660
7532700
8018137
2529493
1076320
14583865
8609440
3605203
13290823
53810
10116656
18618952
1614360
9094397
18242607
14744762
1883665
14746406
13776896
18997048
538160
11519406
1668699
15770725
7643150
107650
9957625
13725630
3498690
4144525
699725
5437133
430664
6190795
13297245
19111780
7052385
8721432
9205614
5060584
8398728
6353356
3392298
1184612
17985566
18144754
13351824
1615110
15828078
6998940
5383400
10875680
3500640
1346400
18958368
9209889
538590
18956960
7108992
376978
12601836
16695360
13625568
16695050
13032910
1292520
8132256
1616310
8027971
12823202
13741185
18321580
4796833
13635941
8947068
11859320
10619482
6576288
5659920
8678544
8732772
6468960
15148710
16120286
1272
10729881
808785
10298529
6308523
4475360
6470400
7603284
7169764
9165890
5175744
2372216
18923463
14228808
17518475
9540831
5066976
15200928
12021038
17788980
4690170
3180218
6198730
12452286
14980308
3180572
754726
13585068
12992069
692
14287475
8518096
16550984
6145968
12561729
14232504
11721472
10533120
9239814
10971135
540450
1783518
17889226
7458624
16917650
4811251
4378779
3081420
2865180
13893420
3405780
4432920
4162697
11947481
12606232
2596992
1082080
18935350
4111676
7940352
15232512
16421168
3673020
18095025
11342940
17824290
18093350
7345360
17715608
8209672
13448739
7669562
12854618
1404286
12746596
6373062
16256709
11719953
15405390
17138288
10272160
1243472
14164506
16976096
7623024
5676720
8053450
18540865
16216500
10648638
6972966
3729726
16108092
4161927
16377453
8702050
15944750
19403950
6053600
17998650
15728841
8809498
8539268
9998695
17295680
15512350
11677608
3892536
2919294
10217529
14487008
6432307
12647700
9675845
15513211
16108688
18108760
5567768
2594544
1459431
6702448
6378018
7891446
8377595
17729384
18269576
9458225
14484596
15349348
18592168
5404700
10160836
4268923
14644027
9674055
3242700
16638468
8157020
12801792
16528896
4969288
13719556
2646686
2322559
12042892
17603674
8261694
5339268
701116
5338971
1943100
11334750
13979784
2484000
17010000
18135936
3724206
9230067
15977192
5884147
5228494
6953487
4851180
15685191
3934773
10025772
53920
13639483
3935503
970398
2102529
19138760
19300496
6739000
9219123
1293864
9811620
7925358
3072984
8572008
10512840
6901888
18657358
11863060
3990302
10838523
15152363
3774610
16176900
809130
3452544
6149844
863120
9710100
13700760
14132018
14401980
18560176
10359168
15322936
16294410
6427547
11180691
12961440
2642129
16041638
17280072
10282294
11843480
6137076
14696682
8505772
215336
322278
7197140
13964600
12943387
17239947
10470525
15141990
1825596
13530888
8322570
14228910
12886560
13047642
16161894
6121458
15192289
1127343
12240408
17664339
8268414
5583760
18521325
10307520
17339932
7945676
536870
1449441
5744081
13313880
18038496
14549177
14173368
12024768
10467990
483138
17929788
1395732
9072427
3488290
10679534
10035355
14489280
14006304
1770912
429312
2307552
9283872
7405770
9605856
16796832
2575872
12128064
14113632
1341600
6493102
17601136
12396846
18138094
15261592
752318
7254630
12574692
15584020
10586386
12359280
13056876
1450737
17843672
752472
10695852
9567144
11233332
3762360
1397474
15210967
806220
4998657
18811800
10212120
4674249
8918682
11443851
14613744
2471442
13108656
5479848
11873004
11980452
322326
11281200
12355600
11548510
8325670
7627246
5908430
17134447
1503936
7673523
10679335
268325
12557610
6547130
15616515
13416250
3112628
3327292
1395602
5797224
17284316
14170200
14599600
11594016
6709500
16854264
12237900
2146600
11967518
9230552
19266094
4937088
16635840
11215776
6872320
4671987
6507501
19307379
806715
3872232
4797367
17975880
6296940
17655912
18786321
9420250
8146908
423216
105804
10157184
2168941
11135
62304
9096908
15023032
4390617
6612375
13489245
211596
43885
10316085
2116120
7667890
12797444
9412996
7667890
8038064
12585440
13378640
1216240
7826240
10480
12373920
174230
475920
4970720
1163250
8460000
2855250
6926625
3595500
11632280
4547164
17236924
7878226
11579406
845984
10627674
17925642
14168356
12951680
14797160
16329723
15854100
7398580
369950
4069450
8508850
15696747
15273650
16065488
15536724
10728144
11679408
9142704
8401560
9881080
5918080
10356640
16697440
7027720
15954056
9350556
10828100
18115888
10563200
15370911
6866730
3115908
4700268
15262668
5756508
5388864
9615424
1638
15216192
18718104
2749552
2220666
18875661
10363108
2907410
15435120
10465686
864
12685200
13638654
2273109
5127711
15330270
6237834
17390940
1691712
13743860
12792604
13692812
10762836
8546958
3165600
2479720
4379080
5118011
13721240
15040875
18946225
17626516
15303880
2377125
8029248
17803036
3592304
2165907
14738733
13946328
14157636
10879272
11196356
144
157200
3696910
12089826
5385090
2798241
18478950
9450663
18056916
790185
10270260
3739570
17222436
12060972
6109488
15905736
18492084
5108020
3685850
17007565
18639870
789825
17269856
9898576
9787506
13681720
8788041
12417612
10365549
5839599
14309648
11153108
421352
474192
17018224
5216112
3634713
6479271
15801900
7635845
14744240
7900200
4898682
17172050
3529158
9270624
6057510
18855144
7583616
6267016
9218125
13537475
11272450
8269975
7743225
7743372
1790848
14537748
16065265
15116290
6952572
14432402
7374220
6057395
14666472
7095870
1523660
2679489
12346665
15078693
11559020
998279
8354337
6909
11034240
6883526
8302110
8144320
4255578
7775624
12954360
18799620
532
157989
198600
15061904
4687007
11323190
8057898
10164538
8057898
7162576
684645
842640
1685920
158055
5373870
2107400
4056437
1370018
10327828
16649092
2897950
6637302
15065622
9533813
13431615
13273596
16855360
1211663
13591956
5742338
8591404
18553216
3320604
4111302
5956117
1738836
7798416
15649227
10748964
12909295
16491657
3898986
11749647
16544346
9484380
14068230
18651198
5689656
10220308
10431036
7322798
7476
1527720
7691280
9850599
948186
6479394
11431126
3266036
8744548
12800754
11852325
14172265
1791324
1264344
5372544
3107648
17645120
8796224
11114425
18067525
3160620
17752486
13538246
17435756
6689852
1948975
10170521
18391253
10013000
6164613
5637723
8693685
12698049
10327044
13066872
8535618
14384097
15122891
10222636
6639444
5690952
15649821
4320826
8799731
8008424
2054793
4583769
2634200
6427448
17649140
6743552
17385720
3108356
4425456
9167016
16964248
1422468
1791256
13487104
14329232
5321589
13066872
17284288
16757964
15810000
13333100
9644100
1581000
4163221
23850
10224188
16126812
15494388
16443024
5955326
18656508
10118784
3161580
10960144
685009
14912402
17811924
13385292
6271062
4900449
6686042
10739580
11476610
4158955
9949905
9002295
11898222
10108224
15267630
5370198
9792714
12741058
3632781
12470940
16838400
12312144
8260712
6471276
11627252
13205612
9567012
16400592
1261704
4626248
2365695
17979282
5309671
2833488
13747664
3095022
10124394
4458930
2570491
3567280
5508300
12800240
15317736
17625888
3462096
6452088
3466980
16179240
16547265
4675259
5989788
5254100
17969022
13031160
13031160
4308936
3310524
6568125
3733606
4259547
16617176
18194756
105180
1577670
13779366
5680044
50934
8993745
7626275
11360304
7152784
2208948
18092336
12149214
11097123
3050394
6048195
2314092
13822754
7463236
4414872
9460440
2577988
2946272
7628160
10835394
1157200
1893600
13465600
9310200
6679819
7363580
14203080
12204360
5207895
16675785
2314620
41792
17620665
9835826
13201345
3155700
2840130
5154310
10624392
9256896
9468180
11730023
473373
14464450
8626072
8153000
14015540
16860800
2265670
2845260
9324537
1738473
11273306
13695760
109704
7269288
16382547
7269426
13643343
7848575
16909959
12116170
9798294
8797393
7850065
18283430
5269300
18547936
6533932
10891512
368249
3942600
1366794
2312992
2418220
9883348
17927734
1366924
13090926
8569562
1524588
18347279
2681121
3154020
13877688
6991411
18659865
4940922
9671592
18817912
6149871
7231140
15587124
10337852
13712384
6321614
15911181
7875231
12105916
16015935
9320832
6106410
13712640
15641272
11838086
12480878
18157857
12747994
14622153
8998248
6946160
2777892
17251107
534090
10948845
10094112
1602240
373856
3418112
17731456
8545280
320442
11856354
2990792
3471455
14046041
4058932
2723757
10627794
8703059
2669650
5712944
1228039
16178079
2562864
1708704
9665038
3150482
8864068
6301200
320400
5340000
9398400
1975689
17941392
9877520
3417088
4592056
16414369
12406432
15453697
14704800
7218585
11977504
5658598
4003575
18581460
747782
17946096
14314148
5501333
13566394
6943430
480771
16506162
7478520
11057526
7425241
11485300
1549180
4861220
13779780
17198342
427304
18427485
5715191
9296124
427416
15921544
3259047
6785229
17844952
320568
9349900
4755092
5396228
3259108
9777141
17609130
8644968
7150776
15849108
14888556
11169796
748216
6432
10668
4703424
10368524
8016900
19187114
8336796
17101120
12130653
2137560
15604188
662
10580922
9779154
15818240
13734080
16352946
534410
13627455
18971555
4435603
7855533
18117177
12985434
2885652
10847914
15764505
5985168
11275840
4863040
2511727
9993654
8283665
18489894
16886724
374129
4702896
11596480
13466880
534360
2137320
10417875
13784424
17791524
12288440
10632371
480861
18379576
3686601
14105256
11859684
11540664
9403504
5022326
2993984
2887380
5289471
12609480
1870050
587719
18002877
2510834
1282152
9668115
16185654
4647105
9401568
7371684
5822453
12552760
9813432
