89676
109720
7605
221390
52452
83754
181044
98865
43888
188212
272612
272289
196419
109720
221709
221390
246740
226192
190744
145168
234632
0
213690
258942
46090
32682
143298
255590
56984
206148
58660
133401
110748
222335
45468
9251
88200
294350
18480
83358
238286
115628
164190
109330
269961
123480
102480
243049
250618
267438
250022
256200
152040
31958
201840
175351
285260
262607
163800
296520
38640
271320
183120
266280
112560
47823
24389
184179
211932
18634
297297
104181
193505
225615
149919
120835
207025
163085
269555
82712
278190
90201
213279
266072
31958
272484
122786
105966
202440
180600
227640
105840
216720
47880
271643
188384
77096
55440
26880
262392
245572
184398
153244
186082
222288
112828
192818
278702
5894
208816
195953
223706
15979
141288
85042
250916
155770
152402
197870
50640
213532
233788
109720
41356
94528
33760
105500
237726
241110
167310
196040
112518
169000
51545
220806
272935
109980
184428
99099
33840
170046
237160
83853
224455
230112
170892
23688
65988
194580
232650
247032
136206
113364
183582
256035
112385
215475
154818
194580
109134
190350
272734
178506
89570
192660
218010
178295
81965
53235
115902
93060
15210
282230
0
86394
94864
228995
289835
246740
132351
120549
235197
20232
293016
72412
291332
269961
156426
294350
85042
122932
289648
172610
208320
178080
156054
150360
204960
169680
105588
220080
290490
231550
250916
183556
85782
153903
117740
263233
75690
204363
235480
111144
185861
19297
274353
70476
20975
260929
41850
249426
170748
99722
233520
235480
119422
297714
275848
59782
258494
249232
92620
237726
179559
96945
217494
93573
180188
165874
38732
65676
210500
60624
133878
107188
178084
287
348
269346
79618
124362
269346
10164
287980
243072
170690
98136
172584
74360
66676
139260
20256
71825
118300
233220
118300
109005
294060
268182
149919
281204
65219
143820
232650
126900
245895
297440
25350
12675
65910
81216
13552
55902
49619
142970
15922
20088
297135
270351
113696
141284
121220
268356
76076
137940
114395
283404
37620
19228
285076
23436
174304
39386
183303
235197
250263
2511
122202
218718
247456
128744
182466
10881
15084
69471
49383
78678
35154
57753
205065
132246
142956
272862
221805
18392
135270
76076
244948
276716
233523
216204
228790
43420
11704
141950
245490
70975
32565
199206
146475
136431
272025
123728
186205
15865
54210
246030
172638
95076
175140
183872
225472
203840
11648
35819
62475
269059
201828
264378
147618
110922
199565
167835
145290
193488
119119
62475
121618
21658
89964
169932
144109
11662
165369
68973
266240
126464
140608
291200
170560
118144
214656
279552
199087
49980
159294
15846
290232
144109
8330
236572
42483
125179
140930
261248
241280
176790
250660
220780
92130
197540
191961
160383
203595
145425
86528
43264
12480
100551
160190
31540
133630
214970
20750
283371
164971
91080
209231
219184
236736
101804
80556
39504
170982
220832
140080
6608
246675
174075
221656
84872
4110
75624
118368
96174
41922
48498
33702
204104
264684
60006
230982
52544
83742
250405
92886
286056
65760
170976
31160
52480
63960
150060
168305
197620
4100
180400
127920
191880
253071
201474
14706
119952
129585
168705
164630
163000
23664
115872
81700
65360
186276
33497
35088
129267
95121
110025
238502
236874
228453
28490
126828
30894
175608
39837
202188
193018
213840
1620
70470
13770
279795
19464
4872
272832
198940
156716
141925
283850
30818
237846
241082
252221
170100
185490
164227
24270
270540
88290
93035
121500
142100
86884
99876
89320
5677
82722
162200
166135
