114304
105656
103024
107160
52640
41360
107536
5264
72568
79336
72192
30586
126447
97726
105186
123836
19023
14920
36927
83179
70497
103321
91368
51512
17625
126750
108000
112875
14212
54230
95744
41888
64875
88736
95880
98356
64655
105860
1780
56280
3070
96145
640
11725
40984
71440
7500
72375
102375
79875
23625
66375
101844
18081
738
115866
7380
84132
57933
25323
95787
19818
67528
94743
120009
21653
104228
102393
114137
19557
111069
87001
105412
69673
18050
10108
2527
103607
119822
82140
75480
59570
5920
89540
34368
20020
16744
123396
103740
16744
24752
100828
47684
112476
128128
3640
119568
134232
54144
21808
94622
3740
39432
114576
25668
113088
40548
6696
8556
69751
105186
27229
41776
93250
22380
67513
80568
92131
132788
4849
51474
56696
7833
10098
47250
104625
12375
9750
37500
104755
14235
86140
22995
101835
66795
87235
108405
22995
98550
53655
74256
124488
119028
45136
25773
113982
60621
85305
74415
62640
21240
10024
46863
42435
107010
6642
64206
100832
79856
52992
90138
20272
73486
76744
23892
29684
63350
121968
100914
78045
47916
83490
103092
24684
10136
64798
13394
73486
10136
69866
75808
107456
80592
23184
8464
55568
101283
100170
54908
97202
10388
18550
34132
63812
107219
10388
113897
37471
85330
52311
107748
107748
132471
38007
102213
30627
1107
11439
130995
115128
111069
21771
46746
128366
132818
21518
97202
29680
70861
66038
18921
98315
27676
58561
0
88028
96309
46250
79550
97726
41776
52220
99218
69003
109224
59248
119600
36432
127328
76544
59616
122176
128064
108192
131733
124722
57564
31164
75072
30912
11776
126960
98256
8832
46736
100832
104144
35741
99589
72176
9315
91770
35190
110055
57270
8625
101430
77280
70658
88494
33271
85750
7866
3672
35910
11900
350
78475
43800
19136
42688
96048
368
90528
120336
76912
114816
123280
46736
71392
115184
40480
73968
37904
61824
112976
54096
38272
47472
90160
110400
358
80142
94943
107217
14440
85918
73644
102524
63897
21299
80503
7581
104755
118990
71905
41245
86140
128845
59130
41245
5888
54832
93104
77648
7707
79335
59616
54464
36800
88320
118128
97152
4392
120780
50874
103578
5856
131394
27816
107238
17202
111996
8052
84912
39162
30176
13727
107300
63640
42180
98050
75480
12950
83990
85701
92256
113088
81096
14508
108252
0
64356
27900
117180
34596
52824
100068
95976
30876
120528
59200
106848
103880
71232
71217
29520
57564
108117
60680
58032
118932
120054
60962
93500
100606
66198
95504
67304
63375
376
120696
108288
49731
67500
36000
2250
112500
55125
70312
32336
56400
64672
93248
83848
62416
71064
33088
22184
98512
95625
131625
118500
43875
61875
35625
14250
77625
83250
44625
130125
87375
66572
121924
57222
101728
81687
104813
12177
83990
47730
17020
102202
54085
133534
79822
91758
71243
44640
124992
107136
78652
128043
112176
63099
3339
1484
67522
113897
104993
75516
62868
108996
61008
84816
82212
78652
13727
4823
24486
82806
44014
119360
126074
120106
59680
114268
23744
90895
51198
105364
7420
62699
21889
28196
56021
104622
90650
11470
96921
23595
38478
101640
81900
65520
87474
105696
112302
60922
26791
106506
49776
105042
127002
107970
34770
131028
30378
121146
92964
88206
44286
113826
96990
126270
113460
50540
94582
27797
116964
105051
114192
129930
113094
102750
42375
33750
22500
752
21056
18800
96632
117312
0
33464
96632
80464
75200
122576
115056
65424
6768
59032
59408
23312
118440
130096
68808
2256
92872
77456
89792
40848
13616
48576
32994
99684
24921
8775
75465
77220
37206
78975
122148
31590
60900
82950
67200
106836
17748
28188
2429
308
114840
33408
21924
17400
103008
7308
72384
116232
116580
113880
109500
109135
94170
4476
69378
56323
62328
58247
64925
45633
3339
117236
127995
56392
9275
44149
363
123032
101192
15288
27084
91866
71736
30744
39528
96824
104832
32760
75615
21300
119635
12780
37985
67450
124605
126025
1065
52895
104015
39050
99400
15265
100110
94075
91590
65675
85555
99045
27335
100465
109695
124608
58764
37878
27258
97704
53400
83304
107156
48416
1276
42720
33464
94900
105924
127764
32760
44408
75348
59130
120450
50370
61685
66430
64798
91948
47422
7964
123080
90500
7964
12
100998
114754
6154
20634
55024
97378
59778
69372
26199
10332
46125
24723
2944
85744
39852
31734
114390
10332
104622
46746
51940
91385
15293
119733
122717
9325
7833
31332
104067
68632
63410
126447
111527
48000
103125
118500
101896
97760
13536
53016
110168
81968
81592
66552
1880
130500
21750
64875
69375
69000
91875
50625
24064
106216
129030
5610
26928
17952
21318
87142
117436
124916
48246
107712
72182
90508
31790
25192
92120
64672
16544
52264
27000
36375
51612
93500
63580
119680
69938
13090
48117
132788
43778
63070
106106
36358
20776
1113
54166
127253
12614
62699
68264
98686
35616
83104
39697
92008
52125
38688
80724
88908
49236
60799
124209
2238
3730
131296
27360
36000
2880
24480
93600
77478
26404
108225
70384
53120
74700
1950
103916
49800
9296
95948
210
50132
26560
30876
75364
6308
33200
35856
92296
4980
825
71048
314
65404
104912
35192
41832
92628
2
91632
46812
69720
26228
118524
94620
62266
68943
