16093882
34199316
22481100
20184648
9493350
11691927
17589264
34289024
19891642
19963800
18292131
9791376
33567408
7692377
27072900
6793132
24049872
17564800
22258968
2760380
71808
31449600
27853407
34745016
29425070
15866133
27948200
25653483
9582240
30508506
31507096
23426915
3592692
2195512
5290672
3093645
27311625
7082463
2593370
1196988
6593202
8483085
17271282
8784864
13986980
1197660
9978900
18267243
9881982
9078888
10071215
24722376
16658751
6284439
23450415
6178300
11072028
20563126
29826147
10574348
6086092
23216353
11648988
26281728
22130070
14066160
5595184
13369716
20850049
9772952
1686315
4286756
14557222
9177828
18050406
99644
24317040
33193773
20429275
7845569
22288224
5387148
7082179
32814789
10573712
7878986
299106
22931460
12262977
6270264
31613652
5760154
11818366
11421110
23435508
27890093
2481550
7146720
23630544
35247950
595728
30615508
14765751
2277414
23342052
17054167
34127710
6312512
3058770
10824681
19853200
10785877
6960100
18989220
32316408
35082905
24751347
10716084
395960
17108668
23725030
25024951
28102428
2889357
6083042
3686680
16426410
23198645
22901100
23324455
8722032
30991382
32495944
1684683
10407075
16777137
22644732
27030000
3480365
15697300
15995833
28613376
31593936
15201621
31115956
21438216
9126
3854994
9173427
34637733
31484024
8507292
1384012
30596253
14853750
17989632
26055330
28867566
27881726
4071751
27529645
0
197600
6916210
3253239
9166080
15369120
5611593
29142384
15955056
3348626
0
6105264
32152076
17568
26571240
18503524
24702918
1378160
21558141
34353117
295311
25646121
20538430
19075632
10913631
7787030
3158336
27535626
20655888
17922814
26394018
25545190
17508663
209
28593082
23375328
6537630
4255667
15152814
7619304
20878450
16037190
1880677
25336832
791968
25933022
17715988
6629985
15243536
35453098
30009120
1188540
1746774
34521676
22404648
9139110
5401385
0
25679073
34309706
99201
6157034
15089778
9467904
16740070
33125118
13986918
24718977
7534260
2675916
15085544
25245765
297090
24070608
28822968
16737253
5816928
98590
18145344
22347558
11495948
22710617
34608236
14879250
1585984
13484672
9915900
23821680
23367304
25399296
8619612
18522537
5747278
6839694
4956050
30834095
31729280
14673016
8134154
16503222
5864305
24139863
9122812
3269079
497360
5967840
19295822
17404450
195798
5572000
28257148
23877360
32830710
33070520
1693404
30082220
5786022
4284219
2995170
28661472
35519900
11471365
99748
16670274
18566892
17738412
10258388
19761588
2999250
33326941
1599984
8992710
33588576
15689010
20199192
29491740
14022591
35895333
5499450
11099334
20194950
28879770
34485510
31574088
12293727
29986800
199642
3867552
2096850
33832539
1098944
3396736
21356772
18240891
11083350
10784772
19679118
12586644
27772756
26982990
21886641
3398130
27581508
20278888
33091725
28491735
12665964
30609742
5186532
5891799
29593192
33198672
2099811
5197816
34569552
35583980
28253172
12798720
25098745
4799808
20198182
599940
22897481
11600000
15585960
35185568
12293604
27385752
3597300
17789498
34575434
27880191
24857172
29448670
6088654
18767664
1297595
5190068
34329136
3096497
2796360
8690256
12783616
3086794
23445480
5661183
993240
17674866
24171939
6863361
13159740
35532360
14759596
13754460
25126948
10924760
232
298995
230
22364100
10437105
34166424
18671032
6554526
7638785
27482555
9514656
31080348
396944
20208648
21672756
21579561
2277375
19403448
11660288
2478298
10864480
15544152
17652033
30114232
23225440
15050321
29203310
29602881
16047353
3986320
30093998
5173740
28255444
1791018
14522130
9590681
21892039
4284047
598242
4287100
26424475
1894661
5685123
20845451
4786896
16342108
9767856
4678051
31937895
9053772
32092774
10963370
21061387
399196
14360832
28130910
30750104
14073351
7786272
28406805
29979480
34654270
21542023
12820402
4037844
27929696
30364503
13071373
33312174
1474620
32205276
19132608
6879990
11664549
18243453
26125592
16936590
3290463
23839533
29935200
21944560
35785479
693308
31201380
10003646
22513179
33247200
3070085
24408370
1195428
4881772
7671356
18328608
26460234
6432205
22158528
11131904
15394256
17437106
16082055
20077996
6140736
27597594
26518912
8676966
876465
33071484
15491370
12571308
26313390
2046114
0
6617352
30398160
7559321
33623376
5559792
26971248
15567963
22954932
11639511
23283702
12039984
18778851
35463666
8708027
9045459
12272652
29128281
25541070
9654183
13159125
1882881
11608623
28679260
24032700
21551916
30805320
12115088
15794742
33434005
29625453
28623084
26812037
7474725
10860106
31063344
19030476
28809832
10565550
17939880
1694883
25917822
14996867
12828534
6762328
9433785
3869307
25936353
9141396
1088923
596040
21071316
497915
26320800
8574888
3720132
31017585
3988640
9078706
8616045
2379216
26874983
32555664
8292364
12387972
199748
12594204
17679999
3799582
22100000
29593488
17696991
14598832
21098945
6099939
15198024
10993400
33238062
6893790
15391068
3997400
13786614
8765120
674121
34382670
5104377
32938362
5627066
398932
23853395
2993850
27397700
1296165
30802665
32903640
14343840
5776742
14443595
19352082
11669346
14236390
8477560
9146088
34819750
27639316
15509988
12126190
894816
1590752
27750456
32060574
28270496
33335180
1890424
26982115
35282118
13154328
17738590
2890401
12459125
24606387
9655283
24296056
15728268
3681241
2887878
35624673
31832053
0
17865274
18424150
16792178
7054205
2484100
6162676
32609104
18511464
4589880
27641276
12274908
28544516
599106
25046362
6471150
34553982
399080
12261993
13441275
34051230
16228769
4181604
11652849
12049422
21919480
2292180
34566840
8874813
17854386
1048047
36108
12281181
18572844
28211421
35787274
22929160
27123024
7886491
12279951
11880008
1497360
28346892
23162648
35344776
33856947
26166726
10485195
25767750
26457865
26437725
28509624
11165056
33045716
13780956
33056970
23870603
25550080
12174868
18835362
6956460
17600349
21143396
25501696
7171272
19820201
2589912
27761616
26468064
31184816
8870719
18712204
9556800
11448020
14132550
23950320
31218222
8081289
14263821
15462955
34022252
35626101
15247215
1991940
5575976
32893080
33706712
34904100
34967328
16167612
7849598
15310988
29446376
297891
2084145
23818320
10322728
7246491
7173936
18116462
18196788
21478608
23269896
14416190
14401110
12904840
34438709
1886928
12728704
21303700
497750
9151608
32030628
8752128
23879280
24074644
25842960
24528335
24208948
3476480
5665914
2179078
28816720
7648102
7450432
34115484
3424715
19870452
28852180
1762038
4664609
10325432
11424905
7554780
16501562
29420920
10665
2683746
16201385
11434450
18151588
21332376
21732638
18423587
16605342
26717880
31677116
29384432
20079393
10658480
9610352
3995964
28418174
25619291
7656
7065565
21274168
24161733
29130353
14040498
25396470
4855655
7133256
23326240
13246302
19944470
16429186
10893960
4542776
3654009
4738032
15796960
35442275
9048660
16372580
27391344
27312175
792808
34522992
11324304
13714578
14410535
17415650
6968780
3185856
22300992
2390424
20418205
3187136
20282088
24161247
31024344
9450505
21614264
16320132
5769550
27797328
26993768
26907930
27112144
1594896
34425825
26805581
23677430
28646208
3183200
6161684
12422500
8268377
14080294
25408512
20936475
990
0
16000985
6469580
1985220
31395363
1688168
16624104
10390800
3364504
22783570
25996383
28085508
19619230
23901360
21610596
10864357
497370
34626348
31512970
15064720
8819633
594528
16065864
28805508
29703300
2869318
28230755
31499840
27635507
29712572
20662320
21222865
33755742
32528744
20325955
23797440
20894486
396024
3663999
25993544
13145853
30931028
11841600
15501081
16836120
13171389
3656044
30832464
6616652
14022926
22113280
24219720
6325248
34654230
2663604
32065150
10756665
17378416
12145635
23294616
26144900
16772370
7716540
25254945
30971976
34633550
11476228
11079376
29465048
18884170
8797739
2565680
2170586
7671924
11798880
32244040
3933320
15438281
590070
29868000
25712418
10106051
4243541
23392137
9769518
19453750
31207528
27450832
296274
14183568
21556170
492655
22759506
4040960
6800847
16656809
26114955
27755286
24375689
30009968
27263832
1871747
20096244
7576723
4935000
17267950
30229062
29605200
1183092
8872290
13675760
13286112
8304840
28219968
27839952
24097914
16671220
34129056
2157232
2160598
34875910
1472790
35273186
11111177
21929597
11794560
17873492
18268362
8054286
18374807
29673916
12861940
9498240
32977490
24566340
26169015
3712
24488016
2667411
22517280
9278364
26451600
1579328
10068420
21317472
10164761
33257182
11351995
31687194
15310435
30822480
6908868
15455754
28676655
1944200
20983968
3092576
5508024
18991488
5638269
10871630
19109123
8312472
34666100
28328014
7129440
11683298
32273022
35214310
24652467
982200
5358744
31851546
19042560
19535505
891288
25133660
144540
9218610
20905458
21698301
25003737
14349172
19583800
7742158
17060526
490240
30200940
19346778
3127776
32751195
6075136
4562352
3703713
31186896
329160
14690214
30808386
27036800
34077304
8355480
1152804
17394281
14800478
20810088
31737090
13164340
34061848
27053481
20018806
17204076
26476524
28749345
494130
33576360
30809064
25393914
19610000
12358458
32966976
6713562
27340738
31317076
11637962
2449100
12541440
882036
10093691
32527700
13322070
5328720
9976376
493915
23213300
24099768
21022556
31730240
2279162
15066240
28952092
26334000
19608336
25314048
19186988
16445559
20254416
32789436
15472290
28607670
16353456
26288248
10382820
25751565
29670172
2956710
11956615
33796098
15912113
30803448
8295336
13398856
13694419
2660499
32813154
6505620
4632320
33516520
1183596
3149824
21206232
9262196
2560766
35001920
7472320
12482449
12490958
33135984
297
12239420
14409616
29833070
33341432
20779920
17036348
32481512
17825580
26153688
23227165
21942702
22217850
19267560
33591320
6917260
1284946
7511688
7411500
27571338
21550608
0
10379250
23669365
30102138
23886171
3637174
7666776
7568715
34414450
20663160
7193858
29826108
590562
8169773
1255
9439392
10682064
24528192
26992875
12263848
2964810
6730844
30067120
2373528
23557240
26295430
29649600
5336874
23987745
30488920
25239900
12867140
16418728
34243966
11872920
11179994
14146561
10397835
15056664
23845263
17611854
23748000
6821961
17497335
16107008
29083950
21283925
22800590
16010008
16222848
197708
12307372
10025765
8735672
18966491
1687760
6954500
27475076
35603466
1093389
18689456
27961186
33931546
30848100
35447988
2681478
2782920
21563507
9643061
33291295
27602898
25004448
8727576
5062209
3871179
14031474
21628824
30386845
24802392
18824778
18922290
16458915
13459905
32376175
14945700
25908480
12745472
24485364
5478880
6970880
10265701
797632
2492675
25902500
10774830
19110975
10378160
20756736
15269400
12275154
798056
4389264
22441725
4083395
11944440
6768924
4777104
6269256
27993858
27101802
34742232
2897535
25774458
8891545
1299194
24246783
30929320
32986470
20674953
7290072
15561468
10372232
20169094
10393344
31291862
30293031
13299734
10097677
31639453
13896386
22677300
9587092
993
33122790
15816960
21353544
21096544
1691874
35431968
4181604
21609294
22137210
29287305
21965900
13473135
30190617
20804905
23720984
24718656
18938250
25040262
22247149
2094897
24740976
20451210
23882160
1791414
27998559
27016532
11169872
29200087
19555704
27932800
33735780
11677887
23923920
25732146
6381952
697683
4385964
10965240
9872874
18063257
15975680
2695950
27261780
35352320
29946189
22652484
1494045
3856125
1087152
14435604
2175954
15330275
33427640
4889759
30470415
16482345
24076864
17499650
24499510
33792226
32390280
20088744
21689367
14187504
6693970
7299562
32899342
29399706
6000000
8497280
8397480
10099899
199998
34679527
16899831
35800000
5000000
33294672
23398830
17292561
20979420
1698861
28673022
1997800
27893583
98149
16792272
13699041
33097683
23693838
12997270
4099180
28000000
4699624
33997280
6099878
18098733
33989460
2799972
4899363
8896084
22590960
12196340
21997360
29693169
13093843
23098383
15800000
21098523
30797228
7899131
3396770
33174436
23998320
29588160
35291881
1999380
29197956
13399196
34298628
200000
6199938
4898726
5999280
30094582
26291584
26494965
6398912
35182048
5199116
34597578
22397984
399956
18997530
24497305
28093256
15681317
23679855
29874884
199832
27880470
26188734
28297453
13998880
12895356
2399616
7796256
3798214
11792920
10684164
33996600
21395934
17995500
26992440
16596016
33100000
32696076
17997480
21894963
5996100
13196040
24177010
30936140
11088123
32843412
15893799
28879192
29078757
17678760
19459468
2193862
20750912
3996680
35466630
10720296
25596696
20877637
18478540
33210423
16660254
22061546
19465680
19647204
31253989
32755720
7679133
14376240
4791456
26044890
19022784
10701504
16248300
29825187
22568580
33263490
14101878
22444286
16783390
25715118
17859546
99788
27205542
16744056
16856736
25248060
33079484
19618048
19706544
27575904
25465344
19892800
15828291
12300304
28069355
30648165
21615587
1494195
18610240
28366335
21704298
32945754
15024047
18766944
19315804
9992334
13448904
20904048
20498608
31342080
7010540
35044535
22986848
34334376
10359405
10754049
7277604
26052415
16745170
13010712
22012854
11402020
4362688
26495552
3288
23749440
32962126
5810910
9356455
29142088
4441185
18939456
11054064
14702724
9794565
24066963
33098732
24827000
20562552
28232955
34571940
13498884
14575188
18403418
20170155
30205730
24905573
25189920
6025946
17979598
29970639
20544
3852537
3753944
29728867
887787
23882980
31074750
32711628
31510400
2676645
15478476
1386714
14655404
24010344
2074086
15912113
8299788
7117056
25514060
3815136
27806156
31400525
28902835
25438410
32824660
10204302
28825960
5050812
3012115
22443036
25666170
10839039
26357940
9111675
33125014
28179294
35085790
8589657
2124672
10044112
20738745
12311092
9036937
26043575
29492762
19207553
3779176
5755340
35174148
19155636
21250414
19940004
30594708
12860380
33405050
25460319
20782594
20589120
4003230
31142100
7643889
2734323
33669999
29939733
30925339
11952501
1584720
26149200
2278449
16775090
1973580
19694000
31510400
5743160
12658560
13746405
10579411
28575453
28670270
8312724
30944119
22276128
18853510
19446336
20781497
32712799
12633071
26166180
21447626
28557375
20964281
34328880
28760413
35043360
2089773
29259762
17222520
692013
9694258
18497666
20874863
18500658
16618224
25421926
4055802
27057525
782952
17539315
34733555
7894000
33790626
13542998
18666740
28714112
4916950
26854737
5705286
31292790
9757440
31173084
28789448
25042622
9757143
13206638
5223945
11239944
2077047
32747816
22054031
4747344
16707002
5736548
34541926
5846841
23972762
9024561
12693120
16957215
14974066
27556472
35581208
16440806
20697061
28905956
6145688
13978458
20232720
11802777
23422993
1204684
11954043
27720882
18857120
20626320
35602748
19663380
14776479
19325280
2774212
33139480
2878018
2581280
6318784
29810420
10516880
15579703
15954846
3847720
9435020
29993432
22443156
31486342
18172998
23125949
30173520
18463662
31374060
14981465
32958968
26459104
9770310
8231916
20677789
7540841
15696321
6136388
13766282
7820052
29427948
26751870
30024256
13925865
30088400
21332085
20041834
198352
13065096
30687830
31349081
10594712
14749659
30067510
20897476
25237248
2956980
25533515
6309056
6110844
9166266
32822811
98660
11741373
16784950
4531598
26912496
6792153
23182516
24663009
21963792
1282723
25062942
6137442
11675864
29291864
6136698
4654645
6250734
25853355
19995576
18605044
13440336
16652753
10171200
27484800
14236100
22093200
15123262
24079042
25833720
10862460
22407421
23093072
10364892
4009103
22979240
5568
8214108
20535270
3057809
40
6603788
17446182
14785800
5715320
21573252
20150
19680000
6702148
8185045
3551184
30964109
20354528
27430998
24437333
28926245
15370656
23315850
17197779
23169136
422280
23329620
20047352
9418363
604394
27750717
8491726
22929952
14632020
28580668
14282304
34769055
14786222
17324760
8401254
10868787
21940576
2546674
356
33579195
7595796
29839590
30626347
32197728
8949668
8459304
7378950
18214360
10432414
8562888
6793326
29239056
21058884
17814201
10123252
17110290
3149760
1279590
25099140
16416072
25510782
33578628
13471072
18283920
31031678
14132547
14524041
1086239
11555037
23749345
34585434
15197028
19547550
1685
18666740
34853900
19819806
23962959
15455237
5708708
1279499
9645552
6490242
27931116
33142265
29890344
28311115
5355336
7797720
16342260
14158430
18662994
34078755
4845218
31547186
18143901
9230622
26719501
20956731
22048374
6843144
30753240
1586448
34635300
14551236
23460156
33374121
27221150
19886337
3659263
26103792
30059824
7517312
11176039
35450891
24390756
1279070
30795444
30753502
24265033
18666930
7663032
20606250
15221465
30797009
26562870
5623620
23758744
12224168
13190541
9217974
26360334
24268965
29469528
10005565
4833703
27857370
27319584
21877895
32069844
18805630
29736600
25189180
27074775
16661400
20042844
27286325
27476738
33427704
26608135
11191633
11587914
791856
30377343
6430775
21221952
4760160
6247269
18451944
17753399
11806109
34413031
25596180
22619424
5047776
2174106
9882100
25197315
24030513
9785358
21340900
7249995
296931
12966249
24157952
25845264
20078730
7715136
24981979
25180995
17745300
24864060
22406770
26074346
20522394
6025641
29999024
25160085
21016923
24284793
592086
6612431
35376486
30434096
990410
31892168
6338176
33461324
21662166
25325824
11675510
25711920
5838758
33545148
29282290
27397140
31985403
9264102
5678625
2990640
34892200
33145488
5972100
20901510
16725576
25788889
28675584
21779120
8616828
1188540
27239850
23015454
8462175
13640405
14635467
33675714
21166750
18493794
26210317
27100448
8868939
28638869
22663680
30985552
15940480
27126016
16854032
12768384
20586404
34379360
23953200
4691681
33598992
799064
10792656
10392928
7687834
199928
4697885
10895313
25589248
13978720
32914530
33411225
27921320
28057007
21874815
5792750
20364300
15173248
3990080
25961520
16880734
18659795
299484
17170072
6282045
9764622
3688974
7984960
17763688
13277257
15758920
14561018
17995167
