298770
270192
92662
25114
866
251140
3464
221696
29444
306564
203510
191386
159344
118642
65816
292708
286646
174066
15570
194625
281125
131480
194625
224900
265248
25920
90720
261792
292896
278208
59616
132192
271296
125280
261792
291168
165888
67392
41472
309312
221184
157248
0
223776
176052
264078
24164
152751
175189
137217
4315
188134
294283
183819
121683
119094
297735
144984
81985
26753
225243
254585
116505
149299
171936
294624
275616
116640
137376
202176
59616
0
294624
246240
32832
26784
2592
209952
130464
282528
272160
71712
120096
85536
4320
298944
64800
296352
5184
131328
298080
299808
137376
47520
148608
25056
257472
262656
209088
64800
105408
58752
234144
120096
82080
190080
89856
29376
247104
146016
97632
247968
190944
177120
43200
133056
123552
84672
82944
236736
171072
223776
184032
284256
273888
302400
273024
229824
283392
43200
207600
267285
179920
150510
296695
239605
91690
301885
165215
308805
71795
184245
158295
184458
49362
263264
189654
289244
226026
92662
53692
277120
34640
259800
237284
304832
87466
201778
51094
0
309162
187056
158478
84868
100456
9515
32870
292370
173000
294100
303615
122830
165215
83040
276800
137535
6920
128885
158112
74304
51840
304992
257472
10368
297216
252288
247104
275616
275616
186624
143424
59616
24192
217476
293420
126861
62999
229558
56958
250270
223517
115642
46602
252859
235599
139806
250270
283064
244229
863
29342
136354
37109
275297
51780
194175
98382
60410
189860
300324
217476
160518
211435
119957
235599
150162
40561
178641
168285
108738
127724
297216
23328
199584
19872
263520
43200
2592
285120
309312
222912
279072
273024
194400
15552
299808
309312
142560
283392
242784
126144
68256
283392
107136
44064
115776
201312
139104
104544
207360
148608
69984
303264
171936
115776
270432
48384
53568
263520
216000
285120
136354
257174
163970
37972
56095
160518
200216
176915
244229
173463
150162
260626
20712
118231
47465
89752
16397
220928
270982
238188
171737
248544
284790
306365
56095
299461
260626
118231
125998
72492
50054
260626
261489
259763
215750
34520
100108
160518
206257
213161
30240
253152
218592
92448
287712
214272
177984
87264
132192
132192
163296
271296
285984
110592
7776
207360
190944
107136
255744
177984
76032
295488
116640
128736
86400
273888
237600
256608
285120
63936
175392
127008
119232
34560
270119
256311
249407
285653
218339
217476
154477
80259
160518
251996
147573
112190
267530
203668
274434
229558
8630
249407
183819
1726
176052
72492
218339
158792
95040
213408
120820
96656
205394
265804
137217
25890
30205
289968
119094
93204
197627
305502
209709
15534
276160
127724
35383
269256
103560
213161
237325
167422
216613
289105
59547
4315
105286
23301
200216
14671
216613
300324
16397
88889
92341
164833
132039
97519
192449
260626
302913
200216
37972
85437
297735
285653
65588
290831
149299
106149
195901
187271
77670
308954
176052
191586
84574
144984
56958
81985
245092
227832
264941
176915
227832
220065
70848
257472
57024
40608
289440
101952
50112
72576
208224
100224
185760
4320
39744
29376
212544
1728
2592
23328
291168
35424
209088
303264
216864
57888
279072
63936
301536
113184
122688
124416
69120
238464
46656
210816
73440
6912
157248
50112
209088
130464
13824
50112
138240
193536
88128
239328
250560
33696
118368
104544
218592
193536
241056
92448
208224
238464
290304
156384
20736
220320
297216
289440
249696
147744
243648
173463
104423
289105
162244
193312
269256
278749
215750
214887
253722
226106
176915
309817
32794
164833
258037
233010
127724
44013
131176
218339
280475
275297
272708
291694
279612
29342
94930
259763
284790
267530
32794
62999
150162
155340
264078
142395
86300
30240
53568
71712
65664
62208
128736
266976
178848
19008
277344
29376
71712
156384
17280
266667
134628
258037
14671
63862
194175
56095
204531
248544
6041
71629
193312
246818
128587
0
207983
63862
11219
127724
216613
268393
40514
243084
221534
124128
236188
181020
276702
93096
191364
71546
129300
143092
125852
208604
266358
8620
274116
143092
121401
116235
24108
107625
199752
188559
213528
182532
6888
207501
52582
287046
149988
236188
86200
216362
174986
231016
21550
14654
280150
57754
4310
300838
56826
151536
61992
204918
266910
182532
170478
178227
257439
278103
63714
300489
159285
101598
226443
254856
282408
37884
861
117096
100737
47355
208980
218440
203820
0
165980
121260
144480
116960
288960
258860
79980
28380
101480
72240
243956
276598
283470
246533
50681
34320
304590
230802
205920
83226
46332
282282
229944
90090
62634
162162
16302
241098
5148
48906
3432
288288
40326
19734
212784
90090
42042
179322
157014
300300
223938
127842
8580
186186
29172
107250
196482
26598
108108
307164
33462
76362
123552
147576
211926
36894
42900
224796
156156
270270
187902
242814
260832
49764
2574
224796
176748
134706
121836
179322
19734
181038
192192
131274
264264
188121
158056
244815
280893
256841
243097
80746
68720
115106
289483
55040
204680
216720
128140
43860
128140
284660
301860
16340
60200
6020
237360
55040
46440
202960
139320
191780
143620
215860
68800
51600
18920
87720
66220
131580
221880
127280
162729
133455
134316
226443
180810
59409
253134
287574
99015
69741
179088
167895
266049
65436
236775
225582
89544
177366
26691
209223
138621
6888
234780
183180
192416
85900
79887
27488
263713
225917
160633
267149
185544
122837
86759
181249
0
116688
201630
187044
145860
300300
131121
259671
114838
210822
77987
128550
1714
186826
114704
65912
13696
156648
252520
214856
199448
160072
36808
136104
21400
79608
292752
289328
55575
135945
273600
197505
10260
213750
259065
235125
299250
248805
245385
57285
277020
237690
65835
105165
273600
113715
218025
149625
300960
246240
136800
146205
256500
60705
115425
93304
24824
167776
66768
278200
249952
22256
305592
284192
295320
190888
248240
44512
42800
76184
78752
287616
261936
107000
178048
55640
155792
240828
164822
283528
280112
64904
177632
291214
139202
3412
260165
239693
32452
47824
65758
274988
72590
118706
69174
148596
251930
34160
35868
66612
208376
177632
120414
46116
233996
290360
222040
46116
102480
204960
153540
208132
63975
34120
36679
8530
7677
62269
146716
152687
248223
171453
131362
256753
39238
5118
25590
168041
293432
40944
137333
75917
210691
154393
12795
134774
179983
150128
274666
1706
227751
114302
263577
233722
24737
197896
0
22178
49474
85300
18766
214103
110037
9383
5118
282343
273813
295138
269548
67387
257606
287461
261871
219221
17913
10236
279026
