10425615
23418
118962
30787
1155924
943380
662156
5583636
1158746
359460
1351712
1556928
276068
119650
72384
241785
152568
1755800
522450
1602080
224200
1586310
223608
26403
1535872
875800
9102592
4038660
3679080
2787420
5017728
6199665
3135125
515997
540956
961289
2948344
2865690
2487968
3664604
1311570
655326
2006970
2113376
8211077
2472761
7533930
1315665
2728384
2456592
829855
6049110
6853857
8659831
8761220
14347872
12101808
120842
17451709
20300000
21849906
1479075
3480867
2143824
1701990
601112
5567716
46645
6258427
4071540
7159860
1477232
382976
1001500
261360
1977900
1611070
1479017
3302910
295474
1076394
118626
1065330
912284
108256
4497530
355005
3142272
1551705
156477
223304
42372
112560
465850
1931160
177632
978362
78684
7056
278761
144478
493734
897700
2268513
5216
2235
1411896
315003
2180787
905010
369615
291696
454339
905925
677790
1674432
5112256
4485210
340156
1112280
1652130
16100000
8056990
2125396
15759816
7083220
1674792
2580498
1510916
601050
5765640
6451788
7857320
2034390
5572864
4223934
710016
4829462
2994821
2339568
1899744
1794460
852921
1049076
2005750
5076960
20694
1332150
114972
535500
178710
1380132
7040628
1219910
784093
4182612
204578
803196
1001364
173156
151956
3614112
1852950
305847
2162006
13608503
437276
6831391
4713619
2929500
1790748
4659860
784185
93420
910338
643874
1976755
963010
704704
1549144
1608725
941280
437632
1128600
2208325
642600
2477412
569430
757528
956735
1525080
635262
333102
429961
1823076
184604
171418
846734
468891
800766
651000
323106
813960
208026
64356
470818
608569
18480
297192
1220294
1352524
1214642
148824
743766
206682
670138
1142328
102080
619060
941226
672282
1238910
219050
346416
28014
716493
398911
198194
6201
2595248
445510
1109005
673710
295278
871992
1935360
2133936
300468
600202
116064
242244
376299
811375
577864
1579860
82550
462553
186826
270256
1246700
886977
289380
1309930
266915
1580238
324720
1116327
603255
914464
86280
11493
41250
895680
713125
1220625
26316
548496
410781
1066707
110272
57618
295668
467840
651175
0
7602
1133784
11872
178640
320346
66953
74307
731952
264044
443270
156066
965796
157320
725420
697433
2261880
255210
69864
2187304
295947
136652
41664
539070
372015
364992
587994
267159
760222
953028
896334
23012
297662
40176
571103
253446
114173
600141
456702
363654
678321
2076
225828
721629
177728
327250
683154
464061
40140
305502
379379
77691
1298232
408096
307764
991438
642600
480700
995254
81738
433728
813504
3577925
323424
53378
619200
301283
240166
2102100
55672
377748
110268
2600010
950508
746190
344618
8632415
3905928
6827744
3845182
1473636
2617857
4335340
1564343
10200000
8492800
2537710
2395614
29500000
10411000
3273358
484224
4334975
3881780
272572
3095632
2562252
131644
8536788
5608990
1233505
8389452
15945408
8210250
19466
3744975
1109870
147420
608628
343711
1940147
9172064
7006460
5577495
643250
317258
3464448
1929760
1390800
1179646
2235519
12322930
3955760
11554395
7667200
4582544
5379210
1140785
13842318
4215225
13219596
16360422
9030209
4149320
14107688
842359
4651864
525310
5165106
1252375
3731476
120105
3222589
4005768
2468655
199824
3725298
190302
811855
359452
954880
549252
388320
651264
2981856
3481269
9111276
52948
5896422
3070740
2848496
51885
2326
264018
1424136
1660200
292068
1482178
98440
130005
1578491
426888
2580200
1023874
67320
692360
1014601
67179
273378
918384
2447490
436359
178432
1199449
249305
983400
485300
271140
259050
285782
421056
788896
2381694
224286
172382
472468
352283
53934
485460
19175
1475475
1819920
1888167
118854
385654
1898988
5156736
2097332
6792910
6617568
1724325
2823590
7516536
701439
8045854
1484362
10633684
6045504
29500000
5360712
2260506
443774
1936384
1437160
2047421
3324276
42740
1252783
1856073
2462328
5767410
1572736
627606
632645
2588978
4143450
949630
12354
482240
435934
1056225
2226368
2365650
313060
1099210
20349
1345040
71136
1190856
1038190
652902
317258
1664533
85563
764640
395087
604824
1200
69144
568708
640233
16212
1208124
178615
135200
432963
202785
466344
8145
424296
92344
116106
156497
794295
170748
274988
332612
1967
101329
40032
893100
617405
1115965
693297
1766784
368284
574770
605260
562606
516789
664452
633168
280529
1144665
203202
384480
1529500
25700360
2447678
6215452
731864
191186
6151440
2904448
7014232
8278627
343077
473365
4161456
42573
122700
1988910
129831
806922
599476
2157600
7584408
2387882
6527520
7062978
8661402
27200000
25200000
4509225
4913691
6906144
449541
3234116
5519460
1335690
3243520
1912167
19054234
1784766
12200000
4493202
1269972
1050700
1088144
551775
2548680
1119960
4870008
503652
1380128
343442
6309975
4348050
646599
2672670
984295
1197021
837296
1477023
743927
2060208
2767480
881544
112320
4545232
3762856
1328448
182112
981136
94608
29016
1711080
169624
1829037
827563
5671140
633880
2089854
605620
477204
19824901
10876710
22176036
32700000
1226823
6250815
124392
11808136
12374019
5557340
20000000
31100000
23441283
1094787
9802944
267255
2223434
7007295
739156
1781162
2259191
1554358
1541540
902000
2291883
44325
1059264
364480
27068
73200
2487051
138384
235138
368420
516775
5379200
750464
5065632
6145276
19300000
5117840
22083200
8246832
10755825
2685914
3448467
2370684
7434528
9807912
25700000
2301026
3945396
932400
7737690
15604624
2379105
355179
640608
2115950
2510781
289168
540150
6216588
1600665
16410970
20619110
1411587
1164934
1399458
18471903
3904173
8017990
1042881
4019275
6402087
804546
5315520
1976520
451296
6729624
11773342
473781
477456
2082840
9442180
13677972
1441308
1945164
620585
1168940
677320
27333
145189
892157
208270
42075
858674
951755
711807
186336
1941642
1226916
503370
343184
360612
610162
1323756
2754606
3403520
27555
258819
226772
147400
402458
1436435
114957
82740
723457
383790
244584
255360
497133
1217623
409564
274360
291316
95667
285957
3330154
186440
46310
873430
165862
1395031
267683
181860
403252
367129
37297
1623190
453309
549968
466334
60963
152640
218680
215306
870474
392150
109488
331721
10226
186816
172032
450670
69384
16758
577181
268136
1113856
99099
9672
334946
1100280
704512
573716
604500
343413
9516
99799
60900
61472
177508
363599
12108
92040
728688
183084
548800
1027104
110240
3630366
169600
109344
921716
747417
1429670
911000
529480
1056009
31365
225600
14280
4508516
215900
78330
1042944
933660
139769
104244
460616
2511912
2371545
63550
154200
275319
1184452
274482
2149905
133362
1893360
351736
166188
907207
236684
3159552
434700
1619450
2796342
1677456
2261760
4529770
93520
877888
2131905
411201
1891284
706932
22560
1336872
992460
348300
4162200
1876665
602154
1506760
21600
1394340
6230207
2624256
4807588
508816
9624918
3711780
3444920
7490340
5985666
3894880
4350980
3891429
3329668
2979368
26912184
1498926
2536688
1312659
3104244
5912914
1153395
1895250
776895
1953124
3510450
4501704
3069222
1909792
829570
1076304
902280
412620
84005
189792
185328
2264332
612885
545600
430542
121210
8910
934563
2829138
1467246
1500576
2538432
6910620
1346150
3154083
3377514
1153530
2275476
4597869
1759758
3319470
5335434
1800000
16699136
201148
22397700
1957315
923798
6600842
6282928
13656390
2859224
2764312
974259
1286624
5337380
223890
2447375
1574021
2738915
7830900
5771903
14651352
4591080
5525298
595377
347416
2255748
3538590
11706
1849806
12003071
1836072
779340
4798202
23777800
132405
7886772
26207028
3405168
7027317
2502882
5245500
623220
6249810
2777100
21723625
5358960
1272000
275481
5121146
2752160
11678121
190660
16665575
2413554
648162
1897753
3268076
11530
316965
618540
671175
996730
208947
484880
28509
238050
1246050
2023752
705355
159610
146320
630532
1016720
223210
90244
167286
322092
311658
60684
635856
101760
40572
472843
1032868
28620
82513
143543
248534
3234
203734
89268
343805
339042
107616
143808
266869
23640
714700
201349
61387
333045
114235
186200
71847
275760
111339
464509
14592
372562
115794
131670
31640
101288
953067
221705
214755
39858
262730
87000
76956
275326
102448
132375
163812
20826
184086
31995
770661
738600
1123360
495504
636768
713830
92718
199098
1345977
20250
713184
428901
127448
538863
204800
147989
202764
314370
1157100
384000
16728
30914
834698
199395
131031
179760
424932
538530
363220
309144
2257976
339528
207920
365400
55744
4370
184896
291984
329582
175624
667378
8875
136474
372620
144870
189323
1148292
108810
41517
433872
820288
370620
236215
644574
821457
76648
614341
425272
73749
734580
195750
374136
152387
401265
134820
434970
1793904
339884
103092
189129
94446
414080
297920
301973
256662
135660
85800
368212
1076500
874236
663768
1116438
1094246
1050345
1149368
87505
1024056
333520
170550
771834
374100
572530
1206520
1577394
972972
1050576
295324
719100
1004874
5222697
405504
1639693
141960
144880
15776
210000
1182481
525640
2244680
1372489
4979064
6459976
1422576
3440529
1558724
338481
2176170
662144
1937149
23749
6700728
451066
779710
882791
12514105
2148815
1284660
2980044
2308098
1049888
2532512
256875
824024
417360
161028
203880
716656
735456
485507
1837176
1444561
601206
629550
1002099
1871430
35394
1149714
849444
1011104
658109
358800
243100
84774
542025
565383
71720
191956
21109
874482
200784
750925
1436925
266112
608121
538692
6013350
407613
2183337
4064720
5767884
442029
859680
4619376
787816
745488
275040
3676042
1845360
99385
4405225
6353280
10784805
1706562
6418917
7580292
2322240
1209600
510492
2566461
792160
2619360
8055936
3999492
4696784
7630077
768984
30600000
8715720
360924
2242691
168662
5329800
5215590
1928990
7258780
6769011
7184171
1899450
2153536
3195095
1325853
505920
393328
233554
383952
837397
728442
565645
79960
1162240
2016574
46464
237745
102603
367584
199120
1444392
840624
718575
2306390
1978856
2412900
513408
5392625
172960
915648
575199
535920
1300009
156844
860706
485339
831900
357552
1803465
114149
819568
416264
715424
516802
791500
793551
35076
224640
87320
806896
139277
874088
13056
421476
231105
696982
283002
185742
364868
15600
172458
267120
1338738
830984
358800
4422
276612
31304
367356
299756
608769
602922
194404
120064
315296
1083656
841535
1006624
137640
563310
628115
555312
18865
1875496
605684
92375
270710
774002
96228
33180
681632
625824
190740
1570194
1127259
1267728
377790
221034
569775
864752
207900
568302
582876
201550
1303966
508277
1901475
165146
1544270
3968972
3085940
2424928
948402
1737577
1410894
1692666
722370
2367780
293056
256347
2581917
60140
926695
127260
164475
5099600
1265792
60808
981240
2576397
111540
1842492
631807
1348736
19344
651078
2913560
1070280
172711
117945
1304849
1861200
210861
68610
19704
953496
119340
66950
253785
22056
612706
300080
530880
339264
148679
378240
86940
391500
28800
1551200
459872
1069852
69802
126149
182221
698058
98646
248040
198358
305456
194930
199134
222310
71829
562294
75375
29268
1605395
143480
400260
118200
726700
717140
232332
364008
1165248
15904
277840
56187
208661
661986
147693
181968
49476
2117570
1319616
351120
809842
345580
26990
284750
357440
32289
1396145
1092327
1262030
294216
361080
1414960
312924
46079
952
242694
343254
276777
453390
8811
552552
564135
242202
142970
826506
197500
892
229908
162747
871004
777285
432900
89543
113212
336774
72380
724357
266688
66384
984242
67415
728937
583512
455424
237042
396300
12172
200400
254388
189297
637290
701906
1179264
381570
660450
459459
360930
527880
1007564
450240
610470
11368
74688
1654338
194820
45506
58714
440840
205465
122786
233122
164747
291720
71400
14274
307744
22227
671104
981882
267320
26290
276696
522432
92040
34320
126500
285344
179772
262797
73542
2110
180786
678375
273426
471306
402048
127559
255972
466062
303840
517712
128640
596556
19350
44136
85493
503808
247945
317016
73598
517482
74472
29463
107008
337692
119711
189384
17220
65780
114536
440742
207932
392352
179100
341140
19734
10836
86760
79527
879942
399788
90042
494118
15544
48720
140968
162048
177408
60280
159285
10908
229500
176696
105027
68256
383724
369396
20979
795872
122190
36635
112230
788528
190881
556556
380513
521532
577882
378864
618608
847868
87058
676746
13588
1380468
182197
703494
122907
945742
806490
3042
645398
484848
82215
591068
209235
307377
1208320
71916
87380
364224
113424
188730
93952
111500
187376
5845
777568
243250
751548
401448
84024
1117798
4992
548380
440056
302742
784896
216389
331128
117769
3744
513264
89500
113387
84366
609085
42550
863784
953078
185472
174345
148773
292160
182310
197478
162840
283800
1032633
498201
1043781
524023
506850
206371
20952
290928
1016794
200788
118248
256236
494784
1082516
27025
52531
121128
279575
917562
156073
53520
154682
43263
262800
148851
170435
73710
495180
640416
23058
163240
1292268
368280
79380
26796
32200
52923
150110
51198
158681
894970
20664
239470
139435
100215
51522
5922
58764
66144
199980
296880
56544
145476
10590
618336
85654
462484
16744
249798
83328
44080
285545
173906
293000
270468
222376
561468
362736
507500
441168
323748
2785
772772
314840
260490
884235
65228
0
329460
1253628
137258
195244
398546
83538
130248
13650
118584
483966
78225
601680
189036
358792
268279
118131
47382
246061
65892
97333
334425
471680
196098
165816
346346
578976
333300
65502
414687
72171
41080
451200
172422
162435
333760
521248
221030
134135
473400
48168
68475
62514
220104
25452
543144
88642
30030
417246
139628
13067
26441
109668
79926
1319472
339584
555714
85932
194820
850304
162540
402745
818784
117789
162792
88640
5995
751296
323760
67760
967220
432807
493812
794236
374358
1176768
675444
269508
369439
156645
120186
259040
434481
208082
73944
1701750
1498548
262899
679052
98940
275520
1358934
518024
191772
1203675
1784214
43813
711702
192051
296448
240450
1346467
3010336
502040
1421376
1104054
368493
26316
287820
724346
357616
725400
684852
277400
528614
1415444
187785
104175
1027950
722120
392352
347536
387438
717992
88872
609132
516800
82404
1811690
115808
834048
316374
706756
5834
905590
1479261
2915770
529494
3027552
48915
5839560
2727672
61710
1104074
201504
479616
189072
1193024
911493
992544
1914003
141075
63504
2402099
1932788
415909
2105200
5254200
312760
1942134
825578
1786428
446017
359931
2262256
5083078
9439300
4903425
1515360
1719956
6182928
171315
555681
4292064
1911305
959517
1606440
832117
54250
2132840
394614
286765
95404
2086671
95236
537625
1040593
78012
463738
1443648
1522752
2188476
698476
218043
7664958
28100000
5158310
2248536
1583002
13118720
16185568
5669720
3690123
7401583
7598024
12659320
31600000
22379424
4404272
1461216
342960
3312032
9533895
586624
66822
2625800
991935
9548928
2559879
4916178
310080
1785990
5068771
1876673
2357632
464595
701052
125088
2243124
2488200
2025127
510984
1622028
505680
1120810
1429902
2901442
187348
8897064
12941967
14209314
1141056
7420488
6542590
766346
9457888
1787751
1050010
450138
2080296
1298957
2562868
7762365
2590146
5350995
2576552
11375040
1922404
83720
486719
80584
333430
218520
8384800
9709176
746948
359759
1115436
3995136
3005145
2292409
2505884
1079680
1822730
2749626
466032
3194919
1251126
17974178
