1449080
931095
1740920
3146225
9690219
16999080
12346736
1837128
155904
5222
3560060
234830
1051630
393856
6529920
25605656
5472249
2267952
11000000
1342056
5830530
1975470
5691180
3302468
303390
3318345
5161935
1543290
43760
69331
914991
1223023
827310
423934
476136
450709
1461404
490770
1433232
1949480
138242
240660
1284936
452620
776857
340872
433985
1475696
3027880
21400000
571691
13882479
880137
6852565
14554686
7600000
17545775
484396
704256
0
836355
5692824
1852404
7220616
1735725
3225960
13800000
2014782
743299
13578852
2245640
5865374
2605541
1553854
505575
740546
439708
1153888
651000
378288
158110
564144
253500
265068
883361
260036
659932
138852
410248
66304
879427
1153096
270206
1523
618429
113826
465234
818805
2629220
366560
473701
149283
311563
842240
104328
118629
176144
989710
1453914
1965040
181188
6100
1888920
727456
221392
304647
156289
312272
1256472
60097
1435427
278208
2731237
93138
764640
1029064
499576
1007290
325740
244467
171272
291270
887508
59092
33568
26044
388339
907236
45312
1275048
9544
436160
2335275
624624
26096
247250
2106452
553871
1386439
556920
400656
554750
355320
369380
891420
198576
231920
1237469
291710
408177
948024
122404
730167
876708
866042
292160
184080
48668
1324550
303564
86708
204174
1890198
320456
532611
333616
1745631
219154
213070
1371705
555540
770374
208472
158364
2435376
2644840
486096
384741
331712
1054044
1227966
225013
2130273
219535
121830
768417
229772
28072
561208
752290
2115595
117362
90744
50904
570227
725691
6602816
5876284
5826312
123868
4421826
1411176
522299
2647732
1409691
1352034
6734168
1733040
2958782
621909
2193664
21788
241046
286715
4390740
1541832
873410
464156
1077687
631936
3176680
452322
233550
121736
1168297
71687
3274781
975097
9081541
3571072
11072177
100062
276378
1377663
1475540
3588258
1282500
2715378
12637800
4109814
3737287
365636
689808
1140384
822480
380619
282555
109970
887825
409784
909756
3222384
27305
251732
3597776
766938
1921805
9244482
2679364
6740918
77553
880150
5099451
4276860
107510
412842
1226106
870408
1867690
165795
7173515
2193782
0
3452528
3405728
178110
542754
0
1717807
828618
147805
63020
2359416
575344
329252
983262
916522
621756
758152
1719074
3991005
892716
642116
1386924
463344
95000
283680
1867775
1160692
755282
665925
2630040
2568435
1550762
166770
1137742
839448
1661290
655744
664806
1446561
4507230
1032262
12543925
2457315
108870
257106
2499951
2483203
1645704
886933
1554768
1207500
3183235
1008832
4303584
2610951
717656
357192
1003065
539682
1514000
3228078
2097623
2549184
1812708
2936748
5194735
2571352
2807325
1097518
103367
3140144
1878786
5163588
1176606
5926452
632570
1260000
222129
4489037
632654
469302
3118692
357918
715122
926759
1432815
228459
1076271
10174
1464976
3212248
9820560
3863080
1137978
5342848
10244
1164330
2962450
2726410
1669668
438501
1341375
249612
3256440
1792620
1545215
1355262
942816
2003400
472348
493056
1836458
342820
1327524
2100660
152985
221990
382920
752700
322390
82712
428275
442124
6212284
2838512
355630
4260096
3256854
2995756
868896
1285444
305404
584404
660660
414216
3658380
927850
649305
1986900
420210
688977
4623455
4719195
485163
414951
377454
3673137
240019
3812718
257355
328698
110768
2101400
30064
1520614
248712
14059
2180640
495504
1059932
340231
686448
73990
645133
20068
455715
664608
870320
451758
61920
387476
129600
519248
182492
12906
468486
163590
672408
1433064
1714527
29036
576576
297287
4347
278080
250504
544789
115926
1569260
308140
68748
639218
128428
82215
47888
32330
157150
354365
47872
142104
88200
191664
309088
479520
286650
291924
452037
2185326
315034
219741
219114
71410
162750
192465
238876
1143018
190866
221628
590628
717500
57345
121766
124752
88599
51156
74691
114678
155928
126874
200040
164934
19514
138600
379227
209083
106976
18655
88464
25872
366976
42658
746144
254205
312240
251702
6062
219480
146839
117096
192105
434148
548100
365424
176092
1369115
60000
19601
16263
153792
562401
186205
199511
198996
861320
45129
24813
48326
168870
402582
1056
513620
609180
378665
34440
65620
156390
25650
120780
223470
181272
45562
12095
45552
292166
128375
755760
349999
45288
23004
187085
191168
324030
965200
153400
43608
684208
193885
1047100
1021405
107423
139281
357995
690270
461100
129592
538776
81940
85158
89903
522578
90783
195334
50526
357750
63580
46719
768060
41258
26634
53682
143106
388976
14160
82110
94248
739200
368230
788406
575296
111618
84330
688500
436873
638200
364080
98102
633143
197425
984272
226424
145964
53064
310812
340752
111452
336270
17554
409680
273360
27170
185074
527450
578880
413952
792069
358448
353700
188328
27008
190624
337893
264192
419661
341496
34956
477276
527460
231086
17876
205540
62715
454557
539042
269335
265824
29050
626688
868889
392755
89193
190986
971290
36300
297843
254419
191394
40135
482816
170068
194400
57154
93760
105864
103484
526872
26763
82176
223993
704318
30498
182988
121776
111281
187425
470554
75936
20086
301444
633680
72332
27057
358236
62730
720594
121716
56160
104410
76176
521280
278775
27060
102060
66576
524097
55272
542648
250558
87920
358720
345046
239101
33689
107840
110580
298141
77532
167367
336168
206701
84960
311298
85176
24354
395560
74520
52852
225000
733534
43896
66410
534131
31080
223716
212667
135468
528081
121800
430274
14079
299788
13926
563111
62850
223279
7536
311355
469000
167994
24544
296100
267591
58078
164955
69050
16560
118904
13718
232185
144396
134112
425909
32339
678321
151790
54495
8957
95312
434700
191961
100000
90900
67804
152056
84152
327932
144525
325483
235866
68388
98455
125840
11832
443762
382720
409542
49545
167100
181258
399990
4340
77326
72820
879801
160650
711555
89040
411908
150040
42940
188963
182595
89001
11916
135000
79101
1198890
317152
233358
706123
137172
0
100500
182991
453544
787556
183288
17176
163959
5634
657200
119040
56208
95568
231777
113024
4608
53196
98368
11556
15057
205190
70406
111888
52725
143148
150960
117806
39130
169090
206661
45370
338040
60155
0
246308
27795
65040
154080
155244
35775
467754
83336
52360
33078
219163
46536
14448
5962
274960
10676
152772
606090
250047
69870
49621
48618
142329
91520
149152
50127
163655
153170
302192
123039
74400
117888
507525
60
71712
199220
61312
286416
114534
318636
281707
121264
129224
157605
84825
193069
51756
20609
581490
50388
319808
21910
105512
171872
115368
126412
121550
33200
493493
302511
128658
26248
820019
88000
163504
127215
2775
91938
5742
140164
40870
199479
255680
240210
124236
165726
173568
179340
82044
146848
8610
160420
716938
5698
365934
184471
4444
9620
5648
119637
102570
212520
35705
296856
281664
135687
91735
85449
111398
93294
168606
2336
226735
441518
220779
63215
85200
572250
372240
375840
106172
284490
273280
277992
191888
521352
32520
114240
312644
105868
465543
58394
293712
111456
1053891
264600
154535
912382
537697
151122
626681
99216
14025
48952
1109870
18204
338016
894816
2928
1013240
960342
541112
24468342
277400
1590099
9453255
763623
1699070
9577845
322371
1595700
196524
8671020
149736
1061928
4498788
498370
363147
917830
7795008
4836414
4455594
3922911
603232
3873015
4289744
2689570
68418
3641046
10176268
5737680
487113
12650092
459952
901900
1873954
1515776
2380845
107649
837760
270970
1729836
160380
2548
647920
596160
1418598
120692
262125
1149732
827298
633150
573079
648584
4278290
1443300
158760
375320
52008
977920
122208
1070328
2306322
1042586
733712
1903581
2026440
944328
567859
1776642
1995456
2007467
303050
6478488
366660
294948
780330
2105756
1170260
240254
240700
611534
144232
669655
906015
1838716
2085600
981407
979678
258390
1216666
407100
142800
182019
498400
207366
390616
422048
767780
1302697
92340
105915
666072
17429
223660
36960
115420
315270
254976
10011
34440
87582
147834
151044
224434
191780
1156986
279186
733149
2231
222102
236056
1310882
8294
369768
388960
411676
273738
3808
213136
5358
633165
46345
1119916
178106
13440
127721
182924
42106
588657
390637
696583
49153
142204
300789
32339
529525
149820
751203
178068
181629
164608
189486
63973
393960
24258
124084
134907
29820
342144
278604
283150
149742
259836
148836
702208
264384
957005
265780
321984
209034
67098
311086
241380
1322345
1604456
311805
335646
468308
3433870
1215504
66960
141198
917820
1256250
1924115
165462
1940736
20800000
1496352
24000000
748137
496005
4581206
3535320
2101527
1186240
1063261
2086040
691880
5400000
774395
2633895
3193047
1114490
1420740
14856759
16057195
1881110
3421130
3928032
2449200
1437460
1842720
511791
7390638
36134
9688329
2764773
3894102
5555158
12034855
14026430
10028739
3103000
5155990
2521188
7795450
3234927
6894095
1914825
8879445
1404656
1605051
39090
2051940
222976
1711218
4621962
810198
316778
1054743
2939440
118512
2359032
1626570
1069420
202444
741280
1785312
6134863
1595055
3135901
245568
10607814
952186
155437
4275670
4046900
515955
2117808
366606
2216628
2368142
840009
4197936
2386908
452117
2631300
993450
492141
452865
4069632
1196806
2560854
4225122
927282
11573715
133185
520506
11549914
600000
11362866
9079536
8697424
9803931
1890714
2350425
3331125
269302
132810
1373874
227836
3270939
473055
6372594
3568744
3669157
3578952
9331800
3951796
198710
631551
366444
14453
1013308
429184
1303614
762588
5360742
1201223
823608
2935240
140958
561660
760359
3235884
4505085
625182
323370
1422832
7790688
9484776
33572
764155
160176
31400000
22300000
19357299
12760404
10788877
8483196
2756655
2459576
5400045
14051730
28023751
7501900
15833935
3884608
4407600
4573335
2525367
1177220
4995095
1324792
678405
3041765
635824
60160
922154
537152
33876
1498142
1507594
506953
128430
254288
223095
96135
18102
17136
700508
1221990
337860
3710244
11211570
1271432
2175500
2475109
4320150
1291411
7126558
1400000
15188448
1515105
5717921
8959340
7273544
10530686
3276483
1357122
788292
5499530
384804
378280
1330071
1903428
1779615
3087601
4426162
525866
989208
3776976
1238372
1348195
764347
912940
5535175
106808
4997760
5046000
2300000
9960366
11016678
8827840
3650511
1824490
37268
3700000
2370288
24500000
7281014
8310274
15686100
5802016
2385726
3581361
352755
22300000
718680
995391
524832
381038
733700
275272
559182
678449
2495056
632896
1066666
540052
3098447
1825280
471380
896011
527696
579376
737009
2129127
798048
142636
584218
629640
138420
0
827398
3081034
4555040
1289290
1628967
3015890
2211258
543616
5843084
974985
3549357
1174880
5848860
4206576
1358730
1395660
851570
668949
9042576
495576
9612624
8599048
1185840
11873
407400
270298
1122768
255744
822987
3957672
2238840
1409429
6327342
13721074
3876705
710115
3974039
2075104
409619
35556
2580018
960012
470096
240156
41595
265544
438703
68255
526680
553600
637000
482636
250446
315191
231725
1454713
963984
54944
199329
143312
88352
178000
118548
12144
118436
592702
328640
108794
259220
62160
748134
8279
63270
17493
621152
5371
672984
205392
7780
229332
20720
189033
26829
44814
221510
52640
256088
121148
75654
83415
4774
137917
21700
81366
186916
75411
440844
71064
94133
35275
193629
127380
48867
284846
3123
77184
71002
151716
95942
53650
30744
27230
73206
205641
79475
110920
10296
108924
74655
305136
368460
985420
98496
203511
293820
532460
22792
53868
167616
164016
47671
6000
223565
109242
347545
53337
521220
12512
46980
67758
21802
399636
684548
1455760
148732
66976
597297
97030
266420
63308
103569
517032
887490
308648
554719
213248
341361
619630
90090
479088
696599
375945
89320
101508
354060
828360
831720
1295700
1353352
2028115
84744
1291034
72450
515125
1529187
109556
192234
100932
694120
39050
705882
2058343
921900
1090053
507500
60973
331474
587808
58920
306381
208599
113600
555108
6330
645430
79692
90228
374622
1517384
1258972
948345
60452
346312
876288
411360
23712
151838
1670264
56133
2083522
98571
282030
12042
150922
226800
837216
21624
293057
393888
807340
2016300
1255637
53449
181170
391419
134236
574328
277823
439752
376110
1391121
360064
2655416
138936
98642
121448
553784
1330830
1228743
128205
556065
1423656
261338
14805
95865
412022
1118192
521675
213210
785325
77000
742146
1671984
135630
718410
279360
616216
265353
888864
362781
219915
244664
135429
645610
117370
406038
1598016
63342
1531879
185820
148596
653020
412056
842274
192866
438840
315808
704900
29233
421416
632643
63529
80613
53466
234800
292344
41860
180509
54282
303840
125355
45310
158800
347117
74720
21114
92520
474458
375570
1316480
1017192
31860
7890
155991
740025
221958
668955
312570
394304
516732
690058
620365
206386
228125
604881
334180
3825
290665
119790
327888
113520
89570
162164
103840
508468
70925
199847
13344
807894
314246
925592
567309
850544
934888
375002
696655
94554
542213
409457
210482
143905
525550
29848
334560
417433
292300
167680
84600
787952
100086
103972
867812
1466680
1287207
192800
103590
93555
1327940
564075
355902
2283525
295515
8081667
2698707
1008548
5809105
861552
1148782
2861424
536520
9263925
476061
889048
195888
1247032
926157
1079771
7149620
1400128
9354500
1898544
2708100
5352054
7012710
2120880
7332532
13600000
610256
7307244
2477568
4200114
4996480
8390328
513619
442200
1412360
226632
217184
1221675
4190373
2814603
0
533272
1115136
2419821
33300000
1072760
395838
2250780
4173795
2806320
4132656
1220739
1728700
311584
751947
63000
60088
34332
1045704
9135
1807983
640750
1022352
1103340
423863
396405
180991
1915689
1013534
1376537
723266
246030
614169
3097548
1353183
707736
507078
393597
153326
669612
1087684
751203
1158570
542184
1299353
242401
838332
1161616
87633
322275
274104
52140
69079
61938
199100
100660
178192
176995
280869
728452
1960766
1274778
215280
213586
1863608
213444
30418
33072
712908
135956
238948
174300
203008
672312
1066200
666915
365596
276186
643023
350743
577332
628740
389820
177144
256275
146640
341952
161538
43820
407077
847512
626658
118650
235980
394152
3300300
222712
1152372
1070055
3185088
99958
718368
983675
422279
781080
362060
150660
201733
14721
199604
1383371
655396
322947
498800
428810
174648
968310
147404
442650
417075
584683
52540
171080
408135
21488
7692
598801
76194
403965
160240
314199
262856
5592
101195
171842
46746
131328
542813
93184
160567
115296
194580
91836
360300
198856
6033
122298
449036
15735
311535
510608
165088
89556
196812
173850
2392
427548
402535
254079
146604
372678
165388
154360
389649
427314
344955
194922
930455
3235
8160
445780
43179
0
158994
142584
209415
25141
282572
387716
476580
91332
585046
269838
122589
708066
39797
700128
30524
959700
414460
17959627
