1785
46767
74613
121380
103530
24990
58905
56049
57834
77469
107457
4641
108885
113883
85323
74256
28917
61404
61404
26775
73899
82110
48909
106029
116739
110670
59262
55692
5712
75327
100674
13566
83538
125307
45696
13566
104958
24276
41412
95319
127806
31773
0
24633
24276
125307
36414
24276
22848
82110
7497
83538
82467
119595
37128
24276
122094
16065
68187
40698
1785
126021
52836
120309
71043
59262
98175
89250
30702
51051
26418
115668
0
118881
52479
120309
118524
27489
108171
37485
71400
56406
68187
18564
123522
109599
99960
44982
26775
1428
58191
8568
74613
93534
93891
46410
13566
65688
44982
92463
26061
19635
76755
79611
88536
70329
68187
21063
22848
6783
102459
117453
80682
103173
98175
102459
42126
107100
109956
14994
39270
78897
63903
11781
57834
357
94248
68187
109242
21777
105315
51765
86751
8925
93534
714
127449
34272
21420
41055
90678
109242
22134
65331
99246
11424
49266
92463
116382
93891
114597
3213
100317
106029
124950
60333
114597
56763
12138
70686
114597
56049
3213
49266
115668
90321
69972
16065
56049
122808
73185
63546
88893
18921
31416
117453
111027
12138
73185
107457
124950
74613
88179
25347
43911
114954
80325
79968
51051
22491
74970
124236
49623
103173
3570
118167
64617
121737
11424
34629
123879
98532
714
8925
86037
45339
1785
125307
24990
6783
119952
108528
115668
16779
72471
47481
119595
102459
99960
36057
19992
48195
114954
33558
67116
89964
24276
39270
85680
16422
3927
83181
44268
104958
76041
71757
38199
123165
26061
70329
74970
37128
114597
90321
52122
113526
30702
92820
1785
74970
124236
13923
101745
101745
30702
3213
72828
49266
29274
113883
714
93534
54978
116382
57477
87465
125307
49266
108885
59976
74613
5712
123522
7140
88536
123522
31059
49266
0
14280
119595
33201
14280
81039
87465
4641
103173
68901
103887
87822
128163
16065
94248
75684
24990
55335
17136
51408
84609
14637
98175
2499
105315
35700
119238
28917
100317
31059
78897
59619
32130
91392
73899
98532
114597
78540
104601
116382
28917
19992
126021
66045
4284
19992
1428
98175
22134
123879
19992
27489
126021
74613
4641
117810
26061
17493
71757
84966
35700
60333
113169
6069
49623
5355
62832
77112
357
46053
65688
73899
57477
67116
112098
94962
33915
77469
71043
112098
714
55335
61404
25347
64617
23562
38199
65688
9996
126735
118881
1071
88893
33915
96747
76755
3927
102459
4284
16422
121737
5712
87108
54264
17493
18564
11424
95676
28560
82467
72114
64617
88179
69258
43197
97461
28560
41769
46767
20349
0
9282
92106
8925
45696
116739
93891
38556
119238
13209
118524
100317
71400
8568
62832
110670
1428
6783
51408
97104
80325
125664
60333
74970
357
95676
34272
22491
125307
37128
125664
56406
30345
52479
109242
94605
56049
67830
46767
103173
116025
10710
48552
68187
107814
42483
97104
6426
58548
91392
101031
104244
101388
65688
91035
70686
100674
2142
14994
52479
2856
120309
37128
115668
67473
32487
40341
78540
76041
55692
67116
59619
16422
122451
23205
76041
68544
9282
41412
20706
117096
41055
56049
111384
107814
112098
3213
120309
121737
71757
107814
114954
96390
89250
76755
83895
2856
11424
95319
51765
75684
13209
28203
105672
39984
35700
75327
116739
15351
17136
76755
37842
56763
72828
28560
28560
89607
63903
357
7140
41055
12495
6426
127092
53550
55335
106386
16422
85323
15708
102816
62118
97818
19992
94962
102459
26418
61404
67830
13923
56406
9639
75327
110670
109599
86037
121023
53550
1428
127449
91392
64617
28203
32130
87465
86037
52836
95319
86394
99603
74613
112455
62118
62118
6783
11424
91392
37485
91392
357
46053
27846
82824
93177
122094
44625
18564
46410
109242
102459
104601
77826
126735
83181
86751
48195
64260
104244
122094
119238
46767
33201
76755
51765
18564
117810
14994
38556
77469
105315
38913
116739
126735
107100
98889
127806
27132
22491
85680
37842
121023
111741
28560
124236
94605
13923
82824
113883
49623
34629
98175
11781
79254
13923
30345
49623
28560
9639
84252
76755
0
47481
51408
16065
85680
102816
86037
66402
113169
69258
51408
127449
16422
7140
99246
11067
94962
7854
71043
40698
123879
81753
40698
73899
102102
91035
114240
95676
8211
36414
117810
95319
7854
122451
45696
102102
47481
120666
51408
91035
75684
77112
105315
57477
84609
114597
121737
95319
8211
62832
2142
69972
7140
35343
39984
28917
78540
89607
107457
58191
8925
65331
38556
49266
49623
123165
36414
68187
6069
35700
125307
111027
116025
8568
49623
103887
121737
77112
14280
10353
20349
4998
64974
71400
57477
70329
4641
31059
88536
113883
106386
97818
13923
98532
38556
79611
20349
29631
36414
37842
97818
55335
49623
10353
66045
37128
119952
83181
54621
107100
57834
38913
15708
80325
85680
4284
12138
3213
106386
14280
77826
113169
96033
25704
46053
78183
4998
73185
121023
124950
105672
73542
107457
65331
18207
106029
46053
115668
57120
52122
59619
6069
31416
56763
34272
36771
88179
29274
18207
51765
24990
58191
32130
68901
2856
11424
55335
68187
1428
69258
106386
6069
106743
49980
56406
72114
3927
106029
38199
57120
109956
48909
106743
74613
32130
122451
43911
94962
13566
22848
69972
71757
107100
28203
117453
30345
112812
82467
24633
48909
18564
99603
116382
77112
56763
91035
88536
30345
16779
33558
88179
23919
4998
106386
111384
95319
31416
49980
46053
119238
109242
10353
99246
77826
61404
37842
61761
98175
28917
78183
26775
17136
91749
102459
123165
54621
101031
69615
69615
111741
37128
42126
19992
10353
47124
112812
116382
15708
22491
3570
100674
23205
84252
11781
75684
120666
57120
71757
102459
101388
31059
22134
70329
8568
13923
123879
67830
43911
107814
51765
31059
104958
51051
93177
47838
71400
112098
77112
83895
110670
27132
28560
12138
18921
59976
62832
61404
12852
48909
2142
16779
72114
59619
7140
89250
7140
105672
114240
117810
59976
48909
30345
79611
64974
53550
24633
94962
2856
106743
76398
74970
115668
57477
113169
64617
20706
7854
73185
38556
63903
83181
58905
31416
6069
5355
66045
34629
102102
19278
45696
67116
3213
92106
87108
12852
27132
88893
49980
67473
85680
58548
97818
124593
63903
32487
13209
0
71400
82824
14280
1428
104958
107457
70686
22848
81753
119238
28917
31773
96033
126378
12852
103530
114240
125664
79968
89964
57120
115311
88893
92820
103173
38199
63189
72471
26418
103173
5712
112455
62832
106029
26061
74910
