56358
93536
50912
46176
200688
184830
141804
44844
210282
41814
150894
165438
47268
189678
209070
73932
42420
30906
199374
116315
111987
77904
9216
153644
169333
119020
35706
37329
173661
167169
108270
29273
13760
34889
42506
16124
48922
42256
22379
11264
53851
49049
107702
2401
48928
31899
15333
47399
1715
32242
23491
19894
2780
33360
46991
2508
31556
87808
6720
25020
85064
8379
6517
12608
61812
9664
15616
71001
44590
2565
17670
8757
63112
116963
3904
36701
46991
7645
13622
19551
41561
12649
18487
20406
15552
5301
12654
89523
59682
12691
10773
9747
56595
24603
18522
85407
117649
68943
18209
47121
21440
4802
3614
89523
69286
48706
21760
36140
102557
54194
20923
3430
15435
4170
91581
23074
686
105301
1088
25382
85407
5488
48363
51107
35329
121765
56595
114562
69972
86779
3705
56252
17493
39788
32928
77861
60025
6656
30163
10425
38642
22101
102214
25437
7616
51793
29329
35329
20923
40474
74431
8918
13760
64141
89523
25159
10752
69972
1710
35329
73059
92267
60368
23074
192
32242
52136
30997
44590
72716
50764
16320
17664
38642
21056
83006
6860
640
4928
27783
6327
80605
1152
22295
41839
30441
37730
64
88837
39059
90552
65170
49345
43218
22981
78890
14144
95354
12996
2048
13344
66504
22168
15012
24464
13504
39615
19886
1920
40032
47922
8835
33578
42054
64548
18908
9984
53790
51834
11084
43032
19095
45966
52160
51834
109210
3008
9006
31831
36512
9792
12198
27058
12736
56072
1630
23352
8150
112796
44988
24776
11815
49762
16541
74328
90628
11584
52160
13632
37490
8757
960
2752
33578
11815
17152
26406
103342
14400
0
6520
44336
116708
71720
7695
43646
2085
115730
36835
10286
19886
1664
27244
41728
37816
45453
23472
21545
896
89976
1024
23798
1664
978
2176
50856
14848
47922
7498
36186
61288
81826
44010
14912
40750
112144
82478
1344
49206
3104
18240
53586
4144
28704
0
70074
4104
34176
5928
31970
9847
25854
60685
5038
8931
46258
70990
10425
71219
6042
13312
40588
36640
12232
18924
25986
68013
5246
14152
25877
28625
12232
25986
71906
7367
9591
33024
21526
24000
4992
4400
10656
35502
69845
79463
20160
7506
64349
78547
22213
44655
55189
6710
25498
98778
65526
15429
48060
58275
3306
48650
18966
8829
12025
6811
3885
1668
34750
27939
22755
30302
43475
38920
40145
31275
18788
245
28914
7930
64195
20532
925
29415
61605
3336
43105
16226
3753
38430
5977
9065
34038
25020
12960
57535
21838
17298
10530
6642
24543
26550
16402
13764
23064
39162
460
14415
42944
31650
4050
46050
15982
24888
4050
25434
34750
46050
13020
47955
1950
37500
6804
13500
3300
47677
30132
8784
6116
39750
2232
21870
3170
13908
31350
24034
52050
6116
4148
30975
6672
3240
6480
14040
3525
6956
41144
685
23976
69336
35424
900
37252
5421
21545
1390
2641
23074
4950
11259
2400
70848
16245
23352
810
1504
43924
6264
969
17955
75816
12643
15552
13772
39754
12350
55512
2772
12900
74520
7506
9072
37252
14476
40032
73440
42395
695
41472
16541
15004
34472
282
8424
6116
28512
1668
15429
43785
48168
9108
18765
22248
9576
53352
19738
28495
22464
70848
72144
12972
8100
42120
34128
21816
11880
11988
15552
5734
20989
47088
24624
415
590
18209
15012
799
486
37842
11139
12760
27297
10842
38642
21094
19278
18487
25515
8034
31694
7176
10374
19032
1155
27772
8228
18126
26487
11457
18549
15444
11562
969
12496
31396
4260
21684
19578
15004
3520
29328
22437
14630
19260
19860
25944
0
12324
19209
14564
1269
18873
7480
14861
24628
6540
17901
3192
7980
7320
10622
11562
21450
10206
12232
13281
6298
18095
5828
18696
33464
3570
10318
84
15876
8820
21620
1316
3696
15960
11457
26322
19665
2849
9690
6768
10206
16920
12012
7616
23862
7740
6396
7749
19557
6888
140
24804
21951
20358
9282
2884
9964
2091
246
12402
300
2100
23664
20184
27306
1755
21000
2460
9512
11368
33640
64496
5508
13038
14280
36656
23088
21762
861
7320
45704
11880
12915
10440
20124
546
9486
6120
25740
20460
16236
6510
23664
35055
16692
780
4368
29464
6006
62408
5336
33825
900
14880
270
2880
3600
2810
2784
9576
11778
14976
31365
30504
30504
44080
17340
24723
42224
10962
36888
45936
21808
35728
15132
14196
5568
9840
21360
15240
28536
13950
26970
43665
540
33825
5376
12060
5022
30135
59334
58776
55986
58032
48918
12054
9675
6360
56172
2790
4326
20172
17484
2091
63798
14514
8520
7812
8856
12792
5544
17343
10584
51522
10224
31666
18081
4494
4410
10934
18120
7668
6027
4118
3120
16472
855
28322
17136
42884
9450
5502
1634
18060
8700
5544
27608
2537
6435
10080
33677
9996
5375
16779
1260
8865
14233
3526
14355
4998
5151
2040
15060
4949
13573
14161
6960
20468
32620
5040
34986
16240
23562
37940
20820
11997
2278
7582
840
11084
13050
16500
2397
13720
6517
29960
19040
10045
4658
600
3540
34580
4560
27860
32487
7301
3672
460
272
16380
11613
2100
12201
9780
18683
29260
7644
4020
25620
238
18300
33796
2584
36414
7000
7740
2580
20280
26894
4320
12152
21540
6360
2370
8466
6468
2771
21840
12138
13905
12960
34748
14798
13090
1127
2142
14637
30100
10890
21140
1914
8520
13426
7700
960
49560
32606
36120
18042
14694
16898
2418
15252
30318
13328
900
2178
21948
21384
9180
41292
11438
17298
15996
13923
58218
12285
12936
6750
13392
1003
10877
14388
6424
1200
2117
570
34038
15729
43524
10336
23250
10260
48732
4324
10336
56358
8235
1584
2993
1241
45012
360
2850
9457
15925
462
15705
972
15252
16554
17155
7128
2628
8976
1472
10974
5198
0
53754
4672
18084
22557
12870
6027
3192
19602
4026
23250
3344
68440
6615
12152
9359
9180
2805
50303
14355
16133
6966
1200
32538
12798
5405
2057
6996
8673
11514
36839
8379
9359
4876
12520
13122
23628
10400
107551
