166478
18618
14124
74494
107672
112233
22572
24453
125922
135474
9436
180726
70172
172782
124450
191915
360
156545
81875
88425
3325
45288
117705
238070
195300
173880
217350
37296
132534
235410
123395
35404
26013
16675
154077
222778
142923
20801
216706
188551
212707
119794
178514
46028
21148
144834
199374
78608
92320
0
140385
58760
177724
3045
198033
64960
80730
22230
110565
291
199404
147261
165597
99072
97175
104075
47061
183596
46400
153329
180730
164406
117766
150414
10716
49950
175380
96441
91698
64821
30894
185906
10604
7335
97600
35200
5060
200
63700
24882
58374
107272
59784
81480
16317
186
150062
7693
2492
110770
9432
2009
5439
100914
7497
58797
1603
58797
87125
10650
82644
1407
120984
15533
94572
25193
28512
48496
133895
7693
142754
92217
1470
1332
12460
49840
158242
78498
126469
194040
61600
62216
202664
1232
195272
93016
41276
109686
154178
117564
122412
116544
114723
127470
87408
27922
35872
206812
2384
97908
158802
173130
145668
213129
165966
141489
9568
83720
139932
151892
1791
597
49717
104052
47084
904
55930
81972
95634
106326
24026
29784
325
9488
174935
169200
3600
32778
215840
88450
96990
46800
193
83808
9312
29784
72
114075
93600
20440
32940
188856
143314
144408
177228
100648
155650
145750
167007
45560
107200
41808
191352
3530
159728
1232
102912
1211
59385
25145
114696
179670
148400
27560
116034
3780
3330
2418
65462
20372
11112
312
4730
139639
98654
100320
5921
860
120384
7936
4956
37064
61336
18525
69020
62356
61056
109233
42930
10902
312
85613
144460
46500
41385
66360
61831
169472
1386
174080
1562
93696
50688
159960
70176
318
63468
86172
354
35673
153868
336
1090
119528
76112
172056
14980
52535
182268
280
144650
187590
4185
99900
185148
6116
63710
6426
129636
8127
586
9393
115885
35035
159544
174303
173217
135500
127605
77220
43120
368
117822
111904
88770
118580
60648
27144
79866
22176
79632
169713
74736
280
129704
4509
0
13962
10500
70884
80013
61755
102030
3222
129417
56922
124200
6045
152254
59180
388
150054
11748
180
111606
109470
71556
158598
163631
9690
189
183726
63189
131688
61596
120537
4779
14418
83304
160862
102836
152880
45864
24024
7700
135850
16500
196900
113850
64350
378
150972
3836
136750
182698
156989
3240
146049
48136
32820
159432
5832
165579
198012
151923
87780
157320
189810
969
145095
180373
194370
140448
158080
146528
151392
93632
99104
83766
4856
133152
205800
65856
224
12958
161070
76700
1397
79323
37700
122960
51620
560
12760
204740
345
131660
112905
121011
105161
141520
99180
178467
2464
105431
10602
106609
1435
64554
1218
214368
208544
194350
211094
124384
163852
29900
134775
97963
45075
31252
90000
16744
113620
127587
42529
18569
17371
40732
14544
220219
220850
137558
126000
19530
132930
183330
17612
173880
93423
57776
16302
63327
116622
174220
49454
16902
184375
152720
5170
4704
7544
15525
151200
69309
152661
111650
177723
13377
192708
119826
100806
25994
732
32916
146050
100155
29136
147501
137728
3168
10731
22484
108843
77161
15756
168139
32778
37027
3172
80731
213000
55200
75600
516
20160
65088
183804
118116
1313
201718
142008
119678
