10600000
3899961
22599548
32999340
32399352
20799584
11199888
17099829
5199948
35599644
12000000
19400000
26700000
1000000
5700000
21699349
5300000
8900000
22200000
2299954
2500000
29499705
25098745
25298482
15798894
25398222
19998600
23798096
20598146
34797216
22597966
27996920
20697930
17698230
15698587
10398960
25997400
29996400
12498250
31595892
8798592
29595264
28895087
19096371
13597416
9098362
3499370
7798518
11497815
16697662
29196204
99988
14698383
10198776
2399664
30395440
27895815
32295155
27894699
199964
17096922
32994060
17897136
1699728
15597192
5298993
16796808
21495915
30693860
17397042
31693660
16796808
22196004
15497210
19796436
99982
8998470
17297578
1399790
22696595
5399190
2899565
6599010
1399804
26396304
3899532
13998320
20897492
3599640
28397160
33696293
34296227
33596304
2199736
13098428
18697756
4499550
8599140
7599164
24497550
31397488
7999280
28897399
0
25998700
0
33898305
16898817
3699741
15698744
12899097
34097272
21098312
9999300
25398476
16098873
18598698
9099454
16698831
9599520
18099276
22098895
24997750
8499235
9599040
17398608
18998670
27498075
25498215
9499335
6199566
18298719
10899128
22698411
5699658
14598978
27897489
5299523
6499415
3499545
23697393
8598968
5299470
9299256
10299176
35695716
21298083
25197480
21097890
27396712
1699779
16297718
26996220
22796580
12098064
18397056
6998950
2299701
8098866
29896113
8099028
11298757
11998440
23796430
4499325
17497375
22496175
3599532
23297437
26097390
6699464
11099112
1099912
16098873
25897928
12998960
17499125
13299335
3699778
30797844
26497615
20098191
27397808
27897768
35197536
1399874
31796502
35195424
17197592
24696295
18697195
9598560
199972
22197558
25597184
17598416
28597140
10898801
11099001
9699127
28597712
16098712
19798416
15998880
12798976
17998200
4899608
17298789
15598908
19299421
12699873
9699903
24499755
14099859
30199698
19099809
16599834
27999440
24299028
599976
9299721
19699212
28798560
27898605
12699365
4999750
14499275
25098494
28998260
25198488
2799888
10399168
25798194
11599188
18098733
14498695
27597792
2699784
10199184
299973
23097459
499935
7599012
32295801
8698956
23197216
35095788
17897852
19396508
6798640
6798640
23595044
1799676
12797568
11997720
9998200
15397382
199958
24994750
27794162
31393406
23895220
19396314
20696274
20296549
23595988
6198946
27095664
23496475
15697331
2899391
5698917
22696141
3599532
4799376
13298537
12498500
5099388
33196016
5799420
33297003
24497550
28297453
6699397
35797136
34296913
18698504
34597578
35197536
28398012
14198864
21397646
2399736
15298317
3299670
5899410
12498875
5499505
5899410
32496100
13598504
15898092
29096508
25396952
3799544
18597768
19197888
32495775
20697516
2599766
32396760
32297416
8899555
30698465
23298602
15299082
4299828
26098956
34198974
26498940
32798688
25699229
9699709
35899641
18800000
20799584
35399292
25499490
14999850
23899522
3599928
4199874
31098134
14599124
15498450
34696877
29697327
32297093
31597156
20898328
1999780
10198674
17797864
28496580
23997600
599940
29997000
21897591
10898801
20097387
6199194
24796528
19996600
16997110
12897420
699860
11697660
26294740
7698614
7598480
27794718
25895597
35894256
1599744
15597348
33893898
24495590
21795640
30993800
23097228
1399832
13298138
35696430
21698047
22898397
9999500
31898405
4499775
599964
28997970
10599258
16999320
30798460
16599668
3199936
6399936
16000000
18699813
33199004
30498780
35498225
5899705
2099874
25898446
14399136
26998380
5499670
8899377
29498820
14499420
12999350
21598920
31598104
33697978
2699838
3099814
23798572
29798212
23799048
6399808
28999130
13699589
5899823
11799646
5399838
199992
19699212
22399104
34798608
23899283
7999760
17999280
26798928
7499625
30499390
26099478
6299874
2399928
3199936
15799684
28799136
24499265
26599202
21599352
24899004
3099876
29999100
26299211
8899733
25199244
8799472
20799168
30498780
3799772
6199628
14699118
7899684
33198672
21198728
2999850
14099859
15499690
21299361
22899313
17299481
7899763
27799444
27499175
29698515
22298885
22798860
24698765
4599770
12399380
33198340
12899355
35698572
2599896
16499175
22398880
5099745
26798928
33598992
16199514
9599520
6399680
12699365
2899913
10599682
19799802
2200000
16499835
17199828
10600000
18599442
22398656
22099116
22999080
30498475
18599070
15998880
29997900
32797376
10598940
16398852
22099558
29399706
19699803
5099949
2299977
19700000
199998
1599984
22299554
3099938
26899462
12199878
25699743
7099929
7700000
33199668
13899861
32699673
16699833
12400000
6699866
17299654
20799584
699993
7499925
7800000
25099749
13600000
15200000
2499975
2299977
15400000
800000
34300000
10000000
22399776
21699783
2499975
15499690
3799886
25099247
29499115
7499700
12899742
3399966
32699673
2400000
2900000
26699466
32399676
24499755
12500000
26800000
15299694
35899641
33100000
7899842
15899523
5599832
11999760
11999760
6799660
24698765
17299481
1599952
20698965
23698341
26198166
13998740
12498625
20297767
23796906
16797480
20596704
9798432
14597810
10898801
32696076
19596668
11298079
3499335
34793388
34893718
35893897
7698691
8398656
24196128
2399496
26493905
1099758
20495900
21595680
15696860
7498425
2799328
30692632
10697432
32292571
25494135
6398528
27495325
5399136
19296719
20896029
27395068
7898420
13797102
12197560
4799040
24894522
14996700
29693763
5998740
31493070
17196388
8898131
30795072
23796430
26796248
8298921
17097435
31495275
22396192
30093679
17796084
1499670
8298174
9097998
22495275
22195338
29893721
20894357
32591524
30392096
99974
18894897
14196592
35691432
3299142
23893786
23393916
1999540
8398236
28294057
14097039
699832
23393214
5498405
5398272
29190364
14095488
18193994
12195974
9896832
20394084
8197622
20793760
999680
34788864
10396672
19793664
21892992
8197376
35090523
35891025
35891384
3099256
13096987
26793836
12297294
19395926
6298677
26494700
899811
35592168
22595028
7798050
25593600
33591264
22493925
18594978
33990820
14496085
29791954
4898677
2699271
18494635
8597334
26791692
8497365
20393472
3598776
2299172
19993800
31190016
10396568
10396568
4698214
9296559
19192704
22591186
8296763
19892239
25789938
22191342
33187384
21091771
32686266
24589668
19891244
34485165
11194960
1399370
1599296
6497075
15793206
14393808
15393532
20791264
4298065
23989200
34884644
35384424
26588030
18990880
11994120
18090769
4197858
11694033
599700
6296976
2998560
32484075
21289350
20989080
21089239
7596200
11293785
24186932
2398704
799552
21788446
31783146
10394488
15791626
799576
5397138
31683199
16790256
33280686
12392684
18888849
33680117
11393274
12092740
24285420
2698299
17189164
30880533
31180344
18488345
8394540
28680771
999340
9393796
1199220
12191948
15090336
27882144
19087585
32978550
9993500
25483170
27681441
21385662
24983250
199864
5396328
8294107
26381520
10192962
22984130
29679804
18487420
27281709
12591432
899388
10193064
31878308
23184688
9493825
13091223
29780034
17888186
6795512
10193064
15488995
4996400
8094330
26182708
2198614
15690109
3497760
14490720
23985120
6795512
28780992
8993970
22585084
8194424
15689324
14989800
11692278
26982450
7994800
6595776
199876
21586176
29780928
15489925
20786480
18088416
8394792
33280686
13592112
30382368
23687676
699636
12793344
21488605
4997200
16091145
24287121
20189496
19190016
13693287
1099483
21889707
5097603
23889006
24388532
24588438
27487350
6097194
34484130
22489650
27786656
28985790
6796600
25087701
12893550
27286077
12193900
30484445
35581844
3798100
22988500
8195818
24587454
17790744
8096031
32783928
25387808
25687921
16991670
2598674
27085908
21989000
11994120
35182752
10794708
27686427
5997180
34183926
23888767
14892848
1799136
4997600
27286350
12093950
799600
7696227
10494750
9095450
33582864
8995410
5697036
25186896
18490380
11194288
23488250
15392300
9395300
6096950
7296350
4197900
16591700
25287603
23088681
20889968
3398334
11094450
17591024
29784802
23088219
30585618
29285936
3298383
20190708
17292215
34484130
99955
21290415
27287442
35784964
27688643
7796724
4398108
32286111
26288691
35884563
28587130
22289742
14493185
27486800
12394296
28886706
17592256
12494500
13293882
26387328
32584352
30385408
18290850
32782616
30883005
14291992
34980400
30482920
13492305
5496865
35079993
16889860
16989800
1599040
399752
99935
4297162
26682111
25881870
25682010
27480750
17688141
24883815
5896165
33578160
17089056
16688811
6795444
21186432
11992200
13191156
24583518
21185796
32278359
12791552
31779330
16189146
9493635
5796172
29080794
11292203
12791168
9493540
9493540
13690684
13591024
1698878
16189308
24783880
10093536
5596472
24184996
25183872
34777728
19587456
13491225
14690445
999350
23785006
11492640
15590016
12991810
20287211
30381456
3397926
29882060
27283347
8694867
11393274
7295766
25984920
7695534
899478
30482615
22587796
30783368
1099406
28784448
19689362
18890361
7496325
24088432
6996640
15792574
13293882
34684732
4498065
12394668
9195768
22289742
9895545
35184160
26387856
14892848
13893328
35782816
9295443
34582700
18692146
15493955
30288183
3298779
27190208
17393736
31389010
5197972
34086701
13494465
20191112
16292665
1699252
10795248
199912
17992260
20291068
1799190
7996480
20290662
31185336
31584832
15692464
9295629
4498065
27188032
24889044
24889044
33384970
4997750
14293708
30787064
24089878
24689379
13594152
3998320
35184864
2298965
3798290
20490775
24489465
33385638
3998360
1899145
699678
8096274
11794572
27487075
3698261
25088705
17292215
15992800
34684385
27586200
7496250
3198432
35283409
6696918
9895347
14393952
33685846
18492230
12095039
9396146
18992210
10995600
25589504
31986880
13394372
4797984
25689720
31388696
24091083
31387126
6697186
1099516
22889695
9595968
29987400
30387232
26689053
25389332
11595128
8496430
20791264
31486455
32086518
28887284
18791352
13593744
26487545
21989660
32585004
31585464
3998160
16492410
3498320
19090641
30485665
27686981
34284222
18891495
2398848
19690347
32084271
17391474
17691504
699664
2498800
30184598
2498775
19390494
18890928
22289296
21389300
13593336
4097991
31084450
21089239
29584608
35281644
34182216
31083828
31283098
23787386
31583252
30783676
20489135
20288632
8395380
15291738
30983260
11493675
299838
32382504
20789392
18590514
33982660
3698113
17590672
28185900
24787848
5897109
14992650
8795776
12693904
15492715
29985900
8496090
99951
7096521
9994800
34083291
24987750
33583536
33283683
21889269
10494750
26486750
19090450
15892050
9395300
35082450
2099034
17791634
28886706
7796412
6896826
18291582
1699184
6596832
21089450
9095541
20989500
6896412
16791432
34082609
22987350
26585370
24286635
20988660
34281478
26785528
32482125
4397624
10394384
24086986
8495325
9294978
23687202
32282881
32183256
699636
19789110
9894555
31282472
23586784
12592944
21088395
13492305
17789854
24386092
14691768
12992850
20288632
27284712
19588436
31282472
17889976
14291992
5097042
18589212
30082542
16090662
31681614
20687994
34879409
5596752
7995360
19688377
31580724
30481700
22486500
2198658
33879660
20088141
27583992
20688822
17790210
18889605
30783060
12093103
2998350
24386580
1599120
26685315
35580420
32583374
27185856
18390064
18090226
25885755
12892647
1998840
8694954
4197606
8495495
3897894
30583782
13692739
13792686
15191944
30983260
20088744
12493000
10494330
33781748
7795632
34981100
27085637
32083308
34982500
23088681
6996570
34782252
3598020
12893034
28084545
10594382
5597144
13393166
26487015
2298896
5897345
14993250
10295468
29187152
26388648
33085767
9795786
20491390
7296934
8496430
6397376
9396146
8496515
6897171
33586224
22790652
2399016
26389704
34386928
32886840
16193682
26089821
33386974
26989740
35287292
2299195
7997280
31688905
7697305
22591412
10396048
12095402
35086662
6097682
10695934
30687720
2299126
22890382
1499415
32287080
23291146
21892335
9996600
34588582
13095939
34290053
199936
18794360
25892230
16395080
2699163
23692890
5398380
31390266
24792560
21493765
9697381
1199688
12596976
3599136
4998800
31892344
21595032
11797050
14396400
17395650
5498625
2999250
21294888
19295368
17595776
9297675
23994000
15496125
28493160
33391650
28093537
30792916
5098827
5798666
5998500
11397150
18295059
16995410
9396992
19693696
11896192
8897152
9996800
21391868
35087715
21892773
4098647
34388304
30389664
11096337
4898579
31690807
24892779
17494925
31790778
1199640
26592286
2999130
18194722
15195592
31590836
35590032
25793034
16195626
1899487
16796136
22694552
23494125
19994800
30192450
29493510
34292454
11997360
10997800
18396504
13597688
10398024
26994870
0
18396320
19396314
12197804
15397228
11897977
22695914
8398656
25295952
9798530
2099685
4499280
20596498
11498045
24995500
26695194
28894509
26095302
29495280
20596704
25996100
20796880
4999250
14898063
26896503
4099467
7699153
22697957
16398360
20197980
23498120
17998380
299973
24097349
28097471
8599484
35298235
8099433
18398528
30697851
4999650
16099356
14199432
21898905
35698215
34298285
17699115
3599784
0
9999700
34898953
34298971
699979
16999490
30900000
7299927
18499815
3199968
31999680
29999700
6599934
18499815
11200000
30498780
16899155
14199290
13699178
32698038
499965
16898479
9499525
15898569
17098290
20897283
12998310
21996920
16597842
9898614
10898038
29394708
32694114
6398848
25595136
10197960
35293293
28094661
5798840
28695695
35894256
14897467
31494645
8898487
99985
35094735
24796528
1699762
28396308
8199098
18197998
11398746
35496095
2499775
7799454
16498845
23798334
14798964
8999370
35397522
12899226
27598344
17499125
1699932
14799408
17199140
2399856
18298536
30597552
899928
18198544
22398208
899928
21798038
0
22098011
24198064
399956
16398688
35296117
12098548
31396232
34695489
35095437
33895254
30795688
14997900
25096486
6699062
6199194
27796942
34995800
28296887
20897492
99990
26797052
22997470
25697173
14398416
1099868
10298558
14297998
21097046
30095485
16797480
23396022
29494985
4299226
14997150
899838
20996220
9398120
31393720
16296577
1899601
15596880
31293740
13696986
3699149
22794528
5798608
3599208
9997800
28394320
11097891
27295086
18396688
21296166
699874
17696637
29594968
29395590
26796248
20597116
24896514
33095035
10498320
31195632
12098427
15897933
17897136
24996000
33393988
24895269
22795440
19196352
30594798
25995580
11598028
4699107
11397606
24294897
22594802
7498200
9797942
18496115
26694393
31394034
3699297
22295763
15097433
23096073
12997660
32694114
27395342
35593236
999790
5698803
29293847
31892982
33092718
27893862
23594572
28193514
5498845
30793532
27794162
0
32493175
35492545
10897711
18796052
28293774
22495050
22294202
12396776
17995140
3599028
6198388
12696698
11996400
24792560
30490850
21694141
18495005
11896906
19095034
4498830
32591524
22194228
19995400
24994250
4098975
10997250
2699325
4098975
15895866
1799514
10597562
18895653
5998500
26393400
3699075
35291175
11297401
2199516
21295101
12997010
18895653
19095989
1299727
32493500
16296740
12297786
20096382
7898499
24895269
12097822
3599316
28894220
13396784
13896664
23494125
799824
11497585
15696389
13796964
28293774
19695666
23394618
32892433
8398068
30693246
23394852
7398372
7798050
15596100
2099622
4799136
11197984
22996090
26795176
199964
9898515
12898065
8898576
5799072
0
1499745
14297569
23996160
23396022
27694737
18196724
33993540
18296523
17396694
599880
9598176
35593592
14997450
18096742
21296166
19096753
14697501
25095733
34094203
21596544
23596224
4199328
30895056
3199456
4499235
7698537
8598538
31894577
499920
7498650
20096583
34694448
18896976
19896816
13897776
21296166
2399568
29195036
1499775
7398890
13797930
22596836
31095646
13998040
33694271
8098380
33492965
16996260
7598328
19096371
17496675
28293491
7598252
30993180
18995630
16496040
7198272
23994000
12096854
16395736
7897946
25093474
26093214
2299379
25293422
14796892
23695023
29593784
20095980
16296740
21295953
18896409
31894258
7098722
7099077
21697396
17098119
33297003
25497705
13798758
5399514
14998650
17998380
29596152
6099512
12998960
32596088
25296711
16397704
34895463
19997400
19198080
2599792
18998670
2999760
28797696
32196780
14398704
3799620
23097921
7799220
12398512
25897151
9898911
21597624
26397096
32896381
15598128
18997910
4399516
24897261
16697996
21997140
33194688
26195808
20696688
3699371
4699201
8998380
32794096
33693934
35493610
16896958
27293994
17496500
27894699
35293646
6898758
4799136
34694101
25295699
21996700
12498375
27996360
22796808
1099846
5899233
9798628
24196854
32895723
16897803
23396958
1999760
29096799
17598064
8599140
30896601
4599540
26297370
799912
21497635
31496535
24897012
22596836
28396308
6599274
15098339
32396436
10498950
9498860
34296570
5499450
31996160
23797144
7199136
35097192
7699384
14698677
3299703
17298443
1899848
28397160
27796942
32496425
1199892
2099790
5099490
14298713
27297543
23098383
16599004
15199088
20698551
3799734
31297183
499960
15098641
31497795
11199216
8699391
18998670
19398642
26597872
3999640
34296913
22598192
8199426
23398362
12199146
12899226
7999760
18599442
7299781
16699666
3699889
21999120
23399064
30498780
9799608
9799804
33799324
22699773
7999920
26499735
11299774
23099307
1899943
699986
199996
11499425
5999760
5899646
9499430
20798752
22898626
18298902
13999160
2199890
14399280
7499700
25699229
2499900
21699132
21199152
23298835
24998000
2499800
5299629
28198026
26698131
7099503
12899226
33798648
8799648
17600000
31399686
28200000
19099809
33099669
11899643
7499775
14699412
30598776
16999660
21199576
24799752
8199918
32699346
11199888
16100000
30500000
12799232
5299788
21098945
34797912
21698698
34797564
3199808
29898206
24297813
14698824
18498335
9999200
32397408
4599678
3999760
19598628
21298296
22598192
12298770
7899210
10498950
24298299
13099083
13299335
23898805
2999880
6099817
33497990
2599844
22398208
14198864
31297183
6399488
32596740
27497525
27398082
29097963
23398362
10199388
199986
7199712
10298970
20697930
25298229
26598670
17999100
18499075
12999350
18898866
35898564
7799688
2899884
31298435
10299279
19299035
599970
24498530
29598224
34897906
32398380
6699866
32599348
35299294
13999580
16498845
34397592
9699127
27497800
20297970
23499060
7499400
29897309
13398258
30296061
26296581
29996400
27996640
3199584
19497660
11798584
29896113
20397348
34595156
29795828
16297881
17797508
7998880
28395456
8098704
19496295
17496500
33392986
20995800
32893420
34693407
23195592
30094281
1499730
6398976
16097263
30495730
33994900
25596160
16197732
9898713
29896113
28496295
14098026
35094735
22296655
16597344
4899314
17797508
26796516
16697662
2899623
5699259
20597528
16898817
7899447
35697501
5399622
33697641
21498280
32497725
14998950
34597232
8899288
30797536
30197886
26798124
18698691
21398288
16398852
16199028
29998800
18399264
34998600
19799010
25898964
30298788
20999160
35598576
17998920
21598704
11099556
24098554
31998080
33696630
30196980
31296870
12798720
3299637
19597648
22397312
22396640
12398016
24496080
3599352
27695568
15497520
14097744
999840
22496400
27895815
23696682
16397540
599910
24997000
26596542
13998600
2499775
2599792
28497720
15299082
30597858
3999800
26698665
299985
13299335
26798392
6199690
26898655
13099476
2099916
33498325
3799848
4499865
17798932
11299435
24598770
1699915
22098895
10399896
8799736
5899823
23598112
35197536
27198096
15698901
13098952
15999360
5199792
8299585
30098194
16899155
16299185
18698691
25697687
16698497
27996640
32796720
7299270
5399460
18798684
9699321
12399132
26798392
3599820
7299489
3699778
29497345
24097831
12698857
12298893
35496805
7599240
35296470
19897811
28197180
7099219
12598614
22097127
29695842
5199324
29596152
9098817
699937
5699487
26897579
18197998
18998100
29397354
32896710
32797048
17898568
29297656
399964
32497400
23198144
16298696
25397968
6499545
21498495
18998670
23198608
16898986
35297529
18899055
34698265
10699465
16899324
10099596
6799660
5299682
399956
8399160
16498350
99989
25397206
9798824
11598724
3099628
28296604
5299311
7998960
999890
799912
19397672
17797864
23997360
16598340
33696630
18397976
27696953
34596540
18297987
7199136
19797624
12998440
22997240
35395752
22096906
29696139
34995450
32295478
2899594
33395324
9698642
31595576
24496325
22595480
8898131
12997270
14296997
31094091
32593480
14997000
4799040
33793240
8498215
2699406
29093889
33992180
17395650
35190848
31792368
32691825
26493375
30592350
17095554
15895866
26693058
32291602
19895025
8997660
14096475
18495560
2099496
15096376
2699433
22895191
32693133
15497055
23594808
16796136
19594904
13996500
28692825
15495660
3798822
31890430
21893430
19494150
27591996
14295996
23293476
13096201
26492315
17595072
30091572
11196864
3299076
17394606
25792260
8297593
15595632
33990140
4798560
6598086
3299043
13196436
2399328
29991600
32991420
27092954
21194488
5098674
19795248
21294888
15296328
29392650
27692798
2199428
21894306
4098811
14795708
34591350
7698075
20894566
18195450
30692632
9797550
4698825
24993750
26193450
3499090
199946
28892486
30592656
22894504
899793
12197316
11997360
9797844
7598328
35192256
27493950
4698872
8797800
22694779
899793
30994110
21196820
11898453
7798986
29395884
26596276
11498390
24396828
15498140
25796904
34395872
17897852
13198416
34295884
15198176
32295478
999880
28696556
14698530
21097679
28196616
6699196
23397192
34296227
3699519
27496700
25397460
8398908
1099846
33695282
3199584
20097588
24596802
17598064
14498115
13298005
20996640
21296592
34694101
34093862
4899265
8799208
27297816
33596976
25597696
10899128
17498600
6599406
18098371
13198944
1299909
4299699
33797634
30997520
699951
599946
16998470
6099451
33397662
25298735
29398530
12999350
15199240
27198640
25798452
32598696
28098595
32198390
3999880
5099847
20399592
26400000
1499985
32098716
30099097
32799672
4399956
35298588
13399330
1899924
24199516
8699652
9399624
16299185
12199390
24299028
5099796
24698271
3199776
5799652
12399380
8399580
12699365
33798310
18599070
31698098
12499125
26298159
24798264
21098523
19698621
28298019
26497615
10898910
199980
4699530
21598056
10998900
13998600
35396460
31097512
15898569
17398434
30696623
4499505
29697327
32496750
34096590
18498335
29197664
29897608
2899826
21198940
7599620
15499225
26698398
14399136
28298019
7899605
29497935
14598832
31597472
8199426
28297453
10798920
5599440
18298170
1099890
32996700
25097239
3199680
16898141
22197558
26497085
25097239
23597404
4399516
31397174
24597786
20798128
32097432
7699307
20798128
4799568
15398614
26697864
599952
4099467
17297405
1199844
11798584
22197114
299964
23397192
11498505
16598008
6799184
31196256
22897252
23197680
32596088
12298647
20698137
20298173
20697516
20897283
14197870
13398124
17797152
4299312
6498960
9198528
18997530
1399818
33095697
4399428
17798576
30697544
999900
29697030
8999010
24997000
15598284
27796942
13398258
18697195
28196052
4199454
23397192
9098999
28796832
32396436
8599054
32896381
2099769
9698933
7999120
26397888
3099690
26797320
3799658
6699464
11198880
28297736
27097561
28798272
199986
21898467
23898327
16498845
17498600
8199180
799920
26597340
2899710
6999370
7999120
33695956
3199616
21297444
27496425
199976
34695836
7899052
26697063
21597624
7799142
33196016
9398872
29695842
4199370
32595110
6898965
33195020
8798768
17497550
15997920
15697959
24396828
32395788
4999450
30696009
21197880
17298097
15698430
17198280
9599232
32197424
31196880
5499450
8999190
3899688
21598272
30698158
30698158
13299202
2299885
31299374
3599892
2299931
18799248
33597312
25197984
29797914
32798032
13399196
9699418
35897846
14199006
1899848
199982
10299073
4499415
31895853
15798262
5099388
16297718
10498530
9898515
30195772
7698922
1199832
6499155
35395398
23997120
27596412
23796668
32295478
6898965
15497675
12498250
33697304
4699718
3699704
9399248
23498120
15998880
29296777
18697943
9798726
15797946
18797932
13798482
1899772
3399558
899883
5499340
33197676
28597998
5799536
18598512
11998800
6899310
35096490
3499650
5299470
18698130
7599240
18898110
15199240
14899255
34698612
27398356
26698398
33198008
12399256
25698201
8399412
14698971
17398956
21998900
19999000
17198796
11099223
26198166
27897768
199982
7799298
8499575
33498660
5999700
20697102
12498250
35694645
14397840
20396736
1099824
13297872
16397376
14097885
7098722
21395934
20996010
9098544
19796832
26395512
17497025
10098283
29195328
20896656
24096144
17596656
14996850
5298940
23995920
0
35393628
21896058
23296039
6498895
16797144
0
2399496
26994060
31592732
17795906
27493400
10097475
2699352
27493675
20094975
199948
28292925
5198752
32592502
12297294
24694813
32892433
22494600
14996400
21495055
16996260
23394852
21594816
25893525
1499625
16595850
18795300
32092938
32692806
34192476
699846
17495975
7998160
33691238
7897867
17095725
7698075
14695884
32490900
31391522
22094254
12596472
4898579
9097361
17495100
26791960
1199628
34089770
34889530
199942
16495215
29391474
34689243
16595518
15196048
2599272
20594232
26893544
14896573
11297288
1399664
24393412
3099163
99973
6798300
12596850
19495125
28893064
11997240
4798800
18595722
10997470
30293031
19795842
17396346
4898873
18595908
2499450
6298740
7198560
29593784
17796262
8998290
26794908
22295317
21795422
30593574
31693343
18796240
13896942
6698593
32793440
7398372
32492525
29893422
26494170
3799126
28792800
31991680
5098674
7598176
35091576
34191450
8298008
28293491
25794066
15296481
12797056
34493445
4599126
23594808
28495155
16897296
12198170
27795552
32894078
30694474
2799524
19996400
34993350
22695460
31193760
29192992
27193472
4298796
21593952
4798704
17795550
22394176
13396650
3998920
27592272
23693838
22494150
31691441
21993840
21893868
30791376
3698964
6298173
1899487
28192668
23893547
30291819
19494735
9097634
20394288
7597796
29592896
6798368
27893862
3999040
32892104
27293175
3999000
32491875
25493115
199950
1099736
1799568
21394864
17196044
14796596
1699575
13496760
16095814
20494670
33091394
6098475
15896025
35791408
16196274
17596304
22094917
18795676
29793146
25094729
13397186
18596094
20395920
6498765
27194560
22195116
28293491
30193054
31092847
21595032
23094456
6798572
8798152
10397816
32393196
22395072
17896420
21895620
27294540
35292940
3299472
34394840
5399244
6099146
17298097
28496865
12598614
27296724
24596556
32095506
34294855
5899115
14027382
