0
0
0
34912
15081
0
0
0
0
0
0
0
35103
0
0
0
0
0
0
0
0
0
0
0
0
0
30591
0
0
0
0
19346
0
0
9803
0
0
7816
0
38485
0
0
0
0
0
0
0
0
0
0
0
0
0
0
0
0
0
0
0
0
0
0
0
0
0
0
0
0
0
0
0
0
0
35049
0
7776
0
0
0
0
0
0
22483
18472
0
0
20747
0
12244
0
0
0
0
0
0
0
0
0
0
0
0
0
0
38994
0
36431
0
37927
0
0
0
0
0
30464
0
0
0
16640
0
0
0
0
0
0
0
0
39404
6416
0
0
0
0
0
0
31213
0
0
0
0
0
0
0
0
0
0
0
23256
0
0
0
0
0
0
0
0
0
0
28394
24282
0
0
0
0
0
0
0
0
0
12848
0
0
0
0
0
8411
0
0
0
37957
0
0
0
15349
0
0
0
0
0
0
0
0
0
37519
0
0
0
2958
0
0
0
0
0
0
0
0
29491
0
0
0
0
10879
0
0
0
0
14063
3758
0
0
0
0
0
0
0
0
0
0
0
0
0
0
0
0
0
33403
0
0
0
0
0
0
0
2875
0
0
0
0
0
0
0
29217
0
0
0
0
0
0
0
0
0
0
0
0
0
0
0
0
0
0
0
0
0
0
0
0
6401
0
0
0
0
0
0
0
0
0
0
8713
0
0
0
0
0
0
0
0
0
0
0
0
0
0
0
34698
0
32874
0
0
2811
0
10721
0
0
0
0
0
0
0
0
0
0
0
0
0
0
0
0
0
0
0
0
0
0
25082
18710
0
0
11822
0
0
0
29819
0
0
0
0
0
0
0
26017
0
0
0
0
0
0
762
24984
0
0
0
0
0
0
36608
0
0
0
0
0
0
0
0
0
0
0
0
0
14777
0
0
0
17267
0
0
0
0
0
0
0
0
0
0
0
0
0
0
0
7876
0
0
0
0
0
0
0
0
0
0
0
0
0
0
0
0
0
0
0
0
8816
0
0
0
0
0
0
0
0
0
0
0
0
0
0
0
0
0
0
0
0
0
0
0
9501
0
16836
0
14698
0
0
0
0
0
0
0
0
0
0
0
0
0
0
0
0
0
6901
0
0
5539
0
0
0
0
0
0
0
0
0
0
35612
0
0
0
0
0
7379
0
0
0
0
0
0
0
0
0
0
0
0
0
0
0
0
0
0
0
0
3972
0
0
0
0
0
0
0
0
0
0
19267
17640
0
0
30384
0
0
20704
0
0
0
0
0
0
0
0
4656
0
0
0
0
0
0
0
0
0
0
3940
0
0
0
0
0
0
0
0
11158
0
0
0
0
0
0
0
0
0
0
0
4530
0
0
0
0
0
0
38618
0
0
0
0
0
0
0
0
0
0
0
0
0
0
8189
0
0
0
0
0
0
0
0
0
0
0
0
0
0
0
0
0
33403
0
0
0
0
0
0
0
0
0
0
0
0
0
0
0
0
0
12638
0
0
0
1071
0
15629
27783
39679
23826
0
0
0
28270
0
0
0
0
0
0
36648
0
0
0
0
0
0
0
0
0
31645
0
0
0
0
0
0
36294
0
0
0
0
0
0
0
0
0
33793
0
0
0
0
0
0
0
0
0
0
0
0
0
0
0
0
0
0
0
0
0
0
0
0
0
0
0
0
0
0
11880
0
0
19133
0
0
0
26629
0
0
0
0
0
0
0
0
0
0
0
0
0
0
0
0
0
0
0
0
34994
0
0
0
0
0
0
0
0
0
0
0
0
0
33998
0
0
0
0
0
0
227
0
0
0
16719
0
0
0
0
0
0
0
0
0
0
0
0
0
0
0
0
0
0
7816
0
0
0
16213
0
0
0
31771
0
0
0
0
0
0
0
0
0
0
0
0
22631
0
0
0
0
0
0
21777
33203
0
0
0
0
0
25829
0
0
0
38343
15261
0
18850
0
0
0
0
0
0
0
0
0
1975
7657
0
0
0
0
0
0
0
0
0
0
0
0
0
0
0
0
0
0
0
0
0
0
0
0
32944
0
0
0
0
0
0
0
20642
0
0
0
0
0
0
0
0
0
0
29626
0
0
0
0
0
0
0
0
0
0
0
0
0
0
0
0
0
0
0
0
0
0
0
0
0
0
0
0
0
37578
0
0
0
0
8975
6716
15603
27362
0
0
36787
0
0
0
0
0
0
0
0
0
0
0
0
22950
0
0
0
0
0
0
0
0
0
0
0
0
0
0
37783
0
0
0
0
0
0
0
0
0
0
0
0
0
0
0
0
0
0
24636
0
0
0
0
35539
1111
0
0
0
0
0
0
0
0
0
0
0
9446
0
0
0
0
0
0
2020
0
0
0
0
0
0
0
0
0
0
0
0
0
0
0
0
0
0
0
0
5241
0
13825
0
0
0
0
0
14338
0
0
29750
0
0
0
26898
0
0
0
0
14901
0
34736
28594
0
0
0
0
24336
0
0
0
0
0
0
0
0
0
0
0
0
0
35444
0
0
0
0
0
37992
22939
0
0
0
0
0
0
0
0
0
0
0
0
0
0
0
0
0
0
0
0
0
0
0
0
0
5023
0
0
0
0
0
0
0
0
0
0
0
0
0
0
0
0
0
0
0
0
0
0
0
0
0
0
0
0
0
0
0
0
0
0
0
34479
18407
0
0
0
0
0
0
8940
0
0
36580
0
0
0
0
0
9838
0
0
0
0
3865
0
0
0
0
0
0
0
0
0
0
0
0
0
0
0
0
0
25391
0
0
0
0
0
0
0
39032
0
0
0
0
0
0
0
21777
0
0
0
0
21309
0
0
0
0
0
0
0
0
0
0
0
0
0
0
0
0
0
0
0
0
0
0
0
3036
0
21253
0
0
0
0
0
0
0
0
0
0
0
1098
0
0
0
11097
0
0
0
0
0
0
19371
0
3702
0
0
0
0
0
0
0
0
0
0
0
0
0
0
0
0
0
0
0
0
0
0
23430
0
38963
0
0
0
0
0
32028
0
0
0
0
0
0
0
31987
0
34570
0
0
0
0
0
13137
0
0
31357
0
26619
0
0
0
0
0
0
0
0
0
0
0
0
0
8332
0
0
0
0
11838
0
20513
0
0
0
0
0
0
0
0
18119
0
0
0
0
0
0
0
0
0
0
0
0
2315
0
0
24873
0
0
0
0
0
0
0
0
0
0
0
0
0
0
0
0
0
0
0
0
0
0
0
0
0
0
0
0
0
0
0
5512
0
0
0
0
0
0
0
0
32968
0
0
0
0
0
0
0
0
0
0
0
0
37185
0
0
0
0
0
32361
0
0
0
27477
0
0
0
0
0
0
0
0
0
0
28609
0
0
28480
0
0
0
4660
0
13199
29035
6839
0
0
0
0
0
0
0
0
0
0
0
0
0
0
0
0
0
0
0
39698
0
0
0
0
0
15853
0
0
0
0
0
0
0
0
0
0
0
0
0
0
0
13181
0
0
0
0
0
0
0
0
0
0
0
0
5419
0
0
0
0
0
0
0
0
35515
0
0
0
0
0
0
0
0
0
0
7588
0
0
0
0
0
0
0
0
0
0
0
0
0
0
0
0
26165
34056
0
0
0
39851
0
0
0
38430
0
0
0
0
0
0
9647
0
0
0
0
0
31359
1617
2133
0
0
0
0
0
0
0
0
0
19369
5308
0
0
0
0
0
0
0
0
3905
0
0
0
0
0
0
0
0
0
0
0
0
0
0
0
0
0
0
0
0
0
0
0
0
0
0
0
0
0
0
0
0
0
0
0
0
0
25829
0
0
0
0
0
0
0
0
0
37887
0
0
0
14715
0
0
0
0
0
0
38931
0
0
0
0
0
0
0
0
0
0
0
0
0
0
0
0
0
0
0
0
0
0
0
0
2036
0
0
0
0
0
0
0
0
0
0
1725
0
0
0
0
0
0
0
0
0
0
0
0
0
0
0
19705
0
0
13322
0
0
0
7394
0
0
0
0
0
0
0
0
0
0
0
0
0
0
0
0
0
0
0
0
12615
0
0
0
0
15790
0
0
0
0
0
0
0
0
0
0
35742
0
0
0
0
0
18986
0
0
22399
0
18881
0
0
0
0
0
0
0
13714
0
0
0
0
0
0
7842
0
0
0
0
0
0
0
0
0
0
0
0
0
0
0
16629
0
0
0
0
0
0
0
0
0
0
0
0
0
0
0
0
29976
0
0
10294
0
0
0
0
0
5795
0
0
0
0
0
0
0
0
0
0
0
0
0
0
0
0
0
26030
4256
0
34388
0
0
0
0
0
0
0
0
5309
15389
5468
0
0
0
0
0
0
0
0
0
0
0
0
9713
25522
0
0
0
0
0
0
0
0
0
1853
0
0
0
0
0
0
0
0
0
39265
0
3780
0
0
0
0
0
0
0
0
28635
16478
0
0
0
0
0
17924
0
0
35103
0
0
0
0
0
0
0
0
0
0
3970
0
21497
25666
0
0
0
0
0
0
0
0
0
0
0
26268
0
0
24568
0
0
0
0
0
0
0
12318
0
0
0
0
0
0
14827
13687
0
0
0
27583
0
0
0
0
0
0
15541
0
0
0
0
0
0
0
0
21405
0
0
0
0
0
0
0
0
34608
0
0
0
0
0
0
28521
0
0
0
0
0
20618
0
0
0
0
0
0
0
0
0
0
1740
0
32295
0
36736
0
0
0
13878
26589
0
0
0
0
0
0
0
0
0
0
0
0
0
23749
0
0
0
18905
0
0
0
0
0
0
0
0
0
0
0
15658
0
0
0
0
0
30818
7286
0
39043
0
0
0
0
0
1794
16093
0
0
23265
0
0
284
0
0
0
0
0
29401
31382
0
0
0
0
0
0
0
0
0
0
0
0
0
0
0
0
0
0
0
9323
0
0
0
0
0
0
0
31341
0
0
0
0
0
0
0
0
0
0
0
0
0
26831
0
0
0
0
0
0
0
0
38276
0
0
0
0
0
0
25986
0
0
0
35907
0
0
14161
10406
0
0
0
0
0
0
0
3288
0
0
0
0
0
0
0
0
5971
0
31281
23930
0
14885
0
0
1851
0
0
0
0
0
0
33803
0
0
0
0
11032
0
0
0
0
0
0
0
0
0
0
0
0
0
4254
21957
0
5969
0
0
0
0
0
0
0
0
0
0
0
0
0
0
0
0
0
0
0
0
0
0
0
0
0
0
0
0
0
265
0
0
0
0
0
16618
0
0
7233
0
178
0
0
0
0
0
0
0
25697
0
0
0
0
0
0
0
0
0
0
0
0
0
0
21922
0
0
30038
0
0
0
0
0
0
0
0
0
0
0
0
0
0
0
0
0
0
0
0
0
0
0
0
0
0
13033
5251
0
0
0
0
0
0
0
0
0
27606
0
18210
0
0
21931
0
15602
0
17197
0
0
0
0
11064
0
24985
0
0
0
0
8783
0
0
0
0
20384
0
2782
0
0
0
0
0
0
0
0
0
0
0
0
0
0
0
0
0
6228
0
0
29397
0
0
0
0
0
0
0
0
15534
0
0
0
0
0
0
0
0
0
0
0
0
0
0
0
11614
0
0
0
0
0
0
0
32856
0
0
0
0
0
0
0
0
0
0
0
0
0
6626
0
0
0
0
0
0
0
0
20635
0
0
0
0
17713
0
0
0
0
0
0
0
0
0
0
22164
0
0
0
0
0
22284
0
14908
0
0
35732
35042
0
0
0
0
0
0
0
0
0
0
0
0
0
0
0
0
0
0
0
0
0
0
0
0
0
35060
0
0
0
0
0
0
0
0
0
9942
0
0
0
0
0
0
0
0
0
0
0
11282
0
0
0
0
13723
0
0
8036
0
0
0
5670
0
0
0
0
0
678
0
0
31441
0
0
0
0
0
0
0
16395
17422
0
0
0
0
1298
0
0
0
0
0
0
0
0
0
0
0
0
0
0
0
0
0
0
0
0
0
0
0
0
0
0
0
27202
0
0
0
0
0
31859
0
0
0
0
0
31334
0
0
0
0
0
0
0
0
13728
0
4690
0
0
0
0
0
0
0
0
0
11305
25191
0
0
0
0
0
39269
0
0
0
0
0
0
0
0
0
32775
0
0
0
0
0
0
0
0
0
0
0
0
0
0
0
0
0
0
0
0
0
0
0
0
0
5500
26996
10674
0
0
0
0
0
0
0
0
0
0
0
0
0
0
0
0
0
0
0
30348
0
0
0
0
0
0
0
0
0
0
2647
0
30893
0
0
13586
0
24337
0
0
0
0
0
0
0
33953
0
0
0
0
0
0
13245
0
0
0
606
0
0
0
0
4711
0
0
0
0
0
0
0
0
0
0
0
0
0
0
0
0
0
28867
0
0
0
0
0
0
0
0
0
0
0
0
0
0
0
0
0
0
0
39161
0
11522
0
0
0
0
0
0
0
0
0
0
0
0
0
0
0
0
25410
0
0
0
0
0
3482
0
0
0
0
0
0
0
28805
0
0
0
0
14266
0
0
0
0
0
11418
0
0
0
6272
0
0
0
0
0
0
0
0
0
0
0
0
0
0
0
0
0
0
0
0
0
0
0
0
0
30629
0
0
0
0
0
0
0
0
0
0
0
0
0
0
24134
23664
0
0
0
0
0
0
0
624
0
0
0
0
0
0
0
0
0
0
0
0
12820
15450
0
35462
0
0
25673
0
0
0
0
8886
0
0
0
8411
0
0
0
0
0
0
0
0
0
0
0
0
0
0
0
0
14023
0
0
0
0
0
16994
0
0
38675
0
18378
0
0
28299
7718
35779
24175
0
0
0
0
0
0
0
0
0
0
0
0
0
0
0
0
0
0
0
0
0
0
0
0
3905
4858
0
0
11963
0
0
39138
0
0
0
0
0
0
0
10359
0
0
0
0
0
0
0
0
0
0
0
0
0
13564
0
0
0
0
0
0
0
0
0
0
29828
0
0
0
0
0
0
0
0
0
0
28276
36683
0
0
0
0
0
0
0
0
0
0
0
0
0
0
0
0
0
0
0
28054
0
0
0
0
9299
0
0
0
0
0
0
0
0
0
0
0
0
0
0
0
0
0
0
0
0
0
0
0
0
0
0
0
0
0
0
0
33690
0
0
0
0
0
0
0
0
0
0
0
0
0
0
0
0
0
0
0
0
0
0
15858
0
0
0
19387
0
0
22107
0
0
0
0
28400
11762
0
0
0
0
0
0
0
0
0
0
0
0
0
0
0
0
0
0
0
0
0
0
0
0
0
0
38216
0
0
0
0
0
0
0
0
0
0
0
0
0
0
0
617
0
36312
0
0
28080
0
0
25978
14602
0
0
39260
0
0
17744
0
0
0
0
22403
0
0
0
13985
0
0
0
21779
39687
0
0
0
0
0
0
0
0
0
0
0
4536
0
0
0
0
0
0
0
0
0
0
0
0
0
0
0
0
0
0
0
0
0
0
0
0
12288
0
0
31019
33994
0
21758
0
0
0
0
0
0
33643
0
0
0
0
0
0
0
0
0
0
0
0
0
0
25369
0
0
35890
0
5842
0
26498
0
39180
0
0
18589
0
0
4212
0
0
0
0
20566
0
0
0
0
0
0
0
0
0
0
0
0
31344
0
0
0
0
0
0
0
0
0
0
0
0
0
27333
17384
0
0
0
0
0
0
0
0
0
0
0
0
0
0
0
0
0
0
0
0
0
0
0
26232
0
0
0
0
0
0
0
0
0
0
0
0
0
0
0
0
0
0
0
0
27463
0
0
0
0
0
0
0
0
0
11773
0
0
0
32019
14115
0
0
0
0
0
0
0
0
26426
33994
34216
0
0
9510
0
0
0
0
0
0
0
0
0
0
0
0
0
0
0
6323
0
0
16251
0
0
0
0
0
0
0
24135
0
0
0
0
0
0
33341
0
0
0
0
0
0
0
24256
17836
0
0
0
0
28382
0
0
0
0
0
0
0
9750
21015
0
0
0
0
0
0
0
0
0
0
0
0
0
0
0
0
9764
0
0
0
0
0
0
0
0
0
0
0
0
0
0
0
0
0
0
0
709
0
0
0
33769
0
26165
0
0
0
0
8426
38592
0
0
0
0
0
0
0
0
0
0
8235
23785
0
0
0
22613
0
0
0
2460
0
0
0
0
0
0
33488
0
0
0
0
0
0
0
0
1516
0
0
0
0
0
0
0
0
0
0
0
0
0
0
0
0
0
0
0
2235
0
0
19487
0
0
0
0
0
0
25514
0
0
9148
0
32186
0
0
0
0
0
0
0
18503
0
0
0
0
5678
0
0
0
0
0
0
0
0
28226
0
0
0
0
0
0
0
0
0
0
4746
0
0
0
0
0
0
0
0
0
0
0
0
0
0
0
0
0
0
0
0
0
0
16449
0
0
9387
0
0
0
0
37624
0
0
0
0
0
0
0
0
0
0
0
0
0
0
0
11725
0
0
9555
0
0
34110
0
11933
0
0
0
0
0
0
0
0
11196
0
0
0
0
0
0
0
0
0
0
0
0
0
0
0
0
0
0
0
0
0
24625
0
34089
0
0
0
0
0
0
0
0
19660
6919
17680
25380
0
0
0
0
0
18278
0
0
0
256
0
0
0
0
0
0
0
0
0
0
0
0
0
0
0
0
0
0
0
0
0
0
0
0
11440
0
8235
0
0
14982
0
0
0
0
0
0
14095
5276
0
36196
0
0
0
0
0
0
0
6609
0
0
0
0
0
0
17427
0
0
1916
0
0
0
0
0
0
0
0
0
0
0
0
0
0
0
0
0
0
0
0
9107
0
0
0
0
0
0
0
0
0
0
0
0
0
0
0
0
0
0
0
0
0
0
0
0
0
0
0
0
0
0
0
0
0
0
11687
0
0
0
0
11387
0
0
0
0
0
0
0
0
0
0
0
0
0
0
0
0
0
0
0
0
0
0
0
0
0
0
0
0
0
0
0
0
0
0
33436
0
15251
8603
0
0
0
0
0
0
31788
0
0
0
0
0
0
0
0
0
0
0
0
0
0
0
0
0
0
0
0
0
0
0
14250
0
0
38697
1634
0
0
0
0
0
0
0
0
0
0
0
0
0
0
0
0
0
0
0
0
0
0
0
0
0
0
0
0
0
0
0
0
0
0
0
0
0
0
0
0
0
0
0
0
0
0
0
0
0
0
0
0
18196
0
0
0
0
0
0
17000
0
6695
0
0
0
0
0
0
0
0
0
0
0
0
0
0
16406
0
0
0
0
0
0
0
16113
0
0
0
12873
0
17680
0
0
0
0
0
0
0
0
2477
0
0
0
0
35847
18213
0
0
0
0
0
0
0
0
0
25486
0
0
0
0
0
0
0
0
0
0
0
0
0
0
38644
0
0
0
0
0
0
0
0
23912
0
0
0
0
0
0
0
8448
0
0
0
0
0
0
0
13355
0
0
0
0
0
0
0
0
0
7323
0
0
0
0
0
0
30813
0
0
0
0
0
0
0
34978
0
0
0
0
0
0
0
0
0
0
0
0
0
0
0
0
0
0
0
0
0
0
0
0
0
0
0
0
0
0
0
0
0
0
0
0
0
0
0
0
0
0
0
0
0
0
0
0
0
0
0
0
0
0
0
0
0
39247
0
0
0
2341
0
0
0
0
0
0
0
0
0
0
0
0
0
0
0
0
0
0
0
0
0
11443
0
0
4045
0
0
0
0
0
16640
34826
0
0
29566
0
0
0
0
8371
0
0
0
0
0
0
0
0
0
0
0
0
0
0
0
0
0
0
28009
0
0
0
0
0
0
0
0
0
0
0
0
0
0
0
0
0
21666
0
0
33030
0
0
0
0
0
0
0
0
0
0
0
32765
0
0
0
0
20280
0
24037
0
0
0
33896
0
0
0
0
0
39663
0
0
39922
0
0
0
0
0
13274
0
0
0
0
0
0
0
0
7116
0
0
0
0
0
0
21415
0
0
0
0
0
0
1463
0
0
0
0
0
24793
18365
0
20342
0
0
0
0
0
0
0
0
14718
0
0
0
0
0
0
0
0
0
0
0
0
0
0
36171
0
0
0
0
0
0
0
0
0
0
0
0
0
0
0
1464
0
0
34585
0
0
0
0
0
0
0
0
23977
0
0
0
0
0
0
0
9947
0
0
0
28976
233
0
0
0
0
0
0
0
0
0
0
0
0
0
0
0
0
0
0
0
0
0
0
0
0
0
0
0
0
0
0
0
0
0
0
0
0
0
0
0
0
0
0
0
0
0
20863
0
0
0
0
0
0
0
0
0
0
0
0
0
0
38872
0
0
0
0
0
0
0
0
27501
34608
0
0
0
0
0
0
0
0
11412
0
0
0
0
0
0
0
0
0
0
0
0
0
0
0
0
0
0
0
32857
35883
0
0
0
0
0
0
0
0
0
0
0
0
0
0
0
0
0
0
0
0
2689
0
0
0
0
0
0
0
0
0
0
0
0
0
0
0
0
0
0
0
0
0
18569
0
32394
0
0
0
30445
0
8626
0
0
0
0
0
38661
24157
0
0
0
0
0
0
0
0
0
0
0
0
0
0
0
0
0
0
0
13897
24171
0
0
0
0
0
0
0
0
0
28619
20126
0
0
0
0
38298
0
0
0
0
0
0
0
0
18675
0
0
0
0
0
0
0
0
0
0
0
36664
0
0
0
0
0
0
0
0
0
0
0
0
0
0
0
0
23145
0
0
0
38332
0
0
0
0
0
0
0
0
0
0
0
0
20751
0
0
0
32549
0
9857
0
0
0
0
0
0
0
0
0
0
0
0
0
35366
24175
5888
0
16397
0
0
0
0
0
0
0
20213
0
0
0
0
0
7893
0
0
1292
0
0
0
0
0
0
0
0
0
0
0
0
0
0
0
0
0
0
0
0
0
0
0
20311
0
0
4499
20271
0
0
0
0
0
0
0
0
0
0
0
0
0
28939
0
0
0
0
0
0
0
0
1319
0
0
0
0
0
0
0
0
9615
0
0
0
0
0
0
0
0
0
0
19247
0
0
0
0
0
19536
0
0
0
0
20382
26470
0
0
0
0
0
0
0
0
0
11767
0
0
0
31881
0
0
0
0
0
0
0
0
16544
0
0
0
0
21302
0
0
0
0
25869
0
0
0
34811
0
0
0
0
0
3344
0
0
0
0
0
0
0
0
0
16027
0
0
0
38254
0
13351
0
0
0
14457
0
0
0
0
0
32992
0
0
0
0
17572
0
0
13681
0
32574
0
0
0
0
0
0
0
0
0
29501
0
0
0
0
0
11036
0
0
0
0
0
0
0
0
0
0
0
0
0
0
37224
0
0
0
0
0
28861
0
0
0
26461
0
0
20117
0
0
36310
0
7248
22605
0
0
10717
0
0
0
0
12136
0
0
0
0
0
0
0
20134
0
0
0
9542
0
24655
0
0
11622
0
0
0
0
0
0
0
0
0
0
35281
24994
7100
6066
0
0
0
0
0
0
0
0
0
0
0
0
0
0
0
0
25166
5990
0
14232
0
0
0
0
0
0
0
0
0
0
0
0
0
0
0
0
0
0
0
19701
8404
0
0
0
16882
0
0
0
0
0
0
0
0
0
0
0
0
35550
0
0
8658
0
0
0
0
0
0
0
0
0
0
0
0
3779
0
0
0
24444
0
27376
0
0
0
0
0
0
0
0
0
0
0
4630
0
0
0
0
0
0
0
0
0
0
0
0
0
0
14862
0
0
0
0
0
0
0
0
0
0
37456
0
0
0
0
0
0
0
0
0
0
0
0
0
0
0
0
0
0
0
0
0
0
0
0
0
0
0
0
0
0
0
8400
0
0
0
0
0
0
0
0
0
0
0
0
0
0
0
13452
0
0
0
0
0
0
0
0
0
0
0
0
0
0
16174
0
0
0
0
0
0
0
6029
16465
0
0
0
0
0
0
0
0
0
0
0
21119
0
0
0
22757
0
0
0
37355
0
0
0
0
0
0
0
8726
0
0
0
0
0
0
0
0
0
0
0
7511
0
0
0
0
0
17544
0
0
0
0
35385
0
0
0
0
8448
0
0
0
0
0
0
36002
0
0
0
0
0
0
0
0
0
0
0
0
2136
0
0
0
0
0
0
0
0
0
0
0
28038
0
0
0
0
0
0
0
0
0
0
0
0
0
0
0
34532
5953
0
0
0
0
0
0
0
0
0
0
0
0
0
0
0
0
0
0
0
0
0
0
0
0
0
0
0
0
33092
0
0
0
0
0
0
0
0
0
0
0
0
0
0
0
16322
0
0
0
0
0
0
717
0
0
0
0
0
14836
0
21066
0
20160
27128
0
0
0
0
0
0
9809
0
0
0
36516
0
38391
0
0
0
0
0
0
0
0
36077
0
0
0
0
0
0
0
0
0
0
0
0
0
0
0
0
0
0
0
0
0
0
0
27960
0
0
633
0
0
0
18037
0
0
0
0
32872
0
0
0
18882
14517
0
0
0
0
0
0
0
0
0
0
0
0
0
0
0
0
0
0
0
0
0
0
0
37101
0
0
0
7752
0
0
0
0
6811
0
0
0
0
0
23428
0
0
0
30535
19061
0
0
0
19052
0
0
0
0
22504
0
0
0
0
0
0
0
0
0
28516
25004
0
0
0
0
0
0
0
22440
0
0
0
4865
0
0
3122
0
0
0
0
0
34357
19913
0
31852
32964
35764
0
0
0
0
18307
0
0
0
0
0
0
0
0
0
0
13646
0
0
0
0
0
0
0
0
19840
0
0
16937
39517
0
0
0
0
0
0
0
0
0
7691
24522
0
0
12800
13931
0
0
0
0
0
0
0
0
0
22345
39828
0
0
0
0
0
0
0
0
0
0
0
0
0
0
10485
0
0
0
0
0
0
0
0
0
0
0
0
0
0
0
0
0
0
0
0
0
0
14659
0
0
0
0
0
0
0
0
0
0
0
29407
0
0
0
0
0
0
0
0
0
0
0
0
0
0
0
0
0
24133
0
28858
0
24642
0
0
0
0
0
0
11493
0
0
0
3173
5736
0
22774
0
29567
18627
0
0
0
0
0
0
0
0
0
0
22686
0
0
1199
0
0
0
0
0
0
0
0
0
0
0
0
0
0
0
0
2603
3973
0
0
0
0
0
0
0
0
0
0
0
0
0
0
23690
0
0
0
0
0
0
33119
0
0
0
0
26375
0
34980
0
0
0
0
2267
0
0
0
0
0
0
0
0
0
0
20445
0
11726
0
0
0
0
0
2442
0
0
0
28192
0
0
0
0
11410
0
0
0
0
0
2706
0
0
0
0
0
0
0
0
0
18211
30307
0
0
0
0
0
0
0
0
0
0
0
0
0
0
0
0
0
0
0
0
0
34138
0
22121
0
0
0
23345
0
0
0
0
0
0
0
0
0
0
0
0
30776
0
0
32797
0
5768
0
0
0
0
0
0
22299
0
0
0
0
0
0
0
4645
0
0
0
0
0
0
0
0
0
0
0
0
0
0
0
28400
0
0
30372
0
0
0
0
0
0
0
0
0
0
0
0
0
12630
0
0
0
0
0
34698
26470
0
24503
0
8271
38499
0
0
0
0
0
0
0
0
0
0
0
26937
0
0
0
0
0
0
0
0
0
0
0
0
29721
0
0
0
0
0
0
0
0
0
0
30583
0
0
0
0
0
0
0
0
0
20171
0
0
0
0
12437
0
0
0
4254
14180
0
0
0
0
0
0
0
0
0
0
0
0
0
0
0
0
7271
0
0
0
22132
0
0
0
0
0
0
0
24620
16074
0
0
0
0
0
0
0
35042
0
0
0
25653
516
0
0
0
35600
0
19609
0
0
0
0
0
0
0
0
0
0
38636
0
0
0
0
0
18082
0
0
0
0
0
0
0
25206
0
0
0
0
0
0
0
0
0
0
0
0
0
0
0
0
0
0
0
0
0
0
0
0
0
0
0
0
0
0
0
0
0
22292
0
32794
0
0
0
0
0
0
0
0
0
0
0
0
0
0
0
0
0
0
23761
0
0
0
19409
0
0
0
0
0
0
0
19322
0
0
0
0
36564
0
0
9951
0
0
0
0
0
0
0
0
0
0
0
0
0
0
0
0
0
0
0
36941
4355
0
0
0
26873
0
0
0
0
0
38332
0
0
0
0
912
10537
0
0
0
19988
0
0
11867
0
0
0
0
0
29325
0
0
0
0
0
0
0
0
0
0
0
0
0
0
16291
35765
0
0
0
0
0
4458
0
0
5455
20479
0
0
0
27597
0
0
0
28657
0
0
0
0
0
0
0
0
0
0
0
0
0
0
0
0
0
0
0
0
0
0
0
0
32272
0
0
0
35228
0
0
31834
0
0
0
0
0
33975
0
0
0
0
0
0
0
0
0
0
0
0
0
30547
0
0
1152
0
0
0
0
6826
11650
0
38247
20967
0
0
7929
0
0
9453
0
0
0
0
0
0
34695
0
0
0
0
0
0
0
0
0
0
0
4154
0
0
0
0
0
0
0
0
0
0
0
39549
0
0
14446
0
0
0
0
0
30221
0
0
0
0
0
0
0
0
0
0
0
33569
0
0
0
0
0
23138
0
0
0
0
0
0
0
0
0
0
0
9620
0
0
0
0
0
0
21200
0
0
0
0
0
0
0
0
0
0
0
0
0
0
0
0
0
0
0
0
0
0
0
0
0
23915
0
0
0
0
0
0
0
0
32121
1453
0
0
1155
0
0
24056
0
0
0
0
0
0
0
0
0
0
0
0
0
8975
0
12817
0
0
0
0
0
0
0
0
0
0
0
0
0
0
0
0
0
0
0
0
0
0
0
0
0
0
0
21195
0
0
0
0
0
0
0
0
0
0
0
0
0
0
0
0
0
0
0
0
0
0
0
16200
0
0
0
0
0
0
0
0
36524
0
0
0
0
0
0
0
0
38805
0
0
0
0
400
0
0
0
0
0
0
0
11348
0
0
6697
0
0
0
0
0
0
0
0
0
36262
0
0
0
0
0
0
0
0
0
0
0
7107
0
0
0
0
0
0
0
0
0
0
0
0
0
0
0
0
0
0
0
0
0
0
17387
0
0
0
0
0
31972
31874
0
0
0
18959
0
0
0
0
0
0
0
0
0
0
0
0
0
0
0
0
0
29725
0
0
0
0
0
0
2906
0
37998
0
0
0
0
0
29497
0
0
0
0
0
0
0
0
18173
0
0
0
0
0
0
0
11833
0
20510
29651
0
0
0
0
0
33764
0
0
0
0
17326
31771
13471
39530
0
0
0
0
1801
0
0
0
0
0
0
0
0
0
0
0
0
11044
0
0
0
0
19556
0
0
0
0
0
0
0
19680
0
0
0
0
0
0
0
19511
160
0
0
17326
0
0
0
0
0
22802
0
0
0
0
0
0
0
0
0
0
0
0
0
0
0
0
0
0
0
0
0
0
0
0
0
9
0
0
0
0
0
0
0
0
0
0
0
0
0
0
0
0
0
0
0
0
0
0
0
0
0
0
17474
0
0
0
0
32800
0
0
0
38508
0
24043
0
0
16082
0
0
0
0
0
0
0
0
0
0
0
0
0
0
0
0
0
0
0
0
0
0
0
0
32125
0
6198
0
0
0
0
0
900
0
9103
0
0
0
0
0
0
27878
0
0
0
0
0
10333
0
0
17520
0
0
0
0
0
0
0
0
0
0
0
0
0
0
0
0
21407
0
18911
0
0
0
0
0
0
0
0
0
0
0
0
0
0
0
0
0
0
0
0
0
0
15198
0
0
0
0
0
0
0
0
13414
0
0
0
0
0
0
9378
30266
9574
0
0
0
0
0
30405
24084
0
0
0
0
0
0
0
9478
0
0
0
0
0
0
586
15397
0
0
0
0
0
0
0
0
2722
0
9453
0
0
0
17747
0
0
0
0
0
0
0
0
0
0
1480
0
38767
30695
0
0
0
0
0
0
0
0
0
0
1614
0
0
0
0
9789
0
0
0
38450
0
0
0
0
0
0
0
0
0
15852
0
0
3817
0
0
0
0
0
0
0
0
0
0
0
0
0
0
0
0
0
23559
0
0
0
24448
0
0
0
0
0
0
0
0
0
0
0
0
0
0
0
0
0
11271
0
0
7594
0
0
0
0
0
21709
0
0
0
0
0
10069
0
0
0
0
0
0
0
0
0
0
0
0
0
0
0
32544
0
0
0
0
0
19784
0
0
0
0
0
24327
0
0
13038
0
0
0
0
0
19646
0
0
0
0
8390
0
0
0
0
0
0
0
0
0
0
38344
0
0
0
0
0
0
0
10024
0
0
0
0
0
0
0
0
0
0
0
0
0
0
0
0
0
0
0
0
0
0
0
0
0
0
0
0
0
0
0
2729
0
0
0
0
0
0
0
29126
0
0
4912
0
0
0
0
0
0
0
0
0
0
32125
0
0
0
0
17001
0
0
0
0
0
0
0
0
0
0
0
0
0
0
0
0
0
0
12288
21891
128
0
0
0
0
34706
0
33511
0
0
0
0
0
0
0
0
0
33869
0
0
0
0
0
0
0
0
0
0
0
0
0
0
0
20329
19440
0
30528
0
0
24053
0
0
0
0
12267
0
0
29174
0
0
0
0
0
0
0
0
0
8027
0
0
0
0
0
0
0
32836
0
0
19232
0
0
30535
0
0
0
34138
0
0
0
12318
0
0
0
0
0
0
0
0
0
0
0
35779
0
0
0
7212
0
0
0
0
0
0
0
0
0
0
16627
0
0
17712
0
0
0
14639
0
0
0
0
0
0
0
0
0
0
21502
0
0
0
0
0
10749
0
39690
0
0
0
0
0
0
0
0
9771
0
0
0
0
0
13838
34115
31678
0
566
0
0
0
0
0
0
0
0
0
0
0
0
0
9481
0
0
0
0
0
0
0
0
31927
0
19702
0
0
0
0
0
0
0
0
0
0
0
0
0
0
0
0
0
0
0
0
0
3790
32337
0
0
0
0
0
0
0
0
0
2843
0
0
0
0
0
0
0
0
0
0
0
33135
0
0
0
0
0
5672
0
0
0
0
0
0
32071
0
0
0
0
0
0
26112
0
0
0
0
0
28548
0
0
0
18551
0
0
0
0
0
0
0
0
0
30723
0
0
0
0
0
0
0
0
0
0
31186
0
0
0
27838
9238
0
0
0
0
34477
0
0
0
34630
14211
0
0
0
0
0
0
0
0
0
0
0
0
0
0
0
0
0
0
0
21303
19081
0
0
0
0
0
0
0
0
0
0
0
0
0
0
0
0
36496
0
0
0
0
0
0
0
0
0
0
0
26624
0
0
36561
1111
0
0
14490
0
0
0
0
0
24634
0
0
0
16266
16348
0
0
0
0
0
0
0
0
0
0
0
0
0
0
0
3823
0
0
0
0
12118
0
0
0
0
0
0
0
0
0
0
0
0
0
0
32444
33079
0
0
0
0
0
0
0
0
0
0
0
0
26464
0
0
19296
0
0
0
0
0
0
0
0
0
0
0
0
22702
0
0
0
0
0
0
0
0
0
0
5970
0
0
0
37831
0
0
0
0
0
0
0
0
0
0
5958
0
0
0
0
0
0
0
0
0
0
0
0
0
0
0
0
0
0
0
6964
30861
0
0
0
0
22584
0
0
0
0
0
0
0
0
0
0
0
0
0
11984
0
0
0
0
12021
0
0
0
0
0
0
0
0
0
0
0
0
0
23875
0
0
0
0
0
2181
0
0
0
0
0
0
0
9359
0
0
0
0
0
0
0
0
0
0
0
0
7814
0
0
33929
0
0
0
0
25405
0
0
0
0
0
0
0
0
0
0
29543
0
0
0
0
0
35371
0
0
0
0
0
0
0
0
0
0
0
13065
28033
0
2722
0
0
1794
0
1517
13909
0
0
0
0
0
0
0
0
0
0
0
0
16337
6722
0
0
0
0
0
0
0
0
0
0
0
0
0
0
0
0
0
0
0
0
0
0
0
0
0
0
30586
0
1691
0
0
27097
0
0
0
0
0
0
0
0
0
28975
0
0
0
0
0
0
19049
0
0
26890
0
0
0
0
0
0
0
0
0
0
0
0
0
0
32816
0
32695
0
0
0
0
0
1305
0
7110
0
0
0
0
0
0
0
0
0
0
0
0
0
0
0
0
0
0
0
0
0
0
0
0
0
0
0
0
39578
0
0
5412
0
0
8545
0
0
0
0
0
0
0
0
18776
0
0
0
0
0
0
0
0
0
2686
0
0
39386
0
0
0
0
0
0
0
13162
2608
0
0
39193
0
0
7929
0
0
0
0
0
0
0
0
0
0
0
0
0
0
0
0
0
20962
0
0
0
38453
0
13716
0
0
0
0
0
0
0
0
28326
0
0
0
0
0
0
0
0
0
15364
0
0
0
0
0
0
0
0
0
0
0
0
0
0
0
0
0
0
0
0
18780
0
0
0
0
0
0
0
13886
0
35890
0
11409
0
0
0
0
0
0
0
0
0
0
14975
0
0
0
0
0
0
0
0
0
0
0
0
0
0
0
0
0
0
0
0
0
0
0
0
0
0
0
0
0
0
37224
0
0
0
10640
0
0
0
0
0
0
0
21522
21780
0
0
0
0
0
14407
0
0
0
10996
0
0
0
0
0
0
0
11422
0
0
22488
0
0
0
0
0
0
0
0
0
0
0
0
0
0
0
0
0
0
0
0
0
0
0
0
0
0
0
24835
0
20376
0
0
4338
0
0
20795
14604
0
0
0
0
0
6140
0
11714
0
0
0
0
0
0
0
0
0
0
0
0
0
0
0
0
0
0
7878
0
0
0
0
0
0
0
16607
0
0
29498
0
0
721
0
0
36086
13474
0
0
0
0
0
0
0
0
0
0
0
0
0
0
22026
0
5218
0
0
0
0
0
1155
0
0
0
0
11889
0
0
0
0
0
0
0
0
0
0
22043
0
0
0
0
0
0
0
29341
0
5670
0
0
0
0
0
0
0
0
0
0
0
0
0
0
0
0
0
1853
0
0
0
0
0
0
32109
0
0
0
0
0
0
0
17514
0
0
0
0
0
0
0
0
0
0
0
27147
10288
37084
683
0
28657
0
0
0
0
0
0
0
0
0
18255
0
0
0
0
0
0
0
0
13128
0
0
0
0
0
28377
0
0
0
0
0
0
0
0
0
0
0
2196
0
0
0
18128
0
0
0
0
0
22224
0
0
0
0
33791
21801
0
35510
0
0
0
0
0
0
0
0
0
0
0
2300
0
0
0
0
0
0
0
0
19979
23269
0
0
0
0
0
0
0
0
0
0
0
20390
8482
0
0
0
0
0
0
0
0
0
0
0
29697
0
0
0
0
38533
0
0
0
0
0
0
0
0
0
0
0
0
0
0
0
22931
0
0
30100
0
0
0
0
0
0
0
0
0
0
0
0
0
34312
7260
0
0
0
0
29397
0
0
15126
0
0
33922
0
1631
0
0
0
0
23085
0
0
0
0
0
0
0
0
0
0
0
0
0
0
0
25641
0
0
0
7541
0
0
0
0
0
0
0
0
0
0
0
0
0
0
0
0
0
0
28758
0
0
28661
0
0
0
0
0
0
0
0
0
0
0
19946
0
0
0
0
0
0
0
0
0
0
0
0
0
22595
0
0
0
0
0
0
0
0
0
0
0
0
0
0
0
0
0
22032
0
0
0
0
0
0
0
0
0
0
0
2665
8864
0
0
0
6975
0
0
0
0
0
23330
5924
0
13648
0
0
0
0
0
3579
0
0
0
0
0
0
0
0
0
0
0
31846
0
0
0
0
35965
0
0
0
0
0
0
0
0
0
26367
13888
0
0
0
0
0
0
0
29763
0
0
0
0
0
8410
0
0
0
0
0
0
0
0
0
0
25938
37823
0
0
0
0
0
0
0
0
0
13492
0
0
12031
0
0
0
0
0
0
0
0
0
36495
0
0
0
0
0
3790
0
0
0
0
0
0
0
0
0
0
0
0
0
0
0
0
0
0
0
0
0
0
21815
0
37424
0
0
1227
0
0
25524
0
26676
15600
0
10814
0
0
0
0
0
0
0
0
0
0
0
0
0
0
0
0
0
0
0
0
2265
0
0
0
0
0
0
0
0
0
8418
0
0
0
0
0
0
28861
0
0
0
0
3394
0
0
38828
0
0
30537
23241
0
0
10584
0
0
0
21606
0
0
0
0
0
0
0
0
0
0
0
0
0
3981
0
0
0
0
0
0
0
0
0
0
0
0
0
0
0
0
0
0
0
0
0
0
0
0
0
0
33144
0
0
0
0
0
0
0
0
0
27406
0
0
0
0
27268
0
0
0
0
0
0
0
0
0
0
0
0
0
0
0
0
0
0
0
0
36178
0
0
0
0
0
0
0
0
0
0
0
0
0
0
0
0
0
31653
0
4007
0
0
5747
0
0
0
0
0
0
0
0
0
0
7855
18203
0
0
0
0
0
0
0
0
0
12032
0
0
0
0
0
0
0
0
0
38068
11087
36074
9520
19906
0
0
0
0
0
0
0
0
0
0
0
0
0
0
0
0
0
0
0
0
0
0
22568
0
0
0
0
0
0
29748
0
0
0
0
0
21896
0
0
0
0
17258
0
0
10687
0
0
0
0
0
0
0
0
0
0
36520
0
0
0
0
0
0
0
0
21101
0
0
0
0
0
25749
0
0
15856
0
0
0
0
0
0
0
0
0
0
0
0
0
3499
0
9116
0
0
0
0
0
12747
0
0
17669
0
0
23649
0
0
0
0
0
0
0
0
0
0
0
0
0
0
0
0
0
29303
0
0
0
0
0
6121
0
0
0
0
0
0
0
0
0
0
0
0
0
0
0
0
0
0
17882
0
0
0
0
0
0
0
0
0
0
0
0
0
0
0
0
32489
0
0
0
0
7123
0
0
0
0
10204
10372
0
0
0
0
0
0
36018
0
28659
0
0
0
0
0
0
0
0
0
0
0
0
0
0
0
0
0
0
0
0
1271
0
0
0
0
0
9217
0
0
0
0
0
23621
0
0
0
24615
0
0
0
0
35941
0
0
0
0
0
0
0
0
0
0
0
0
0
0
0
0
4312
0
0
0
0
0
0
0
0
0
0
0
5025
0
38294
0
0
0
0
0
0
0
0
0
0
0
11325
0
0
0
0
0
0
7530
0
0
0
0
0
0
0
0
0
0
0
0
0
0
0
0
0
0
0
0
0
0
0
0
0
0
0
0
0
0
0
0
0
0
0
0
0
0
0
0
0
0
0
0
0
24538
0
0
0
0
0
0
0
0
0
7301
0
7088
0
0
18993
0
0
22010
0
0
0
0
0
0
0
0
0
0
0
0
0
0
0
0
0
0
11048
5955
0
0
0
37186
0
0
0
0
0
0
0
0
0
0
0
21847
0
0
0
9134
0
0
0
0
0
0
0
38974
0
39748
0
0
0
0
10542
0
0
0
0
0
0
0
0
0
0
0
0
0
0
0
0
0
0
0
37230
0
0
0
0
0
0
0
0
0
0
0
0
0
0
35628
0
0
0
0
0
0
0
0
0
0
0
0
0
0
0
0
0
0
33341
0
0
34858
0
0
0
0
0
0
13563
0
0
0
0
0
0
0
0
0
0
0
0
0
0
0
0
0
0
11445
0
0
32660
0
0
0
0
0
20532
0
0
0
10698
0
0
8023
0
33990
0
32825
0
0
0
18545
0
0
0
0
0
2310
0
0
25643
0
0
0
0
0
0
0
0
0
0
0
0
0
13603
0
28086
0
0
0
0
0
0
0
0
0
0
0
0
0
0
2075
0
0
0
0
0
0
0
0
37987
0
0
0
0
0
0
0
0
0
0
0
0
0
0
15272
18119
0
0
0
0
0
28262
0
0
0
0
0
0
33443
0
0
0
0
0
0
0
0
0
0
0
0
0
0
0
0
0
0
0
0
0
17242
4964
0
0
0
0
0
15913
0
0
0
0
0
5494
0
0
37623
21404
11150
0
0
0
0
0
0
0
37919
0
0
0
4278
17637
0
0
0
0
1266
0
0
0
0
0
0
0
0
0
0
0
0
0
7920
0
0
21215
11658
0
0
20734
15524
0
0
0
0
20666
0
0
0
9463
0
0
0
0
0
23047
0
38098
0
0
0
0
0
0
0
0
0
0
0
0
0
32444
0
0
0
32391
0
0
0
0
0
0
0
27257
0
0
15857
33808
21037
0
0
0
0
0
0
0
0
0
0
0
0
35540
0
0
0
0
0
0
0
38544
0
0
6695
0
0
0
0
0
0
0
0
0
0
0
19303
0
0
0
0
0
0
0
0
0
0
0
0
0
0
0
0
0
0
0
12092
0
0
0
0
0
0
0
0
0
0
0
0
0
11753
0
0
0
0
0
12481
30404
21908
0
0
0
0
10413
0
0
0
0
18514
0
0
0
0
0
28227
0
0
0
0
0
36426
0
0
0
0
0
0
0
0
0
17797
0
0
2257
0
0
0
0
0
0
0
0
0
0
0
0
25465
0
0
0
0
0
27251
0
0
0
0
0
39108
0
0
0
0
0
0
0
0
0
0
0
0
0
0
38649
0
0
0
0
0
0
0
0
0
0
0
0
0
0
0
0
0
0
0
0
0
22621
0
0
13292
0
0
0
0
0
0
0
0
0
0
0
0
0
0
38084
2795
0
18578
0
0
0
0
7560
0
0
0
0
38713
12541
0
0
0
0
39744
28246
0
0
5391
0
0
23513
0
0
0
4444
0
0
0
0
0
0
0
36778
0
0
0
0
0
0
0
0
0
0
0
0
0
32230
0
17379
0
0
0
0
0
0
0
0
0
0
0
16300
0
0
39277
0
0
0
0
0
0
0
0
0
0
0
0
0
0
0
0
0
0
0
0
0
1026
0
0
0
0
0
0
0
5308
0
0
0
0
0
0
0
0
37635
0
14490
0
34059
0
0
0
0
0
0
32524
0
13678
0
0
0
0
18469
0
0
0
0
0
0
0
0
0
0
0
0
19878
0
0
0
4688
0
0
0
0
0
0
0
0
10225
0
12903
550
0
0
0
0
0
0
0
0
0
0
0
0
0
0
0
0
0
34316
0
0
0
0
0
0
0
0
0
0
0
0
0
1957
0
0
0
0
0
0
0
0
0
0
24657
0
0
0
0
0
0
0
0
0
6807
0
0
0
0
0
0
0
30510
0
0
0
0
0
0
0
0
0
0
0
0
0
0
0
0
0
26103
39869
0
24954
0
0
0
0
0
0
0
0
0
0
0
0
0
0
0
0
0
0
0
0
0
0
0
13252
0
0
0
27001
24733
31917
0
0
0
0
0
0
0
0
0
17988
0
0
0
0
0
0
0
0
8437
0
0
0
0
0
0
0
0
0
0
0
0
0
0
0
0
3577
0
0
0
0
0
0
0
0
0
0
0
0
22711
0
0
0
0
0
0
0
0
0
0
0
0
0
0
0
0
0
17278
29855
0
0
0
32988
0
0
0
0
0
0
0
21796
11184
0
0
0
0
35215
27110
5623
0
0
0
0
0
0
6429
0
0
0
0
0
1138
0
0
0
0
0
0
0
0
0
0
0
0
0
0
0
0
0
0
0
0
0
0
1282
0
0
0
36648
0
0
0
0
0
0
0
0
0
0
36500
6813
0
0
39995
0
0
0
0
32406
0
0
0
0
4844
0
0
0
0
0
0
0
0
0
23146
31818
0
0
26302
0
0
0
0
0
0
0
0
0
0
0
0
0
0
0
0
0
0
0
0
0
0
16808
0
0
0
0
0
0
0
0
36190
0
0
0
0
0
0
0
0
0
0
0
0
0
0
0
0
29892
35320
0
0
0
0
0
0
0
0
0
0
0
0
0
0
36982
33355
0
0
0
8620
0
0
0
0
0
0
0
0
0
0
0
0
0
13178
0
0
0
0
0
0
0
0
0
0
0
0
0
0
0
0
0
0
0
0
0
16865
0
0
0
0
1653
36571
0
0
0
0
0
0
28110
0
0
0
0
0
0
0
0
0
0
0
24246
39572
0
0
0
0
0
0
0
0
0
0
0
0
0
0
22859
0
0
0
0
0
8751
0
0
0
0
0
0
0
0
0
0
3147
0
0
0
0
0
4669
0
0
0
0
0
0
0
0
0
0
0
0
0
0
0
0
0
0
0
0
18850
19073
0
0
0
0
0
0
0
0
0
0
0
0
0
0
0
0
0
0
0
0
0
12145
0
0
0
26073
0
0
0
0
0
0
0
35228
0
11174
0
17223
0
0
11381
0
0
0
33657
0
0
0
0
0
0
10635
0
0
0
0
0
12284
0
0
0
0
0
0
0
0
25091
0
0
28975
0
33543
0
0
0
0
11522
0
17459
0
0
0
0
0
0
0
0
0
19637
0
27583
39850
0
0
0
0
25691
1282
0
0
0
23431
0
0
26706
0
0
0
0
0
0
0
0
0
0
0
0
0
0
22400
0
0
0
0
0
0
15123
0
0
0
0
24184
0
0
0
0
0
0
0
17380
12772
0
0
0
0
0
0
0
0
8042
0
0
3808
0
0
0
0
0
0
0
0
0
36961
0
0
0
0
0
0
0
19166
0
0
0
0
0
0
20528
0
0
0
0
0
31443
20579
0
0
0
0
0
0
22734
15211
0
0
0
0
0
0
0
0
0
0
8589
0
0
0
0
0
0
0
0
0
0
0
0
0
0
0
0
0
0
30985
0
0
0
35870
12429
0
0
0
0
0
0
0
0
0
8062
0
0
0
0
5091
0
0
0
0
0
0
0
0
0
0
0
0
0
0
0
0
0
0
0
12674
0
0
0
19200
0
0
0
0
0
0
0
0
0
0
7899
7004
0
0
0
0
9687
0
0
15943
0
0
0
0
0
0
0
15950
0
0
0
0
0
0
0
0
0
0
29603
0
2811
0
0
0
0
0
0
28321
0
0
0
3817
0
0
0
0
0
0
0
0
0
0
0
0
16701
0
0
0
0
18779
0
0
0
0
0
0
0
0
0
0
0
16664
0
0
0
0
0
0
0
24176
0
0
0
30264
0
0
0
20473
0
0
0
0
0
0
0
0
0
0
0
0
0
0
1572
0
0
0
0
0
38505
0
0
0
0
0
0
0
27152
0
3767
0
0
0
2474
0
28023
0
0
0
0
0
0
0
0
33426
0
0
0
0
0
20690
0
0
0
0
0
0
0
0
0
0
0
1502
0
0
0
0
0
20331
0
0
0
0
0
0
0
0
0
0
0
28955
0
0
2432
0
0
0
10211
26497
0
0
0
0
0
3288
0
0
0
0
0
0
21066
0
0
0
0
0
0
0
0
0
0
0
35605
0
0
6186
0
0
11202
9331
0
0
0
0
0
0
0
0
0
0
0
0
0
0
0
0
0
0
2613
0
0
0
0
0
0
0
0
0
0
0
0
0
0
4315
0
0
0
0
0
0
0
0
0
0
24527
0
0
0
0
0
0
0
38545
0
0
0
8058
0
0
0
0
0
35180
0
0
0
27165
0
0
3973
0
28091
0
0
0
0
0
0
0
0
0
0
0
25082
18842
32062
39845
36676
0
0
0
0
0
0
0
292
0
0
0
0
14745
0
0
0
0
0
0
0
0
0
0
0
0
24114
7816
0
0
0
0
0
0
0
0
0
0
0
0
0
21551
0
3125
0
0
0
0
0
0
0
0
0
0
31378
0
0
0
0
37434
0
0
31324
0
0
0
0
0
0
0
0
4098
0
0
0
0
0
0
0
0
0
0
0
0
0
0
0
0
0
0
0
0
0
0
0
0
0
0
0
0
0
37487
17381
0
0
0
0
0
0
2710
34836
0
0
0
0
0
0
0
0
0
3944
0
37651
0
0
0
18345
0
0
0
0
0
7252
0
0
0
0
7264
0
31052
0
0
0
0
799
0
11648
0
0
18089
0
0
0
0
0
0
0
1035
0
0
0
0
0
0
0
0
0
0
0
0
0
0
34989
0
0
0
0
37434
0
0
0
0
0
0
0
0
0
0
0
0
0
0
0
0
0
0
0
28130
0
0
0
0
0
0
0
0
0
0
0
0
0
24547
0
0
32635
520
0
0
0
0
0
10828
0
0
0
0
0
0
0
0
0
0
0
0
0
0
0
0
28114
0
15939
0
0
0
6032
0
0
0
38432
0
0
0
0
0
0
0
14012
0
0
0
0
0
0
0
23091
0
0
0
0
0
0
4045
0
0
0
0
0
15766
0
0
0
0
0
0
0
0
0
0
811
0
0
0
0
0
0
38154
11680
0
0
0
0
0
36667
0
0
0
0
0
16310
0
4334
0
0
0
0
0
0
0
24333
0
31473
0
0
0
0
0
0
0
0
0
0
32361
0
0
0
0
0
0
34206
37020
0
0
0
0
0
0
0
0
0
0
0
0
17035
0
0
16692
0
2466
0
0
0
0
24928
0
0
0
0
0
0
16078
0
12444
39394
0
0
0
0
0
0
0
0
0
0
0
0
0
0
0
0
0
0
0
0
0
0
0
0
0
0
0
0
0
0
0
0
0
0
0
0
0
0
0
0
0
0
0
0
0
0
0
0
0
0
0
0
0
0
0
0
0
0
0
0
0
0
0
0
0
0
0
121
28735
0
0
15032
0
0
0
0
0
0
0
0
0
0
0
0
0
0
26461
0
0
16583
7579
0
31451
0
0
0
0
0
0
0
0
19833
0
0
0
0
0
0
0
0
0
0
0
0
0
0
0
0
0
0
0
0
0
0
0
0
0
0
0
0
0
0
0
0
0
0
0
0
11349
0
0
0
0
0
0
0
0
0
0
0
718
11680
0
23430
0
0
0
12799
0
0
0
0
0
0
5766
0
6260
5400
0
0
0
24448
21216
0
0
0
0
0
0
0
20932
0
0
12704
0
0
0
0
0
3695
0
2427
0
0
0
7056
27374
0
0
0
0
0
0
0
0
36874
0
30191
2219
0
19987
0
0
0
0
0
22184
0
0
0
0
0
0
0
0
0
0
0
0
0
37191
0
0
0
0
0
0
0
0
0
0
0
7179
0
0
37564
0
0
0
0
0
0
0
10446
0
0
0
0
0
0
0
0
0
0
0
0
0
0
0
0
0
0
11555
0
0
0
0
0
0
0
0
0
0
0
0
0
0
5036
0
0
0
0
35629
0
0
0
0
0
0
0
0
0
0
0
0
0
0
0
0
0
0
38718
0
0
33717
5284
0
0
0
0
0
0
0
0
0
0
0
30266
0
21374
0
0
0
0
0
0
0
0
0
0
9301
19606
0
0
0
12623
31931
0
0
0
10695
0
0
0
0
0
0
0
0
0
0
0
0
0
0
0
0
0
0
16089
0
0
0
0
0
0
0
0
26650
0
0
0
0
0
0
19303
38106
35960
0
0
0
0
0
0
0
0
0
0
0
0
28039
0
0
0
0
0
0
5446
0
0
0
0
0
0
0
0
0
0
0
22592
0
10723
0
0
0
0
0
0
21776
0
0
23865
14901
0
0
0
0
0
0
0
0
0
0
0
0
0
0
0
0
29587
0
0
0
15698
0
10187
0
0
0
0
0
24090
0
0
0
0
0
0
0
0
0
0
0
0
0
0
0
0
0
0
0
0
0
0
0
34006
4355
0
0
0
0
0
0
0
0
0
0
0
0
0
0
0
0
0
6775
0
0
0
0
0
0
0
0
0
0
0
0
0
0
0
0
0
0
28399
0
0
0
0
0
0
0
0
0
0
0
0
0
0
0
13432
0
0
0
0
0
0
0
0
0
0
0
0
0
0
21130
0
0
0
0
0
0
0
0
0
0
0
0
0
0
0
0
19107
0
0
0
0
0
0
0
0
0
16232
0
0
0
0
0
0
0
17124
0
0
0
0
0
0
0
0
0
0
0
0
0
0
0
0
0
0
30651
7284
0
0
0
0
0
0
0
0
9072
0
0
0
0
0
0
0
32568
0
0
386
0
0
27194
0
0
0
0
34472
0
0
0
16563
0
0
0
0
0
0
27893
0
0
0
24785
0
0
0
0
9789
0
0
0
0
0
0
0
0
0
0
0
0
0
0
0
0
0
0
0
0
0
2151
0
0
0
0
0
0
9750
0
0
0
17161
37751
0
0
9671
0
0
0
0
0
0
0
0
9600
0
13377
12200
1948
0
0
0
0
0
0
0
0
0
0
0
0
0
6255
0
0
0
1413
0
0
0
0
0
0
0
0
0
0
0
0
0
0
28741
0
0
0
0
0
0
0
0
0
0
0
0
0
0
6995
0
0
0
0
0
0
0
0
0
0
0
14924
25233
0
0
0
0
0
0
0
0
0
0
0
0
0
24552
0
0
0
0
0
14147
0
0
30191
10054
0
0
0
0
0
0
0
0
0
672
0
0
0
0
0
0
12363
0
0
0
20190
0
28527
0
0
0
0
0
8068
0
0
0
0
0
37317
0
24133
0
0
0
0
0
0
0
0
0
0
0
0
0
0
0
0
30283
0
0
0
4375
0
0
9132
0
0
0
0
0
0
38258
20164
0
0
0
0
0
0
16282
2736
32536
0
0
0
0
0
0
24012
0
0
0
0
0
0
0
0
0
0
0
0
0
0
0
0
36635
15980
0
0
0
0
29121
0
0
0
0
0
26444
0
0
0
0
0
0
0
0
0
0
0
0
0
0
0
0
17810
0
0
0
0
0
0
0
0
0
0
0
0
0
0
0
0
0
0
12021
0
0
0
0
0
0
0
0
0
0
0
19546
20813
0
0
0
0
0
0
0
0
0
0
0
27794
0
37162
0
0
2081
0
0
0
0
0
0
0
0
22184
7426
0
0
0
12818
6180
0
0
0
0
0
0
0
0
0
0
0
0
0
0
0
0
0
0
0
0
0
0
0
35681
0
0
0
0
0
0
0
0
28157
0
0
0
0
0
0
0
1279
0
0
0
0
0
0
0
0
0
0
0
0
0
0
0
0
0
0
0
0
0
0
31788
39031
0
0
0
0
0
9222
0
0
0
0
0
0
0
0
0
3092
0
0
0
0
0
0
4331
0
0
0
0
0
24533
0
0
0
0
0
0
0
11831
0
0
29952
0
0
0
0
0
24296
11256
0
0
0
0
0
0
0
0
0
0
34549
0
0
0
0
0
0
0
0
0
0
0
0
0
0
0
0
0
0
0
0
0
0
0
0
0
0
13152
0
0
0
0
0
0
0
0
0
0
0
12349
0
0
0
0
0
0
0
0
0
0
0
0
0
0
0
0
0
0
0
0
0
10678
0
0
0
0
0
0
0
0
0
13968
0
0
0
0
0
0
0
0
22092
0
0
0
0
0
0
0
0
0
33443
0
0
0
0
0
0
0
0
0
0
0
0
0
0
0
19336
0
0
0
0
0
0
0
18285
0
0
0
0
0
0
0
0
0
0
0
0
0
3144
0
20539
0
0
0
0
0
0
0
0
0
0
0
0
0
0
0
0
0
0
0
0
0
0
20175
0
0
0
15959
0
0
0
0
0
0
10702
0
0
0
0
25231
0
0
15611
0
0
29483
0
0
24656
0
0
0
0
0
31622
0
0
0
23345
0
0
0
0
0
0
0
0
0
0
0
0
0
0
0
0
0
0
0
0
0
0
0
0
0
39624
0
0
0
0
8328
0
0
35753
0
0
11174
0
29020
0
0
0
0
3591
0
0
0
0
0
0
0
0
28097
0
0
0
0
0
0
15706
0
0
0
0
0
0
0
0
0
0
0
0
0
0
0
0
0
0
0
0
0
0
0
17802
0
0
0
0
0
0
12195
0
23399
0
0
0
0
0
0
15045
0
0
9984
34915
0
0
2851
0
0
0
22292
0
0
0
0
0
0
8720
0
0
0
0
0
0
0
0
0
0
0
0
0
0
0
0
0
0
0
0
0
0
23438
0
0
0
0
0
0
0
0
0
15433
0
0
0
39946
0
0
0
30612
38262
36523
0
0
0
0
0
0
0
0
0
0
0
0
27958
0
31794
0
0
22124
0
0
0
0
0
0
0
0
0
0
0
0
0
0
2240
0
25192
0
0
0
0
39152
12344
0
0
0
18
0
0
25352
0
0
0
0
0
0
0
0
0
26915
0
0
11178
0
0
0
0
0
13160
0
0
0
0
0
0
0
0
0
0
0
0
0
0
0
0
0
0
0
0
0
0
0
0
0
0
0
0
0
10789
0
0
18458
0
0
0
0
0
0
0
0
0
14888
0
0
0
0
0
38443
0
0
0
0
0
0
0
0
0
0
0
0
0
29451
0
0
0
0
0
0
0
16124
0
0
0
0
0
0
0
0
0
0
0
0
0
0
0
0
0
0
0
0
0
0
0
0
0
0
0
0
0
0
0
0
0
0
0
0
0
0
20592
11102
0
26696
0
36441
0
0
0
0
0
0
0
0
0
0
0
0
0
0
13694
0
0
0
0
0
0
0
0
0
0
13525
35619
0
0
0
0
0
0
0
0
34531
0
0
0
0
0
0
1528
0
0
0
0
0
0
0
0
0
0
0
0
0
31907
0
0
0
16001
0
0
0
0
31290
15512
0
0
0
0
0
13939
0
0
0
0
0
0
0
0
0
13181
0
0
0
0
0
0
0
0
0
0
0
0
0
0
0
0
0
0
0
17348
0
0
0
0
0
0
0
0
0
0
0
0
0
0
0
0
0
19388
0
0
0
0
0
0
0
0
0
0
21658
30591
34329
0
0
0
37992
22495
21161
0
0
0
0
0
0
0
0
18689
0
0
28512
0
0
33198
0
0
0
0
0
0
0
0
0
0
0
0
0
0
0
0
0
0
0
0
0
31255
39036
0
0
0
0
0
0
0
0
0
0
0
0
0
0
0
16757
0
0
0
0
0
0
0
0
0
0
0
0
0
0
0
0
0
0
0
0
0
0
0
35751
0
0
0
0
0
0
0
0
0
0
0
0
0
32000
15345
0
0
0
0
0
14572
0
0
0
0
0
0
0
0
6780
12250
0
0
0
0
0
0
0
0
2640
0
0
0
0
0
0
28989
0
0
0
30602
0
0
0
0
0
0
0
0
0
0
0
0
0
0
0
0
0
0
0
0
0
0
0
0
39776
0
0
0
0
0
0
0
0
9929
0
0
9228
0
0
0
0
0
0
0
0
0
0
0
0
0
0
0
0
0
0
7182
0
275
0
16885
0
0
0
0
0
0
0
0
0
33449
0
0
0
0
0
0
0
0
0
0
0
0
0
0
0
0
0
0
0
0
0
0
0
0
0
0
0
0
0
0
0
0
9319
0
0
0
0
0
0
0
0
0
0
0
0
0
0
0
0
0
0
0
0
0
0
10851
0
0
0
0
0
13251
0
0
37628
0
0
6591
0
11284
0
0
0
0
0
0
0
0
23211
0
0
0
0
23185
0
0
34605
0
0
0
0
0
0
0
3575
0
0
2695
0
0
0
0
28799
0
0
0
0
0
0
0
0
0
0
4256
0
0
0
0
0
0
9031
0
0
0
0
0
0
0
0
0
0
0
0
0
0
0
0
0
0
0
0
0
0
38185
0
0
0
0
5042
0
0
0
0
0
0
21016
0
0
0
0
0
0
0
0
0
0
0
0
0
0
0
0
0
0
0
0
0
0
0
0
0
0
0
0
0
0
0
0
0
0
0
0
0
35103
0
0
0
0
0
26626
0
0
0
0
0
0
0
0
0
0
0
35666
0
0
0
0
0
0
0
0
0
0
0
0
0
14920
0
0
0
0
0
7420
0
0
0
0
14299
0
0
0
0
0
0
0
0
720
0
0
24609
0
0
0
0
0
0
0
0
0
0
0
0
0
0
0
0
0
27809
0
0
0
0
0
0
29691
0
0
0
0
0
0
0
570
32099
0
0
0
0
0
0
0
0
38056
0
0
0
25528
0
0
0
7869
0
0
0
0
0
0
0
0
0
0
0
0
0
0
0
0
0
0
0
0
30523
0
0
0
29287
0
0
0
19662
0
0
0
0
25094
0
0
0
0
0
9917
0
0
0
0
0
0
0
0
0
0
39962
0
8859
0
0
0
0
0
0
29691
0
0
0
0
0
0
25599
0
0
0
0
0
0
0
0
0
0
0
0
0
0
0
17026
0
0
0
0
0
0
0
0
0
0
10757
0
32572
0
0
0
0
0
0
0
0
0
0
0
25787
0
0
0
0
0
0
0
0
4507
0
0
0
0
0
11899
0
0
0
0
0
0
0
0
0
0
0
0
0
18306
35009
0
0
0
0
0
0
0
0
0
0
0
0
0
0
0
0
0
33987
8944
0
0
0
30960
0
0
0
0
35164
0
0
0
0
0
0
0
0
26598
0
0
0
0
0
0
0
0
37775
26783
0
0
0
0
0
0
0
0
0
0
0
0
23914
0
0
0
0
0
0
0
0
0
0
0
2577
8163
0
0
30778
0
0
1564
0
0
0
0
0
0
0
6233
0
0
12172
0
0
0
10141
0
0
0
0
0
0
0
0
0
0
0
38363
0
0
0
0
0
0
0
0
0
38309
19317
0
0
0
0
38617
0
13894
0
0
0
0
0
17542
0
0
0
0
11639
0
0
0
0
0
0
0
0
0
0
0
35385
12312
0
0
0
0
0
7715
0
0
0
0
0
23703
0
0
0
0
0
26983
4087
0
0
25195
0
0
0
0
0
0
0
0
0
0
0
0
0
0
18196
0
0
0
0
0
0
0
0
0
0
0
0
0
0
0
0
0
0
0
31077
0
0
0
0
118
0
22056
0
7646
6304
13658
0
0
0
12439
0
0
0
0
0
0
0
0
0
0
27738
0
0
0
0
0
0
12465
0
0
0
0
0
30612
0
0
0
10480
0
0
0
0
0
0
0
0
0
0
0
0
0
0
0
0
0
0
0
0
0
0
0
0
0
0
0
7229
6738
0
0
0
0
0
16278
0
0
0
0
0
0
0
31263
0
0
0
0
0
0
0
0
0
0
31845
17701
0
0
0
0
0
0
0
2370
0
0
0
0
0
0
0
0
0
39620
0
25661
0
0
0
0
0
0
0
0
0
0
0
0
27616
0
0
0
0
7691
0
0
0
0
0
38628
0
0
0
0
0
0
0
0
0
0
2192
21485
15365
0
0
0
0
0
21760
0
0
0
20148
0
0
22500
0
0
0
0
0
0
0
0
0
0
0
0
0
0
0
0
38620
0
0
0
0
0
0
9768
0
24482
30653
0
27615
7214
0
0
0
8720
0
0
0
0
0
0
0
35437
0
0
0
0
0
0
0
0
10113
0
0
23129
0
0
0
0
0
0
0
0
0
0
0
0
0
0
0
0
0
0
20078
0
0
0
0
22297
0
0
0
0
0
0
0
0
0
0
0
0
2797
0
0
0
0
0
0
0
0
0
0
7940
0
0
0
0
0
0
0
31070
0
0
0
0
0
0
0
0
0
0
0
0
0
0
0
0
35370
0
0
0
0
0
0
0
19656
0
0
0
0
0
0
0
11657
0
0
0
9354
0
0
0
0
0
0
0
0
0
0
0
18062
0
22072
23267
0
0
32157
0
0
0
0
16904
0
0
0
0
0
0
0
0
0
0
0
0
0
0
0
0
23172
0
0
0
0
0
0
0
4586
0
39016
0
0
0
0
0
0
14030
0
0
0
1064
0
0
0
0
0
0
0
0
0
0
0
0
0
0
0
0
0
0
0
0
0
20539
0
0
0
0
0
0
0
24329
0
0
0
0
11297
0
0
8003
0
0
0
0
0
0
0
0
0
0
0
0
0
0
0
0
18847
0
0
30946
0
0
0
0
0
0
0
0
0
0
26884
0
0
0
0
0
0
0
0
0
0
0
0
0
0
33812
0
0
0
37291
0
0
0
0
0
0
0
0
0
0
0
0
0
0
0
16947
0
25304
0
0
29798
0
7694
0
0
0
0
0
0
0
0
0
0
0
0
0
0
0
0
0
0
0
0
0
0
0
23178
0
0
0
0
0
0
34268
0
7663
0
33548
37844
0
0
0
0
0
0
0
0
22528
0
0
0
0
0
0
0
0
0
0
0
0
0
0
25253
0
0
0
0
0
0
18493
0
0
0
12592
0
0
0
0
0
0
0
0
0
0
0
0
0
0
28712
0
0
0
0
0
0
0
0
0
0
0
0
0
0
0
0
0
0
0
0
0
0
0
11525
0
0
0
0
0
0
0
0
0
0
0
0
0
0
0
0
0
0
0
0
0
0
0
0
0
0
31294
0
0
0
0
0
0
0
0
0
0
0
18849
0
0
0
0
0
0
0
0
0
0
0
0
0
0
0
0
0
0
0
0
18256
0
0
0
0
0
0
0
0
0
0
0
0
0
0
0
0
0
0
16849
0
0
0
0
0
0
0
0
0
0
0
0
0
0
0
2619
0
0
0
0
0
0
0
0
0
0
0
0
14030
0
0
0
0
0
0
0
0
0
12432
29409
0
0
0
30760
18181
39792
0
0
0
0
0
0
21836
0
0
0
563
0
0
0
0
0
4221
5996
0
0
0
0
0
24336
0
0
0
0
0
0
0
0
6845
0
0
0
0
14222
0
0
0
0
0
0
0
3217
0
30854
26808
24102
0
0
0
0
0
0
0
0
0
0
0
0
36916
0
0
0
807
0
0
0
0
0
0
0
0
0
0
18573
0
0
0
0
0
0
2701
0
11693
0
0
0
0
0
0
0
0
0
39201
0
0
0
0
0
0
0
0
0
25116
31012
0
0
0
0
0
0
0
0
0
0
0
0
0
0
0
0
0
0
0
0
0
0
0
0
0
0
0
0
0
0
0
0
16636
0
0
0
12540
0
0
0
0
18868
0
0
0
5932
0
0
0
0
0
0
0
0
0
0
0
0
0
0
0
34875
0
0
0
0
0
21785
0
0
0
0
0
0
0
0
0
0
0
7583
0
0
0
0
6597
0
0
0
31380
0
0
0
0
0
0
880
0
0
27399
0
0
0
0
0
0
0
0
0
0
0
0
0
0
0
0
0
0
0
0
0
36726
0
0
0
0
0
15280
0
0
0
0
0
0
0
0
0
0
0
0
0
8975
0
0
0
0
0
13439
0
0
0
0
6682
0
0
0
0
0
0
0
0
0
0
39466
0
0
8639
31849
0
0
25110
0
0
0
0
0
0
0
0
0
0
0
0
0
0
0
18163
24189
0
0
0
0
33694
0
0
0
0
712
0
0
0
0
0
0
0
0
0
3187
0
0
2324
0
0
0
0
0
0
0
0
0
0
0
0
0
25312
0
0
0
0
0
0
32380
0
0
0
0
15562
0
0
8765
0
38524
0
0
24888
0
0
0
0
0
0
32547
0
0
0
0
7058
0
0
0
0
0
0
0
0
0
0
15795
0
33076
15167
0
5222
0
26644
0
0
0
0
0
30534
0
0
0
0
16924
0
0
9167
0
0
30313
0
0
0
0
0
0
0
0
0
0
0
24986
0
0
31759
0
0
0
0
0
0
0
0
19551
28057
0
0
0
0
0
0
0
0
0
0
25793
0
0
0
0
24901
0
0
19046
0
0
0
0
0
0
8887
0
0
5206
0
0
0
0
0
0
0
16711
0
0
0
0
0
0
0
0
31357
0
0
0
0
0
0
0
0
13108
0
24336
0
0
0
19504
0
0
0
0
0
0
0
0
35973
0
511
0
15787
0
0
0
0
0
0
0
0
0
0
0
0
0
0
0
0
0
0
0
0
0
23339
0
4838
0
0
2964
0
0
0
13372
0
0
0
25259
0
29445
0
27434
0
0
0
0
0
0
0
0
0
0
0
0
0
0
0
23975
0
0
0
0
0
0
0
0
0
13204
0
0
0
0
23322
0
5971
0
0
0
0
0
1364
0
18255
0
0
0
0
0
0
35425
0
0
0
0
0
0
0
0
17636
0
0
8141
0
0
0
0
0
0
0
0
0
0
0
0
0
0
0
0
0
0
0
0
25375
0
0
29745
0
0
0
0
0
0
0
0
12059
0
0
0
6430
0
0
0
0
0
0
0
0
0
0
4310
0
0
0
0
0
0
29844
0
0
0
0
0
0
0
0
0
36500
0
0
0
0
0
32998
0
0
0
0
0
0
0
0
0
0
0
0
20133
5261
16370
5081
0
0
0
0
0
0
0
0
0
0
0
24579
0
0
0
0
0
0
0
0
20053
0
0
0
0
25902
0
0
0
0
0
0
5905
0
0
0
0
0
0
0
0
0
0
866
0
0
0
0
0
0
0
39713
0
0
0
0
0
0
25127
0
0
0
0
0
0
0
0
32975
20624
0
0
0
0
0
0
14640
0
0
0
0
0
0
0
0
13245
0
0
0
0
0
0
0
0
0
613
7717
0
0
0
0
29725
5564
0
36596
8349
0
5463
0
0
0
0
0
0
0
0
0
0
17254
13731
0
0
0
0
36258
0
0
0
39277
0
0
0
0
0
0
0
0
0
0
0
0
0
0
0
0
0
0
0
0
0
0
0
0
0
0
0
0
0
0
0
0
0
0
0
30313
0
0
0
0
0
0
0
0
0
0
0
0
0
0
0
0
0
7427
18170
0
35935
35079
0
2773
0
0
0
0
30637
0
0
0
24337
0
0
9732
0
0
0
0
0
0
0
0
0
0
0
0
0
0
0
15420
0
0
0
0
0
0
0
0
0
33172
0
0
0
0
0
0
0
10695
0
0
0
0
0
0
0
0
0
0
0
0
0
0
0
0
0
0
0
0
0
0
0
0
17468
0
0
0
0
0
0
0
0
0
38741
37973
2002
0
0
0
0
0
0
31756
0
0
12324
34018
0
0
0
0
0
34087
0
0
0
32152
0
0
0
0
0
0
0
0
0
14887
0
0
0
0
0
0
16059
0
0
0
0
0
0
0
0
0
0
22118
0
0
0
0
2137
0
0
0
0
0
0
0
0
0
33266
31049
0
0
0
0
0
0
0
0
0
0
0
0
0
0
34048
0
0
0
0
23970
0
35
0
0
34722
0
0
501
0
0
3493
0
0
0
0
0
0
0
0
0
23565
0
0
0
0
0
0
29115
0
37747
0
0
0
0
0
0
0
0
18014
0
0
0
0
0
0
0
0
3932
0
0
0
186
0
15437
0
0
0
0
0
0
0
0
0
0
0
0
9547
0
0
0
0
0
23631
0
0
0
0
19317
0
0
0
0
0
0
0
0
0
0
0
0
0
0
0
0
22322
39289
0
0
0
0
0
29904
0
0
0
0
0
0
0
0
0
0
0
0
0
0
0
0
0
0
0
0
0
0
0
0
0
0
0
0
0
6430
0
0
0
0
0
0
0
0
0
0
28029
0
0
0
0
0
0
0
0
0
18426
0
6717
0
0
0
0
0
19452
27894
0
0
2946
0
0
0
23531
0
0
0
0
0
4621
0
0
0
39938
0
0
0
0
0
0
0
0
0
0
0
0
0
0
0
0
23502
0
38128
19535
11314
0
0
0
0
0
0
25096
26613
0
0
0
0
0
0
0
0
0
0
0
0
0
0
19394
0
1614
16193
0
0
0
0
0
0
0
0
0
0
0
0
0
0
0
0
0
11819
0
0
0
8816
0
0
0
0
0
0
0
0
0
0
0
38806
0
0
0
0
0
0
0
0
0
0
0
0
0
0
0
0
0
0
0
0
0
0
0
0
0
0
0
0
0
0
0
0
0
0
0
0
0
0
0
0
19720
0
0
38912
0
0
38553
0
0
0
0
9418
0
18393
0
0
0
0
0
0
0
0
0
31329
0
0
0
0
0
0
0
13878
0
0
0
0
0
0
0
0
0
0
0
0
33192
0
0
0
18847
0
0
0
24047
0
0
0
10706
0
0
0
21505
0
0
17245
0
0
0
0
0
0
11091
31621
0
29946
0
0
0
0
0
32544
27821
0
0
0
0
0
0
0
38926
0
0
0
0
7262
0
1956
0
16637
0
0
6310
0
0
0
0
0
0
0
0
0
0
0
0
36709
0
0
0
0
29101
0
0
0
0
0
0
0
0
0
0
38418
0
0
0
0
0
0
0
0
0
0
0
0
0
0
0
0
0
0
0
0
0
0
22709
0
0
0
0
0
0
0
0
0
0
0
0
0
0
0
0
0
7665
0
0
0
0
0
10274
0
0
0
0
5517
0
0
29620
0
0
0
0
0
0
19745
0
0
0
3302
0
0
0
0
0
5491
0
0
9764
0
0
0
0
0
0
0
0
0
0
0
0
0
0
0
0
0
0
0
0
0
0
0
37814
0
0
0
0
23375
0
0
0
0
37267
0
23702
0
0
0
1202
0
0
0
0
0
0
0
30408
0
7974
0
0
0
0
0
0
0
0
0
0
0
13031
0
0
0
0
0
0
0
0
5308
0
0
0
0
10486
0
0
0
11380
0
0
0
0
0
0
0
0
0
0
0
0
0
0
0
0
10967
0
0
0
0
0
0
0
0
0
0
29914
0
0
26893
33132
0
0
0
0
0
32614
0
0
0
0
0
0
0
0
0
0
27413
0
0
0
0
0
0
0
0
0
21101
0
0
0
0
0
9566
0
0
0
0
0
0
0
0
0
0
0
0
3186
23690
0
0
0
0
0
0
0
0
0
0
0
0
0
0
0
0
0
0
0
12915
0
0
0
0
0
0
0
0
0
0
0
0
0
39013
0
0
0
0
0
0
0
3490
19916
0
0
0
0
0
0
0
0
0
0
0
0
0
0
0
0
0
0
8959
0
14271
0
17087
0
0
0
18927
0
25858
0
0
0
0
0
0
13025
4218
0
37415
0
0
0
0
0
0
0
0
0
0
0
0
0
10656
0
0
26732
0
0
0
0
0
0
0
0
0
0
0
0
0
0
0
0
0
0
0
0
0
25492
0
0
0
0
0
0
0
28886
0
0
0
0
0
0
0
0
0
0
0
0
0
0
15364
0
0
0
0
0
7376
0
0
0
0
9792
17100
0
0
0
0
0
0
0
0
0
0
0
0
0
0
0
0
0
0
0
0
0
0
0
0
0
0
0
0
0
0
0
0
0
27877
0
0
0
0
0
0
0
19552
0
15364
0
0
0
0
0
0
10646
0
0
0
0
0
18792
24717
0
0
0
0
0
0
0
0
0
0
25141
0
36465
0
0
0
0
0
0
0
0
0
0
0
0
0
0
0
0
0
0
0
0
38636
0
0
0
0
0
0
0
0
0
0
0
34007
31099
0
0
0
31112
232
14351
0
0
0
0
0
0
0
0
0
0
0
0
26401
0
0
0
0
0
10751
0
0
0
0
0
0
0
0
11213
23777
0
0
0
0
0
0
0
30283
0
0
0
25101
0
0
0
0
0
4875
0
0
0
0
12524
0
0
0
0
0
0
0
0
0
0
0
0
0
0
0
0
0
11662
0
0
0
0
0
28507
0
0
0
0
10039
0
0
0
0
0
0
0
0
0
0
0
36480
0
0
0
0
0
0
0
0
0
0
7516
0
0
1308
0
12120
0
0
0
0
0
0
0
0
2928
0
0
0
0
0
0
0
0
0
0
0
0
0
0
7060
0
27230
0
0
0
0
0
0
0
0
1413
0
0
0
24729
0
0
0
0
0
0
0
0
0
0
0
0
0
0
0
0
0
0
35174
0
0
0
0
0
0
0
0
0
0
0
0
0
0
26828
0
32426
0
0
0
0
0
0
0
0
0
17005
0
0
0
0
8454
0
0
30751
0
0
0
0
0
7985
0
37987
0
0
0
0
0
0
0
0
0
0
0
0
13454
0
0
0
0
0
0
0
0
0
0
0
0
0
0
0
0
0
0
0
0
0
0
0
0
0
0
0
0
0
0
0
0
0
0
29316
0
0
0
0
27695
0
0
0
0
0
0
0
0
0
0
0
0
0
0
30702
0
0
0
0
0
0
0
0
0
0
0
0
0
0
0
0
0
0
0
0
0
0
0
0
31085
0
0
19541
0
0
0
0
0
0
0
0
0
6494
0
0
0
35528
2016
0
0
0
0
0
0
0
30346
0
0
17189
0
0
0
0
0
0
0
0
0
28353
0
39981
0
0
0
0
0
0
0
0
0
0
0
20246
0
0
15820
14914
0
0
0
0
0
0
0
0
0
0
0
0
0
0
0
0
0
0
0
0
0
0
0
32577
0
0
0
0
0
0
0
0
0
0
0
0
0
0
0
0
29542
0
0
0
0
17135
0
11746
0
0
0
0
0
0
38632
0
0
0
15623
0
11962
0
0
0
0
0
0
0
0
0
0
0
0
0
0
0
0
0
0
0
0
0
0
0
0
0
0
0
0
0
0
0
0
18052
0
0
0
0
0
11899
0
0
0
0
0
0
0
11759
15903
0
254
0
0
0
0
0
0
0
0
10417
0
0
0
0
0
0
0
0
0
0
27182
0
14114
0
0
0
0
0
0
0
0
0
0
0
0
6512
0
0
0
0
0
0
0
0
28400
0
0
0
16854
0
0
10912
0
18753
0
0
0
0
0
0
0
0
0
0
0
0
0
0
0
0
0
0
10461
0
0
0
0
0
0
0
0
0
0
0
0
0
0
0
0
0
0
0
0
1639
13565
0
0
0
0
0
0
0
0
0
0
0
0
0
36524
0
36963
0
0
0
0
0
0
0
0
0
0
0
0
0
0
0
0
0
0
0
0
0
0
0
0
0
0
5787
0
0
0
29622
0
0
0
7907
21085
0
0
0
0
0
0
0
0
0
0
0
0
12144
0
0
0
0
0
33858
0
0
2251
0
0
33984
0
0
0
15482
0
0
6688
35762
0
0
0
0
16525
0
0
0
0
0
12649
0
0
9053
0
0
19114
0
32988
0
0
0
0
0
0
0
0
0
0
0
0
0
0
0
0
0
0
0
0
0
0
0
0
0
0
0
0
0
0
0
0
0
0
0
0
0
681
0
0
0
0
0
0
0
14712
0
18074
0
0
0
0
0
0
0
16807
0
0
0
0
0
0
0
0
0
0
0
0
2707
0
29838
0
0
23891
0
0
0
0
0
21083
0
0
349
0
0
0
0
0
0
0
0
0
16442
0
0
0
23082
0
0
0
0
0
0
0
0
0
0
0
0
0
0
0
0
0
0
0
0
23449
0
0
18570
0
0
0
0
0
0
0
0
22833
0
0
0
0
14482
9205
0
0
0
0
0
0
0
0
0
0
0
0
16490
32400
0
0
0
0
0
0
0
0
0
0
0
0
9233
0
0
0
0
0
0
0
0
0
0
33034
0
22637
19845
8098
0
0
0
0
0
0
0
0
0
0
0
0
0
18079
0
11629
0
0
24088
0
0
0
31759
0
0
0
0
0
0
0
0
0
0
0
0
0
0
0
0
37392
0
0
0
0
0
0
0
0
0
0
24922
0
0
0
0
0
0
0
0
0
0
0
0
0
0
23244
0
36669
0
31216
0
0
22682
0
0
0
0
0
0
0
0
5419
28622
0
0
0
25151
18514
0
0
0
0
0
0
0
0
0
0
0
0
0
0
0
0
0
34240
0
0
0
0
0
0
0
0
0
0
0
0
0
0
0
686
0
0
0
0
0
0
5069
0
0
0
0
0
0
0
0
0
0
0
0
0
0
0
0
0
0
0
0
0
0
27225
0
0
0
0
0
0
0
0
0
0
0
0
0
0
0
0
0
0
0
0
0
0
17413
0
0
0
0
0
0
0
0
0
0
0
0
0
0
0
0
0
18209
0
0
0
0
0
0
0
0
0
0
0
0
0
0
0
0
0
0
0
0
0
0
0
0
0
0
0
16734
0
0
0
24908
0
0
0
0
0
0
0
6781
0
0
0
0
0
0
0
0
23872
0
0
0
0
0
0
0
0
0
0
0
0
0
0
0
0
5886
0
0
0
0
0
0
29080
0
0
7268
0
0
0
0
0
0
0
0
0
0
0
0
0
0
11560
0
0
0
0
0
0
0
0
39297
0
0
0
0
0
0
0
0
0
0
0
0
0
0
33739
753
0
0
0
38491
0
0
0
0
0
0
0
0
0
0
0
0
0
0
0
0
0
0
21256
0
0
0
0
0
0
0
0
14864
0
0
0
0
29344
0
0
1870
0
0
0
0
0
0
0
6660
0
0
0
0
21865
0
0
0
0
0
8748
0
0
0
0
0
0
0
0
0
7076
0
0
32377
0
0
0
0
0
0
0
0
0
0
0
0
0
0
0
0
0
0
0
0
0
0
0
0
0
0
0
0
0
0
0
0
0
0
0
0
0
0
0
0
0
0
0
0
0
0
15474
0
0
0
14584
15323
0
0
0
0
0
0
0
0
0
0
0
0
0
0
0
0
0
0
0
0
0
0
0
0
0
0
0
30804
6712
0
0
0
0
31971
0
23613
0
0
0
0
0
0
0
0
0
0
0
0
0
0
0
0
0
0
0
0
0
0
0
0
0
0
0
0
0
0
0
0
0
0
0
0
0
0
0
0
0
0
0
14180
0
0
0
0
0
0
0
0
30537
0
0
0
0
0
0
0
27803
0
18064
0
0
0
0
3547
0
0
0
0
0
0
34111
0
0
0
0
0
0
0
0
0
0
0
0
0
0
34191
0
0
0
0
0
32699
0
0
0
0
0
0
0
0
0
0
0
0
0
0
0
0
0
0
0
17646
0
0
0
0
0
0
0
0
6843
0
0
0
30337
13291
0
0
15169
0
6342
20580
0
0
0
0
0
0
0
0
0
0
0
0
8417
4637
0
0
0
0
0
0
0
0
0
19200
0
0
0
0
22012
0
0
0
0
24222
0
0
0
0
0
0
9629
0
0
0
0
0
0
17516
0
890
0
0
0
0
0
0
0
0
0
0
0
0
0
0
0
0
0
0
0
0
0
0
0
0
0
7286
0
0
0
17878
0
0
0
0
17270
0
7492
0
0
0
0
0
0
30750
0
0
0
0
0
0
0
0
0
0
7053
0
0
0
26598
0
0
0
0
0
0
0
0
0
3566
0
0
0
0
0
0
0
0
0
0
10962
0
6948
32658
0
0
0
0
0
0
0
29496
0
22278
0
0
0
0
16224
0
0
18714
0
0
0
0
0
0
0
39905
0
0
0
0
0
0
0
0
0
29150
0
0
0
28192
0
0
0
0
0
0
0
0
18816
0
0
0
0
0
8773
0
0
0
0
0
0
0
0
0
0
0
0
35989
0
0
0
0
0
39521
0
0
0
0
0
0
37084
26773
0
0
0
0
0
0
0
0
0
0
0
0
37951
0
0
31246
0
0
2758
0
0
0
0
24609
9236
35795
5049
0
0
20278
0
0
0
0
0
8603
0
0
0
0
0
0
0
0
0
0
0
36465
0
0
0
0
0
0
0
0
32965
0
0
0
27001
0
0
0
30769
0
0
0
0
0
0
0
0
7247
0
0
0
0
0
0
0
0
0
0
0
0
0
0
0
0
0
0
0
0
0
0
0
0
0
0
0
0
0
30440
0
0
0
0
0
0
0
0
20473
0
0
25298
0
0
0
0
0
5612
0
0
0
358
0
0
0
0
0
0
0
21470
0
0
0
0
0
0
0
0
0
0
0
0
25300
0
0
0
0
0
0
0
0
0
0
0
0
0
0
0
0
0
36509
0
0
0
0
21801
0
0
0
0
0
0
22379
7088
0
0
0
0
0
0
31299
0
0
0
0
16067
12414
0
24405
0
0
0
0
0
0
0
32070
0
39523
0
0
0
0
21079
0
0
0
0
0
0
0
0
0
0
0
0
0
0
0
0
0
0
0
0
37603
0
0
0
0
0
0
0
0
0
0
0
0
0
0
0
0
0
0
11763
0
0
0
0
0
0
0
0
0
0
0
0
9376
0
15449
0
0
0
0
22111
7626
0
35522
0
0
0
0
0
0
0
0
0
0
0
0
0
0
0
0
21123
0
0
5751
0
0
0
0
21855
0
0
22889
0
0
0
0
0
2729
0
0
0
0
0
39056
0
0
0
0
38504
0
0
0
0
0
0
0
0
0
0
0
0
0
32668
0
0
0
0
0
0
0
0
0
0
0
6231
0
0
0
0
0
0
0
0
0
0
8690
0
0
0
0
5748
0
0
0
0
0
15053
0
0
0
0
0
0
0
8408
0
0
0
0
0
0
0
0
34394
0
0
0
0
0
0
0
0
0
0
0
0
0
0
18042
0
0
22305
0
0
0
0
36085
0
0
0
0
36116
0
0
0
0
0
0
0
0
0
0
0
0
0
0
0
37914
0
0
0
0
0
0
0
0
26872
0
0
0
0
0
9080
0
34820
0
0
0
0
0
38301
0
0
0
1201
0
0
11699
36431
0
0
10606
0
28205
0
0
0
0
0
0
0
0
14181
0
0
0
12399
0
0
19753
0
0
0
0
0
0
0
0
9136
0
0
0
0
0
0
0
0
0
2468
0
0
0
0
1073
0
0
0
0
0
0
39549
0
0
0
0
0
0
0
14823
0
0
0
0
0
0
0
0
1230
0
25219
0
0
14347
0
0
0
0
0
0
0
0
0
0
0
0
13244
13909
0
26469
2697
0
0
0
0
0
0
0
0
38980
0
0
0
0
0
25912
0
0
0
0
0
0
0
0
0
0
0
37470
0
0
0
26381
0
18546
0
0
0
0
0
0
0
0
0
0
0
21405
0
0
6604
0
0
0
0
0
0
0
0
0
0
0
0
0
37799
0
0
0
27478
0
0
0
9992
0
0
0
0
34127
0
0
0
0
0
32112
0
20303
0
5845
0
0
0
35867
0
0
4278
0
0
0
30833
35834
0
11637
0
0
0
20662
0
0
13469
0
38921
0
0
0
0
0
0
11851
0
34028
8350
0
0
0
0
0
0
0
0
0
0
0
0
0
0
0
0
0
0
0
0
0
0
0
37622
0
0
0
0
0
0
0
0
0
0
0
0
0
0
0
0
29718
0
0
0
0
0
0
0
0
0
0
0
24043
0
0
0
0
0
0
0
0
0
5990
0
0
0
0
0
0
0
0
0
0
0
8068
0
0
0
0
0
24711
22682
26435
0
36508
15866
0
0
0
0
0
0
0
0
0
0
0
0
0
0
0
0
0
0
0
0
0
0
0
0
0
0
0
0
0
0
0
0
0
0
24381
0
0
0
0
0
0
0
0
0
23434
0
0
0
0
0
0
0
0
0
0
0
21329
0
0
0
0
0
0
0
0
0
0
0
0
0
0
0
0
0
0
7876
0
0
0
0
0
0
32793
0
0
0
0
22966
0
0
0
1686
0
0
6125
0
0
0
0
19648
0
0
31637
0
0
0
0
0
0
0
0
0
0
0
0
0
0
0
0
0
0
0
0
28383
0
0
0
0
0
0
24801
5043
0
0
0
0
27418
0
0
0
0
18616
0
0
0
0
0
0
0
0
0
0
0
0
0
0
0
0
0
0
0
0
36591
0
0
0
0
0
0
15778
3592
0
0
0
20727
0
15747
0
0
0
0
0
0
0
0
0
0
0
0
29270
0
0
0
0
0
25375
0
0
2894
0
1498
29608
0
0
38899
0
5644
0
0
0
228
37584
0
0
34973
2635
0
28718
0
0
0
0
0
0
0
0
0
0
0
0
0
0
0
37841
0
0
0
0
0
0
0
0
15940
0
0
0
0
0
0
8796
0
8879
0
5845
0
0
0
34315
0
0
16049
0
0
0
0
0
0
0
0
0
0
0
0
2693
0
0
0
0
0
0
0
0
0
0
0
0
0
0
0
0
0
0
0
0
0
19197
0
0
0
0
0
0
27754
0
0
18608
0
0
0
0
0
0
7967
0
0
0
0
0
0
0
0
0
0
20228
0
0
0
0
11703
0
0
0
0
26381
0
0
0
0
0
0
0
0
0
0
27036
0
0
0
0
0
0
0
0
10757
0
0
0
0
0
0
38656
0
0
16128
0
0
0
30124
0
5455
0
0
0
0
0
0
0
0
0
0
0
0
0
0
0
0
0
9440
0
27979
0
0
0
0
0
0
0
0
0
34582
0
0
0
0
0
0
0
0
0
0
30724
0
0
0
27071
0
0
0
0
0
0
0
0
0
0
0
0
0
0
0
0
0
30663
0
0
0
0
0
0
0
39620
0
0
0
30729
8969
0
0
0
0
16115
0
0
0
0
13595
26803
0
0
0
0
3976
2248
0
0
0
0
0
0
0
0
0
0
0
0
0
0
0
12703
0
0
0
0
0
0
0
0
0
0
0
0
0
0
0
0
0
0
0
0
0
0
0
0
22860
0
0
0
8678
0
0
0
0
0
0
0
0
0
0
22304
0
0
0
0
0
0
31734
2437
15906
0
0
0
0
0
0
0
14683
0
0
0
0
0
0
0
0
0
0
0
0
0
0
0
0
0
0
0
0
0
0
0
0
0
0
0
0
0
0
0
0
0
24872
0
0
0
0
0
0
0
0
39984
0
0
0
0
0
0
0
0
0
0
0
0
0
0
34551
0
0
0
0
0
0
0
0
0
0
0
0
34877
0
0
0
0
0
1859
0
33694
0
0
0
0
0
0
0
0
8138
0
0
0
0
0
0
0
0
0
0
10640
0
39230
25638
0
0
0
0
0
0
0
0
0
8398
30164
35968
0
0
0
18598
0
18797
0
0
0
0
37141
0
0
0
0
0
0
0
0
0
0
0
0
0
0
0
0
39065
0
0
0
0
4248
0
0
0
0
0
0
0
15229
27921
11082
0
0
0
0
0
0
0
0
0
0
0
0
0
0
0
0
0
0
0
32729
0
0
0
0
9169
0
0
0
0
0
0
0
0
0
0
0
0
0
0
0
0
0
0
0
13932
0
0
0
0
0
0
0
26500
0
18653
0
0
0
9066
0
0
0
0
0
0
38188
0
5737
33408
0
1088
0
21117
0
0
0
0
0
0
0
0
0
0
0
13133
0
0
0
38973
0
9431
0
6541
0
0
0
0
14754
26403
0
0
0
0
0
0
0
0
0
0
0
0
0
0
0
0
0
0
0
0
38301
0
0
0
0
0
39817
0
0
0
35289
0
0
0
0
0
0
0
0
0
0
0
0
0
0
0
0
0
0
0
0
0
0
3505
0
0
0
7299
0
30272
0
0
0
0
0
0
0
0
0
0
0
0
31828
0
0
0
0
0
11907
0
0
0
0
0
0
0
0
0
0
0
0
0
0
0
0
0
0
0
0
0
0
0
0
0
0
0
0
0
0
0
0
0
0
0
0
0
0
0
0
0
0
0
0
0
0
0
0
0
33959
0
0
0
0
0
0
0
0
0
11026
0
0
0
0
0
0
0
0
0
0
0
0
0
0
30721
0
0
0
0
0
7387
0
0
0
0
0
18625
0
0
0
0
0
0
0
31771
0
0
0
0
0
0
32091
754
0
0
0
0
0
0
0
0
0
0
0
0
0
10144
0
0
0
0
0
0
0
0
0
0
5186
0
13658
28841
0
0
0
16489
0
0
0
0
0
7061
0
0
0
0
0
0
0
0
0
0
0
39338
0
0
0
0
570
0
0
0
0
0
8808
0
21355
0
0
18019
0
0
0
0
0
0
5455
0
0
34160
0
0
0
0
0
0
0
30781
0
0
0
0
0
0
0
0
0
0
0
0
0
16907
0
0
0
0
0
0
0
0
0
0
0
0
0
0
453
0
0
0
0
0
4390
0
0
0
0
0
0
0
0
10220
0
0
0
0
0
12742
2238
0
0
0
0
0
0
0
0
0
0
0
0
0
0
31616
25008
0
0
15546
0
0
0
0
0
0
0
0
0
0
0
0
0
16808
7086
2773
0
8111
0
0
0
4000
21207
0
0
0
0
0
0
0
0
0
27874
0
0
0
0
0
0
0
0
0
0
0
6447
12451
9000
0
0
0
0
0
0
0
0
0
0
14146
0
0
0
31561
0
0
0
0
31980
0
0
4898
0
0
0
0
0
0
0
0
0
0
0
0
0
0
0
0
0
0
0
27030
0
0
0
30225
0
0
10858
27421
0
0
0
0
0
0
0
0
0
0
0
0
0
0
0
24903
14229
0
36310
33836
36984
0
0
0
0
0
0
34929
36806
0
0
0
0
0
0
0
0
0
0
0
0
1
0
0
0
0
0
0
0
33424
0
0
7435
0
0
37288
0
0
0
0
23268
0
0
0
0
0
0
0
0
0
0
29625
0
0
0
0
0
0
0
21954
0
0
0
0
0
0
0
0
0
0
0
0
0
0
0
0
15795
36198
0
0
3570
0
0
0
0
0
0
0
0
0
0
0
0
0
0
0
0
32433
0
0
0
0
0
0
0
0
0
0
0
0
0
0
0
28016
0
0
0
0
0
8802
0
0
26754
9416
0
0
0
0
0
0
0
0
0
29155
0
0
0
0
0
0
0
0
0
0
0
0
0
0
0
0
0
0
0
0
0
10704
0
0
0
0
0
0
0
16078
13869
0
24023
0
0
0
0
0
35755
0
0
0
16305
0
0
0
0
0
0
32173
0
0
12789
0
0
0
0
0
0
0
0
0
0
0
0
0
0
0
0
0
19132
0
0
11742
0
436
3976
0
7651
30240
0
0
0
0
0
36737
0
0
0
9177
0
0
0
0
0
0
0
20985
30071
0
0
0
0
0
34654
0
0
0
0
0
0
0
0
0
0
0
0
0
0
0
0
0
0
0
0
0
0
0
0
0
0
0
0
0
2627
0
0
0
30814
0
0
0
0
17145
0
21055
0
0
0
18840
0
0
0
0
0
0
15964
0
0
12420
0
0
0
0
0
39824
0
0
0
0
0
0
0
14490
0
0
0
0
0
34215
15990
0
0
0
0
0
0
0
0
32592
0
28740
2906
0
29114
0
15693
0
0
0
0
0
0
0
0
0
0
0
0
0
0
0
0
0
36724
0
0
0
0
0
0
0
0
0
0
0
0
0
0
0
0
0
0
0
0
0
0
0
0
0
0
0
0
0
7102
0
0
0
9930
0
0
0
0
0
27198
0
0
0
27293
33261
0
0
0
0
0
0
3402
0
0
0
33574
0
0
0
0
0
0
0
0
0
34446
0
0
0
0
0
0
0
0
0
0
0
0
0
0
0
0
0
0
0
0
0
0
0
0
39080
0
26102
7952
0
0
0
0
0
0
0
0
19231
0
0
0
0
26835
0
0
0
0
0
0
0
0
0
0
0
0
0
0
3284
0
0
0
0
0
0
16817
0
0
19746
0
0
0
0
0
0
32444
25636
0
0
0
34405
0
0
0
0
0
33026
0
0
0
35791
0
0
0
0
0
0
0
0
0
0
0
31201
0
37084
0
0
0
0
31299
0
14055
0
0
0
0
0
0
0
0
0
0
0
13394
0
0
0
0
0
0
0
0
11776
35873
0
0
0
0
0
4772
34854
0
0
0
32302
0
0
0
0
0
0
0
0
0
12656
0
0
0
0
0
0
0
0
0
24928
0
0
0
0
0
0
0
0
0
0
0
0
0
0
0
27032
0
21631
0
0
0
0
0
0
0
0
0
0
4127
25094
0
0
0
0
33619
0
0
0
0
0
0
0
0
0
0
0
4875
0
0
0
0
0
0
0
0
0
0
0
0
0
0
0
0
24227
0
0
0
0
0
0
0
0
0
0
0
0
0
0
0
0
0
0
0
0
0
0
0
0
0
0
0
0
0
9850
0
0
0
0
0
0
0
0
32601
31488
0
0
0
0
0
13602
0
0
0
0
0
0
0
0
0
0
0
0
25805
26461
0
0
0
0
33240
0
0
0
0
0
0
0
0
0
0
0
0
0
0
0
0
1721
0
0
0
0
0
0
0
0
0
0
0
0
0
0
0
0
0
0
0
24522
0
0
0
0
0
0
0
0
0
0
0
0
0
16441
0
0
0
19457
0
0
0
0
0
0
20435
0
0
0
0
0
0
0
0
0
0
0
0
30448
0
33364
0
0
0
0
0
0
0
0
0
4873
0
0
0
0
0
0
0
0
0
0
0
0
0
0
0
0
0
0
22419
0
0
0
0
0
0
0
0
4475
0
0
0
0
0
0
0
0
0
0
0
0
0
0
0
0
0
0
0
0
0
0
0
0
0
8075
6436
0
0
20759
0
26136
8498
34245
0
0
0
0
0
0
0
0
0
0
36104
0
0
0
0
0
0
0
0
0
0
0
28490
0
7356
0
0
6568
0
0
0
0
0
0
0
0
0
9975
0
0
1047
15066
0
0
0
0
0
0
0
3139
0
0
30963
0
0
0
0
0
0
0
0
0
0
0
0
0
33640
31415
0
0
0
0
0
0
0
0
0
0
0
0
0
0
0
28304
17414
0
0
0
0
5795
33888
0
0
0
0
0
0
0
0
0
0
10143
22831
0
21894
31197
0
0
0
0
0
0
0
0
0
0
0
16989
0
34023
0
0
22769
0
0
0
0
0
0
0
0
0
0
22695
0
340
0
0
0
0
0
0
0
32948
0
0
0
0
0
0
0
0
0
0
0
0
0
0
0
0
0
0
0
0
0
0
0
0
0
0
0
0
0
0
0
0
0
0
0
0
0
0
19564
0
0
0
0
0
0
0
0
0
0
0
0
37498
0
0
0
33732
0
0
0
0
0
0
0
0
0
0
0
0
17182
0
0
5709
0
0
0
0
0
0
0
0
0
0
0
0
0
0
0
0
0
0
0
0
0
0
0
0
0
39792
0
0
17539
0
0
0
30925
0
0
0
0
0
0
0
0
0
0
0
0
0
0
0
0
0
0
0
0
0
0
33884
0
0
25169
0
0
0
0
0
0
0
31069
0
28258
0
0
14666
0
0
0
0
0
0
0
0
0
0
0
0
0
0
0
0
0
0
0
0
0
0
0
0
0
0
0
0
0
0
17978
0
0
0
0
0
80
29907
11432
0
20653
0
0
0
0
0
0
0
28853
0
0
8216
0
0
0
0
0
0
0
0
0
0
0
0
0
0
26331
0
0
0
11591
0
0
0
0
0
0
10973
0
0
0
0
0
0
0
0
0
0
0
0
0
0
0
0
0
0
0
0
0
0
0
0
0
7773
0
0
0
0
0
38675
0
0
0
0
0
0
0
0
0
0
0
0
0
0
0
0
33517
0
9784
11042
0
0
0
0
0
0
0
0
0
458
0
0
8271
0
0
0
0
0
0
0
0
0
33950
0
0
0
38160
0
0
0
0
0
0
0
22028
0
0
0
0
0
0
0
29069
0
0
0
0
0
0
0
0
0
0
0
0
0
0
0
0
0
0
0
0
0
0
0
3973
26693
0
0
0
0
0
0
0
0
0
0
0
0
0
0
29063
0
30528
0
0
0
0
0
0
0
0
0
0
0
0
0
0
0
0
0
0
0
0
0
0
0
0
0
0
0
0
0
0
0
12303
0
0
0
0
0
0
0
0
0
0
0
9368
0
0
0
0
0
0
0
0
0
0
14018
0
0
0
0
0
0
0
0
0
21002
0
0
35248
0
0
32334
0
0
0
0
0
0
0
0
0
0
0
16972
0
0
0
0
0
0
0
0
0
0
0
0
0
0
4338
0
0
0
0
0
0
0
0
0
34336
0
7631
0
8588
0
0
0
0
0
0
0
0
0
0
0
31593
0
0
0
0
0
5010
0
0
0
0
0
0
0
0
0
0
0
0
0
0
0
0
0
0
34594
0
0
0
28460
0
0
0
0
0
0
0
0
11857
0
29985
0
16180
0
0
0
0
0
0
0
32002
0
0
0
0
0
0
33275
0
0
0
0
0
0
30130
0
0
30088
0
0
0
23400
0
0
0
0
0
0
0
0
0
0
0
0
0
0
0
0
0
0
0
0
21400
0
0
8577
0
0
0
0
0
0
0
0
0
0
0
0
0
0
0
0
0
0
0
0
0
0
0
0
0
0
2256
0
0
0
0
0
0
0
0
0
0
0
9755
0
0
0
0
0
0
0
0
0
36201
0
0
18907
0
0
0
0
0
0
0
0
0
0
0
0
0
0
0
709
0
0
0
0
0
0
0
0
30576
0
0
0
0
0
0
0
0
0
0
0
0
0
0
0
0
0
30541
0
0
37475
0
0
20863
0
0
0
0
0
1247
0
0
0
0
0
0
0
0
16732
0
0
29705
0
0
0
0
0
0
0
0
0
0
0
0
0
0
0
233
0
0
0
0
0
0
0
27407
0
11565
0
0
0
0
35306
0
0
0
0
0
0
0
0
0
0
0
0
0
15120
0
0
0
0
0
0
0
0
0
0
0
0
0
0
0
17315
0
11440
10562
0
16523
19120
8947
0
0
0
0
0
562
0
0
21492
0
0
0
21066
0
0
0
0
0
0
11202
32391
0
0
0
0
0
0
31840
0
0
0
0
0
0
0
0
0
0
0
0
0
0
0
4254
0
0
0
0
0
0
0
0
0
0
0
0
0
0
0
0
0
0
0
0
0
0
0
0
0
0
0
0
0
0
37880
0
0
0
0
0
0
0
17466
0
0
0
0
0
0
0
0
34196
0
0
0
0
0
0
0
0
0
0
12260
0
0
0
0
0
0
6170
0
0
0
0
0
0
0
0
0
0
0
0
0
0
0
0
0
14501
0
0
0
25273
0
32488
0
0
0
0
0
0
0
0
0
16885
0
0
0
0
0
0
0
0
0
0
17827
0
0
0
0
0
0
0
0
0
0
38050
22900
18938
0
0
0
0
0
0
0
0
0
0
25458
0
0
0
0
0
31419
0
0
0
0
0
0
0
12941
0
0
0
0
0
0
0
0
0
0
38040
0
30074
0
0
0
23201
6165
0
0
0
0
0
0
0
0
13632
0
0
0
0
0
0
0
0
0
0
0
0
0
0
0
0
0
0
0
0
0
13606
0
0
0
0
0
0
0
0
0
4983
8808
0
0
0
0
0
0
0
0
0
0
0
0
37944
0
0
29096
0
0
0
0
0
0
12902
0
0
0
0
0
0
0
0
0
0
0
0
0
0
0
0
0
0
0
0
0
0
0
0
27066
21588
0
30441
0
0
0
9837
0
0
0
0
0
33636
0
0
0
29591
0
0
2597
0
0
0
6026
0
0
25231
0
0
0
0
0
14734
0
0
0
0
0
0
0
0
1952
0
0
28340
0
0
0
0
0
7169
0
0
0
0
0
0
0
0
0
0
0
0
0
0
0
0
0
0
0
0
0
32005
0
0
0
0
0
0
0
10585
0
24853
0
0
0
0
0
25205
0
0
0
0
0
0
0
0
0
0
0
0
0
0
0
0
28751
0
0
0
0
0
0
0
0
0
0
0
28788
0
14902
0
0
0
0
0
0
0
6600
0
0
0
0
0
0
0
19285
6810
36775
0
8405
0
0
0
0
0
0
0
0
0
14383
23091
0
0
0
11276
18790
24772
0
0
0
0
0
0
27044
0
0
36550
0
0
4514
0
0
1313
0
23122
0
28507
0
0
0
0
0
0
0
0
0
0
0
0
28282
0
0
0
6494
0
0
0
0
0
0
0
0
0
36963
0
0
15873
0
0
0
17860
0
39613
0
0
0
0
0
0
0
0
37219
0
28942
0
0
39842
0
39959
0
0
0
0
0
6376
0
0
0
0
0
35738
0
0
0
0
0
0
0
0
0
0
0
0
0
0
0
16285
0
0
9374
0
0
0
0
0
0
0
0
0
0
0
0
0
0
0
0
0
0
0
0
0
0
0
25300
4459
0
18428
0
0
0
0
0
12349
0
0
24441
0
0
0
0
0
0
0
0
0
0
0
0
0
0
0
0
0
0
0
0
0
0
0
0
0
0
0
17080
0
0
1454
0
0
0
6271
0
0
0
0
0
0
0
0
0
9865
23267
0
0
0
27440
0
0
3645
0
0
0
0
16051
0
0
31261
0
0
0
0
5519
0
0
0
0
0
0
0
0
0
0
0
0
0
0
0
0
0
0
0
0
0
0
0
0
0
0
0
35781
0
3372
0
0
0
0
20611
0
0
0
0
18735
0
0
0
0
0
0
0
0
0
0
0
0
0
0
0
0
0
0
0
0
0
0
17748
31615
0
0
0
0
0
0
0
0
0
0
0
0
0
0
0
0
0
4438
0
0
0
0
0
0
0
0
16863
0
0
0
0
0
0
1942
0
0
0
0
16099
0
0
0
0
0
27140
0
0
0
0
0
0
0
0
0
0
0
0
0
0
0
0
0
0
0
0
0
0
0
0
36676
0
0
0
0
0
0
0
0
0
0
0
0
0
0
0
0
0
0
0
0
0
0
32530
0
0
0
7801
0
0
0
0
0
0
31433
0
0
0
0
0
0
0
0
0
0
36062
0
0
0
35165
0
0
0
0
0
0
0
0
0
0
0
0
0
30228
0
0
0
0
0
0
0
0
0
0
0
0
0
0
37196
6298
0
0
16639
0
0
0
0
0
0
28674
0
0
0
32110
0
0
0
0
18584
0
0
0
0
0
0
0
33821
0
0
0
0
0
0
0
0
0
0
33886
0
0
0
18257
0
0
35575
0
15396
0
0
0
0
0
0
28304
0
0
0
0
0
0
0
0
0
0
0
0
0
0
0
0
0
0
0
33369
0
0
0
0
0
0
0
27483
0
0
0
0
0
40
0
0
0
0
0
0
0
0
0
0
0
35541
0
18604
0
21572
0
0
0
0
724
0
0
34509
0
0
18907
0
0
0
0
0
0
0
0
0
0
0
0
0
0
0
0
0
0
0
0
0
0
0
0
0
0
0
0
0
1103
19150
0
0
0
0
0
21644
0
0
8399
0
0
0
0
0
0
3843
0
0
0
0
12284
0
0
19361
32445
0
0
0
0
0
0
0
0
0
0
0
0
0
0
0
0
0
2989
16215
0
0
0
0
34604
0
0
0
0
0
0
0
0
0
0
0
0
0
0
0
0
0
0
0
27068
0
0
0
0
0
0
0
0
0
0
0
16305
0
0
0
0
0
0
0
0
0
0
0
0
0
0
0
0
0
34518
0
0
0
0
0
0
0
0
0
0
0
0
19160
0
0
0
0
0
0
0
0
0
0
0
0
0
0
0
0
0
0
21529
0
0
0
0
0
0
0
32942
39331
0
0
0
0
0
0
0
0
0
0
0
0
0
0
0
0
0
0
0
29573
0
0
23865
0
0
10409
0
0
0
0
14252
0
0
0
0
0
0
26898
21192
8475
0
0
0
16622
0
0
0
0
0
0
0
0
0
0
0
0
0
0
0
0
0
0
0
0
0
0
0
8186
0
0
0
0
0
0
0
0
1532
22279
0
0
0
0
0
0
0
0
0
0
0
0
0
0
0
18798
0
0
0
0
0
0
0
0
0
0
0
0
0
0
0
0
0
21297
0
0
0
0
0
0
0
0
0
0
0
0
0
0
0
0
0
0
0
0
0
0
0
39050
0
0
0
0
0
0
0
22032
0
0
0
3048
0
0
15418
0
0
0
0
0
13646
0
0
0
0
0
35779
0
31488
0
0
0
19081
10119
0
0
0
25479
0
0
37472
0
0
0
0
0
0
0
0
0
0
9455
0
0
0
0
0
0
0
0
0
0
0
0
0
0
0
0
0
0
0
0
17189
0
0
29704
0
0
0
0
0
0
0
0
0
0
0
28784
0
0
0
0
0
0
0
0
0
0
0
0
0
0
0
0
0
0
0
0
0
0
0
0
0
0
0
0
0
3121
0
29369
0
0
19562
0
10501
0
0
0
0
16535
0
0
0
0
0
0
24743
0
25203
0
0
0
0
0
0
0
21012
0
0
18275
0
0
0
21312
0
0
36992
0
0
0
0
0
0
0
0
0
28195
0
0
0
0
0
0
0
0
0
0
0
0
0
0
0
0
21122
0
0
0
0
0
0
0
5562
0
0
0
0
0
0
0
4098
0
0
0
0
0
0
0
0
0
0
0
0
0
0
35717
0
15302
0
0
0
0
0
0
0
0
0
0
0
0
0
0
0
0
0
0
0
22683
0
37060
0
0
0
0
0
0
0
0
0
0
0
0
0
0
30974
0
0
0
0
0
0
0
0
0
0
5214
0
0
0
0
0
0
0
8606
0
15825
9234
0
0
0
0
0
0
0
0
0
0
0
20083
0
0
0
15243
0
0
0
0
0
0
0
0
39448
0
0
21458
0
0
0
0
0
0
0
0
0
0
0
4200
0
0
15683
0
30007
0
0
0
5095
0
0
0
0
0
0
0
0
0
0
0
0
0
26642
0
0
0
0
0
0
0
0
0
0
0
0
0
0
0
0
0
0
0
0
0
0
0
0
0
0
0
0
0
33988
20643
0
0
0
0
0
0
0
0
0
0
0
0
0
0
0
0
0
0
0
0
0
0
4935
35729
0
32265
0
0
0
13231
0
0
0
0
0
0
0
0
0
0
0
0
0
0
0
0
31386
0
0
0
0
0
35596
0
0
33016
0
0
0
0
0
0
0
0
0
0
0
0
0
0
0
0
0
2156
0
8027
0
0
0
0
0
0
0
0
0
0
0
0
8000
0
0
0
0
0
0
0
0
0
0
0
0
28945
0
0
0
0
0
0
0
0
0
0
0
0
0
0
0
0
24496
0
0
0
0
21400
34479
0
0
0
0
0
16843
0
0
0
0
0
0
0
0
0
0
0
35490
0
0
0
0
0
0
0
0
0
886
27475
7580
0
0
0
0
0
0
0
0
0
0
0
0
0
37968
0
13843
0
17278
15076
0
0
0
0
0
0
0
5065
0
0
0
0
0
0
17707
0
0
0
22702
0
0
0
0
0
0
0
0
0
0
0
0
0
0
0
0
0
11869
0
0
0
38466
0
0
0
0
10119
0
0
0
0
0
0
16981
0
0
0
0
0
109
0
0
0
0
0
0
0
0
0
0
0
0
0
0
0
4155
0
0
0
0
0
0
0
0
0
0
0
0
0
11069
0
5800
0
0
0
0
0
28569
0
0
0
0
0
0
0
0
0
0
0
39777
0
0
0
0
0
0
18848
0
0
0
0
0
0
0
0
0
0
0
0
0
0
0
0
0
0
0
0
0
28459
0
0
0
0
0
0
0
0
0
0
19348
0
0
0
0
0
0
0
0
39910
22898
0
0
0
0
0
0
0
0
0
0
0
0
0
13415
0
0
0
0
0
0
0
0
0
0
0
0
0
37283
0
0
0
0
16979
0
0
0
0
0
27220
0
0
0
0
0
0
0
0
0
0
0
0
0
0
0
0
0
0
0
36871
0
0
0
0
0
0
0
0
0
0
0
0
26254
0
0
0
0
0
0
0
0
12819
0
0
38618
0
0
0
0
0
0
0
0
12235
0
0
0
0
19157
0
0
0
0
0
0
0
1496
0
24656
0
24864
0
0
0
0
0
0
0
0
0
0
7203
0
0
0
0
0
0
0
0
0
0
0
0
0
0
0
0
0
0
11857
20512
0
0
0
0
3572
0
0
0
0
0
0
0
0
0
0
0
0
0
0
0
0
29765
30164
0
0
0
0
0
0
0
0
22636
3982
0
0
0
0
0
0
23715
0
0
0
26612
7460
0
0
0
0
10778
0
0
0
0
0
0
0
0
0
0
0
0
0
37258
0
0
0
27077
0
0
0
0
0
0
0
0
0
0
0
0
0
24873
0
0
0
0
38056
0
0
0
0
25007
0
0
2917
0
0
0
5207
0
0
0
0
37901
0
0
0
0
35028
21990
0
0
0
0
0
0
0
0
0
0
0
0
0
0
0
20575
0
0
0
0
167
0
38010
0
0
29368
0
0
0
0
0
13232
0
0
0
24341
0
10268
0
0
0
0
0
33036
0
9961
0
0
0
0
0
0
0
0
0
0
0
0
0
0
0
0
0
0
0
0
0
0
0
0
37265
0
0
0
0
0
0
0
0
11952
0
0
0
0
0
0
0
0
0
0
0
0
0
0
0
0
0
0
19934
6065
0
0
0
0
0
0
0
0
0
0
0
0
0
0
0
0
0
0
0
19067
0
0
0
2024
17996
0
0
0
0
0
15964
0
21161
0
0
0
0
0
0
0
0
0
0
0
0
0
0
0
2745
0
0
0
0
0
0
0
0
0
0
0
0
0
0
0
0
0
0
0
0
0
0
0
0
0
37777
0
0
0
8621
0
0
0
0
0
0
0
0
0
28227
0
0
0
0
0
0
0
0
0
0
0
0
0
2795
0
0
21833
0
0
0
0
17649
0
0
0
0
0
13327
0
0
0
0
0
0
0
0
0
0
0
0
37748
0
0
0
0
0
0
0
0
0
0
0
36325
0
0
0
0
0
0
0
0
0
0
0
0
0
0
0
0
0
0
0
0
0
0
0
0
0
0
35130
0
18487
0
0
0
0
0
0
0
0
0
0
0
0
0
0
0
0
0
20734
0
0
0
0
30666
0
0
0
0
0
9680
0
0
0
0
0
0
0
0
0
0
0
0
0
0
0
0
34426
0
0
0
0
0
0
0
0
0
1532
0
0
0
0
0
0
39065
0
0
0
0
0
0
0
0
0
0
0
0
0
0
0
0
0
0
0
0
0
0
6653
0
0
0
0
0
0
0
0
35798
0
0
0
0
6320
0
623
0
0
0
0
0
0
0
0
37647
32835
0
0
0
0
22820
0
0
0
0
0
0
0
0
0
0
0
0
0
17927
35706
0
0
0
0
0
12781
0
31425
0
0
0
0
0
34352
0
0
0
22710
23259
0
0
0
0
0
0
0
0
0
0
0
0
0
0
0
0
0
0
0
0
0
0
33278
0
0
0
0
0
0
0
0
4434
0
0
0
0
8437
0
0
0
0
0
0
0
0
0
0
0
0
0
0
0
0
0
0
0
0
0
0
0
0
0
0
0
0
0
0
0
0
0
0
0
229
0
1753
0
0
0
0
0
0
0
0
0
0
0
0
0
0
0
0
0
19829
0
0
0
0
0
0
0
0
0
0
0
0
0
0
0
33166
20896
0
0
16069
0
0
0
5348
0
0
0
0
0
0
0
0
0
0
0
0
0
0
0
0
0
0
0
0
0
0
39422
5202
0
0
0
0
0
0
0
0
0
0
0
11326
0
0
16343
0
10448
0
0
0
0
0
0
0
0
0
0
0
0
0
0
0
0
0
29678
0
0
0
0
0
0
0
0
3174
0
0
0
0
0
38440
0
0
0
2459
0
0
0
22302
0
0
0
0
0
0
0
0
0
0
0
0
0
0
0
0
0
0
0
0
0
0
0
0
0
0
0
0
27481
0
16351
0
0
0
23570
0
0
15808
0
0
0
0
37808
0
36602
170
0
0
0
0
0
0
0
14329
0
0
0
32589
0
0
0
0
0
0
0
0
0
0
0
0
0
0
0
32312
0
0
39366
0
0
0
0
0
0
0
0
0
0
11162
19680
0
0
0
0
0
0
0
23745
0
0
27375
0
0
17510
0
0
0
0
0
0
11613
0
0
9308
0
0
0
0
0
0
0
0
0
0
0
0
0
0
0
0
0
0
0
0
0
0
0
0
0
20628
0
0
26918
0
0
0
0
4106
0
0
0
0
0
0
0
0
0
0
0
11899
0
0
0
0
0
8638
0
0
0
0
0
7097
0
0
0
0
0
0
0
0
357
0
0
12703
2252
0
0
0
13895
0
0
0
0
0
0
0
0
0
0
0
0
0
0
0
0
0
0
0
0
0
0
0
0
0
0
0
0
0
0
0
0
0
0
0
0
4929
0
0
0
0
0
0
12628
0
2511
0
0
19482
0
0
0
0
0
0
0
0
0
0
0
0
0
0
0
3237
0
0
0
0
0
0
0
0
0
0
0
0
0
0
0
0
0
0
0
0
0
0
0
0
0
0
0
0
8814
0
0
0
0
0
0
0
0
0
0
0
14925
0
0
0
0
0
0
0
0
0
0
0
0
1830
0
0
0
0
0
11314
0
0
0
0
0
0
0
30041
0
0
0
0
39332
0
722
4458
23232
3853
0
0
0
0
0
0
1616
0
0
0
0
0
0
0
0
0
7415
37244
0
0
0
0
0
0
0
0
0
32093
4873
0
0
0
0
0
17015
0
0
0
0
0
0
0
0
0
38276
0
0
0
0
0
0
0
0
0
0
0
0
0
0
0
0
0
0
0
0
0
0
26873
0
0
3295
0
0
0
0
0
0
0
0
0
0
0
0
0
31580
0
21547
8354
0
0
0
0
0
0
0
0
0
0
0
0
0
0
0
0
0
0
39981
0
0
3375
31956
0
0
0
19802
36705
0
0
25125
7313
0
0
0
8092
0
17153
0
0
0
0
0
0
0
0
0
13704
0
0
0
28461
0
0
0
0
0
0
0
0
0
0
0
0
0
0
0
0
0
0
0
29677
4407
0
0
0
0
0
23
0
0
0
0
0
0
0
0
0
0
0
0
0
0
35700
0
0
0
0
0
0
2131
0
0
0
0
0
13311
0
0
0
0
0
0
0
0
0
36009
0
0
0
0
0
0
6922
0
0
0
0
0
0
30091
0
0
0
0
0
0
0
0
0
0
0
0
0
0
0
0
0
0
0
0
0
0
0
32961
23974
0
0
0
0
0
0
0
0
0
0
34803
0
0
0
0
0
5568
0
0
0
0
0
0
29310
0
0
0
0
0
0
20487
0
0
0
0
0
0
0
0
0
0
0
14095
0
0
0
0
0
0
0
16725
0
0
0
0
0
16027
0
0
0
0
0
0
0
0
0
0
0
0
0
0
0
0
0
19283
8746
0
0
0
0
0
0
0
0
0
0
31924
0
0
0
1492
0
0
0
0
0
0
0
0
0
0
0
0
0
0
0
0
39603
0
0
9621
0
0
0
0
21670
0
0
0
0
0
0
0
0
0
0
0
0
0
0
0
0
0
0
0
0
0
16163
0
0
0
0
0
0
34672
0
38714
0
0
0
0
0
0
0
0
0
0
0
0
0
1424
0
0
37785
24358
0
0
29241
5546
0
0
38897
0
0
0
0
0
0
0
0
0
0
0
0
0
0
0
28073
0
0
16267
34062
0
0
0
0
0
25108
0
0
0
0
0
0
0
0
0
0
0
0
0
0
0
0
18592
0
0
35541
0
0
0
0
0
0
0
0
0
0
0
0
0
0
12292
0
0
0
0
0
6088
0
0
0
0
0
0
13223
0
29502
16667
0
0
0
0
0
0
0
0
0
0
0
0
0
0
0
0
0
0
0
0
35655
0
0
0
0
0
0
14286
0
0
0
0
0
0
0
15053
0
0
0
25016
0
0
27985
0
0
0
24747
39013
4824
0
0
0
0
0
0
0
0
0
0
0
0
0
0
0
0
0
0
0
0
0
0
0
8781
0
0
0
0
0
0
5747
0
0
0
0
13549
0
0
0
0
0
0
0
0
0
0
4012
0
0
0
0
0
0
0
0
0
0
0
0
0
0
18969
0
0
0
0
0
6220
0
0
0
0
0
9200
34729
0
0
26806
0
0
0
36191
0
0
0
0
0
0
0
0
0
0
0
0
16058
0
0
10001
0
15053
0
22533
0
0
0
0
0
0
28664
0
0
0
0
0
0
7173
0
0
0
0
0
0
0
0
0
0
0
0
0
0
0
0
0
0
0
0
0
0
0
0
0
0
0
0
0
0
0
0
0
0
0
0
0
0
0
0
0
0
0
0
0
0
20203
0
0
0
0
0
0
9242
0
0
0
0
0
4284
0
0
0
0
0
0
0
0
29680
0
0
0
0
6500
0
0
0
0
0
0
0
0
0
0
0
0
0
0
0
0
6098
0
0
0
0
0
0
0
0
0
0
9992
0
0
0
0
0
0
36567
0
0
0
0
0
0
0
28694
0
0
0
0
0
0
0
0
0
0
0
0
20610
0
0
0
0
32602
0
0
0
11974
21315
0
0
0
0
0
0
0
0
0
0
0
0
0
0
0
0
0
0
0
0
0
0
0
0
0
0
0
0
0
0
0
0
0
10657
0
0
0
0
0
0
0
0
0
25901
0
0
0
0
0
11594
1482
0
0
0
0
7735
0
0
0
16576
0
0
0
37774
12234
0
0
0
0
0
0
35745
0
0
0
0
0
0
0
0
0
0
16952
0
0
0
0
0
0
0
0
0
35816
0
0
0
0
0
0
32349
0
0
0
0
0
0
0
0
0
0
0
18013
0
27273
0
0
0
20080
0
0
16913
10241
0
0
0
0
0
0
26899
0
0
0
0
0
0
0
0
0
0
0
0
0
0
0
0
0
0
0
0
0
0
0
0
0
0
0
0
38314
0
0
0
0
0
0
38925
0
0
0
0
34058
0
0
0
0
0
0
0
0
0
0
0
0
0
0
0
0
0
35090
0
0
1599
0
0
0
0
0
0
0
0
0
0
0
0
0
0
0
0
0
0
0
0
0
0
0
17539
0
0
0
0
0
0
0
0
0
0
24134
0
20707
0
0
1671
0
0
0
0
0
0
0
9134
0
0
0
34292
0
0
0
0
17269
0
0
0
0
0
0
29368
0
0
25058
0
0
0
0
0
0
0
0
0
0
27762
0
2448
7883
0
0
0
0
0
15570
0
36737
0
0
0
0
0
0
0
0
0
17584
0
0
0
0
0
0
0
0
0
0
14330
0
0
0
0
0
35395
0
0
0
0
0
27430
0
0
0
0
0
21291
28237
0
5237
0
0
0
0
0
0
0
0
4222
0
0
0
36600
0
0
0
0
0
0
0
0
0
0
0
0
0
0
0
0
0
0
0
4037
0
0
21078
0
0
0
0
0
6359
0
0
0
0
0
39800
0
0
0
0
0
0
0
0
0
0
0
0
0
15747
0
0
0
31653
0
0
0
0
0
0
0
0
0
0
0
0
0
6717
0
17942
0
0
0
14063
0
24701
0
0
8426
0
0
0
0
0
0
0
0
6677
0
0
0
0
0
0
0
0
0
0
3486
0
0
0
0
0
0
0
0
0
0
0
0
0
16737
22339
0
0
0
0
0
0
0
0
0
0
0
0
0
0
0
6482
39756
0
0
0
0
0
0
0
0
0
0
0
0
0
0
0
0
0
0
0
0
0
0
3029
0
0
0
0
9247
0
0
0
0
0
0
0
0
0
0
19008
0
31453
0
0
0
0
0
0
0
0
0
0
0
0
0
0
0
0
0
0
0
0
0
12016
0
0
0
0
0
0
0
16775
0
0
0
0
0
0
0
0
0
0
2953
0
0
6599
0
0
10043
0
21353
28601
0
0
0
0
0
0
0
1684
0
0
0
0
0
0
0
0
0
0
0
0
0
0
0
0
0
0
0
0
0
0
38179
0
25647
0
0
0
0
0
16075
0
0
0
0
0
0
0
0
0
33504
0
0
0
0
0
0
0
0
0
0
0
0
0
0
0
0
0
0
0
0
0
20484
20160
0
0
0
2518
0
0
0
0
0
0
0
0
21837
0
0
0
0
0
0
0
0
0
0
0
0
0
0
27583
0
0
0
0
24527
0
0
0
0
0
0
0
0
0
0
0
0
0
0
0
0
0
0
0
0
0
0
0
0
29204
20568
0
0
0
36482
0
0
0
0
37717
0
0
0
0
0
0
0
0
0
0
0
0
0
0
0
0
0
0
23977
0
0
0
0
0
0
0
0
0
0
0
0
0
0
0
0
0
0
0
0
0
0
0
0
0
0
0
0
0
5825
0
31947
0
0
0
32259
15893
0
6973
13343
21079
0
0
0
0
0
0
0
0
0
0
17664
11410
0
0
0
0
31781
0
0
0
0
0
38575
0
10568
0
0
0
0
0
0
28661
0
0
0
0
0
0
0
0
0
0
0
8129
0
0
0
0
30814
0
4977
0
19660
21468
0
0
0
0
0
0
0
0
0
0
0
0
0
0
30698
0
0
0
0
0
0
0
0
0
0
0
0
0
0
0
0
0
0
0
0
0
0
0
0
28792
0
0
37951
0
0
10915
0
0
0
14067
0
0
0
0
0
0
0
16880
15027
0
0
0
0
0
0
0
0
0
0
0
0
0
0
0
0
0
0
0
6347
0
0
0
0
0
0
0
0
0
0
36148
0
0
0
0
0
12980
0
0
0
0
0
26461
0
0
2125
20999
0
0
11652
0
0
0
0
0
0
0
0
0
0
0
0
0
0
0
0
17242
0
0
0
0
0
0
0
0
0
0
0
0
0
0
0
0
0
0
0
0
0
0
0
0
0
0
0
0
0
0
0
0
0
0
0
0
0
0
0
0
0
0
0
0
0
0
0
0
0
0
0
0
0
0
0
0
0
0
26397
0
0
0
0
0
0
28860
6121
0
24107
0
0
0
0
29088
0
0
0
0
30021
0
0
0
0
0
0
0
0
0
0
18033
0
0
17671
0
0
0
27099
0
0
0
39078
0
0
0
0
0
0
0
0
0
0
28469
0
0
0
0
0
0
0
0
0
0
0
0
0
0
0
0
0
0
0
0
0
0
11547
0
0
0
0
0
0
18259
0
484
0
0
0
0
0
0
0
33916
0
0
0
0
0
0
0
0
0
0
0
10461
0
19241
0
32423
13015
0
0
4749
0
0
0
0
9998
0
0
26329
0
17242
0
0
0
0
0
0
0
0
0
0
12275
0
0
0
0
32131
265
22934
0
0
0
0
0
17937
0
26352
0
0
0
0
0
0
1404
0
0
0
0
11703
0
0
0
0
0
0
0
0
0
0
0
0
0
0
0
0
22889
0
0
4546
0
0
0
0
0
0
0
14038
0
0
0
0
0
0
0
0
0
0
0
0
0
0
0
21588
0
0
0
0
0
0
0
0
0
0
0
24336
0
0
0
0
0
0
19775
0
0
0
0
0
20947
0
0
0
38741
0
0
0
0
0
0
0
0
0
0
0
0
0
0
0
0
0
0
0
29466
0
0
0
0
0
0
0
0
0
0
6106
0
0
25106
0
0
0
0
0
0
0
0
0
34907
0
0
35167
0
0
0
0
0
0
0
0
0
0
33893
0
0
0
0
0
0
0
0
28425
0
0
0
0
0
0
0
0
31054
0
0
0
0
0
0
0
0
0
3643
0
0
0
0
0
0
0
0
13991
0
0
0
0
0
0
0
15524
0
0
0
0
0
0
0
0
0
0
0
0
0
0
0
0
0
0
0
0
0
0
5880
0
32905
0
0
31625
22119
0
0
0
0
0
0
0
0
39432
0
0
0
0
0
0
0
0
0
0
0
0
0
0
0
0
0
0
0
0
0
13869
0
0
0
0
0
0
0
0
27745
0
0
0
0
0
0
0
0
0
0
0
0
0
0
0
33504
0
0
0
4479
0
0
23641
0
0
0
0
0
0
0
0
0
0
0
15307
0
0
0
21101
0
6179
11776
0
0
37987
0
11196
0
0
0
21809
0
0
0
0
24419
0
0
14745
0
0
0
0
35434
0
0
0
0
0
0
0
2156
0
0
0
0
10097
0
0
0
0
23702
0
0
0
0
0
0
0
0
0
0
0
0
0
6908
0
0
31631
0
0
0
0
0
0
0
0
0
0
0
37697
0
0
0
0
0
0
0
19107
0
0
22960
0
0
33056
0
0
0
0
0
0
0
5584
0
0
0
0
0
0
0
0
0
0
0
19173
0
0
0
0
0
0
3586
0
0
0
0
0
0
0
0
21117
0
0
0
0
0
0
0
0
0
0
0
0
3317
0
0
0
0
0
0
0
0
0
0
24657
0
0
0
0
0
0
0
0
3524
12325
0
0
0
0
0
0
0
0
0
18240
0
6036
0
0
28485
0
0
0
0
0
0
0
0
0
0
0
0
0
0
33279
36376
0
0
0
0
0
0
9390
0
0
0
0
31626
0
0
0
21161
0
31176
0
0
0
0
0
0
0
0
0
9186
0
19749
0
0
0
0
0
0
0
0
0
0
5874
0
29566
0
0
0
0
0
0
0
0
0
0
0
0
0
0
32405
0
0
0
0
0
0
0
0
0
0
0
0
0
0
0
0
0
0
36254
0
0
0
0
0
391
0
0
0
0
38330
0
0
0
0
35521
0
0
4471
0
0
0
0
4578
0
0
0
10993
0
0
0
0
0
0
0
26033
0
0
0
0
0
0
0
0
0
0
0
0
0
0
0
8426
0
0
0
0
0
0
0
0
0
0
0
0
16989
0
0
0
0
0
0
11794
0
0
0
0
0
0
0
0
0
0
0
0
0
0
0
0
38330
0
18568
27634
0
0
0
0
0
0
0
0
15238
0
23635
0
0
0
0
25941
0
37084
0
0
0
0
0
0
0
0
0
0
0
0
0
0
0
0
26066
0
0
0
29976
0
0
0
0
16501
0
0
0
0
0
0
0
0
0
0
0
0
0
0
0
0
0
0
0
0
0
0
0
0
0
0
0
0
2181
0
0
0
10753
0
0
0
0
23680
0
0
0
13668
0
0
14394
0
0
14315
0
0
10129
0
0
0
0
0
0
0
0
0
25313
0
0
0
0
0
0
0
27408
0
0
0
25300
39109
0
37854
0
0
0
0
0
0
0
0
0
0
0
0
26591
0
0
6620
713
0
0
0
0
0
0
0
0
0
20436
35362
0
0
0
0
0
0
0
0
0
0
0
0
0
0
0
0
0
0
0
0
0
0
0
10743
9230
18192
6512
0
0
15445
0
0
0
0
0
16986
0
0
0
0
0
25120
0
0
0
0
0
20451
0
0
0
0
0
0
0
0
0
32759
0
0
0
8945
0
0
0
23523
0
0
0
0
0
0
15880
0
0
38964
0
0
0
0
0
0
0
0
0
0
0
0
2722
0
0
0
0
0
0
0
0
29983
23283
0
0
0
0
0
0
0
0
0
0
0
0
0
0
14549
0
0
0
0
0
0
0
0
0
0
0
0
0
15117
0
0
0
0
0
0
13010
30826
0
0
0
0
39281
0
0
0
0
0
0
13197
0
11050
0
4785
0
0
0
0
0
0
0
0
0
0
0
0
0
0
0
593
0
21256
0
0
0
0
0
0
0
0
0
0
0
2639
27714
35738
3087
0
0
0
0
0
0
0
17793
0
0
5602
0
0
0
598
0
0
0
10790
0
0
0
0
0
0
0
0
0
0
0
0
0
0
0
0
8527
0
22922
0
20405
0
0
0
0
0
35853
0
0
0
2152
0
0
0
0
0
0
0
0
0
0
0
0
0
0
0
0
0
0
0
0
0
3668
0
0
0
0
0
0
0
0
0
0
12482
0
0
0
0
0
0
0
0
0
0
0
0
0
0
0
0
0
26401
0
0
0
0
0
0
0
0
33789
0
0
38279
0
0
0
10836
0
0
0
0
0
0
0
0
0
0
0
0
0
0
0
0
0
0
0
0
0
0
0
0
29997
0
0
0
0
0
0
0
0
0
0
37288
31334
23250
0
0
0
0
0
0
0
0
0
4470
0
0
0
0
0
0
0
34803
0
0
0
0
0
0
0
11256
0
21650
0
30441
0
0
0
0
0
0
0
0
0
0
0
0
20458
2142
0
0
8023
0
22814
0
0
0
0
0
0
0
0
0
0
12707
0
37288
0
0
0
0
0
0
0
0
0
0
11082
0
0
0
0
0
0
20947
0
0
0
0
0
0
0
0
0
0
0
0
0
0
6369
0
0
0
0
0
5939
0
0
0
0
0
0
8593
0
0
0
0
25697
0
0
0
0
0
0
0
0
0
0
0
0
0
29742
0
0
0
0
29925
0
0
0
0
0
0
0
0
0
0
4927
0
28474
0
0
0
0
0
0
0
0
35067
0
0
0
0
0
0
0
4667
6600
0
0
0
38386
0
0
10924
0
0
2317
0
0
0
20589
0
0
0
32516
0
0
0
0
0
0
0
0
0
0
0
0
0
0
0
0
0
0
0
0
0
0
0
0
0
0
2468
0
0
0
0
19669
6638
0
0
0
0
0
0
0
0
28892
0
0
0
0
0
0
0
0
0
0
27968
0
0
0
14143
34541
0
0
0
0
0
0
0
0
0
2433
0
0
0
0
0
0
0
0
20435
24845
0
0
0
0
0
0
0
36745
0
0
0
0
0
14145
0
0
33699
0
0
0
0
0
0
0
22032
0
0
0
0
0
0
0
0
0
0
0
0
0
21470
0
0
0
0
16517
1158
0
0
0
0
0
0
0
0
0
0
0
0
0
0
0
0
0
0
0
0
0
0
0
0
0
0
0
180
0
0
0
0
0
29062
34902
0
0
0
0
7592
0
0
0
0
0
0
0
0
0
0
0
0
0
0
0
0
26723
0
0
0
0
0
0
34926
0
0
0
11246
0
0
0
0
11606
0
0
0
0
0
0
0
0
0
1256
0
0
30459
0
0
0
0
0
0
0
0
0
4845
0
0
0
37077
0
0
0
0
0
0
0
0
0
0
0
0
0
0
0
0
0
0
0
0
38141
0
0
0
0
0
0
0
0
0
31797
0
28303
0
0
0
0
0
0
0
0
0
0
0
0
0
0
0
0
0
0
0
0
0
0
0
0
17487
0
0
0
0
0
0
0
29238
11670
0
2808
0
0
0
0
0
0
0
0
22003
0
37304
0
23240
0
0
0
0
0
0
0
0
0
0
0
0
0
0
0
0
0
0
0
0
18162
0
0
0
0
0
0
0
23538
0
0
0
0
0
28227
0
0
0
19560
0
0
752
0
22290
0
0
0
0
0
0
25422
0
0
0
0
0
0
0
0
0
0
0
0
0
13351
32437
0
0
0
0
0
0
0
0
30039
0
0
0
0
0
0
0
0
19627
0
0
0
0
0
0
0
0
0
0
33591
0
0
0
0
0
0
0
0
0
0
0
0
0
0
0
0
0
0
0
34222
0
0
0
0
0
0
0
0
0
0
14333
0
0
0
0
0
0
23127
25088
0
0
0
0
0
0
0
0
14511
0
0
0
0
0
199
34
0
0
0
0
0
0
22974
0
0
0
0
0
0
0
36062
0
0
0
0
0
0
0
0
0
0
0
0
0
10308
0
0
0
0
0
0
0
0
0
0
0
0
0
0
0
0
0
0
0
0
35908
0
0
0
0
0
0
0
0
0
0
0
0
0
0
0
0
15415
0
0
10091
0
7101
27025
0
20465
0
0
0
0
8908
0
0
0
0
36793
0
0
38872
0
0
0
0
0
0
0
0
0
0
0
0
0
12969
0
0
3030
0
0
0
0
13558
0
0
33601
0
0
0
0
0
0
0
0
0
0
0
0
0
0
0
35824
0
14674
0
0
0
0
0
0
0
19488
0
0
0
0
0
0
0
0
0
0
0
0
0
0
0
0
0
0
0
0
0
37243
4295
0
0
32939
0
0
0
0
29113
0
0
0
0
0
0
0
37333
0
0
0
0
0
0
0
0
24940
0
0
23237
0
0
0
0
0
0
0
0
16893
0
0
624
0
0
20335
0
0
0
39026
0
0
39300
0
0
0
0
0
0
0
0
0
0
23086
0
0
0
0
34681
16296
35642
0
0
0
0
0
0
0
0
0
0
29965
0
0
0
0
29261
0
0
0
0
0
0
0
0
0
0
0
0
0
0
0
0
0
0
0
0
0
13108
0
0
0
0
0
0
0
0
0
0
0
0
0
0
0
0
0
0
0
0
0
0
9364
0
0
0
0
8958
0
0
0
0
0
0
0
0
0
13138
0
0
0
0
0
15502
0
37733
0
0
0
0
31432
0
0
0
0
0
16097
0
0
0
0
0
0
0
0
0
0
0
0
0
0
0
0
0
0
0
0
0
0
0
0
0
0
0
0
0
0
0
0
0
0
33289
0
0
0
0
0
0
0
0
21059
0
0
0
0
0
0
0
0
0
0
0
0
0
0
34877
0
0
0
0
0
8444
0
0
0
0
0
0
0
0
25007
0
0
0
0
0
24139
0
0
0
0
0
0
0
0
0
0
0
0
0
0
0
0
35874
0
0
0
25553
0
0
0
16937
0
0
0
0
0
0
0
0
0
0
0
0
0
8905
0
0
0
0
0
32284
0
0
0
0
0
0
0
0
0
0
0
0
0
0
30756
0
0
0
0
27472
0
0
0
0
0
0
0
0
0
0
0
0
0
0
0
0
0
0
18292
0
0
0
0
0
0
0
0
0
0
0
3263
0
0
0
0
0
9345
0
7299
0
0
8022
0
0
0
0
0
0
0
0
0
0
0
7985
0
0
0
0
0
0
0
0
0
19753
0
0
0
0
0
0
0
0
0
0
0
0
0
0
0
0
0
0
0
0
0
0
0
0
0
0
0
0
0
0
0
0
0
0
0
0
0
0
0
0
0
0
0
0
0
0
0
5365
25315
0
0
0
0
0
0
0
0
0
38333
0
31660
0
0
0
0
0
0
0
0
0
3068
0
34709
0
0
0
0
18272
0
39916
0
0
17355
0
27934
0
0
0
10045
0
0
0
33422
0
0
0
0
0
0
0
0
0
0
0
0
0
0
0
34591
0
0
0
0
0
0
0
0
0
0
0
0
0
0
0
25979
0
32269
0
0
0
0
0
32901
0
0
0
0
0
0
0
0
0
13405
0
0
0
0
0
0
0
0
0
0
0
0
0
0
0
0
0
0
11929
0
0
33774
0
0
0
0
0
0
0
0
0
0
0
0
0
38272
0
0
0
0
0
0
0
0
0
3035
0
0
0
0
0
0
0
0
0
19684
0
0
0
0
0
0
0
0
0
35088
0
0
0
33923
0
0
0
0
0
0
0
0
16160
0
0
0
0
0
27621
0
0
0
0
0
0
0
0
0
0
0
0
12141
20301
0
0
0
0
0
0
0
0
0
0
0
0
0
0
0
3417
0
0
0
0
0
0
0
0
0
0
0
0
0
0
0
0
0
27980
0
0
0
0
0
0
7570
0
0
0
0
0
0
0
0
0
0
0
23496
0
21302
0
0
0
0
0
0
0
0
0
0
0
13846
0
0
30523
0
0
0
0
0
0
0
760
0
0
0
0
0
0
0
25221
0
0
0
3110
0
16178
0
0
0
0
0
0
35752
0
0
0
0
0
37497
24186
0
0
0
0
0
0
0
0
5515
0
0
0
0
0
0
0
0
0
0
0
0
0
0
0
22161
0
21272
0
0
0
5620
0
0
0
0
0
0
0
0
0
0
0
0
0
0
0
0
0
0
0
0
0
31194
0
0
0
0
0
27995
0
29566
0
0
0
0
0
0
0
0
0
0
0
0
35651
0
0
0
0
0
30164
0
0
0
27287
0
0
0
0
0
0
0
0
0
0
0
0
14990
0
0
0
0
0
0
0
0
0
0
0
0
0
0
5531
0
0
0
0
0
0
0
0
0
0
0
6512
0
5584
0
0
25951
0
0
0
0
0
0
0
0
0
0
0
0
0
0
4495
0
0
0
0
0
39682
0
0
0
0
0
0
0
0
0
0
0
8276
165
0
0
22488
0
0
0
0
0
0
0
0
0
0
0
28838
0
0
0
0
10869
0
0
0
31255
0
0
0
0
0
0
0
0
39347
0
0
0
20103
0
0
0
0
0
29150
13557
0
0
0
0
33882
0
0
0
0
0
0
0
0
0
0
0
0
0
24872
21707
0
0
0
0
0
26707
0
0
0
0
0
0
0
0
0
0
0
0
3186
0
0
0
32169
0
0
0
0
0
0
0
0
0
27745
0
0
0
0
0
0
0
6185
0
0
2745
0
0
0
0
0
0
0
0
0
21418
0
0
0
0
8256
0
34439
0
0
0
0
0
0
0
0
0
0
0
0
0
0
21611
0
0
0
0
0
0
0
0
6081
0
0
0
0
0
0
0
0
0
0
35714
0
0
0
0
0
0
0
0
0
11876
0
0
0
17530
0
15929
0
0
0
0
0
18309
0
0
0
0
0
0
0
0
0
0
28643
0
0
0
0
0
0
0
0
0
0
0
0
0
0
0
0
0
0
0
0
0
0
0
0
0
0
0
0
0
0
0
0
0
0
4025
0
0
0
30999
0
0
0
0
0
0
21712
0
0
0
0
0
0
0
0
0
0
0
0
0
0
0
0
0
25650
0
0
0
0
0
0
0
34835
0
0
0
0
32448
0
0
28753
0
33949
0
0
0
0
0
0
0
30276
0
0
0
0
0
0
0
0
0
0
0
0
0
0
0
0
4103
0
0
0
0
0
0
0
0
0
0
0
0
0
0
0
0
0
37659
15521
0
0
0
0
0
0
0
0
32054
0
0
0
0
0
0
0
0
0
0
0
0
0
24893
0
0
0
11321
25995
0
2181
0
0
303
0
28432
0
0
0
5206
0
0
0
0
0
0
0
0
0
0
0
0
0
0
0
0
0
0
0
0
0
0
0
0
0
0
0
0
0
0
0
0
0
0
0
0
0
0
0
0
15401
0
19637
0
0
0
0
0
0
0
0
0
33678
0
0
0
0
0
0
0
0
0
0
0
0
0
0
0
0
0
0
0
36856
0
0
0
0
0
5932
0
17269
0
11765
0
0
0
0
0
0
0
0
0
0
21765
0
0
0
0
0
0
0
0
0
0
0
0
0
0
0
0
0
638
0
0
0
0
0
0
0
0
0
0
0
0
0
0
0
0
0
0
0
11371
0
0
0
29232
0
0
0
0
7032
38966
30268
0
0
0
0
0
0
6494
0
3619
0
0
0
0
3982
0
12961
0
0
0
0
0
0
0
177
0
24030
0
0
0
0
5426
0
0
0
0
0
0
20244
0
0
0
0
0
0
0
0
0
0
13869
0
0
0
0
0
21396
0
0
0
0
0
0
27062
0
0
0
0
0
0
0
31099
0
0
0
0
0
21468
0
0
0
0
0
0
0
0
0
0
0
0
19940
0
0
0
0
0
0
0
8638
0
0
0
0
0
0
0
0
0
0
35628
21947
0
30350
0
0
0
0
0
0
0
0
31286
0
0
0
22603
0
0
0
0
0
0
0
34645
26071
0
0
0
2975
0
0
0
0
0
17733
31877
0
0
0
0
0
0
0
0
0
0
0
0
38579
0
0
0
0
0
22946
0
0
0
0
0
0
0
0
0
0
28354
0
0
0
0
0
0
1519
0
0
0
0
0
0
0
0
0
0
0
0
0
0
0
0
0
0
0
22883
0
0
0
0
0
0
0
5432
0
0
0
0
0
0
0
17330
0
0
29704
0
0
0
0
0
0
0
0
0
0
0
34038
10942
0
0
0
0
0
23183
0
0
0
0
2792
0
34185
0
0
0
0
0
0
0
27706
0
0
0
0
0
0
0
0
0
0
0
0
0
24874
0
13648
0
0
0
0
28771
0
0
0
35583
0
0
0
0
0
0
0
4282
0
0
0
0
0
0
0
0
16174
0
0
0
0
2224
0
0
0
0
0
0
0
0
0
0
0
8327
0
0
0
0
0
0
0
0
0
0
0
6609
0
0
0
0
0
0
0
0
0
0
0
0
0
0
0
13292
0
0
21143
37487
0
12165
39553
0
0
10550
0
0
19950
7641
0
0
0
0
23145
0
0
0
0
0
0
0
0
0
0
0
22581
0
0
15169
0
0
0
0
0
0
26296
0
0
0
0
0
0
0
37782
0
0
0
0
0
0
9273
37066
3548
0
25628
0
19988
0
0
34350
0
0
0
0
24217
34028
0
25850
0
0
32077
37958
0
0
0
0
23773
0
0
0
0
0
27950
0
0
0
0
0
0
0
0
0
0
0
0
0
0
29697
0
0
0
0
0
0
0
0
0
0
0
0
0
0
0
0
0
0
18908
0
0
0
1829
24417
0
25644
0
0
0
0
0
0
0
0
5414
13006
0
0
0
0
12742
0
0
0
0
0
0
0
0
0
0
0
32853
12047
0
0
0
0
0
30581
0
0
0
0
0
0
24337
0
0
35385
0
0
2181
0
0
0
0
0
0
0
0
0
0
0
24130
0
0
0
0
0
0
0
0
0
0
27003
0
0
0
0
0
0
0
16314
0
0
0
0
0
0
0
0
0
0
0
0
0
0
0
0
0
0
0
0
0
0
0
12028
0
0
0
0
0
0
0
0
0
0
0
0
0
0
11869
0
15868
0
0
0
0
0
0
0
0
0
0
0
35810
0
0
0
0
0
0
0
0
0
0
0
0
0
0
0
23122
0
0
0
0
0
0
0
0
0
0
0
0
0
0
0
16551
0
0
0
0
0
0
0
0
0
16923
0
0
0
0
0
0
0
0
0
0
0
0
0
0
18701
0
36505
0
26818
0
0
0
0
0
0
0
0
0
0
0
0
0
0
0
2154
0
0
0
0
0
0
0
0
0
0
0
9468
0
0
0
0
0
0
0
0
0
0
0
0
0
0
0
0
0
0
0
25874
26497
0
0
0
0
0
22835
0
1396
0
0
0
0
0
0
0
0
0
24608
0
0
20568
0
0
0
0
0
16909
0
0
0
5171
0
36102
0
0
0
0
0
0
0
0
8405
0
0
0
0
0
17875
0
0
0
0
0
0
0
0
0
0
0
0
0
0
0
0
0
33420
0
0
17536
0
0
0
0
0
0
0
0
0
0
0
0
0
0
0
0
0
0
0
0
10526
0
0
0
6654
23666
0
0
0
0
0
0
17498
0
0
0
0
0
0
0
0
0
0
0
0
0
0
0
0
35644
0
0
0
0
0
34521
0
37966
0
0
0
0
0
0
0
0
0
0
0
0
0
0
0
0
0
0
0
0
10495
29935
0
0
0
0
0
0
0
37016
38673
0
0
6016
39291
9807
0
0
0
0
0
0
0
0
0
0
0
0
14478
0
0
0
0
0
0
0
0
0
0
0
0
0
0
0
0
0
0
0
0
0
0
0
30036
0
0
0
0
0
0
0
14140
0
0
0
0
0
27309
0
0
0
14366
0
0
0
0
0
0
35517
0
0
0
0
0
0
0
10617
0
0
0
0
0
23230
0
0
23621
0
0
0
0
13370
0
0
0
0
0
0
0
0
0
0
0
0
0
0
0
0
0
0
24415
0
0
0
0
0
0
0
0
0
0
0
0
0
0
0
0
0
0
7649
0
0
0
0
0
0
0
0
0
0
0
9803
0
25810
0
0
0
0
0
0
0
0
0
0
0
0
0
0
0
0
0
0
0
23371
0
0
38658
0
0
0
36704
15812
0
0
0
16907
0
34913
0
0
30159
0
0
21309
0
0
28630
19863
0
0
0
0
2565
0
0
0
0
0
0
0
0
0
0
0
0
0
0
0
0
0
19844
21982
0
0
0
0
0
0
0
0
0
0
0
0
0
0
12172
0
0
0
0
0
0
0
0
0
0
20404
0
0
0
0
0
29501
0
0
0
6525
0
0
21209
0
0
0
0
0
0
0
0
0
0
0
0
0
0
0
0
7526
0
0
9922
0
19617
0
0
0
0
0
0
11150
0
0
32922
0
0
0
27993
0
0
0
28695
0
0
0
0
0
29983
0
0
0
0
0
0
0
0
0
0
0
6630
0
0
0
0
0
0
0
0
16145
0
0
0
0
0
0
28186
0
0
0
0
0
0
0
0
0
0
17189
0
0
4216
0
0
32569
0
0
0
0
0
4025
0
0
0
0
0
19369
0
0
0
0
0
0
0
0
0
0
0
0
28700
0
0
0
0
0
0
0
0
0
11637
0
0
352
0
0
0
0
0
0
0
0
8336
0
0
0
0
0
34039
0
0
27963
0
0
18081
0
0
0
0
25262
0
0
0
0
0
0
6819
0
0
0
0
0
2428
0
0
0
0
0
0
0
31052
0
0
0
20643
0
0
0
21556
0
0
14566
0
0
0
0
0
0
0
0
0
0
0
0
0
15078
0
0
0
0
0
0
0
0
0
4185
8979
0
0
0
0
28028
0
0
0
0
0
0
0
0
10168
10435
9247
0
0
0
0
0
38425
0
0
0
0
18045
0
0
0
0
0
0
4455
0
0
0
0
12482
0
0
0
0
0
0
0
3681
33430
0
23004
0
0
0
0
0
0
0
0
12766
0
0
0
31957
0
0
0
0
0
0
0
0
38764
0
0
30252
0
0
0
5357
0
0
0
0
0
0
0
0
0
0
0
0
33251
0
14615
0
0
23532
0
0
0
0
0
0
0
5800
0
0
0
0
0
0
0
0
0
0
0
0
0
27165
0
0
0
15240
0
0
38749
0
0
0
33473
0
0
0
0
0
0
0
14013
0
21256
0
0
0
0
31625
0
0
0
0
0
39929
0
0
0
0
0
0
0
0
0
0
0
0
0
0
33739
0
0
0
0
0
0
0
14616
0
0
0
27942
0
0
15272
0
0
0
0
0
0
0
0
0
0
0
0
8163
0
0
0
0
0
0
21349
0
0
0
26247
0
0
0
0
0
0
0
0
0
0
0
0
0
0
0
0
0
14341
0
0
12793
0
0
0
0
0
0
0
0
0
0
0
0
0
0
0
0
0
0
0
0
0
0
57
31362
0
0
0
0
0
0
0
0
0
0
0
0
0
0
0
0
0
0
0
0
0
20745
0
0
0
8659
23484
0
0
0
0
0
38624
4300
0
0
18417
0
0
0
0
15951
0
0
0
0
0
0
0
0
0
39187
0
0
0
0
0
30985
0
0
0
0
0
0
0
0
0
0
0
0
0
0
0
0
0
0
0
0
0
0
0
0
0
0
0
0
0
0
0
9888
0
0
0
0
0
29939
0
0
0
20391
0
35808
0
18554
0
0
0
0
0
0
0
0
0
0
0
29215
0
16394
0
0
0
0
0
0
0
0
0
0
2630
0
0
0
37596
0
39040
0
0
0
0
0
0
34474
30670
0
0
0
0
0
0
0
0
0
0
0
0
0
0
0
0
0
0
34573
0
0
37894
34423
0
0
39713
0
0
0
0
0
0
0
0
0
0
0
0
0
0
0
0
0
14297
0
0
0
0
0
0
0
0
0
0
37283
0
24952
0
0
10751
0
0
3014
0
0
0
0
0
0
39059
0
0
0
0
0
0
0
0
0
0
39960
0
0
0
0
0
0
0
27599
16573
17221
0
0
0
0
0
0
0
0
0
0
0
0
15228
0
0
0
0
0
0
0
0
0
0
0
0
0
0
0
0
0
25332
0
0
0
0
33484
0
0
0
0
0
0
1439
0
0
0
13983
0
11865
0
0
0
0
0
0
0
0
0
0
0
0
0
0
0
20789
0
0
0
0
0
0
17686
0
0
0
0
0
0
0
0
0
0
11176
0
0
0
0
0
0
0
0
0
17047
0
0
0
0
0
0
0
0
0
0
0
0
0
0
0
0
0
0
0
0
0
0
0
0
0
0
0
0
0
0
0
0
0
0
0
0
0
0
0
0
0
0
0
30059
0
0
0
32221
0
0
0
0
0
0
0
0
0
0
0
0
0
0
0
0
37539
0
0
0
15695
0
0
0
0
36223
0
0
0
0
0
0
0
0
16048
0
0
0
0
0
20641
0
20176
36879
0
0
0
0
0
5444
0
0
0
6002
0
0
0
37844
0
0
0
0
32408
0
0
33240
0
0
0
0
0
10585
0
0
0
0
0
12461
0
0
0
0
0
37288
0
0
0
0
28229
0
0
0
0
0
0
0
0
0
0
0
0
0
0
0
0
0
0
959
0
0
0
0
0
0
0
0
0
0
0
0
0
0
0
0
38974
0
0
0
0
0
0
0
0
0
39526
0
0
0
0
0
8820
0
0
0
0
19917
0
0
0
0
0
0
0
0
0
0
0
0
0
0
0
0
0
25589
0
0
25482
0
0
0
35770
0
0
0
0
0
0
0
0
0
0
0
48
0
0
0
0
0
0
0
0
0
0
0
0
0
19515
19225
0
0
0
0
0
0
0
0
603
0
0
33959
0
0
0
0
0
0
0
0
0
0
0
0
0
0
0
0
0
0
0
0
0
0
0
0
0
0
0
0
0
0
0
0
0
0
0
0
0
0
0
15200
18735
0
0
0
0
39474
25812
1866
0
0
0
0
0
0
0
0
0
0
0
25062
0
0
0
0
0
0
0
30729
0
0
0
0
0
0
0
0
0
0
0
0
0
0
0
0
0
0
0
0
4524
0
0
18129
0
0
0
0
0
0
0
0
0
7058
0
0
7994
0
25168
0
0
0
0
0
0
0
0
0
0
0
0
0
0
0
0
0
4001
0
0
0
0
0
0
0
0
0
0
0
0
0
0
0
0
0
0
0
0
0
0
0
0
0
0
0
0
0
0
6140
0
0
0
0
0
0
0
0
16839
0
0
0
0
0
0
0
16692
0
0
0
0
36468
0
0
1330
0
0
0
0
0
0
0
16349
0
0
9211
0
25787
9300
0
0
0
33486
0
0
0
0
0
0
0
0
0
16351
0
0
0
0
0
0
0
0
0
38661
0
0
0
0
0
0
30416
0
0
0
18459
0
15699
0
5131
0
0
0
0
0
300
0
0
0
0
0
0
0
0
0
0
0
0
0
0
23672
0
0
0
0
0
3431
0
0
0
0
26673
0
0
0
0
0
0
23551
0
0
0
0
0
0
0
0
0
0
0
0
0
0
0
0
0
0
0
0
39935
0
0
0
0
0
0
0
0
7814
30637
0
0
0
0
0
12262
0
0
0
0
0
0
29929
0
0
0
4049
0
0
0
0
0
0
0
0
12702
0
0
0
38967
18342
0
0
2234
0
0
0
0
0
0
0
0
0
0
33836
0
0
0
0
0
0
0
0
0
0
0
0
0
0
0
0
0
3951
0
0
0
0
0
0
0
0
0
0
0
23742
0
0
0
0
0
0
38112
0
0
22738
0
0
0
0
27320
0
0
0
0
0
0
0
0
0
0
0
0
0
0
0
0
36373
0
0
0
0
0
0
0
0
0
0
0
0
0
0
0
0
0
0
0
0
626
0
0
19779
0
0
0
0
0
0
0
0
0
0
0
0
0
34240
0
0
0
0
0
0
0
0
0
0
25523
0
0
0
0
0
0
644
0
0
0
0
0
0
0
0
0
0
21116
0
0
35368
0
0
0
0
0
0
0
0
0
0
0
0
0
0
0
0
0
0
23958
30149
0
0
0
0
0
0
0
35617
0
0
0
0
0
0
38462
5573
0
0
0
8262
0
0
0
0
27003
0
0
0
0
0
0
0
27471
31122
0
0
29209
0
0
0
0
0
0
0
0
0
0
0
0
0
0
0
0
0
0
0
0
0
0
0
0
0
0
0
0
0
0
26232
0
24753
0
0
0
1662
0
7890
0
0
0
0
0
0
0
0
0
0
19391
0
0
0
0
0
0
0
0
0
9352
0
0
11962
0
0
0
0
0
0
0
0
0
0
0
0
0
0
0
0
0
0
0
0
0
0
0
0
0
0
0
0
0
0
0
0
1384
0
0
0
0
0
0
0
0
0
7508
0
0
0
0
0
0
0
0
33662
0
19476
36985
0
587
0
16248
0
0
0
0
0
0
0
0
0
0
0
3207
0
20638
0
0
0
0
0
15968
0
0
0
0
0
0
0
0
0
0
0
0
0
0
0
10708
0
0
0
0
27392
0
0
16860
0
0
0
0
0
0
0
0
0
0
0
0
0
0
19935
0
35551
0
3230
0
0
0
0
0
0
0
0
0
32944
0
0
0
0
0
0
0
0
0
9963
0
0
0
4424
0
0
0
0
0
1493
0
0
0
0
0
3776
0
0
0
0
0
0
0
0
0
0
0
0
0
0
7259
0
27685
0
0
0
0
19110
2710
0
0
0
0
0
0
0
0
0
0
0
0
0
0
0
0
0
0
0
26769
0
0
0
0
0
0
0
9679
0
0
0
0
0
0
0
0
0
0
0
0
0
0
0
0
0
0
0
0
0
0
0
0
0
0
0
0
0
0
0
0
0
0
28442
0
0
0
0
31276
0
558
34778
0
0
0
3066
9108
0
0
0
0
28056
0
0
0
0
0
0
0
0
0
0
0
0
0
0
0
0
10578
0
23621
0
0
0
0
0
0
0
0
0
0
0
0
37025
0
0
0
0
0
0
0
0
0
0
2930
0
0
0
0
0
0
0
0
0
0
1484
0
0
0
0
0
22800
38968
2710
0
0
211
0
0
0
0
0
0
0
0
0
0
0
0
0
0
0
0
0
0
0
0
0
0
0
0
0
0
0
0
0
0
0
0
0
0
0
0
5950
0
0
0
0
0
0
0
25097
0
0
0
0
0
0
26059
0
0
0
29495
9997
0
0
0
0
0
0
36316
0
0
0
0
0
0
0
0
0
0
0
0
0
11503
0
0
0
0
29026
0
0
0
0
0
0
0
14832
0
0
0
0
9183
0
0
0
0
0
0
0
0
0
9935
0
0
0
34442
0
0
0
0
0
0
0
0
0
0
0
0
30787
0
18997
0
0
0
0
0
0
0
15190
0
16032
0
0
27972
0
0
0
0
0
0
0
0
0
0
0
0
36232
0
0
0
0
0
0
0
0
0
0
0
10173
0
0
0
0
0
16297
0
0
0
0
0
0
0
0
0
0
0
0
0
26650
0
0
0
0
0
0
0
0
0
0
0
0
0
0
0
0
0
0
0
0
0
0
0
0
0
0
0
0
0
28661
0
0
0
0
12449
0
0
0
0
0
0
0
0
0
0
0
0
20742
0
0
0
0
0
31538
0
0
0
0
22292
0
0
0
3154
0
2251
0
0
23390
0
17796
0
0
0
0
0
0
0
0
0
0
0
14043
0
32901
0
0
0
0
0
6943
0
0
0
0
0
38805
0
0
0
0
0
0
0
0
0
0
0
0
28876
6606
0
0
0
0
0
0
0
0
0
0
0
22461
4000
0
0
0
0
0
0
0
34007
0
0
0
0
0
0
0
0
0
0
0
0
0
0
0
0
0
0
37941
0
0
0
0
0
0
0
28299
0
0
0
0
0
0
0
0
1335
0
0
0
0
0
0
0
0
25412
0
0
0
0
0
0
0
0
0
0
0
0
25522
0
0
0
0
36217
0
0
0
0
19922
0
0
0
0
0
0
0
0
0
0
0
0
14357
0
0
0
0
0
0
0
33750
0
0
0
0
0
0
21679
0
0
0
0
2290
0
0
0
12160
0
0
11962
0
0
0
0
0
0
0
0
0
0
0
0
35772
0
0
0
0
22924
0
0
0
0
0
0
0
0
0
0
0
0
0
0
27921
0
0
0
0
0
0
0
0
22785
0
0
0
0
0
0
0
0
0
0
2440
0
0
0
0
0
0
0
0
0
0
0
0
0
0
0
0
4345
0
21371
0
0
0
0
0
0
0
0
0
0
0
0
0
0
23135
0
0
0
0
0
0
0
0
17936
0
36688
0
0
30758
0
2961
0
0
0
0
0
0
0
0
0
0
0
0
0
0
0
0
0
20582
0
21887
0
1271
0
0
0
0
27277
0
0
0
11739
0
0
0
0
0
0
19216
0
0
37472
0
0
0
0
0
0
0
0
30974
38670
0
387
0
0
0
0
0
0
0
0
1607
32160
0
0
0
0
0
0
0
0
0
6631
0
0
7626
0
0
0
29981
0
1047
0
0
0
0
35324
0
0
0
0
0
0
0
0
0
0
0
0
0
0
36324
0
0
0
0
0
0
0
0
0
0
0
13464
29203
0
0
20699
0
0
0
0
0
0
0
0
0
0
0
0
0
0
0
16237
1413
14143
0
20742
0
0
0
0
0
0
0
9363
0
34360
0
0
0
0
0
0
34664
0
0
0
0
0
0
0
0
0
0
0
30062
0
0
0
0
0
0
0
0
0
26292
15473
35286
12052
29203
0
0
0
0
0
0
0
0
0
0
0
0
0
0
0
0
22587
13786
0
0
26117
0
0
0
36399
0
0
0
0
0
0
30951
0
20503
0
0
0
28365
0
0
0
0
0
0
0
0
0
0
0
14002
0
0
0
9845
0
0
0
0
0
0
0
0
0
0
35150
0
0
5157
37357
0
0
0
0
0
10621
0
6226
0
0
0
0
0
0
0
0
0
0
0
0
0
0
0
0
0
0
0
0
0
0
0
0
0
0
0
0
0
19048
0
0
18782
0
0
0
0
0
0
0
0
0
3639
0
4992
0
0
5333
0
0
0
0
0
0
0
0
0
0
0
0
0
0
0
0
0
4861
0
0
0
0
0
0
0
25097
0
0
13947
0
0
0
0
0
0
0
0
0
0
0
0
0
0
0
0
0
0
0
24274
4190
0
2042
0
0
0
0
0
31759
0
0
0
29755
0
0
0
0
0
0
1255
0
0
0
0
0
0
0
0
0
16343
0
0
0
0
0
0
0
20316
9345
2559
0
0
0
0
0
0
0
0
0
0
2933
0
0
0
0
0
9771
0
23983
0
0
0
0
0
0
0
0
0
0
0
0
0
0
0
0
0
0
0
0
0
749
0
0
0
0
0
0
0
0
0
0
16837
0
0
0
27792
35446
0
0
0
0
0
0
0
0
0
0
0
0
0
0
0
0
13351
0
0
0
0
0
0
25258
0
0
38824
20662
21571
0
0
21961
0
0
0
0
0
0
4544
0
0
556
0
0
27628
38672
29946
9302
0
0
0
0
0
0
0
0
0
0
0
0
0
0
0
0
0
0
0
0
0
0
0
9846
0
0
0
0
0
3920
0
0
0
5585
5117
0
0
0
0
19803
12703
0
0
0
0
0
0
0
0
0
0
0
0
0
0
0
0
0
0
0
0
0
0
0
0
0
0
0
0
34540
0
0
0
0
0
0
0
0
0
16583
0
0
0
0
0
0
0
0
0
0
0
0
0
0
0
14335
0
0
0
27572
0
0
0
28829
0
36998
34685
0
0
0
0
0
0
0
0
0
0
0
24024
0
0
0
0
0
0
0
0
0
0
0
0
0
0
0
0
0
0
0
0
0
37210
0
0
0
0
0
0
27533
0
0
0
0
0
0
0
0
0
0
31521
0
37435
0
26568
0
0
17548
0
0
0
0
0
0
0
29352
11684
0
0
0
0
0
0
0
0
0
0
0
39057
30651
0
0
0
0
0
0
28815
22602
0
0
0
0
0
0
0
19894
0
0
0
0
0
27988
0
0
0
0
28346
0
0
0
0
0
0
1483
0
0
0
0
0
0
0
0
0
0
0
0
0
0
0
0
0
0
0
0
0
0
0
0
0
0
0
12499
0
0
0
0
0
32594
0
0
0
0
0
0
0
0
0
0
0
0
0
38039
23124
0
0
0
0
0
0
0
0
0
10380
0
0
0
0
0
0
0
6644
0
0
30635
0
0
0
0
0
0
18366
0
11512
0
0
0
0
0
0
0
0
34804
0
0
0
0
0
0
0
0
0
0
0
0
0
0
0
0
0
0
0
0
0
0
0
0
0
0
4191
0
0
0
0
1172
26136
25793
0
0
0
0
0
0
5312
0
0
0
0
0
0
0
0
0
0
0
0
0
0
0
0
0
0
0
0
0
23099
11935
18422
0
0
0
0
0
0
0
0
36839
23150
0
28277
0
0
0
0
0
0
0
0
0
0
8930
0
0
0
0
0
0
0
0
0
0
0
0
0
0
0
0
0
0
0
0
19962
0
0
0
0
0
0
0
30093
0
0
0
0
0
0
0
0
0
0
0
0
0
0
0
0
0
0
0
0
0
0
0
0
0
0
0
0
0
0
0
0
14271
0
0
0
0
0
15850
0
4774
0
0
0
0
0
0
0
0
0
0
0
0
0
0
0
0
0
0
0
0
39262
0
0
0
0
0
0
0
0
0
10867
0
0
0
0
0
37712
0
0
0
11678
0
0
0
0
0
0
0
0
6085
0
0
0
0
0
0
0
0
0
0
0
0
0
1975
0
0
0
0
0
0
0
0
0
0
0
0
0
28340
0
0
0
0
0
0
0
0
8935
0
32774
0
0
0
0
0
0
33449
0
0
0
12157
0
0
0
0
0
0
0
0
0
0
0
0
0
0
0
32898
0
21161
1770
0
0
18179
0
0
0
0
0
0
0
0
0
0
0
0
0
0
0
0
0
0
0
0
0
0
0
0
0
0
0
0
0
0
0
0
0
0
0
0
0
0
0
0
31365
0
0
0
0
0
0
15019
0
0
0
0
0
0
0
0
0
0
0
0
0
0
0
0
0
0
23859
0
0
0
0
0
0
0
0
0
0
0
36252
0
0
0
0
0
0
0
0
0
0
0
0
0
0
10432
0
0
0
0
0
0
13919
0
0
0
0
0
0
0
0
0
0
0
0
0
0
0
0
0
0
0
0
0
0
0
0
23160
24832
0
36349
4423
0
0
0
0
0
0
0
0
0
0
0
0
0
0
0
0
9044
14456
0
0
0
0
0
0
0
0
0
0
0
38648
0
0
0
0
0
0
0
0
0
16427
0
0
0
0
0
0
0
0
0
0
26169
24731
0
0
20508
0
0
0
0
0
0
0
23031
33888
0
0
0
0
0
0
0
0
0
0
0
0
0
0
0
0
0
0
0
0
0
0
0
0
0
0
0
0
0
0
0
0
0
0
0
0
11913
8481
0
0
0
0
0
0
0
0
0
0
0
0
0
0
0
0
0
25804
0
0
0
0
21847
0
0
0
0
0
0
25151
0
0
0
0
0
0
0
0
0
0
0
0
0
0
29414
0
23233
0
0
0
17919
0
0
0
0
0
0
4001
0
0
0
0
0
0
22138
0
0
0
0
0
0
0
0
0
0
0
0
0
0
0
0
0
0
27080
0
0
0
0
0
0
34645
8262
0
0
0
0
30826
0
0
0
0
0
0
0
0
0
19080
0
0
0
0
0
0
0
0
0
1976
0
0
0
0
0
0
0
0
0
0
0
0
0
0
0
0
0
0
0
0
0
0
0
0
0
0
0
0
0
0
33947
0
0
0
0
0
0
0
34490
38827
0
0
0
0
0
5153
0
0
23036
0
0
0
4041
0
0
0
25522
0
0
0
0
0
0
0
0
0
593
0
0
0
0
0
0
0
0
0
0
0
0
0
0
7794
0
0
0
0
953
0
0
0
0
0
0
0
0
0
0
0
0
0
0
0
0
0
0
0
0
25178
0
0
32494
0
0
0
31634
0
0
0
0
0
0
0
25082
0
0
0
0
0
0
22520
0
0
0
0
0
30285
0
0
0
0
0
0
0
0
0
0
0
7715
0
0
0
0
0
0
0
0
0
0
0
0
0
0
0
0
0
0
38860
5863
5509
0
16527
0
30828
0
0
0
2461
0
0
0
0
0
0
0
0
12527
0
0
0
0
8089
0
0
0
0
0
26023
0
0
0
0
0
0
0
2390
0
0
15457
0
0
0
0
2498
0
0
0
38729
33684
0
0
0
0
0
0
0
25974
30897
0
0
0
0
2199
0
0
0
0
0
0
0
0
0
0
0
0
0
0
8464
0
0
0
0
0
0
34112
0
0
0
0
0
36331
0
0
0
0
0
0
0
0
0
0
0
0
33113
0
27206
0
0
0
0
0
0
0
0
0
0
0
35312
11800
0
8025
0
0
0
0
0
0
0
0
0
0
0
0
0
0
0
0
33637
0
0
0
24962
0
0
14228
0
0
0
0
35
0
0
0
0
36481
0
37861
0
3354
0
0
0
0
0
0
0
0
31561
0
0
0
0
0
0
0
6631
0
0
0
0
0
0
25633
0
0
0
0
0
0
0
0
0
0
0
6035
0
0
0
0
0
0
0
0
0
0
0
4651
0
0
0
26200
0
35655
0
0
0
0
0
0
0
0
0
0
8416
0
0
0
0
0
0
0
0
0
0
21826
39710
0
0
0
0
11355
33974
0
0
0
0
0
0
9549
0
27772
0
0
0
0
0
0
0
0
0
27439
0
0
0
0
0
0
0
29129
0
0
0
32100
0
0
24075
25874
0
0
0
0
0
0
0
0
0
0
0
0
0
0
0
0
0
0
0
0
0
0
0
0
0
0
0
0
0
4861
0
0
0
0
0
0
0
0
0
0
0
0
0
0
0
24488
0
0
0
0
0
0
0
0
0
0
0
0
0
0
0
0
0
0
0
0
0
24042
0
0
36914
0
0
0
0
0
0
0
0
0
0
0
0
0
0
0
0
0
0
0
11702
0
0
0
16274
0
0
0
24215
0
0
34675
0
0
0
0
0
0
0
0
0
0
0
0
0
0
27172
0
0
0
0
3787
22494
9697
0
5414
0
0
0
0
0
0
0
0
0
0
0
0
0
0
0
0
0
0
0
0
0
0
0
0
0
0
0
0
29399
0
26323
0
0
0
0
0
0
33973
37310
0
0
0
0
14431
0
0
24144
0
0
0
0
0
0
0
0
0
0
0
0
6053
0
0
30040
0
0
0
29694
0
0
0
0
0
0
0
0
7678
0
0
0
0
0
0
0
0
0
0
0
0
0
0
0
0
0
0
0
0
0
0
0
0
17118
0
0
0
0
24871
0
0
0
0
0
0
0
0
0
19253
10446
0
0
0
0
0
0
14321
0
0
0
0
0
0
0
0
0
0
0
0
0
27208
0
0
0
0
0
0
0
0
0
0
0
3497
0
0
0
0
0
0
0
0
0
0
0
28012
0
0
0
0
0
0
0
0
0
10695
0
0
0
0
0
7206
0
0
0
0
0
0
0
0
0
0
0
0
0
0
0
0
0
0
0
0
0
0
0
0
0
11549
0
0
0
11751
34072
0
33341
0
0
0
0
0
0
0
26143
19967
0
0
0
0
0
0
30844
0
0
0
0
0
0
0
0
0
0
0
0
0
24236
0
0
0
0
0
0
14780
0
0
1519
0
0
0
0
0
0
0
0
32145
0
0
0
0
0
0
0
0
0
0
37139
0
0
0
0
0
0
4221
6865
0
0
24853
0
0
0
0
0
0
0
27588
0
0
0
0
0
0
0
0
0
0
0
0
16557
0
0
0
0
0
11907
0
0
0
0
0
0
0
0
0
0
0
0
0
0
11863
0
0
0
0
0
0
0
0
0
0
0
0
0
0
0
0
0
0
0
32687
25244
0
0
31122
0
0
0
0
0
0
0
0
0
0
37897
0
0
0
0
26499
0
0
0
0
0
0
3334
0
0
0
0
0
0
0
0
0
0
0
0
0
0
0
0
0
0
0
0
0
0
0
0
0
0
0
0
11252
0
0
0
0
820
0
0
0
0
0
0
0
0
0
0
0
0
0
0
0
0
0
0
0
0
0
0
0
0
0
0
0
0
0
0
0
0
0
35939
0
0
0
10128
0
28073
35196
0
0
0
0
0
0
0
0
13232
0
0
0
0
0
0
39983
0
0
0
0
0
0
0
28998
0
0
0
9555
0
0
0
0
0
34520
0
0
0
0
0
0
0
0
0
0
0
0
0
0
0
0
0
5010
14627
0
11568
0
0
0
0
0
0
33018
0
0
0
0
0
0
0
0
0
0
0
0
28646
28705
0
0
0
0
0
0
0
0
0
0
0
0
0
5097
0
0
0
0
34349
0
0
0
0
0
0
8668
0
0
0
0
0
0
0
0
0
0
0
8357
0
0
0
0
0
0
26809
0
0
29748
0
0
0
2819
0
0
0
0
0
0
0
0
0
0
18201
0
0
0
0
0
0
20228
0
0
0
0
0
0
0
0
0
0
0
25048
18442
0
2676
0
0
0
0
0
0
0
0
0
0
0
0
0
0
0
0
2782
6775
0
0
0
0
4505
0
0
0
0
19832
18661
0
0
0
10023
0
0
0
0
0
0
0
0
0
15349
0
0
0
0
0
0
0
0
0
0
0
0
0
0
0
0
10699
0
0
0
0
0
0
0
12677
0
0
0
27019
0
0
0
0
0
27981
0
0
0
18470
0
0
0
0
0
0
0
0
0
0
0
0
0
8803
0
28360
0
0
0
0
0
0
14182
0
0
0
18437
0
0
0
0
36852
0
0
0
0
0
0
0
0
23378
37654
13784
0
0
0
0
0
0
0
0
0
0
0
0
0
0
33887
0
0
895
0
0
0
0
0
0
0
0
0
0
0
0
0
0
0
0
12887
0
27950
12312
0
23386
0
0
0
0
0
0
14866
0
0
0
0
0
0
0
0
0
0
0
0
0
23665
0
0
4908
0
0
0
0
0
0
0
0
0
8559
0
0
0
0
7403
0
0
19187
1218
0
0
0
0
0
31833
0
0
0
0
0
0
0
0
0
0
0
0
0
18197
0
0
0
0
0
0
0
0
35859
0
0
0
0
0
0
0
0
0
0
0
0
0
0
0
29691
0
0
0
0
0
0
0
31334
0
0
0
0
0
0
0
0
0
0
0
0
0
0
0
0
0
0
12177
0
0
0
0
38380
34543
0
0
0
0
0
7303
0
0
0
0
0
0
0
0
0
23946
0
0
0
0
0
0
0
0
0
0
0
0
20160
0
18065
0
39810
30774
0
0
0
0
0
0
0
0
0
0
0
0
0
0
0
0
0
0
39219
0
0
0
0
0
0
0
0
0
0
0
5042
8249
0
0
0
7951
0
0
0
19237
0
0
0
0
0
0
38673
0
0
0
0
12284
212
0
0
0
0
0
0
0
9580
22935
0
0
0
30714
0
0
0
4668
0
0
0
0
0
0
0
0
0
0
0
0
0
33887
0
0
0
0
0
0
0
0
0
0
0
0
0
0
0
0
0
0
0
0
0
0
19345
0
0
0
0
0
0
22962
0
0
0
0
0
0
38797
0
0
0
0
16622
4751
0
0
0
0
0
31443
0
29303
4822
0
0
17495
29344
0
0
0
0
0
0
0
0
21625
0
0
0
0
0
0
0
0
0
0
2797
0
0
0
0
0
0
3068
0
0
0
0
0
0
0
0
0
0
0
0
0
0
0
19322
0
0
0
0
0
0
0
0
0
0
0
0
410
0
0
34471
0
0
0
21098
0
0
0
581
0
0
0
0
1246
0
0
0
0
13565
0
0
0
0
0
0
0
0
0
0
0
28968
0
0
0
0
12772
0
0
921
0
0
26813
0
0
0
0
0
0
0
0
0
0
0
0
0
0
0
0
0
32299
0
0
0
0
0
0
0
0
0
0
0
0
0
0
0
0
0
0
0
0
0
0
34930
34048
0
0
0
0
0
0
0
0
32007
0
0
35714
0
0
0
0
0
0
0
0
0
0
0
0
0
0
367
0
14201
0
0
0
0
0
0
0
0
0
0
0
0
560
0
0
0
0
0
0
0
0
0
0
0
0
0
0
0
0
0
0
0
0
0
0
0
0
0
0
0
0
27184
0
0
0
0
24752
0
725
0
0
0
0
0
0
0
28265
0
0
0
24001
0
0
0
0
0
0
0
17642
0
0
0
34404
28741
0
0
0
0
0
15858
8332
21080
0
0
0
0
0
29893
0
0
0
0
0
0
18370
0
0
0
0
0
0
0
0
35931
0
0
0
0
0
0
0
0
0
0
0
0
0
0
0
0
0
0
0
0
0
0
0
0
0
0
0
0
0
0
0
0
0
0
0
4317
0
0
0
0
0
0
0
0
0
0
0
0
0
0
0
0
0
0
0
0
0
0
0
0
0
0
0
0
0
0
0
27150
0
0
0
0
0
25284
0
0
0
0
0
0
0
0
0
0
0
0
26785
0
0
0
0
0
0
0
5801
0
0
0
0
0
0
0
0
0
0
0
7354
0
39507
0
0
0
0
0
0
20272
0
0
0
12560
0
0
0
0
0
0
0
25012
0
1702
8510
0
0
0
0
0
0
0
0
0
0
0
0
0
0
0
0
0
0
0
0
0
0
0
0
0
0
0
0
0
0
0
0
0
0
0
0
0
0
0
0
0
0
0
0
0
0
0
0
0
0
0
0
0
0
0
0
0
0
0
0
0
0
0
18703
0
0
0
0
0
0
0
0
0
0
0
0
0
13646
0
0
0
0
13909
24824
0
0
0
0
0
39893
0
0
0
0
0
0
0
0
0
0
0
0
0
0
0
0
0
0
0
0
0
0
0
0
0
0
0
38806
0
0
7004
0
0
23338
0
0
0
0
34784
16099
0
0
0
0
0
0
0
0
17956
0
0
0
0
0
895
0
0
0
0
0
0
0
0
0
0
0
0
0
0
0
0
0
0
0
0
0
0
0
0
0
0
0
0
0
36950
0
0
0
0
0
0
0
0
0
0
0
0
0
0
0
0
0
0
0
0
0
4774
0
0
0
0
24013
0
0
0
0
0
28247
0
0
0
0
0
5831
0
0
0
0
0
0
28070
0
0
0
0
0
0
0
0
0
22026
0
0
0
0
0
0
0
0
0
0
0
0
0
0
0
0
0
0
0
9423
36280
0
0
0
0
805
0
0
0
0
0
0
0
0
30225
0
0
0
0
0
0
32060
19364
0
0
0
0
0
0
0
0
0
0
0
0
0
0
0
0
0
22929
0
0
19370
0
0
0
0
0
2832
0
0
0
0
0
0
0
0
25433
0
0
0
0
0
0
36688
0
0
0
0
0
0
0
0
0
8922
0
0
0
0
0
0
0
0
0
0
0
0
0
0
0
0
0
0
0
0
0
0
0
0
25389
39945
2652
0
0
0
0
0
0
0
0
0
0
0
0
0
0
0
0
0
0
34379
37745
32580
0
0
23641
0
0
0
23387
3151
0
0
0
0
0
0
0
0
0
9518
0
0
1139
0
0
0
0
0
24253
0
0
0
0
0
16981
0
0
0
0
0
9074
0
0
0
0
0
23538
23717
0
0
0
0
30743
0
0
0
0
21099
0
0
0
0
0
0
38858
0
0
0
0
23747
0
0
0
0
23364
0
0
0
0
5156
0
0
39942
0
0
0
0
0
0
0
0
0
12742
0
0
0
0
0
0
0
0
0
0
0
0
0
0
0
0
0
0
0
0
0
0
0
0
17353
0
0
6525
0
0
0
0
0
0
0
0
33319
0
0
0
0
0
10307
0
0
0
0
0
0
0
2606
14616
0
27051
0
0
0
0
0
0
0
0
0
0
0
0
3139
0
0
0
17856
0
0
0
38686
0
0
0
0
0
0
24685
0
0
0
0
0
0
0
0
0
0
0
0
0
0
0
0
0
0
0
0
0
0
0
0
0
0
0
0
0
0
23050
0
0
0
0
0
0
27914
0
28679
0
4839
0
0
0
5480
0
0
0
13065
0
0
0
0
0
0
0
0
0
0
0
0
0
0
29970
0
0
0
0
0
0
0
0
0
0
0
0
19607
0
34532
0
0
0
0
0
0
0
0
0
0
0
0
0
0
0
0
0
0
0
13812
23083
0
0
0
0
0
0
0
0
0
0
0
0
0
0
0
13219
0
12182
0
0
4139
1098
0
0
0
0
0
32449
0
0
0
0
0
0
0
0
0
35315
0
0
0
0
0
0
0
0
0
0
0
0
0
18105
34872
0
0
0
0
0
29768
0
31992
0
0
0
0
0
10858
0
0
0
31092
0
0
0
0
0
33640
0
0
0
0
0
0
0
0
0
0
0
0
0
0
0
0
3045
0
0
0
0
0
21066
0
2769
0
0
0
0
0
0
0
0
0
0
0
0
23052
0
0
0
0
0
0
0
0
0
0
0
0
0
0
0
0
0
0
10495
0
0
16714
0
0
0
0
0
0
0
0
0
0
0
0
38320
0
0
0
7692
0
0
0
0
0
0
0
0
0
0
0
38588
0
0
0
0
26380
0
0
0
0
11432
0
0
0
0
2375
0
0
0
0
0
38835
0
38369
0
0
0
0
0
0
0
0
0
0
0
0
0
0
0
0
0
0
0
24851
0
0
0
0
0
0
0
20070
0
0
0
0
7000
0
0
0
0
0
0
0
3940
0
0
26025
0
0
0
0
34019
0
0
0
0
34112
0
0
0
0
10580
0
0
0
0
0
0
0
0
0
0
0
0
0
0
0
0
1299
0
0
0
0
0
6078
0
0
3679
0
0
0
0
0
0
25775
0
0
0
0
0
0
0
0
0
0
0
0
0
0
0
0
0
38642
0
0
0
0
0
0
0
0
0
0
0
0
0
0
0
0
0
0
0
0
0
0
0
0
0
0
0
0
0
0
0
0
0
20086
0
36020
0
0
0
4329
0
0
0
0
0
0
0
0
0
0
0
0
0
0
0
0
0
31328
0
0
37998
0
16602
0
0
0
28886
0
0
0
0
0
0
0
0
0
0
0
0
0
0
0
0
10338
0
0
21099
0
0
0
0
0
0
0
0
0
0
0
0
0
0
0
0
0
0
0
0
0
0
0
0
0
0
0
0
0
0
0
0
0
0
23910
0
0
0
0
36506
23478
0
0
0
0
0
0
0
0
8628
8221
0
0
5712
0
0
0
0
0
0
0
0
0
0
0
0
0
0
0
0
0
0
0
0
0
0
13605
21367
0
23174
22065
0
0
0
0
0
0
0
18683
0
0
0
0
0
0
0
0
0
0
0
0
0
0
0
0
0
38918
0
0
18927
36275
0
0
0
33601
0
0
0
0
0
0
0
0
0
0
0
0
0
0
0
12305
0
32965
9912
14911
0
9010
0
0
0
0
0
0
0
0
29567
0
0
0
0
0
0
0
0
0
0
0
0
0
0
0
0
0
10228
0
0
0
27833
0
24624
0
0
0
0
0
0
0
0
0
0
0
0
0
0
0
0
0
0
0
0
0
0
0
0
0
0
0
0
0
0
0
3616
0
35568
0
0
0
0
0
0
0
0
32877
8577
0
0
0
0
0
0
0
0
0
0
0
0
0
0
0
0
0
0
0
0
16533
0
0
0
0
0
0
0
0
0
2228
0
0
0
25541
0
0
0
0
0
0
0
0
0
0
0
0
0
0
35419
0
0
0
0
0
0
0
0
0
0
0
0
0
0
0
0
0
0
0
0
0
0
0
0
0
0
23033
0
0
0
0
0
0
0
0
0
0
0
0
0
0
0
0
30659
0
0
0
0
0
0
0
0
0
31357
0
0
0
0
0
0
0
0
0
0
0
0
0
0
0
25740
0
0
0
25069
0
0
0
0
0
0
0
0
0
0
0
0
0
0
0
15715
0
0
0
0
31093
0
0
0
0
0
0
0
0
0
0
0
0
0
0
0
0
0
0
0
0
0
0
0
0
0
0
0
31711
0
0
0
0
0
0
0
0
0
19643
0
0
0
0
0
25940
0
0
0
0
0
0
0
0
0
0
0
0
0
0
34005
0
0
0
0
0
0
0
0
29226
0
0
0
0
0
0
0
0
0
0
0
0
33601
0
56
0
0
0
0
0
0
0
0
0
26414
0
0
0
0
0
0
26699
0
0
0
0
0
0
0
0
0
25042
2290
30146
0
0
0
24917
0
0
0
0
0
0
0
0
21497
0
26877
0
0
0
0
28838
0
0
0
0
0
0
0
0
0
0
0
0
0
0
0
0
0
0
0
0
0
0
0
0
0
0
0
0
0
0
0
0
0
0
0
0
0
0
14823
0
0
0
0
0
0
0
0
320
36342
0
0
0
94
0
0
0
0
0
0
0
0
0
0
13314
0
24166
5061
0
35278
0
8892
0
0
0
0
18377
30515
0
0
5838
0
0
0
0
0
0
0
0
29919
0
0
0
0
0
0
0
0
0
0
0
0
0
0
0
0
0
0
22584
0
0
0
0
0
0
0
0
0
0
0
0
0
0
0
0
0
31904
36006
0
0
0
0
0
21872
0
0
0
0
0
0
0
0
0
0
0
0
0
0
0
36578
0
0
0
0
34596
0
0
0
0
8361
0
11419
0
0
0
0
0
0
0
0
0
0
0
0
0
0
14482
0
0
0
0
0
0
35423
0
0
0
0
0
30528
0
0
0
0
0
0
0
0
0
0
0
0
0
0
0
0
34877
5444
0
0
0
0
0
0
0
17737
6396
38459
0
0
0
0
0
0
0
0
0
2767
39791
0
0
0
0
0
0
0
0
0
0
0
18431
0
0
0
5357
0
0
0
0
0
0
0
0
0
0
0
0
0
0
0
14795
22537
0
0
29143
0
0
0
0
0
0
0
0
0
0
0
24228
0
0
0
0
32872
0
0
0
0
5847
19849
0
0
0
0
0
0
0
17680
0
0
1166
0
0
0
33690
0
0
0
0
0
0
0
0
0
0
0
0
1218
24882
0
0
0
8421
0
0
0
0
0
0
0
0
0
0
0
0
0
16450
0
0
176
0
0
24997
0
0
0
0
0
8082
0
0
0
0
0
0
0
0
0
0
0
0
0
0
0
0
0
0
0
0
0
0
0
0
35919
0
0
0
0
0
0
0
0
0
0
16185
0
12172
0
13032
0
0
2707
31264
0
0
0
0
0
0
14887
33331
19807
0
0
0
0
0
0
0
0
0
0
0
0
0
0
0
0
0
38620
0
0
0
0
0
0
36509
39683
28966
0
0
0
0
0
0
0
0
0
0
0
0
0
0
0
0
0
0
0
0
0
0
0
0
0
0
0
0
0
0
0
0
0
7053
0
0
0
0
0
8681
0
0
0
0
0
0
0
0
0
0
19173
0
0
0
0
0
0
0
0
0
0
6125
0
0
0
0
0
18117
0
6120
0
0
0
9951
0
0
26135
11492
0
0
0
0
0
19721
0
0
0
0
0
0
0
0
0
36704
0
0
0
0
0
0
0
0
0
0
0
0
0
0
0
0
9641
0
0
22181
0
0
0
23196
0
0
0
0
0
0
0
29215
0
0
0
0
0
0
0
0
0
0
0
0
0
25470
0
0
0
0
0
0
0
0
0
0
0
0
12461
0
0
0
18813
0
0
0
0
0
0
0
0
0
0
0
0
0
0
0
0
0
0
0
0
0
0
0
0
0
0
0
0
0
0
0
0
0
0
0
0
0
0
0
0
16547
0
0
0
0
3302
2602
0
0
24143
4986
0
0
0
0
0
0
0
26226
0
0
0
0
0
0
0
0
0
29317
0
0
0
0
0
0
0
0
29858
0
0
27073
0
0
0
0
0
0
0
0
0
0
30480
0
0
0
0
0
0
0
0
10258
0
0
0
0
0
0
0
0
19656
14625
23136
0
0
0
0
0
0
0
0
0
0
0
0
0
24765
0
0
0
0
0
0
0
0
0
0
0
0
0
0
0
0
0
0
0
0
0
0
16375
0
0
0
0
0
0
0
0
0
0
0
0
30456
32262
0
0
0
0
0
0
0
0
0
0
0
0
0
0
0
0
0
0
0
0
0
0
0
0
0
0
0
0
0
0
0
0
13268
0
0
1511
0
0
14237
0
0
0
0
0
0
0
0
0
0
0
0
0
33641
0
0
0
0
0
0
0
0
0
7896
0
8120
0
0
0
0
0
0
23755
0
0
0
0
0
0
0
0
0
0
0
0
0
0
0
0
0
0
16106
0
0
0
0
0
24482
0
0
0
0
29744
0
0
0
0
0
0
39979
0
0
0
0
0
0
35221
0
0
0
0
0
0
0
0
29786
0
0
36339
0
2035
20363
0
0
0
0
0
0
0
16636
0
0
0
0
0
0
0
0
0
0
0
0
0
0
0
0
0
0
0
39762
0
0
30278
0
0
0
0
0
0
0
28495
38797
0
20329
0
0
0
0
0
0
0
0
0
27522
0
0
0
0
0
0
0
0
0
0
0
0
0
0
0
0
0
0
0
0
0
0
0
0
0
33670
0
0
35205
0
0
0
0
0
0
19407
0
0
0
0
0
0
0
0
0
0
0
15819
0
0
0
0
34054
14330
0
0
0
0
37161
0
0
0
0
0
0
0
0
0
0
0
0
0
0
0
0
0
0
0
0
0
0
0
0
0
0
21831
0
29702
39733
14099
0
0
0
0
0
0
0
0
0
0
0
0
0
0
0
0
0
0
0
0
0
0
0
0
0
25715
0
0
0
0
0
14621
0
0
0
0
0
0
0
7058
0
0
0
16120
0
0
0
0
0
0
0
39729
0
0
0
0
19164
27155
0
21099
0
27012
0
0
10495
0
0
0
0
0
0
0
0
0
0
37244
0
0
0
0
0
0
0
0
0
0
0
0
0
0
0
0
6982
0
0
0
0
0
31846
21164
0
0
9857
0
0
0
0
0
0
0
0
0
0
13377
0
0
0
0
0
0
0
0
39046
0
3452
0
0
0
0
0
0
0
0
0
0
0
0
0
0
0
0
0
0
0
0
0
0
0
8090
0
