20643
23965
20179
20246
22795
23423
23895
23743
25415
23831
17820
22628
22636
23514
23291
19667
23735
22008
24705
19564
22993
23016
24874
19796
24375
22580
23639
24364
21001
19488
17552
18047
18935
24526
24224
22439
19148
23809
22559
23607
21653
15288
20570
23495
23077
21447
19853
19882
23623
22121
19695
18637
23739
18653
22947
24466
21795
23913
25128
23123
17241
22170
14417
22925
23674
23807
23765
17034
19132
24848
18519
23558
23103
23610
20577
23073
24841
24284
20795
24311
18251
24263
23629
23623
24347
23878
19325
23401
23371
21732
20763
23500
23896
23753
23448
21811
23125
24079
23632
23342
21074
23366
24039
20233
19177
22788
19124
19487
17874
23379
22343
25003
21213
18000
18632
24118
22461
19349
24561
22934
24840
18601
19531
22187
24693
19101
24303
16606
24419
19270
23126
23320
23834
22647
24785
18660
24197
18689
24581
17018
22920
19218
24282
24853
23554
24656
19624
20151
22177
24368
15802
23595
21884
25106
20407
18594
19948
17435
18901
24253
24480
22144
18904
19092
19161
19413
23436
23536
18316
25219
18705
24487
23183
22727
22969
23626
22448
25054
22196
25092
23374
21790
23415
20686
19813
19763
22141
18397
23669
22378
22972
20041
22712
24999
22840
21634
23395
18636
24558
25205
18667
23354
22271
23567
24898
23395
24163
18557
25000
20854
24903
19635
21073
21153
24004
17842
18235
23885
23343
22340
22948
18373
18874
19491
17631
18152
21410
20680
22045
23993
22718
18803
20552
18047
24838
24114
23614
23646
20767
25063
20081
24103
23271
21311
24724
23483
22246
20182
23760
20448
24270
22896
22150
23387
22816
24218
22478
23775
23127
23361
23862
23634
24596
21080
23675
23105
23971
23267
23633
18644
23634
25151
17828
23756
19020
23202
21899
23833
25601
21224
21796
22724
24297
18374
23399
22351
23561
22769
19955
18799
23098
23933
19996
25328
23325
18873
24970
12489
22615
23552
23493
18818
23636
22430
24429
22037
24047
22199
18371
25080
23140
24259
23899
20145
17876
23293
19751
15833
16931
18366
23906
24402
18820
23316
24217
20656
22058
18817
22798
20400
24050
24808
23305
19232
23891
17489
20581
22913
22771
21635
18667
24975
23926
25394
21815
18671
23196
18825
23953
22266
23231
17854
25420
18816
25301
23797
23471
25175
23775
22783
17699
24535
24578
17062
22329
25219
24254
18480
21266
22683
23671
24629
19856
24105
23619
23750
18357
18991
23666
25081
24597
24151
17992
22422
19092
23481
24992
25010
23418
20847
21199
23653
25101
23552
22878
24252
21930
22537
23172
23362
23463
23675
23181
23862
24849
23216
23093
17258
25165
24855
18371
25104
23809
24939
23836
22644
25041
23147
23558
22072
21236
18669
23069
19341
21453
19181
21424
25532
22653
20594
24128
21667
24451
18741
19777
24507
21254
23159
18506
24216
16726
19737
23532
23079
23513
22461
25210
24283
23580
24261
18798
21266
23176
18493
21262
25050
21970
19417
23934
21620
18691
18978
24591
20702
22932
21516
24983
24596
18976
18514
24871
20674
24813
23738
23908
24828
21332
18750
23655
23585
21866
24199
22524
13515
20678
17490
23506
22556
25182
21994
17009
22834
20284
22571
19427
23517
23844
24083
18842
23227
23695
22767
23645
20701
24127
23711
20297
19065
23994
19061
24916
23852
24451
18181
24078
19933
19413
22805
23148
23118
25084
21673
18698
19167
24948
17085
24317
18754
23054
18765
22909
20328
25241
15077
23041
17378
23347
20579
19100
19055
18513
20803
24317
19187
24460
19280
22449
22247
24741
22936
20331
23077
18843
24850
23079
22594
17728
23040
23311
16334
18784
19566
23176
20500
17809
19223
19443
23762
23719
13885
21351
21022
22541
23267
18856
18820
24325
21550
23472
15747
23689
18689
17150
23310
17230
19049
23471
18042
24302
21227
23468
20475
17508
20530
23771
18079
23011
19828
24484
23389
18917
19379
23513
20809
23448
23524
24214
23892
22181
23278
18549
17524
23832
23211
23852
25078
23511
23534
25271
23119
23306
22559
22448
19625
23686
22218
22272
23658
23437
24548
18603
20702
19830
24026
17205
19557
23546
22321
23377
23290
23719
18672
24179
22712
24021
23841
21260
24734
24067
18117
23590
21136
22412
17784
24870
24657
24847
19032
22553
18894
23569
22296
19187
19098
20308
23199
23806
22617
24769
21250
14237
18048
19622
21325
23637
24799
24176
18439
22208
21752
23041
23208
24820
21364
20923
24126
23443
23032
23791
19393
23000
22208
23320
19645
18859
23605
23532
22839
16992
19538
25078
24967
22682
23137
24207
19941
24962
19616
19445
23471
23052
18968
22938
17558
20440
23393
21973
23868
23531
18835
23972
23427
25467
19420
19179
18552
22692
18755
23436
19192
24540
22821
21369
23119
20591
18743
25249
24425
25440
19163
23569
22557
18614
23161
22667
23679
23388
23672
24667
14719
22658
24474
14731
13543
25338
17071
22068
23634
23441
20295
23702
25073
23701
23504
17331
22098
21699
22688
24316
24748
17235
19274
22865
24606
17226
20423
18537
19549
23330
24211
22025
18715
22667
24595
20450
23482
22954
23442
21284
23886
23998
20423
19378
20046
19143
23337
25199
24581
20508
24939
23381
24456
24002
23254
19449
20410
25098
23306
22978
24957
18676
25281
18943
22914
23553
21199
19015
18830
19154
20895
24043
19256
23917
21216
16432
22134
18794
23827
24233
21183
18820
24817
19406
24799
25407
24307
19021
24165
23764
24491
18636
23508
25520
18337
25084
24798
24797
24897
21903
23515
22641
22963
23456
23619
24131
22015
20361
18654
21964
19242
21058
23369
18973
19744
18212
23490
18547
24778
22862
19899
20435
24110
22863
19080
22480
21724
23936
24436
17393
19025
24797
19455
19416
25163
17959
18802
23246
23247
24798
24299
22993
24932
23702
20404
21260
20423
19472
25121
17789
24326
22450
21745
19031
20028
24094
21203
19268
21707
23198
20568
25053
18143
19503
17730
23834
19670
22283
18917
23978
20405
23502
23005
23809
22791
22558
18862
22498
19037
25043
25515
23937
23826
24490
20441
17951
23351
25102
18407
24420
23689
23069
20514
18987
23676
23138
18881
18770
23038
25245
19270
22571
18642
21813
17567
22835
24636
22795
22884
23701
23251
23576
23319
22448
23661
24072
23732
20134
23319
23664
17940
23405
25088
22527
25425
23577
17530
23458
23733
18731
19734
17785
23578
23296
25204
23565
23714
18042
19117
18949
25425
21004
16720
21065
21797
18532
25128
24069
19696
24027
22120
23780
21976
23999
20300
17961
23051
24898
17809
24096
18678
23569
22254
16991
25029
24244
21914
17740
22413
22030
24603
24501
22346
24905
21614
24746
22854
25140
21318
25365
21734
24186
24187
24856
22967
21907
22594
24592
25534
22581
20281
23462
20601
19602
18902
17927
24093
21117
24033
23813
23665
23824
25108
22657
18463
23099
23466
23296
23893
19394
22821
23801
24752
23076
18719
19456
23365
23624
25207
19393
23686
19452
13615
21952
22897
24371
14988
22677
24223
23629
23428
23633
19879
18465
23609
24540
22708
22437
19621
22827
24826
22598
22776
20480
21880
23961
23060
22130
21097
24802
23783
23312
25127
24688
20787
18651
24071
24896
18058
24307
21984
15942
24372
19358
14183
23376
23886
21850
24927
22552
21940
22548
23446
21192
20075
20273
23969
23182
19206
23422
23324
23546
25373
19303
23275
25297
22667
24395
24993
23897
21121
19282
22922
23884
18443
24224
18369
23888
18822
22838
23536
18622
21173
23843
23378
22214
23646
20708
18818
20028
24936
18742
24927
17856
24861
23165
20540
22295
23801
21273
19722
18047
22884
24250
20921
24542
22840
18519
17956
15037
21869
23880
20867
18099
23159
23167
20132
23662
18318
18294
23321
19545
18061
18142
21147
17945
20823
23947
25354
24254
19673
18878
22584
20006
21308
23654
20338
23442
24167
21222
21568
20084
19068
17237
20415
21766
22127
21705
25360
24686
18046
23374
23491
23277
23586
18775
23450
22895
23661
19206
23399
22637
20982
20221
20634
23613
17384
23537
24866
21370
20391
21017
21966
25338
23687
21843
23420
23988
23829
25141
22992
23422
24743
20794
