283
44 60280 27070
24411 92 53481
46256 148 61312
150 56291 305
270 14496 2714
9278 271 53815
324 5987 62209
6864 490 21080
65259 13166 23634
593 4890 28867
10640 600 39185
15601 57417 65091
51880 730 55352
32272 819 48960
853 26603 30793
1277 36283 59847
1350 27005 43120
1350 40522 24772
3849 1410 16360
1484 41324 16698
19947 1524 60566
1592 6224 29213
1616 55379 31048
1623 30140 51619
39907 1695 45123
25107 1794 2092
1896 43784 10691
1920 58994 11361
1940 15218 66044
1967 58335 32417
2028 25540 59145
2185 54422 58079
32964 2205 67142
39743 2239 10557
2341 10018 57638
2469 8918 11702
55312 49401 46603
2733 6367 55312
2914 62544 64123
2971 38711 40817
3243 20596 14751
3339 52334 36300
3502 62286 33704
58235 3522 31798
3547 44120 66122
64038 3549 49267
3559 23971 33310
7291 3617 15250
3657 50993 16004
3791 5233 24986
9407 3826 40215
56238 3847 44058
4200 30523 28203
4227 9357 20864
4242 4699 26421
30261 4247 60356
4373 27936 65253
4412 31007 19719
8243 40712 50968
4650 46853 7930
34106 4817 64507
4923 55597 14942
4941 25929 49585
4971 54136 15520
5029 46410 41910
5171 25135 54335
5273 24879 36423
5338 36565 59869
39105 5410 60970
59376 41487 30930
5590 33737 7529
5615 18027 15584
29850 5616 20045
37317 5905 38107
16437 8070 35762
6082 44727 6678
6236 58611 25490
6341 58789 48093
7408 6376 36048
6409 67177 39030
6526 10791 30615
6555 67028 56037
6721 13467 46632
6722 15927 20474
7017 61292 7565
52607 7030 14262
7036 57863 19167
7282 11712 29626
7320 26115 12353
7465 47139 23836
45678 58515 58981
8610 7846 64240
7859 22967 44553
8108 39086 28968
8161 59074 31639
58902 8271 30121
8314 65570 30687
8340 54721 55636
38659 42672 22998
8480 11307 42291
8654 50258 42395
53577 9076 51106
23181 9187 37498
64972 9313 30999
9423 42832 63804
9438 65432 43966
9680 55724 58811
9919 62452 55326
9963 12395 26923
21448 10351 57556
10479 24243 11001
10492 47782 36216
57334 32681 55823
10979 25917 51954
10986 30265 42581
11340 55374 49289
11794 45401 36460
11935 19681 65518
45379 12028 35898
47511 12232 26908
12253 18030 47322
12619 12295 53568
49286 63841 37667
12329 64886 36596
45718 12375 21222
34354 12418 14475
19301 12501 47421
30185 12598 39838
12760 40183 13679
12873 54671 15517
35194 13063 50874
44510 13173 29075
13239 52678 23401
13317 26171 22353
61690 47699 36108
50959 13752 29499
13896 50247 43963
13913 31199 16621
24250 14010 20425
14047 50926 41596
14159 47365 45679
14300 59239 33113
60470 28251 54603
14725 16010 18430
43254 14736 44182
59045 56157 46298
14854 59045 64950
14920 66270 65925
48533 15046 43101
15270 30045 46684
15328 59528 55555
15342 67311 32106
15364 21400 45868
58472 20098 26275
67189 35991 30762
15847 48238 50150
15916 47636 17102
15957 52783 20597
45471 15985 53651
16068 21364 27857
16108 27846 31337
40286 16153 19513
16175 42311 43430
16328 60449 41069
50408 16720 48442
16757 52800 35196
36653 16788 23290
16860 54405 56519
54893 16899 26683
17221 35379 51290
17286 60476 22230
17383 41302 17965
17520 44594 43533
17686 46137 41900
17755 38380 57562
17766 40772 37560
17919 67574 65686
17988 57734 42317
18010 60110 51383
18154 66454 27811
35229 18204 44512
18224 24093 27159
18682 57953 34742
67023 65386 40390
18705 51507 67023
18768 38242 52507
18819 65661 29230
18868 49141 45577
18898 29021 52237
18949 48114 40559
19010 54974 63442
55799 19068 25673
20189 22084 62248
46426 20217 37076
29299 20316 51299
20366 26892 26813
20582 62327 30075
20718 29855 33833
20807 60980 39576
65460 20860 37190
20872 34262 57810
31833 57092 66309
21094 50491 36656
21289 59657 28720
65735 23668 26381
21791 24140 56826
21968 47015 47096
21982 27498 45154
23177 48049 26307
45463 23424 29166
23508 24186 34348
62820 23906 66512
65934 62601 58886
46545 24052 36001
24664 64505 62729
24693 52505 64432
50265 24723 46578
25079 45654 67390
25234 37812 65002
42670 25616 40576
37199 25821 42818
59399 25899 36197
29554 25913 64650
60807 56550 37511
26657 56380 39080
63060 26884 56787
26928 63459 53207
26944 53136 57406
27082 36983 47169
27123 59103 28168
35927 27132 51584
27655 61339 45340
33708 28099 39945
35973 28156 43769
28821 42665 64250
29283 38792 52998
29438 42630 42649
29669 42815 40854
29995 62595 40508
30078 59898 42517
30535 31978 33762
31569 38548 40847
32242 33223 52319
32523 45942 46849
33068 51743 58642
33106 63302 41242
64769 33156 47498
33923 38168 52882
34311 62432 43583
34616 41209 62489
34626 44691 58211
60222 34892 35009
34959 50671 61757
52427 35020 59912
35135 63166 52173
36072 37188 50630
36525 47838 63669
36731 46398 62139
37416 43438 45240
37514 66068 47516
62018 38631 55386
38867 61267 46052
39168 51604 66427
62319 40054 47670
60071 44873 60603
41001 45634 56973
41632 59043 47152
54315 42104 45578
42535 42836 50893
43069 55103 61571
63011 43575 66661
43727 61771 58756
43799 63727 46019
44221 51779 50128
67160 44990 66799
45347 64590 45717
47889 51360 49892
48613 55230 63961
67351 49588 65353
51180 61564 52858
51433 55612 52723
59224 54870 63604
62260 56478 57794
