3310
4193 4450 6080
477 528 4193
1328 2607 4017
4724 2675 2752
2675 1328 5032
2159 477 1328
1337 5791 6345
477 1337 3258
6417 1473 4697
91 1473 5108
3058 3461 4707
282 1982 3058
3273 1748 5701
3798 1965 5840
1965 4007 4596
1748 1502 1965
282 1502 5213
6123 282 6410
282 212 1172
5673 5322 5558
3224 989 5322
720 989 4177
720 134 4772
6325 2274 4049
3898 2274 5703
2274 1761 6164
644 1000 1761
3620 644 6583
4224 572 644
91 134 572
4133 2252 5337
2252 1626 3217
91 1626 6183
1729 2860 4281
1729 4159 4214
212 91 1729
453 3706 4462
453 4623 5735
5231 2556 5924
453 2072 2556
91 453 1858
477 80 91
80 79 6359
700 2648 5946
183 700 4001
4651 4877 4983
6036 4651 6544
303 4651 4725
303 3931 4238
1789 2156 4436
203 1789 4742
183 203 5747
183 5025 5173
2366 741 4782
4162 3571 5704
2262 3571 5905
741 2262 2447
303 183 741
839 3847 4426
439 839 3792
2096 2726 6150
2722 3287 5965
2096 783 2722
3739 5354 5581
1319 1883 3739
1319 3686 6397
783 1319 1868
4947 439 783
4568 1057 4726
223 439 1057
223 4727 5761
6166 666 729
3204 666 3156
419 4034 6470
223 419 666
4419 3613 3681
1436 1468 3613
223 1436 1747
4152 4829 6040
2194 2629 4152
1130 2194 5832
2042 589 1130
589 4000 6396
1552 223 589
5041 183 223
79 183 4622
17 79 860
5954 3309 4120
255 1108 3309
255 3573 4304
5813 386 1716
2127 2374 3312
2127 386 3674
4784 6079 6252
1898 4535 5346
2819 5205 5756
1131 2819 4909
1898 1131 1405
1154 1791 4110
1131 1154 3475
1131 1895 3245
4784 734 1131
734 701 1236
2772 4849 6450
2772 1361 2056
1014 1292 1361
3342 5427 6621
5451 1480 3342
701 1480 5321
386 701 1014
6140 302 386
302 1633 4538
302 255 3465
343 2736 4616
343 2542 4507
984 5182 5912
1235 2471 3113
1235 1040 4902
2859 4385 5966
2859 1712 5810
1712 4786 5975
1206 4187 6270
1712 1040 1206
919 984 1040
343 919 6031
3842 1958 3372
1958 2658 6049
343 244 1958
399 4760 6006
244 399 2515
232 244 5822
4443 4587 6232
2606 2779 4443
255 232 2606
2968 3518 5514
59 232 2968
3557 5899 6369
616 3557 5560
5219 2512 4459
438 616 2512
5915 3860 6010
3973 2732 2845
1340 1701 2732
3860 1340 1400
438 59 1340
6464 765 4963
3397 5277 5932
125 2132 3397
765 59 125
93 4645 5341
93 2196 5796
49 59 93
5633 3576 3902
3576 2927 4109
5976 1283 2927
2145 3262 3785
101 2145 6054
1283 49 101
1793 2445 5923
789 1793 5421
2089 2322 5753
2089 3910 4891
3507 4565 5684
4949 2089 3507
4881 789 2089
789 64 2441
2715 76 2450
76 4148 4296
76 2069 5554
5447 2208 3824
76 1325 2208
1531 2739 5425
2179 1531 4399
1531 463 990
49 76 463
17 49 64
1187 1943 5631
689 1187 5982
689 3157 4960
5336 592 689
66 592 6430
2413 4067 6063
3351 3401 4395
2413 3351 4513
3300 3969 6438
4002 2413 3300
4820 272 2413
1693 2297 5216
3049 1693 5523
1192 4962 6572
1192 924 4755
924 2259 2978
3276 924 1221
318 924 1903
1914 2081 4449
1364 1914 6385
318 1364 4236
318 1546 4447
471 628 1674
471 1310 3420
1514 5674 6552
1514 3923 6458
4973 1320 1514
318 471 1320
272 318 1693
3980 3218 4038
4748 272 3218
2813 3092 6005
1466 2813 3341
6372 2975 4779
1466 2790 2975
3193 2610 5765
2610 5131 5839
2610 5059 5689
3126 1394 2610
1466 436 1394
272 3715 6439
66 272 436
66 17 2751
3462 4611 6084
3462 5505 6384
2 17 3462
5 3275 3553
32 2130 6442
3578 2226 3653
1879 1722 6007
53 1722 5102
5687 2519 4595
2519 1904 2561
1904 247 5652
3644 218 247
53 2910 6288
782 1530 1933
4100 638 782
6393 384 3869
3636 2770 4046
2400 2770 3069
812 2400 3751
658 812 4401
3929 876 5940
658 876 1873
658 1977 5405
384 311 658
1009 401 5719
401 686 2525
401 324 3158
6077 2152 3795
3329 3815 4636
3329 3131 3608
2389 3735 6351
5358 4070 5483
3131 2389 4070
2389 1733 1994
1733 884 4361
884 5532 6192
2152 635 884
635 4258 4331
311 324 635
395 1654 4323
1341 395 5949
309 311 395
2247 1922 3763
4435 2195 4087
2811 3091 3562
5608 2811 3995
1922 2195 2811
309 1922 6395
2676 3738 4956
6541 5381 6292
2676 5260 5381
2364 2674 5181
2676 309 2364
4590 5019 6224
2685 309 4590
2241 2919 3513
2241 449 5335
234 309 449
638 234 4316
2261 2174 3641
332 1984 2174
2509 2733 6193
559 874 2509
140 332 559
53 140 234
331 5106 5998
2171 2288 5971
3962 695 2171
4578 331 695
3283 3007 6200
211 1396 3007
1044 593 1989
4136 1814 4312
1814 593 3242
906 593 5874
593 1354 1710
593 508 2281
2291 3880 5196
3879 2291 3447
5708 2146 2588
1921 2146 5170
2291 1921 3866
1921 1861 2266
1055 5185 6293
1861 1055 4605
4353 1059 4028
1055 508 1059
442 508 5225
886 1669 3897
886 670 1515
5712 2119 4210
651 667 2119
670 442 651
5970 3964 6055
442 2958 3964
211 366 442
2301 3190 4533
2301 966 3059
966 855 2052
855 4367 6512
1752 5362 6127
1734 1752 2444
1734 2655 3098
935 1734 3417
2518 935 6238
855 935 1212
855 1197 3445
211 855 4764
2502 1574 4388
331 211 1574
5140 176 211
5175 1649 5653
1649 5306 5846
2214 5007 6613
2214 5502 6328
1996 2214 5845
3361 1649 1996
1352 1649 3174
3920 4160 6019
1497 3920 3956
1497 1352 1770
1231 1352 5606
4875 2243 5292
4950 1428 2243
146 1231 1428
176 146 4953
218 53 146
2226 51 53
2941 269 2242
1413 3227 3659
1413 4219 5445
3993 281 1413
281 3494 6189
269 281 5246
6225 1974 4720
1566 2967 3685
1266 1566 1974
4692 278 1266
3925 4919 6596
880 1359 3925
880 278 5000
278 5361 6308
1529 5486 5755
2694 3289 5504
1529 2694 6001
1452 1529 6402
3645 1452 2669
278 1452 1482
269 278 6499
32 51 269
643 1486 1988
4033 4382 6407
389 1841 4033
2143 2010 4610
643 389 2010
170 389 949
2337 4172 6148
2026 170 2337
1589 3188 5208
4532 2434 6117
1589 2030 2434
1219 1589 4071
1066 1219 6134
956 1066 6522
6039 2178 3031
2178 1828 3206
4451 2047 5304
3710 2047 5730
956 1828 2047
1016 170 956
5988 170 4496
170 1440 3207
547 32 170
712 2437 5541
1090 3189 4705
1547 1637 5387
1090 1547 6310
1090 2962 4718
4147 4747 5562
1090 3137 4147
4125 5061 5398
1090 712 4125
863 2798 3147
5527 5290 6480
2885 6038 6513
5290 2885 4415
3381 863 2885
3760 737 863
712 32 737
730 314 511
6494 6216 6607
2849 5325 6216
314 706 2849
32 314 4971
3344 3918 4897
3115 3344 4211
5 32 3115
3291 4551 5150
3120 3291 6060
804 3067 3120
804 2287 4836
4758 3840 5480
4685 3840 5986
1275 2163 3840
1275 804 5929
2170 3477 5356
646 804 2170
646 1454 4161
5 646 5837
5390 2554 3377
5773 2987 4763
5 2554 2987
3144 801 1376
2 5 801
6086 632 2359
1866 2924 5568
632 1866 4360
2616 3672 6356
2616 3954 5607
1990 2699 6559
1990 6002 6481
875 1990 2616
632 44 875
6075 2006 6122
2006 953 2508
90 953 5264
90 790 2428
14 90 2082
2419 2864 3647
1553 200 2419
5996 774 1837
3720 4380 6306
3720 1807 6537
2875 3057 5617
1807 2875 3052
2998 1075 1807
774 510 1075
6332 4423 5742
539 4066 4789
4423 539 1816
510 539 4473
4226 1180 4178
330 1180 1639
510 330 6155
968 1568 4437
330 805 2725
968 330 1089
200 330 5800
200 92 1443
2527 529 6543
529 2888 4206
461 3919 6530
529 164 461
6425 2099 5671
2099 164 626
2172 2276 6449
5987 3549 3654
3549 2172 2756
166 191 2172
166 1809 3343
1304 853 5625
853 166 2494
245 2425 3042
1808 3226 3786
1641 1808 4571
1267 4442 5006
4117 1647 5835
1290 3617 4289
1290 3891 5910
1647 1290 5017
2493 3656 3942
2634 2971 5984
2634 3747 5883
3655 2493 2634
1267 1290 2493
245 1267 1641
4439 4939 6500
2088 2815 4439
2088 1462 5876
245 2232 2619
3675 4743 5114
245 1198 3675
2058 1857 3717
1461 4409 5360
788 1461 4546
735 788 1857
1239 1287 1787
1239 3373 6498
595 735 1239
1848 1779 6390
2825 2963 5516
5308 2893 5829
595 2825 2893
595 1961 4620
245 595 1779
933 3348 6599
1462 245 933
164 166 245
92 164 5744
14 92 3078
173 1784 1819
1367 173 1980
5369 4907 4968
173 4907 5759
173 1680 6072
173 2577 2601
44 14 173
319 1182 4714
1496 193 319
532 2161 5938
532 378 1720
3990 4848 6012
2636 3990 4192
193 378 2636
4062 5419 6352
4062 3587 4678
2148 2254 3587
2378 1414 2796
1414 1519 4687
2148 961 1414
193 29 961
6465 2768 5368
2768 2349 4510
373 2349 5474
549 373 1296
29 1116 2303
57 2458 5565
4452 1746 6204
1746 1101 4518
4495 645 1101
57 645 1211
1971 2396 5669
5011 1021 1971
4770 2657 3196
57 1021 2657
5110 713 5665
3334 5142 5488
3334 2415 3354
3819 1209 2415
421 1209 5379
2164 3071 4047
713 421 2164
57 421 941
57 3134 6277
57 359 820
29 57 5635
373 29 5350
5436 4183 4340
470 4183 4308
213 470 865
2121 3844 5044
5099 5079 5477
5079 3468 3625
2121 1865 3468
251 1865 2627
1799 2569 4597
251 1799 4905
3793 3317 6549
251 413 3317
251 1391 3428
251 213 2920
5302 1521 5589
565 1521 5248
2237 1385 3702
1385 565 2473
213 565 4872
213 119 3852
1450 2048 3002
119 1450 1469
119 118 4579
1781 3691 6088
3782 118 1781
29 14 118
14 3629 5576
14 6 3410
851 1526 3103
2892 1815 4231
6433 851 1815
633 3501 5069
3117 3676 5437
1946 3117 3322
851 633 1946
4294 4484 6021
4294 4744 6533
4294 704 3146
704 4286 5288
485 633 704
1688 3593 5919
4378 4041 6083
3726 5226 6051
4041 1688 3726
1688 940 4979
485 3856 6219
1603 3642 6389
1402 1603 3892
2895 4009 5034
6126 2895 6237
1802 3707 3999
1402 1802 2895
940 485 1402
543 795 2933
6 485 543
2100 4904 6191
2100 4303 5720
504 5214 5968
2100 504 4497
1864 6 504
4580 5440 6163
1152 4530 4580
1152 2299 5410
1152 4762 5886
5448 257 1152
434 3924 4359
4882 1663 2620
2991 434 1663
3019 1207 5889
434 1207 1635
1796 2035 2110
622 1796 6041
5834 5202 5849
1285 1329 1518
2826 5583 6101
1765 2826 5601
1368 1765 1924
1285 1368 3458
622 1285 5202
622 434 4403
6 257 434
3508 5217 5420
48 2944 6590
5817 1785 4896
1785 1740 2201
903 1740 4934
5080 4664 4681
903 1140 5784
4664 903 1706
903 1389 6527
3508 48 903
5172 1435 2211
5253 3959 6340
3959 4295 5104
3959 1435 1614
6461 1435 2074
4640 942 2867
2457 5275 6373
807 942 2457
131 807 3035
1435 131 1833
390 3150 3783
6056 2149 4128
3280 5551 6218
2142 3280 3305
1822 2142 2149
1822 3564 3627
4682 4717 6511
866 1822 4682
5367 1590 6453
896 1590 1605
2557 4846 5582
896 2557 5236
4774 896 4777
6319 1905 4036
888 896 1905
888 2641 3530
888 2183 5456
469 888 3068
866 390 469
2783 3916 4839
390 1634 4096
131 390 2783
3442 5242 5743
5097 5101 5957
287 3442 5097
6338 4569 5592
2112 3960 4569
3684 3777 4671
2112 3684 5961
2112 3125 5754
209 287 2112
209 4405 6355
4149 5519 6249
209 2592 4149
6602 5920 6182
6033 5093 5920
3825 5093 5926
562 1247 3825
562 228 5638
1326 4463 4572
6190 1326 3277
228 283 5856
209 228 1326
131 209 3568
2559 3248 5695
3261 2559 3952
2559 4279 6619
5994 625 2559
174 1344 4913
5663 5056 6448
1158 5056 5903
2361 412 1158
998 3838 4247
3640 5455 6215
3640 1863 6334
412 998 1863
625 174 412
5380 259 4464
3781 174 259
174 131 6154
131 48 6111
6050 1968 3159
383 460 1968
4503 988 4982
161 383 988
515 2249 6411
27 515 3301
248 28 2764
3936 3457 6368
28 3457 5906
111 552 3610
111 3622 5452
108 111 5124
108 2309 4502
3803 2453 2835
1963 2453 6509
4519 108 1963
806 313 3714
108 214 313
2263 1323 2913
624 1323 6535
171 624 2475
513 171 5724
171 1692 5384
764 4485 5048
4157 764 4806
764 1218 3556
4644 179 764
35 171 179
6281 2584 4544
380 2414 2584
380 726 1041
1993 380 5334
380 3152 4991
35 380 4397
505 4765 5393
1705 793 2624
4019 4813 6483
619 793 4019
35 505 619
35 2300 5826
1991 307 5417
307 733 4566
307 1771 4089
5891 2126 4044
1332 2126 3725
4819 4992 5866
4819 4054 6524
5570 4054 4357
1332 3336 4054
3630 4369 5126
307 1332 3630
4738 5721 5790
3855 4738 5580
2938 3320 3855
307 2938 4305
3185 859 2206
859 1677 3061
4637 5885 6392
4637 5981 6343
6377 3633 4637
2239 859 3633
859 385 4754
1795 2326 3386
1795 3225 4657
1111 1795 2085
2229 3130 5005
2229 2397 4390
707 1111 2229
934 1725 4663
385 707 934
307 207 385
28 35 207
27 28 108
4097 2593 6510
1947 2593 5556
1727 4856 6408
1094 1727 5694
83 1094 4680
3517 5021 6427
3517 4850 5392
3789 3220 3661
3517 1564 3220
752 2393 4373
4325 4364 6485
752 4325 4541
6472 752 3374
1839 1307 3097
323 752 1307
4598 3162 3604
2443 5937 5960
2443 1237 5215
705 1237 3065
323 705 3162
83 323 1564
27 83 1947
590 660 2122
3806 3731 4151
3731 2608 6209
1741 590 2608
5698 590 5315
784 4056 5577
590 784 3804
161 27 590
48 19 27
973 4190 5314
2308 4374 5382
3631 1737 2308
973 1737 4042
973 2050 5714
19 662 973
1161 4252 5596
4799 1161 6053
1161 4453 6497
19 11 1161
1652 691 4012
3337 3762 5267
691 3337 6185
691 2836 3745
1738 1954 2664
558 691 1738
4883 2278 3452
1983 2278 3066
558 1983 5473
558 586 1393
5752 558 4965
558 1650 2579
2258 295 4627
4775 12 295
253 1823 3154
217 253 3596
6486 1270 3087
1270 1399 5484
65 1270 1404
188 519 1149
1957 2602 4609
4262 5786 6177
2532 4262 4349
2312 2532 5963
2312 1957 2552
6188 1210 2714
2421 4674 6223
5578 1449 4267
2421 1311 1449
1210 675 1311
1957 423 675
394 423 4539
394 188 5833
188 694 2224
450 2697 3850
233 450 4868
1297 233 2776
4695 1050 5900
5287 3554 6394
2957 3278 3554
1008 2327 2957
3233 4139 6230
1008 2704 3233
1050 954 1008
5930 233 954
268 1299 4371
233 268 2908
3907 188 233
65 188 901
47 65 217
148 4582 6162
761 2666 3037
3472 3008 6357
148 761 3008
1594 4032 4134
3864 148 1594
47 3127 5869
4086 5801 6275
6172 620 4086
437 620 4643
1593 555 1305
437 555 6611
437 1023 1386
2959 82 437
5922 82 6102
82 467 1645
148 47 82
47 3005 4937
112 115 4515
4218 112 3029
6266 47 112
1648 2025 4531
3249 3648 3736
3249 4874 5342
13 1648 3249
12 13 336
5972 5158 6526
4208 1026 5622
362 1026 2468
3244 362 5206
3765 1030 2687
362 284 1030
3060 4092 6301
3060 4608 5297
2980 284 3060
5158 222 284
367 4163 4370
4081 367 785
367 418 1726
6545 1743 6322
1362 3510 3796
2217 4981 5074
2217 4529 5234
1362 914 2217
1743 367 914
367 2881 5424
1082 6167 6235
367 1082 1395
222 1133 2922
196 222 367
1912 4505 4943
2371 1912 5728
1912 825 5936
825 4315 6034
5482 1972 6017
3463 1972 2055
1972 1760 6116
1760 1316 1471
766 1115 1316
3861 2897 3345
825 766 2897
196 328 766
266 1882 3612
6496 1937 6424
6214 2900 4474
2900 5848 6614
266 1937 2900
196 266 6506
186 196 376
5119 363 2877
2969 4471 5878
363 2969 5771
363 3016 6538
428 363 5363
3814 3282 3379
363 1543 3282
4116 186 363
12 186 3208
85 151 5538
1894 5180 6420
1894 2188 2851
4926 5433 6094
5348 2909 3968
4926 1896 2909
1896 2617 3449
1896 3371 5270
40 1894 1896
85 40 3694
3253 3678 5658
2144 3253 3438
1456 2144 4869
1456 40 5221
521 254 5740
2504 3393 3976
2504 2395 4346
1256 288 2395
3616 5372 6311
288 916 2831
254 288 3616
12 40 254
5412 2271 3382
722 996 5895
12 722 2271
1860 2114 5824
47 12 1860
2053 2649 5496
104 2053 5089
2738 104 1330
5540 2573 2911
127 1273 2573
5956 4601 6011
127 2921 4601
127 3094 3119
4143 3328 4129
127 1551 3328
1953 3284 4319
1953 776 781
1355 1918 2507
5995 1127 1355
3547 3914 6047
2479 5003 6085
1127 2479 3547
2184 1127 1797
2173 776 1127
3111 127 776
4332 4077 5296
1121 5171 5559
5797 3118 3132
4077 1121 3118
495 965 3696
495 2670 4791
6108 1345 4123
5399 3805 6586
3805 1345 6564
1121 495 1345
127 1975 5512
104 127 495
1955 3778 6065
1955 280 4994
113 280 1458
1619 2346 3178
797 1619 3366
117 797 3129
5313 344 4767
5155 117 344
858 1156 3153
858 3363 5750
858 4363 4366
339 858 2008
117 339 5736
3677 3307 6531
2609 3236 4460
690 810 2609
1441 1805 2157
1213 3827 4482
1213 2974 5446
2989 1213 5909
1441 994 1213
690 994 1356
690 2455 4635
4766 537 690
271 537 1494
744 3422 5605
271 744 944
1217 6367 6403
271 1217 3810
117 271 3307
2904 113 117
113 3260 3917
113 617 2452
104 12 113
4732 979 5299
11 12 979
1064 1300 2257
1064 2341 4666
3943 1064 6145
235 1064 1610
235 1166 1510
2744 4268 4619
235 2240 2744
779 2686 4862
779 3012 4487
779 937 1623
5469 1812 3197
779 454 1812
235 227 454
2105 2187 5438
2105 5439 5459
1490 1678 2338
6617 4072 4675
545 1490 4072
603 899 2514
566 603 2017
1261 4632 4656
566 1261 4341
1191 545 566
545 426 1658
3024 4137 6562
270 3024 5760
2690 3709 6381
2461 2336 4098
3561 2197 2336
1940 2197 3583
3036 6251 6366
1223 1940 3036
320 1223 2690
270 320 4626
426 270 5980
2105 227 270
4140 5993 6401
94 4140 6139
2063 114 5240
114 94 798
275 2727 4467
1248 1260 2039
506 1096 1248
1601 792 4793
1208 3128 5386
3749 2246 3021
1208 2246 3198
506 792 1208
452 506 926
1028 1317 1966
452 3932 4787
4300 4015 4344
4015 3085 5261
3085 1046 3359
1028 452 1046
1080 2912 4967
452 1080 6129
275 683 6152
136 275 452
669 716 4235
4433 669 2797
2872 3809 3987
669 2872 5031
669 391 3521
2926 912 4906
912 1714 4108
2150 4794 5443
2382 2771 4213
2382 4164 4832
2382 2150 3063
2150 3498 3858
2925 2935 6463
1453 2032 2925
2150 955 1453
912 391 955
1163 3385 5836
650 813 6135
3788 5049 6550
3412 3788 5914
650 861 3412
4068 650 2316
650 5603 6565
1163 391 650
4737 4924 5649
964 2823 4737
371 964 2871
2575 374 5726
371 374 1409
3123 5651 6398
881 3123 6571
5602 3267 5152
3267 1106 3944
1106 3335 4022
881 1106 3588
3179 881 6434
1517 371 881
480 748 3425
1969 1427 4446
480 1427 6491
371 480 4847
2118 1426 3680
322 371 1426
322 2681 5230
136 322 1901
94 136 391
2167 2320 3229
6103 2167 5122
94 2028 2167
1174 2949 4771
5432 1174 1935
1838 5901 5962
1102 1838 4288
1477 1102 3135
1102 2073 6444
1102 1557 5385
94 1102 5396
31 94 1174
2260 3096 5370
2137 2260 3669
227 31 2137
558 11 31
3043 3492 5144
3043 298 473
1010 2858 3163
4660 1010 3723
5485 2805 5992
3506 1010 2805
192 298 1010
2304 1128 3148
4837 192 1128
993 1599 5117
655 993 1689
361 655 4923
192 361 5091
6610 2517 3727
252 641 1318
3992 3905 5090
3905 252 3240
2517 144 252
5751 138 144
3365 5046 5928
138 3365 4887
192 61 138
2700 5081 5682
2700 61 4383
1545 909 3286
221 909 5204
1157 5879 6253
3787 2020 5718
221 1157 2020
1068 3744 4553
4375 1068 4647
16 221 1068
5085 2293 4234
1460 2185 3010
1460 5207 5897
1570 2139 4251
3868 1570 3215
6342 5327 5547
1570 1960 5327
2293 1460 1570
3239 3201 4853
1893 3201 5285
89 1460 1893
972 1390 3199
16 972 4475
2273 1188 5727
3623 4407 5305
3623 1774 6178
1774 1513 4796
1513 5978 6567
180 1188 1513
16 180 6577
6303 2321 6136
16 2321 5023
152 5072 5670
89 16 152
169 657 1817
5666 897 5083
175 818 897
175 1011 5495
6158 175 5345
4222 1536 5812
169 175 1536
462 3811 5510
462 2555 6487
1183 462 2199
393 1572 1638
462 393 4966
16 393 4365
1062 5842 6605
4320 1062 3836
1062 1369 1579
1682 4851 6240
1062 918 1682
2717 3489 4478
2059 2717 4795
3062 2059 4285
258 918 2059
1855 1288 1825
958 2940 3390
958 1226 5218
1288 958 4817
773 958 5974
2713 3900 5616
3100 4347 4494
2713 3100 4854
5198 2622 3352
2622 3911 6604
2622 2352 3511
773 2352 5501
602 773 2713
679 3168 6539
679 3112 5999
602 2294 6593
258 602 679
3403 673 1448
2839 6061 6271
5614 2865 5355
2865 2839 4859
258 673 2839
4233 5489 5529
822 258 4233
169 16 258
5991 1587 3437
841 4834 5286
2560 2822 3211
3053 6228 6304
2560 2205 3053
841 2205 5391
841 4150 4441
3107 3155 5947
841 3107 4080
4171 520 841
520 2761 3177
4461 4558 6171
6348 3478 4461
3478 520 2279
1269 2521 3271
520 1269 4205
520 3327 3802
5344 451 520
1587 315 451
1100 719 1383
1622 315 719
2335 2538 2884
2335 1703 2401
2402 4265 4830
612 1703 2402
4131 5493 6114
6087 4131 6173
3047 3779 4131
612 3047 3771
2476 612 5867
315 600 612
16 315 5655
61 11 16
6236 6 11
5359 684 1137
122 684 2652
122 130 5503
4064 4176 5844
551 4064 6416
816 1675 4929
237 816 3419
551 237 2698
123 563 6220
6371 1056 3266
3614 2412 5203
123 1056 2412
1203 2176 2932
123 943 1203
3512 4018 5838
187 2570 3512
1313 301 4650
5375 1407 1830
301 920 1407
1889 301 4912
301 3281 5174
1029 1853 2723
301 1029 2550
3559 5052 5229
1422 2355 3559
2315 854 1422
187 301 854
187 2019 2060
120 123 187
1719 6008 6234
1719 3219 4642
913 1719 4989
425 913 1609
3182 4833 5071
3182 1220 3997
3977 1498 4812
1201 1220 1498
425 523 1201
2076 2534 3834
5678 425 2076
564 246 425
3294 604 4243
246 604 2138
455 1660 3133
5239 2671 6211
3424 1870 3392
1870 1013 3991
2671 817 1013
2898 5864 6199
2204 1153 6014
2898 817 1153
4352 6302 6404
623 4352 4613
2492 3009 3657
3298 2492 4048
623 1959 2492
3708 2678 4927
2446 3099 5186
2446 2318 4348
2678 2267 2318
2267 2440 5339
6067 703 2267
703 4253 5677
654 703 5220
4173 1315 2399
623 654 1315
817 455 623
571 2568 3545
2677 4942 5465
571 1420 2677
1263 2688 6473
1193 1263 4008
571 1193 4179
2280 3857 4031
663 2280 5549
571 663 5692
571 455 3582
1661 5481 5706
883 1103 2210
2626 883 2269
1661 455 883
2503 1643 3851
1434 1820 2169
1434 3121 3595
1643 747 1434
747 5153 5803
392 747 1071
392 5860 6327
285 392 455
285 246 1175
237 120 246
6242 5887 5943
1554 4561 5887
147 1554 4309
479 3667 5418
1338 2937 5004
1338 479 2005
1854 2061 3302
147 479 1854
6440 5078 6317
396 3487 5078
396 637 3415
120 396 3963
5042 2079 3209
264 2079 4591
678 2328 5468
678 982 5435
6431 4154 5639
4154 1033 1279
678 289 1033
4427 5453 6428
289 2631 4427
4955 264 289
147 120 264
762 3020 4337
1475 923 6133
3514 2647 4803
923 2647 4479
923 3315 3324
762 923 5769
1125 762 1667
6324 2746 3813
1098 1911 2746
1098 372 1025
2792 4810 5187
4603 2792 5278
4106 5371 5442
1005 2792 4106
292 372 1005
489 2663 2977
296 4350 5772
296 4933 5890
489 296 1412
576 2982 5705
4432 1548 3027
1884 4708 5444
791 1884 2111
576 791 1548
1339 2031 4612
1339 3566 3843
1339 6336 6594
890 1339 4547
576 890 6315
296 576 2358
2809 296 1031
762 292 296
109 120 292
2645 4701 6436
4078 2418 4113
2418 1280 3536
4686 1424 4102
5179 1424 1909
1280 1173 1424
1173 2016 4986
1346 1173 3575
210 893 1173
109 210 2645
109 1869 2758
122 109 6477
5615 5921 6078
3927 4490 5615
4430 3927 4011
3927 3637 5630
6 109 3637
2367 2 6
2339 2623 2848
444 26 2339
867 403 4455
3074 3321 4053
2740 3074 4306
2740 403 5301
2574 3040 4291
1099 2574 3638
1099 4445 6231
403 448 1099
202 403 2363
873 2833 3076
1986 3867 5612
50 873 1986
5782 1780 5329
2795 492 1780
1365 4702 5802
2591 754 1365
754 492 2567
202 50 492
50 26 5406
2 1 26
3 75 2011
54 2808 6282
3409 3572 4083
54 1576 3409
3432 54 5934
3529 757 838
757 163 2907
2140 4246 6130
208 775 2140
1387 4995 5863
869 1387 3632
869 3191 3915
869 579 6432
6588 4389 5945
4809 3038 4389
4892 830 3038
2810 3594 4873
3651 3756 6247
2810 3651 5107
985 2417 2810
579 830 985
197 579 6443
163 197 208
54 7 163
1228 1636 5282
7 1228 2585
6045 1906 5092
2405 4014 6350
1906 2405 4476
2230 3421 3831
2230 1906 6353
1224 1684 5026
1431 4739 4930
1224 1431 4135
1936 1224 3666
1509 3084 3643
4293 4964 6052
1224 1509 4293
577 1224 2065
55 577 1906
55 3124 4951
5788 55 3086
24 2103 2970
55 24 1604
24 3358 4677
100 698 6273
219 1902 6542
5472 1113 5618
219 1113 2993
2472 1596 3791
219 5266 6329
100 219 1596
3845 5200 6124
3845 5154 5548
3845 2231 5332
2231 100 2899
4431 3187 5645
3187 709 2668
3184 4980 6144
6580 2966 3184
398 832 2966
709 230 398
584 1666 3877
230 584 5241
4142 2500 3456
607 2500 4272
607 1155 4808
230 607 1445
1995 1505 6492
1505 5268 5766
1505 1504 2654
1504 3418 6222
905 6226 6382
905 3895 4984
1504 905 1278
299 769 905
6406 2219 2406
2189 2219 3945
2189 3904 4338
553 1620 2189
299 553 2869
100 230 299
1216 2046 6263
1216 4420 4878
1216 250 4342
2793 4271 5858
3881 4900 5715
2793 3881 5201
250 2793 4935
357 1919 5430
3014 4118 5916
3014 357 5156
405 2965 3023
3601 3741 6131
3896 4074 5862
5063 3601 3896
2391 2730 5776
430 2391 3601
2763 430 777
357 405 430
100 250 357
3243 533 4412
3383 533 3221
1150 862 1001
3682 5137 5409
3755 6405 6518
3682 3338 3755
760 862 3338
5039 1472 6455
1472 3790 6064
533 760 1472
24 100 533
7 24 2319
121 5521 6146
121 78 2002
548 1804 6149
548 220 3531
5212 879 3166
2832 3520 5925
5068 5591 6042
879 5068 5702
2135 1806 3110
4776 3213 5794
1806 1343 3213
1049 1343 4489
2832 879 1049
736 1078 3285
3688 4948 5555
736 3688 6587
220 736 879
220 95 5931
1132 1942 3310
2033 6091 6221
1615 2033 5888
1615 2275 4292
1132 1200 1615
4954 1043 4029
1132 894 1043
742 894 3690
3039 4328 5865
742 1262 3039
4957 742 3081
95 5979 6058
379 2469 3471
6466 3464 5135
3537 3758 3829
3537 2946 4970
3464 1573 2946
715 379 1573
3022 1167 2878
5675 2618 4174
2369 1167 2618
5642 468 1167
1177 4500 4691
1177 5141 6441
3389 468 1177
4659 2656 4336
5517 2612 4543
2656 852 2612
4625 4800 6299
1379 4024 4625
852 1379 5077
379 468 852
2024 2477 5249
1222 2024 3308
5111 379 1222
742 95 379
78 95 4602
3455 992 1139
1617 2523 3502
464 1617 4065
4146 464 1931
2302 1644 1732
1644 1003 1951
1104 2307 3488
1742 1777 6156
1104 1742 4550
2635 5349 5793
2635 4638 5115
3899 1104 2635
1003 464 1104
349 464 3238
349 4778 5318
3584 4480 6258
349 2777 3584
992 349 5192
78 34 349
3579 2202 2536
2202 34 3460
6362 4261 5725
243 493 4261
3581 4167 5537
6618 1481 3581
1012 1481 3203
243 932 1012
512 1899 5274
512 243 2480
110 1241 1363
1745 2854 4198
5732 5134 5667
1745 5416 6520
3164 5500 6474
3440 5309 6030
2133 3164 3440
5134 1745 2133
1745 995 5269
110 995 4916
60 110 243
3949 1202 5507
36 60 1202
575 4542 5184
2333 575 3565
178 575 1624
274 308 329
274 1595 3533
36 274 5681
2221 1134 5365
3764 491 1134
1298 1493 5779
491 1298 5870
178 36 491
2064 3256 5157
599 2064 4228
5250 4867 5861
4867 3181 3367
1186 1503 1950
1186 2168 4797
3181 1186 2708
3528 599 1186
599 1378 3626
36 599 4277
34 36 2285
7 34 6291
7 2565 3279
2077 1442 3089
2464 2513 4085
325 527 2464
162 325 1442
1271 4958 6196
1271 2807 5190
162 1271 2043
162 1254 2522
5619 900 5057
4225 546 900
546 5623 5672
546 165 2682
162 165 5045
3668 162 5311
4940 4 162
4807 2018 4768
6598 4379 6585
2498 4379 5939
2498 3497 4988
62 2018 2498
63 435 2177
753 290 5036
63 3171 5022
63 440 5819
5128 1165 3072
5259 2282 4785
2282 1165 3369
1165 3264 5178
290 63 1165
1264 1327 2235
3347 4600 5815
1264 2190 3347
126 1264 5566
62 126 3088
2604 2903 3183
2109 4249 5109
594 2109 2604
2650 594 6074
536 3884 4417
4604 6272 6379
3888 1234 4604
2516 4010 4952
1234 630 2516
630 4997 5855
6278 3687 6493
3048 3609 3687
630 3048 5536
594 536 630
5118 2780 5333
2101 2180 2780
1034 1679 2101
536 2482 5575
106 536 1034
3433 4052 6161
1577 3433 6383
106 1577 2947
364 2356 3839
1006 2108 2995
1588 1525 6471
4486 1525 5567
1006 1525 4069
648 1006 1695
4826 648 4629
648 2936 5010
3768 1333 1900
5460 1631 4508
1333 1631 3448
5827 648 1333
360 648 6048
1065 1862 2644
3567 2407 4639
2407 2571 3841
2193 1065 2407
1065 432 1097
5595 2553 4376
432 2013 2553
5095 432 4811
432 3797 6557
182 4781 5778
124 182 432
124 2929 3505
124 381 4842
5138 5295 6429
1851 2665 5138
3296 4191 4658
1851 2855 6364
847 1851 3296
1782 847 5590
124 847 4207
498 1478 3195
1309 1312 6521
4521 1309 2653
124 498 1309
1067 4239 6376
2526 5508 6027
2091 1451 2526
159 1067 1451
1419 4662 6616
1840 2781 4818
1419 1840 6095
3979 2286 3585
2506 5550 6462
2667 4694 5604
3080 3101 3759
2667 3080 5659
2506 2286 2667
3823 2769 5737
2286 4990 6435
2769 2286 5312
2286 1430 5245
5781 1430 5593
1265 4700 4706
1179 1265 1430
1179 2087 6160
1179 2487 3807
1835 4492 5397
3001 1835 4560
4299 1179 1835
1419 615 1179
5323 2976 5422
2594 2928 2976
756 2594 4290
1778 3570 3721
1890 1778 5020
756 1350 1778
556 756 5806
556 1859 5990
172 556 615
472 1584 5850
1824 5276 5490
5310 4570 5191
1824 4381 4570
1824 1370 5907
172 402 1370
159 172 472
124 159 2955
106 124 360
1979 2485 6312
3935 1070 1979
1070 2951 6112
364 106 1070
87 3093 6536
87 1331 3569
1697 1836 2637
150 1697 4667
5738 150 6478
106 87 150
63 62 87
2953 2868 4402
3961 5235 5364
1411 2868 3961
3013 3978 4845
1411 1756 3013
2343 1411 5572
1411 1425 5431
929 1411 6187
139 929 3548
4354 1970 2979
1492 1681 2563
1492 1842 4615
441 1492 1970
983 4581 6346
983 3407 4491
1792 2625 3503
2728 983 1792
4003 4061 4969
2866 3216 4003
2866 2879 4037
3563 983 2866
4733 441 983
2433 4710 6482
685 4731 5973
6503 978 4977
4527 4814 5194
1225 3102 4469
4527 1225 3743
685 978 1225
685 656 4633
656 4537 6186
6437 2662 4318
656 1072 6361
656 2410 4885
541 656 2662
6341 728 3176
728 1580 2551
2433 541 728
1122 541 5394
4788 4752 5646
3380 4088 4752
5189 800 3380
3732 6096 6421
2431 3732 4242
541 800 2431
541 4255 6194
1286 2001 3542
441 541 1286
1798 3469 4345
2760 2435 2646
3368 2711 3663
2435 1798 2711
293 1798 2317
139 293 441
975 1533 1583
578 975 3251
139 578 3590
139 3041 3250
2255 2078 6620
649 2613 5148
649 2787 6206
649 3496 5183
2078 139 649
3558 3700 4045
1538 2749 3499
840 1538 3558
3395 840 3474
840 139 5029
62 139 5223
46 62 5877
787 5951 6606
6212 1308 4454
1308 4107 5357
4368 787 1308
787 2044 2564
787 1821 5942
52 3522 4816
718 3006 5087
4132 718 1629
225 718 4362
1571 4719 5383
1571 4899 5610
1925 573 1571
1429 2451 3865
3534 1398 5293
4614 4631 6457
4614 1398 1803
1877 1227 1398
1227 835 887
835 5749 5953
724 835 1148
573 724 1429
1607 225 573
787 52 225
727 2027 2984
1927 2716 6551
4588 727 1927
6413 2785 4998
2785 198 3543
4915 198 204
727 52 198
745 5043 6106
1655 1881 3430
3355 2535 4804
1655 1852 6203
745 1655 2535
4589 1758 5209
1758 780 2296
1027 780 4914
2394 745 780
6504 3192 5411
745 99 3192
3241 1565 4016
74 99 1565
74 1872 5457
52 74 6300
236 1392 6548
1084 3360 4987
236 1084 3605
5697 2996 3459
1597 794 2996
2628 5038 5494
6243 2628 3205
794 236 2628
236 86 5571
4552 5564 6015
487 4552 4888
262 802 6090
262 4006 6092
2834 1334 3486
3887 262 1334
3652 2041 3994
3297 3051 3490
3051 5792 5959
2041 3051 4911
240 262 2041
240 503 2182
240 554 2843
487 240 5710
1024 327 2128
1656 5263 6151
5401 1656 2120
5283 3105 4400
1656 3105 3728
3394 1656 3404
1656 2817 6099
1656 327 1850
3808 4815 4852
2611 3808 5799
2483 2611 5121
2683 2483 6519
6128 3603 4844
540 3479 3603
240 540 2483
86 240 327
52 46 86
772 158 4895
1036 2632 4330
3314 3981 5388
342 1036 3314
2313 1930 2917
4334 1421 1930
3491 3893 6375
1483 2054 3491
342 1421 1483
158 342 2547
4240 355 5353
4466 2385 4689
497 4158 6000
497 1489 4805
2147 2745 6284
2385 497 2147
4456 1277 6073
1017 5470 6609
2712 2348 4121
1277 1017 2348
497 490 1017
2245 4917 5343
5050 3555 5587
2245 3481 3555
4946 2245 2572
1093 2166 2245
490 1093 4422
4153 3400 4735
1077 3143 3400
846 1077 2800
490 846 2775
2136 2345 6592
1276 2191 4665
2136 1276 6169
877 3104 4241
490 877 1276
481 1117 1244
490 431 481
431 2642 4333
387 431 3909
355 2192 5475
2597 2093 4525
3500 2264 6020
530 2093 2264
1544 530 3849
3519 4020 5244
671 1759 3519
5479 2116 6107
671 1653 2116
671 1335 5893
2377 1002 3769
2097 2673 6409
6347 2097 4355
6309 1002 2097
1976 671 1002
671 2548 4266
671 4522 5238
2923 2870 4114
3816 3325 3693
3325 3697 3958
2870 763 3325
4583 3073 4175
581 763 3073
581 2914 5530
5454 987 1944
4244 581 987
671 530 581
387 355 530
483 4628 5463
2583 5324 5896
2530 911 2583
483 767 911
6454 483 4761
355 158 483
5917 610 4063
610 4169 6210
158 610 1189
46 158 3878
4 46 4194
6451 4 991
5664 3470 5113
6016 2994 3470
3252 2943 2994
980 697 5002
5613 1060 1348
2115 3108 5717
1999 2115 5768
1999 3695 4699
2416 5851 6132
1999 2416 6423
1627 2806 4091
3828 4592 4740
1999 1627 3828
697 1060 1627
2778 5821 6248
796 2778 4411
796 1749 2474
796 2124 4584
1558 2375 3050
1146 2029 5015
796 1146 1558
6307 697 796
2943 4 697
2449 2436 6105
3 4 2436
256 1373 6502
38 256 5944
5498 6025 6110
446 1755 5498
446 141 2818
1981 1801 5307
141 1038 1801
4050 857 4669
3414 141 857
38 141 6426
1415 3318 4428
216 1415 3214
216 229 4876
216 38 6305
4866 4901 5641
39 3028 4866
2403 2639 3886
2209 2403 6022
2209 5441 6286
2209 535 3186
5075 5125 5814
2125 2838 5075
535 2125 4722
39 358 535
4274 1766 3070
1766 3737 6400
2930 2999 4860
408 1766 2930
128 408 4709
1401 2581 5624
3591 1401 5016
680 1401 5073
946 128 680
4273 2605 5880
2370 2605 5868
1465 2370 4204
3701 1465 4079
4130 4237 5679
128 1465 4130
3560 39 128
3 38 39
1704 1775 2423
6331 184 1704
7 3 184
1998 2679 6264
2362 3254 5066
1998 2362 5139
1885 1998 5621
4577 2203 3446
23 1885 2203
1773 2615 4481
23 1773 3333
915 2901 6207
915 1508 5892
338 915 4025
338 2488 6044
23 338 2630
1464 2175 4144
3350 3387 4103
2134 3350 4317
2117 2134 4972
1464 2117 5746
871 3034 4908
143 871 3000
143 3646 6576
921 3106 3316
516 717 921
143 516 6415
23 143 1464
2491 3466 5648
354 23 2491
936 2757 4499
457 936 3921
3871 5775 6062
2905 3871 6339
2905 5316 6024
1810 457 2905
5132 4517 5841
5123 3090 5136
4517 2960 3090
1159 1700 4027
1438 1541 2767
1159 1438 2599
2960 1159 1357
249 457 1159
3 23 249
2863 3045 4186
4408 4181 5233
4168 4181 5129
2863 466 4168
466 814 4051
201 466 2886
5904 201 1520
5691 341 3200
341 201 4745
3202 3692 5351
201 2710 3202
201 388 4520
6574 3095 4377
201 2576 3095
5227 514 1143
514 316 1811
1092 1375 2956
5723 1439 5513
1439 2373 5525
1092 1439 2427
98 316 1092
5265 4618 5731
3937 3523 4618
2430 3523 5254
868 3516 4858
639 868 4716
3984 639 1642
6280 2236 5303
2759 639 2236
639 375 1303
2430 149 375
4730 5408 5573
1512 4424 6250
613 1512 4730
613 1284 4434
2596 3913 5713
947 2251 2596
1886 947 2773
947 2539 4606
870 947 1095
149 155 870
613 149 1555
3799 2765 3734
2765 4275 4985
2765 167 5326
2705 3703 4203
157 2705 5857
3423 4567 6612
3423 1144 5955
167 157 1144
149 157 2861
149 3304 5197
98 149 5524
3 98 201
665 3122 5977
3873 4573 5762
1018 3257 3873
1018 665 4301
15 665 739
1827 2462 3311
1621 1827 5222
135 1621 6528
522 2856 6184
1088 2945 3859
1088 1455 6175
1184 5544 6447
5805 5062 6269
522 1184 5062
522 2277 2672
2244 2786 3431
1088 522 2244
135 522 3083
4101 5279 5428
4750 3426 4101
5661 3426 6320
3426 4512 6257
5300 2753 2876
189 2218 2753
3426 135 189
6479 3033 4673
239 1470 3033
4749 239 2784
239 3026 5662
135 15 239
3054 5741 6118
1039 1259 3054
2331 1039 1168
2107 2578 3967
2107 2541 6595
475 1039 2107
5952 4549 5795
2489 3398 4549
6037 2489 3332
2747 1114 2489
1069 3689 4871
1114 1069 4229
1069 597 1403
1511 2381 5319
1147 1511 2841
517 1147 3535
475 517 597
502 922 957
3996 502 6208
185 382 502
475 15 185
397 1767 2470
397 908 6142
1711 1499 2256
6009 2643 3818
3835 1506 2643
2603 3259 6043
1506 2603 3974
1499 1506 2227
831 1499 6254
397 831 4284
15 397 3754
3391 499 2774
6547 5067 6276
5816 2220 5067
499 2220 4557
499 353 3538
353 1124 3634
353 1347 2799
561 1243 3269
561 4528 4536
2766 3319 6198
2766 5450 6581
895 3525 5722
1321 2640 6201
1321 895 6076
1086 3592 5143
1086 895 4257
2766 843 895
3235 3832 4863
3235 1685 5280
850 1685 5376
850 885 2735
850 843 6597
5859 561 843
561 751 1190
1665 353 561
1542 2743 3169
3985 294 1542
353 226 294
3606 226 3965
4095 4514 5237
2590 4095 6003
15 2590 2896
642 1257 5289
5780 642 4313
2330 2463 3165
5176 2325 2330
642 2325 5462
2094 5096 6476
321 642 2094
3875 5933 6205
1433 2973 3875
4260 4827 5116
5251 2347 4260
1252 2347 4013
1252 1371 6323
1252 1178 1301
1107 1178 5160
321 1107 1433
321 5471 6295
1578 3673 5262
4798 4978 5509
1753 1578 4798
5871 1251 1578
321 420 1251
226 15 321
3846 3 15
1 488 5051
4026 544 3801
1274 3926 5686
5594 2724 5499
6573 1683 2724
6143 1274 1683
4993 848 1274
848 544 1575
2200 3948 6561
1582 2200 2298
1 544 1582
829 4111 6475
351 829 2660
351 2272 2334
4039 351 3231
345 351 5151
3515 456 5403
1967 2703 3228
1967 1952 3712
910 1952 6013
456 910 5533
456 2098 5774
5012 345 456
5487 84 345
1246 4802 5166
636 1246 4504
6046 636 4773
636 950 1908
1105 1126 6378
1105 4429 5777
1181 3966 4043
1105 1181 5598
1444 2972 5584
1105 636 1444
205 636 1670
84 205 6104
1844 21 3912
84 10 21
3011 2614 2814
368 826 5147
2614 368 2511
1611 1019 3313
6213 4646 4821
1397 1019 4646
3353 4404 4928
2009 3003 3353
2009 3615 3662
2009 3232 6296
1019 368 2009
1723 445 4335
1242 2501 3711
1289 4498 5958
1242 1289 6289
1242 2801 4196
721 1242 5252
3624 4555 6507
721 693 3624
1707 693 1897
445 368 693
4713 45 368
4030 634 842
634 45 4472
45 1314 2709
1527 4182 4185
3577 2213 5478
2289 4641 6335
3030 3602 5739
2847 3030 4414
2847 2788 3753
2788 2289 2496
2289 2213 4545
3467 1527 2213
5941 938 1527
1790 2478 3705
45 938 1790
18 45 1973
5001 1673 5338
1713 1676 6245
1673 81 1676
30 81 6501
1616 5232 6452
30 699 1616
30 560 3628
4413 4932 6255
1145 4093 4413
3599 5985 6589
1145 3599 5948
891 1145 5146
482 4757 5807
1892 5133 6525
891 482 1892
482 142 1141
142 30 6241
3908 154 3988
2090 273 1698
30 154 273
486 1076 5632
2467 4841 5103
2186 2467 4470
1867 2186 5415
1867 2248 2332
1037 1561 1867
6534 1037 4200
486 181 1037
3116 181 4523
3396 864 1794
3290 346 864
181 33 346
501 1562 2084
6387 2351 2942
3399 672 2351
4418 3274 3482
672 501 3274
5284 587 3574
3495 4723 6321
6489 3495 4339
587 3495 5298
2049 1020 3306
5989 3748 4599
1020 2160 3748
1834 6374 6553
4703 1834 6262
3402 3441 4221
4166 3402 5911
3664 3237 3402
1834 1020 3237
476 587 1020
629 2295 4302
5707 1432 2004
629 1118 1432
568 629 2354
1406 3255 6468
844 1406 4250
844 4861 6093
2290 568 844
2051 2228 6608
1476 2051 6515
960 1476 3295
568 960 3175
568 476 6422
962 1945 2873
4488 962 4936
962 326 2586
2701 3504 4324
3550 2701 3349
337 1381 2701
6066 1418 2529
5164 889 1418
882 889 4790
1007 882 3940
326 337 882
476 310 326
310 3821 4322
58 310 2820
58 3635 5552
1484 1718 6259
803 1484 2887
4511 4310 5709
803 2948 4310
70 803 2408
3679 277 2540
1120 3863 6168
1120 2151 2306
1120 2465 4910
474 277 1120
70 1715 2874
70 4509 4961
277 70 4540
834 1169 1417
3303 1907 2324
5258 834 1907
2113 2731 4465
2113 2034 5145
5162 963 2034
834 963 6558
834 406 4112
4652 238 406
70 58 238
5884 1495 4696
1423 1495 6418
611 1423 3032
611 1769 5330
588 611 2083
1112 2985 3493
1112 1934 4483
58 1112 2392
33 58 588
501 33 3292
30 18 33
1534 3729 4394
5579 1240 1534
608 1151 6570
608 1612 2222
1240 20 608
2782 1162 1306
2095 1625 3114
1625 1374 2702
5636 6174 6344
1374 5177 5636
3411 3770 6265
2997 3411 4734
2750 2997 5657
2750 1916 4684
1162 1374 1916
20 1162 1457
1282 2284 4756
3870 1581 2840
2015 2537 4654
2015 2915 3376
2015 3933 6195
1282 1581 2015
1282 4298 5060
129 1282 5528
2837 2691 4945
1651 297 2691
2131 2598 6217
1185 2131 2510
6170 297 1185
4126 5545 5875
6560 799 4828
534 799 4679
534 3975 6115
4126 534 1382
2270 1160 4254
297 823 1160
137 297 534
137 5210 6469
129 137 2562
4060 4212 6070
1672 4060 5094
1672 2311 5054
1672 129 3882
1196 1233 4824
1360 1196 3434
348 1196 1388
2659 5037 5629
1250 2659 5828
1250 3742 4188
6555 348 1250
348 1997 4759
1786 2481 3246
348 1786 3044
2689 1764 3540
1962 1048 1764
1052 1550 1772
1052 2350 6365
1048 1052 3075
1294 3934 5395
1048 1294 3822
2265 348 1048
20 348 6460
129 20 306
740 2595 4792
1891 1646 5464
1876 2023 6244
740 1646 1876
740 2729 5035
3172 3998 4398
3172 740 1253
20 18 740
3362 3619 5058
3194 3362 5294
5798 3194 5650
3194 1632 1992
2155 5098 5830
1736 3406 3473
1724 1736 5100
1632 1724 2696
224 1632 2155
6098 1336 3650
5271 5574 6360
550 1249 5271
356 550 1336
3234 3527 6180
2057 3234 5407
2057 3894 5634
2388 5193 6268
2388 3670 3766
696 2057 2388
3719 4653 5696
1556 2062 3719
1232 1556 2459
1232 1302 5199
6603 696 1232
427 356 696
224 2390 5853
2742 1091 2442
1091 3597 5757
892 2216 5716
4145 2092 4372
786 1205 2092
786 2734 5711
286 786 892
951 2424 4634
917 951 2718
6004 917 2533
1091 286 917
286 809 5414
286 4202 5040
1686 3665 4704
2737 4314 6488
4741 4084 5534
2454 2737 4084
2454 1686 3272
4493 443 1686
3145 286 443
356 224 286
2250 2448 4672
1142 2250 4688
525 758 1142
417 525 4232
2238 3776 5729
2238 417 3889
224 417 3733
10 18 224
6159 3957 4406
3957 969 3405
4563 6246 6601
6153 4563 4931
352 4283 4563
4440 5491 5770
5585 4127 4440
1708 352 4127
969 97 352
1537 3346 3930
1523 1537 2891
97 1380 1523
458 2829 4199
4057 5626 5854
5389 3161 4057
1932 2162 3161
1467 1560 1932
1467 1818 3883
1467 458 4276
276 458 1618
97 276 1832
25 97 6023
2531 3621 5273
1238 2916 4843
88 1238 5680
1281 1847 6120
1735 1281 3483
2383 1800 5763
1800 1281 2181
746 1281 4870
88 746 3323
2531 88 4326
5882 1750 5211
2546 1750 4574
1750 1377 4617
25 1377 3876
10 25 88
1880 3541 4076
10 687 1880
4721 5588 6514
41 4721 5018
531 2986 6287
4386 1762 4141
195 531 1762
1630 3160 6141
494 524 1630
494 2748 4941
2021 195 494
4661 5699 6081
2233 1657 4661
41 195 1657
4585 41 411
199 1230 1987
4082 6568 6582
41 199 4082
5084 3526 5228
2990 407 3526
267 407 1135
2036 190 267
3375 585 5014
585 190 1035
661 3046 3480
3611 4898 5881
692 833 5647
661 692 3611
601 661 945
5913 2520 2803
1559 601 2520
370 1073 2862
96 370 601
116 3718 5997
190 96 116
2580 4356 4438
2580 1875 3453
6579 1829 1875
4893 2558 4840
2384 2558 6578
1829 2384 6412
41 96 1829
2486 3830 5149
1081 1978 2486
41 1081 1691
4115 5894 6100
4115 4321 5927
1136 3740 4115
1136 4534 5434
828 749 1136
682 1721 3890
300 682 1058
2154 2939 3082
749 300 2154
2376 3885 4023
1061 3429 5047
6456 3607 5908
1586 1061 3607
1061 2129 4576
1485 1524 5611
1342 1485 5685
1728 1342 2456
465 1342 2497
3699 5120 5918
465 3699 3939
668 2368 2524
948 567 668
4751 4918 6314
567 4751 5785
1061 465 567
465 3724 4477
2376 300 465
725 4209 5257
725 3983 4170
583 725 1358
71 583 1949
484 1878 3683
4184 904 5256
1602 3427 3901
904 1602 6125
305 484 904
71 305 2283
3713 4801 5563
3713 1384 4564
4035 424 1384
2983 3752 5535
414 424 2983
1694 5161 5660
2165 1694 4975
907 1694 3551
907 967 1606
414 907 4156
1488 414 3773
77 414 5272
542 738 2360
1751 2544 5969
2466 1591 1751
3331 5898 6505
1948 2404 3331
542 1948 4831
77 542 1591
4073 5745 6285
4230 2600 4073
2600 1258 6333
2824 160 1258
3598 160 4822
1569 5028 5506
3268 821 1569
821 609 1702
688 836 5497
609 688 6032
304 609 4444
333 3142 3263
333 3660 5165
845 4227 4468
333 340 4269
845 333 5872
3484 304 333
304 2314 5734
1668 304 4094
304 1372 6261
279 304 5683
2992 4690 6556
3443 1291 2992
4189 478 4343
410 478 1063
1291 279 410
279 160 6256
231 1199 3450
231 2791 5557
1129 1938 2981
5352 231 1129
231 2106 2706
77 160 231
71 77 959
1690 1696 2902
496 1690 3210
5317 71 496
557 1293 2067
1567 664 4245
4180 5787 5808
977 1501 4180
2804 664 977
664 557 5320
1730 1763 1985
939 1730 5281
3546 1500 3109
2505 939 1500
3826 557 939
41 71 557
10 41 300
3 1 10
3476 1229 6267
3265 4215 4220
4506 3265 5789
3639 2821 3265
43 1754 2821
5847 708 1351
708 2422 4925
1229 43 708
4676 1 43
168 1487 2499
3151 1535 5700
1535 3848 4823
2890 168 1535
6495 837 2014
1929 2420 5654
837 2695 4197
808 837 1929
808 1138 6089
759 808 6028
168 759 2387
3138 4416 4974
404 3138 5628
168 69 404
69 2380 6138
605 1245 1783
605 1776 6399
2071 591 605
591 4155 4670
5030 3136 3141
3136 743 4351
591 743 4728
69 591 6388
5013 5024 6370
5013 5224 5426
5374 6109 6569
2198 5064 5374
5467 4959 6297
4075 2198 4959
2198 1731 6097
1731 3704 4655
755 1731 2007
73 755 5013
1032 2429 4090
570 5429 5693
2633 5825 6068
1032 570 2633
570 3938 6082
570 1215 4201
73 334 570
3532 2964 3378
986 2964 4393
4059 676 4329
676 1628 6318
73 676 5823
710 4630 6147
986 73 710
8 69 73
8 3972 6386
1831 1051 6380
1042 1051 3017
1042 1324 4392
2762 4124 5676
1194 2545 2762
2589 3180 3485
1194 1042 2589
1042 9 2386
952 9 3435
2789 9 811
2353 2954 5331
2353 1640 3055
2080 3820 3941
1640 2080 3167
507 1640 3580
878 3698 3928
618 878 3774
507 618 931
2070 4387 5076
350 507 2070
4594 4501 6197
4501 4855 6157
350 1928 4501
5291 9 350
22 898 3872
2037 518 1047
518 1110 2680
518 2223 2495
42 518 3139
42 4421 4693
263 621 1917
5127 5668 6274
6337 681 5127
598 606 2153
1022 598 2310
681 263 598
263 42 659
6179 4649 5492
6121 1085 4649
42 37 1085
317 3649 6330
1491 5983 6523
1074 1079 1491
5027 2038 2323
317 1074 2038
2582 768 4256
2754 2842 5449
2852 2754 4903
317 768 2754
317 37 5569
500 2755 6414
4327 500 4516
335 1717 2812
335 627 631
4021 5458 5542
4021 3544 5967
6279 3288 3544
500 335 3288
3004 3524 6529
335 153 3004
3079 4122 5413
815 930 1479
614 815 2102
3950 2086 3356
1920 2086 3794
5852 5620 6600
4058 4838 6202
2844 4058 5620
3953 4880 4884
1920 2844 3953
614 1920 6546
856 3212 4217
925 5561 5809
4263 1913 4715
5340 1956 5609
1913 1447 1956
4894 1447 4593
2000 925 1447
856 925 6294
3079 614 856
4648 1856 5950
614 153 1856
5373 3223 6363
22 153 3223
538 2365 4865
4195 3370 5167
1214 1563 3370
72 538 1214
37 22 72
4769 2158 5088
2684 2883 5758
2684 1272 2661
3903 177 1272
5328 3454 6233
177 674 3018
3454 177 770
2158 22 177
827 3982 6358
2357 433 3730
827 68 433
1176 2268 6349
68 1176 4996
2693 2329 5643
3222 3906 4683
3064 4736 5055
2846 1915 3064
4624 1915 3293
3222 750 1915
2329 68 750
68 1295 5243
68 22 2398
1613 2566 4712
574 1613 6018
824 5644 6554
133 574 824
1757 4554 5627
3716 429 1757
2931 3951 5105
429 2931 5159
2950 3854 5347
261 1849 2950
2253 3746 5600
2918 261 2253
1507 2621 3989
261 1507 5466
133 261 2528
9 133 429
1608 1709 2894
3339 1608 6591
105 5378 5804
415 1119 5423
2104 5404 5783
105 415 2104
105 3955 6445
105 4004 6517
4524 3853 6071
1608 105 3853
105 2207 4448
569 702 4099
105 569 4920
67 105 3757
2794 156 6508
156 4278 5195
2638 347 6035
714 2225 5163
5690 2003 3413
1941 2741 4384
971 1941 2003
6113 714 971
377 3173 3800
409 2012 3025
1888 2045 4938
1083 1204 1888
409 1083 1322
347 377 409
2880 3299 4280
731 2068 2880
714 347 731
156 5476 5764
67 156 347
2460 3947 4104
3812 2460 4921
6584 711 1516
2460 596 711
4698 194 596
194 5053 6563
422 2906 3971
422 2409 4711
4307 5247 6316
1744 3509 4307
1744 2305 2549
1744 422 2721
732 1788 3767
4264 1874 2212
4857 732 1874
732 5818 6326
422 732 5597
849 3784 6119
6165 849 4005
509 849 3922
509 1600 4746
640 509 2830
422 5065 6029
194 422 509
194 103 1964
67 103 2720
4458 3408 5820
5377 3772 5033
4944 3772 5767
3408 3364 3772
4119 5553 5831
67 3364 4119
9 67 4457
8 9 22
5400 5656 6283
1408 2952 5400
1408 1662 6354
416 1408 1813
2340 2587 3671
416 2340 4890
1437 4396 6137
1437 3388 4607
1437 4783 6566
3357 2438 4922
416 1437 2438
265 3170 4556
4425 4575 6575
4879 4425 5008
3451 927 4425
416 265 927
976 260 265
1087 1463 1592
1826 1926 4526
5811 3833 5733
2075 3833 6516
2075 3077 3618
2719 2853 4216
1826 2719 5461
1671 1826 2075
652 1671 3326
260 652 3970
1871 974 6313
2651 1887 4270
4586 3436 6298
6239 3986 5964
3986 3658 3862
3436 1887 3658
1939 974 1887
2961 1170 1459
1195 3874 5086
6181 1195 6490
2707 1170 1195
974 1170 4825
1087 260 974
653 981 5366
653 2828 5130
653 970 2850
653 928 2066
5546 365 653
206 365 677
582 819 2882
3384 206 582
526 4248 6069
526 6229 6260
4976 526 3722
206 1349 4621
102 206 526
260 102 1910
107 997 3056
107 999 2490
107 4886 5402
5599 4287 4753
4105 4287 6026
723 1474 4105
215 723 1845
6467 107 215
1053 102 107
5255 5511 5539
2439 3444 5255
369 2439 2484
1416 1532 5520
369 1416 2234
3837 2344 6459
2022 2344 5169
2022 1585 3340
102 369 1585
102 56 4410
3552 1054 3270
5586 1054 4223
1054 2426 6176
459 3330 5843
1268 2802 5748
5515 2827 6419
1539 1843 5070
2857 3015 4668
1659 2857 6391
2292 2372 3586
6057 2292 4311
1659 2292 4259
1598 1659 4889
1268 1539 1598
1015 1268 2827
1015 5935 6484
1015 459 1446
459 2432 5168
2934 771 4559
459 771 3817
1054 145 459
3589 3140 3149
4729 1123 3140
902 1164 3539
5688 242 902
145 242 778
145 3761 5873
5640 2215 3247
4165 2215 6540
647 2215 5522
1109 647 872
647 4780 5188
1123 145 647
3780 3946 4864
2040 3775 3780
2040 3230 4548
145 56 2040
2889 2342 3439
4138 4835 5009
2342 4138 6290
1045 2342 4297
1045 1739 2379
241 2543 5902
291 3416 5637
241 291 6059
6446 2141 3600
5082 580 2141
1522 1004 1549
1004 580 1923
580 312 1687
241 132 312
1699 2988 4282
1699 2816 4391
1410 1540 4562
447 1410 4358
6227 1664 2411
447 1664 5531
132 400 447
1255 1528 2692
1366 5112 5518
4999 1366 3750
1255 1353 1366
132 1255 2123
56 132 1699
8 56 1045
1171 1846 6532
1768 5526 5543
1171 1768 4040
8 1171 4055
6615 1 8
