2256
450 2215 3133
510 450 976
32 1802 2386
188 1974 2718
3629 1982 2434
3883 4043 4478
374 2134 3883
188 374 3291
1982 188 1201
188 2621 4093
917 2262 3766
2430 917 2255
2942 4104 4274
534 917 2942
534 810 2334
188 534 1978
2666 529 1119
1924 3885 3960
723 1924 4049
723 1109 2362
529 723 1250
322 529 2465
2000 1291 1953
3617 3011 3649
1401 2720 3011
1240 1401 4360
1240 1328 3964
2967 1240 2597
322 1240 3817
255 322 1291
474 255 1471
183 301 4386
210 1861 2064
310 183 210
896 3070 3995
896 389 4500
389 183 842
255 146 183
927 4037 4212
327 927 2636
1139 3481 4271
1003 1139 1370
2887 1003 4381
327 1003 3463
1752 2236 3177
327 1752 2577
327 1617 2882
640 3718 3767
327 640 2143
3139 2213 3743
207 296 2213
327 146 207
4245 146 700
895 765 3161
491 765 2640
1977 1340 1757
491 1367 2806
162 491 1340
1376 1739 1823
2758 1376 1432
2984 738 1376
4262 2558 4490
2087 1216 2558
1216 650 3853
2715 3345 3644
650 659 4152
650 2919 4095
432 650 2715
738 432 2370
432 1190 3290
3100 3827 4498
2346 3100 4254
432 162 2346
2711 4315 4322
2790 2079 2711
2079 2952 3054
2079 1270 4041
162 1270 3918
32 146 162
590 643 2072
188 32 590
2920 1163 1618
79 1163 3470
79 664 2367
23 32 79
1324 341 2401
1848 2317 2930
3007 3615 4237
1848 424 3007
2996 3113 3684
669 2495 2996
4021 2158 3169
2047 669 2158
2746 3425 4149
1771 2746 3081
3869 3134 3472
424 1771 3134
341 424 669
3432 277 341
169 277 3888
106 169 1750
747 3961 4425
1024 2071 3535
1024 2455 3031
1239 1024 2875
747 106 1024
4040 2874 3172
1740 2874 3038
325 1740 3280
325 2530 2907
120 325 628
3217 1261 4438
781 788 1261
2181 4056 4300
1364 2181 3486
1364 781 4379
3891 367 781
1499 2467 3235
120 1499 3265
120 612 4023
120 2116 2338
367 120 404
2969 997 2762
2642 1983 2083
997 1314 1983
997 283 808
884 1763 4026
611 884 2285
3935 2218 3295
611 912 2218
1433 1004 3832
1316 4491 4506
1316 1255 4454
1004 1427 1814
3899 3332 4273
1632 2729 3332
1004 1632 3431
535 1004 1255
535 1532 4413
611 535 1085
1374 283 535
106 120 283
81 106 1687
23 81 4268
12 23 2800
2950 1457 1581
3750 2869 3596
446 1457 2869
4115 4167 4226
3603 2637 4115
1310 2637 3785
1310 2588 3196
3941 1755 2483
1310 446 1755
1565 1672 1720
1565 2555 2876
446 1565 2093
446 1366 2736
1335 486 3493
2679 1130 1808
486 672 1130
446 42 486
449 3630 4039
42 119 449
2206 1688 2960
1666 1688 4179
2060 1666 2801
3017 3601 4253
242 1013 3017
242 1053 2361
42 242 1666
2363 1096 3825
533 1012 1096
1647 3790 4358
711 1647 2004
173 533 711
1162 1475 2026
423 1162 4466
1759 423 2735
393 423 4148
393 3384 3390
1079 2205 3882
2518 906 1079
906 477 694
393 2295 3209
250 393 477
2504 173 250
1153 1717 3254
173 147 1153
1890 4214 4261
1882 2831 3651
1651 1882 1890
1651 1180 4283
278 2832 4470
147 278 1180
1086 2435 3083
1086 835 3863
2970 3424 3715
2970 1142 1555
3371 835 1142
835 521 4512
3501 3435 3591
2998 521 3435
124 147 521
124 266 3458
42 124 2538
1150 1587 4071
1480 1730 3729
1272 1480 3342
2646 1272 2601
537 1150 1272
537 1059 2852
537 2240 2399
355 537 1627
3195 688 1282
688 355 3500
355 299 3759
718 1095 3567
1904 718 771
4151 3690 3920
1512 1583 3690
299 718 1512
299 42 2911
281 3181 3772
281 748 3102
682 281 4034
3574 281 1221
3599 820 4156
2421 3858 3965
981 2421 3549
820 343 981
343 1061 2982
281 343 1914
2122 2471 4420
1199 1648 2122
272 2378 3208
1748 1122 3815
394 1122 1793
1199 272 394
779 1241 4408
272 195 779
1525 1780 1959
195 1169 1525
3913 2845 4424
42 195 2845
12 42 281
3012 1788 3454
1788 1850 3828
1788 2965 3378
12 1788 1834
12 1217 4320
1007 2110 4184
623 818 1007
2123 703 4323
623 703 4050
450 12 623
12 561 2842
10 12 3985
3459 211 4017
964 1092 4145
964 211 1622
10 211 998
3492 3925 4278
3492 1147 1341
71 1147 2567
10 71 4369
1244 3225 3240
2356 1244 2082
213 608 1244
3090 511 1032
1454 2994 3983
213 511 1454
179 213 1945
2973 468 883
91 468 715
179 91 1806
1470 1749 2730
1470 919 3717
3053 2497 2891
3818 3019 4375
1704 2497 3019
2953 1704 1998
2358 2103 2561
1704 2103 3678
1106 1277 1704
919 1106 3821
919 1686 4178
91 919 2682
184 573 4389
91 184 2557
2120 893 3779
8 91 893
2445 2926 3550
536 705 2754
536 400 4447
102 400 2343
317 1628 3065
102 317 2541
102 1664 2238
86 102 3740
2445 86 1872
2024 3723 3980
1984 2196 2473
1490 1984 2024
4239 3040 4087
2492 3040 3388
616 2226 2492
4444 616 931
2900 3308 3969
2900 666 3532
467 616 666
3872 3982 4220
970 1888 3872
3685 1534 4455
1337 1534 2379
3650 3313 3520
1337 1156 3313
3672 4036 4116
970 1156 3672
970 2372 3267
467 970 1898
467 1553 3474
1490 453 467
86 453 2932
1602 2910 3059
455 655 4307
86 455 1602
2892 3089 4415
2481 1165 2892
1393 1281 4195
49 972 1281
311 3439 3527
2728 1744 3222
311 1641 1744
1191 311 2136
2357 2772 3086
4158 2357 4401
569 2357 3695
569 585 1987
569 1837 2335
311 569 3465
1859 237 311
2751 3192 4366
330 749 2751
1478 1878 3360
330 1478 1844
148 237 330
3887 1027 1188
4008 1260 3988
148 1260 2444
2767 1392 3339
148 1392 2261
1027 148 2298
49 148 3560
2749 380 2971
1822 1786 3263
939 1786 1976
380 939 3341
4035 2819 3307
3284 1387 2505
1832 3171 3434
1387 961 1832
2340 2219 3908
2487 961 2219
2819 380 961
3652 145 380
2427 2227 3468
1164 2962 3820
145 1164 2227
2522 2768 2955
991 1817 2522
675 991 3285
523 675 4332
2782 523 778
145 523 1950
4462 1116 4373
3248 2200 2296
1116 2200 2774
1116 2914 2918
145 1116 3321
1828 3865 4066
87 1734 1828
520 1016 4282
3009 3197 4302
3009 1994 4280
601 992 1994
1894 1157 2674
2795 1202 3542
1157 1202 2202
601 2251 2359
601 762 4038
712 2780 4453
1789 1803 2862
3716 1789 2944
712 1789 3228
1772 2074 3611
712 1772 4263
1949 712 2823
1157 601 712
520 601 3758
520 2234 3862
90 520 3214
170 1442 1929
2590 90 170
145 87 90
2835 99 2349
1235 2249 2696
241 1235 1988
3272 2291 2422
4276 1897 2291
627 361 1897
99 241 361
319 1101 4393
4348 470 3314
470 319 3392
319 304 2403
1017 99 304
49 87 99
1165 49 3219
49 1716 2271
473 1818 3043
615 3383 4494
2159 2881 3079
473 615 2159
473 2341 3713
49 473 3746
3906 3725 4501
3725 1325 3537
229 1325 2797
229 2921 4200
49 229 2542
3394 49 1231
604 461 734
2490 3844 4471
2490 3088 4382
2029 110 2490
2844 2939 3592
2757 2844 3754
110 636 2757
699 3028 4441
1247 2067 4395
3511 2676 2689
2001 2676 3396
2001 2105 3526
699 1247 2001
1269 1785 2076
1269 1680 2252
218 1269 4446
1753 543 1285
176 218 543
699 176 390
4390 282 576
110 282 2639
216 4344 4392
216 1022 1903
220 376 2579
3756 267 2822
220 263 267
2186 3121 3663
1902 2781 3970
264 1902 2432
443 2922 3374
2580 443 4238
2186 264 443
3379 220 264
4096 216 220
176 110 216
1511 2573 3183
110 1511 3612
461 49 110
86 8 49
4013 1919 3826
151 315 1919
1889 479 3358
1330 2415 3896
1330 2128 4468
1466 479 1330
1754 2602 3417
479 1754 2113
8 151 479
2068 411 1508
898 745 1541
411 745 1519
3405 545 4108
2804 1767 4090
1767 545 3056
1697 411 545
1342 2318 4298
986 1195 1342
3456 3326 4173
4033 2670 3326
3082 986 2670
434 1626 4188
3193 1874 3999
1874 857 3117
857 2536 2569
1132 3868 4353
1132 1562 3349
843 1132 3793
857 843 1472
986 434 843
434 141 3722
848 1554 4032
141 848 3573
411 13 141
2592 3253 3640
13 313 2592
372 984 1035
4443 2260 3948
2260 1956 3674
177 372 1956
1683 790 4355
2475 642 790
572 642 1071
2003 1629 2591
1629 1503 2655
1137 1399 1503
1137 4421 4511
217 1137 1436
1584 3586 3706
4461 1187 1584
1187 1009 1858
219 1009 3936
2209 3467 4493
3180 3680 4246
454 2209 3180
710 597 3335
3884 454 597
219 454 3737
3741 3441 3860
219 2879 3441
3429 2903 4475
1419 2903 3218
243 1118 1419
619 1286 1654
965 619 2189
2145 867 2508
1918 3299 3533
867 1918 4480
243 396 867
243 3942 4460
619 243 4509
949 1413 2484
949 575 4077
243 219 575
2678 2669 4364
2669 940 3416
217 219 940
572 177 217
1305 1494 4019
3232 2961 3260
1714 1305 2961
251 1840 2840
1571 251 868
1510 429 2193
476 3450 4507
476 429 2293
1689 2589 3986
429 251 1689
1305 93 251
2979 379 4165
2011 3027 3207
1280 2011 2035
1925 1280 1769
379 3943 3991
236 379 1280
4182 2225 2978
258 426 1539
258 2324 3555
258 1108 3739
4487 760 4259
760 3010 3032
258 760 1104
236 258 2225
4153 566 3316
566 312 3006
236 121 312
2958 722 2494
4417 3175 4210
460 2585 3175
3150 3686 3923
3638 1941 3150
722 460 1941
591 427 460
471 3406 3808
295 471 3415
295 3419 3478
295 698 1120
2809 1333 2279
427 295 1333
93 121 295
177 13 93
923 518 4429
552 1450 2512
552 794 4427
20 552 2330
13 20 1198
2722 2895 4119
3136 354 2722
930 1546 4045
354 930 1833
1479 1620 3353
354 1479 3370
212 354 3366
3226 1696 3952
13 212 1696
11 13 518
877 3354 3581
244 399 877
2053 2877 3173
447 2025 2053
1197 1856 2560
1197 447 1065
1189 2266 3317
720 1531 1747
371 720 1189
606 2366 4055
458 606 3966
2212 458 3002
2884 1502 2997
3667 1159 1502
371 458 1159
447 244 371
2478 167 244
43 167 2791
1219 43 2785
43 1482 3491
351 1496 4347
2135 43 351
387 1522 2898
2462 2188 3803
3621 2127 2188
387 2127 3077
2477 1121 2042
2625 3182 3606
641 2625 4068
387 641 1121
1338 638 3776
387 122 638
2106 122 231
24 43 122
1530 1877 2344
1530 2012 2033
1184 1835 3870
1237 1507 4291
957 1184 1237
3298 2203 2811
2417 3963 4123
2203 1143 2417
1143 1204 3303
4504 550 1143
550 1248 4448
89 550 1493
47 89 957
812 2472 4499
759 839 4000
47 759 812
3693 2691 3654
2623 2469 2691
2469 783 4058
3241 3191 3709
1154 554 3191
3569 1058 1860
1058 742 1580
2796 742 2937
123 554 742
2889 2563 4256
967 1694 2563
967 2936 3679
3096 967 3777
783 123 967
1497 1265 2179
4264 1809 4243
4345 1265 1809
1126 339 1265
1866 2151 4388
339 702 1866
804 1166 1653
804 1847 4384
966 1736 2034
966 3052 4436
339 804 966
3213 3469 3924
2257 936 3213
347 936 3127
339 347 3170
1313 1920 4297
2723 744 1313
2609 744 4113
744 625 2030
339 127 625
47 123 127
1968 47 1783
1777 2761 3721
1056 2319 2409
911 1056 2562
911 2739 2816
667 911 2038
223 667 1777
223 731 2520
46 47 223
2859 1661 3231
1043 1661 2310
253 1043 2313
1530 46 253
1351 2531 3296
1267 1351 1870
1339 1388 2933
1339 2230 2985
1267 581 1339
2325 2290 3745
1077 2290 3677
1249 1812 2265
2595 1249 3562
3479 1077 1249
46 581 1077
2022 24 46
1041 3276 4084
24 481 1041
679 3145 4069
24 679 3675
153 3131 3575
80 153 1645
2390 80 3781
214 1516 3140
80 214 1952
28 418 1896
28 103 1595
385 2302 3538
28 385 1483
2056 3255 4325
2583 2056 4249
2428 1361 2056
831 2131 3085
1361 831 1800
831 69 3783
2332 69 4350
639 1458 2957
579 639 3018
69 524 579
635 1069 3220
635 1692 3524
4308 635 1129
126 635 3194
3760 126 853
1223 1868 3697
1063 1070 1223
126 398 3831
50 126 1063
69 50 3563
834 3107 3636
834 634 3428
2815 3205 4275
2018 2493 2815
634 2018 3794
50 140 634
80 28 50
3051 24 28
1088 1643 2909
2322 1088 4175
1658 2198 3572
1658 2041 2661
3319 1658 2517
1658 59 4130
186 1398 2166
186 191 2126
2314 116 186
3269 3714 4333
1447 1469 3269
116 1447 2006
1066 271 1561
1334 221 271
448 475 3453
3061 448 1682
221 1292 4205
221 668 3312
116 221 448
1275 1506 1895
1275 2515 3130
1881 2204 3112
2620 1881 3845
1275 1881 2959
1275 3852 4266
1885 4340 4497
289 851 1885
1712 1296 2737
3648 1637 2207
1893 2007 3122
1893 1637 2596
289 1296 1637
3997 3026 3063
116 289 3026
59 116 1275
375 2443 2628
224 375 863
1564 2217 4138
892 1564 2788
224 645 892
891 1912 4063
2020 2384 2480
891 1008 2020
1057 224 891
553 3125 3798
224 553 4109
24 59 224
971 1873 2575
971 284 2635
1921 2834 4025
284 1921 3843
501 3329 3981
501 829 1298
1500 2607 3462
2977 582 1500
3673 830 870
2411 2692 3300
830 920 2411
735 830 3302
735 582 691
284 501 582
24 235 284
11 24 1088
782 903 3973
2675 3143 3476
1087 2320 2675
1087 4270 4442
782 1087 2654
1787 695 782
934 799 3521
1252 3543 3752
695 799 1252
1161 2617 2976
1607 1161 3355
3001 1271 2951
152 1161 1271
3620 2546 3708
802 152 2546
2398 3080 4080
770 875 1468
770 2527 4076
3367 3187 3330
3187 226 730
2827 620 864
4009 620 2931
1155 2374 3262
2501 3696 3897
226 1155 2501
160 226 620
1589 4269 4398
770 160 1589
152 160 4027
45 152 2398
2264 2946 3544
633 2264 2496
2250 2974 3987
633 504 2250
2766 45 504
1995 2986 3359
1995 811 1638
3584 811 2099
3671 1579 2810
268 1504 1579
874 2231 4380
268 874 4006
45 268 811
2991 3494 3751
2991 752 2851
248 1733 2624
190 248 752
344 1635 1909
190 344 3273
190 754 2658
1663 1875 1887
1663 190 3200
2342 478 2534
478 463 3457
463 190 366
190 45 1960
1287 157 4079
1390 1775 4074
45 157 1390
2299 1179 4508
3602 1230 3735
129 1179 1230
45 129 181
1819 2388 2980
1173 1819 1901
1173 3528 4186
756 321 1173
321 45 1407
11 45 1923
1186 2743 3045
1778 439 1186
439 403 2375
403 1544 1776
98 403 1042
1268 98 2371
1331 98 1591
484 1535 2584
493 817 1094
1242 1382 3292
3137 493 1242
3156 2339 3556
2023 2339 2611
2479 2023 2968
2023 1614 2576
484 493 1614
1448 3118 4368
3460 1259 1448
98 484 1259
98 1706 3400
11 98 238
135 182 3583
201 989 1985
3357 201 1957
2923 809 3996
809 1236 3992
860 506 809
506 465 962
465 201 3847
2224 3664 4211
3362 2224 4111
201 2224 2886
617 1245 2838
4054 3946 3962
150 617 3946
2776 2387 3233
1690 2045 2387
2259 1690 1816
952 1428 1690
3141 3050 3848
952 824 3050
824 758 2037
150 187 758
201 135 150
4225 1018 4047
1018 798 1631
4234 798 1713
798 2594 3933
798 696 3597
113 135 696
11 113 3578
4126 1975 2441
2733 1639 1975
1639 2662 4287
1177 1604 1639
4057 2701 3402
886 1177 2701
695 11 886
17 858 1424
2598 2549 3734
2549 1979 4141
193 494 1732
17 193 1979
500 755 4235
1318 1412 3120
1318 500 3749
500 2175 2747
1200 1725 2438
3728 3204 4422
1200 1613 1934
500 1200 3204
2381 968 4135
3797 500 968
1723 1572 3258
1170 541 1572
500 234 541
1963 3498 4464
2170 2581 4193
2170 2659 3837
661 1963 2170
2599 661 2306
1082 1761 3092
3857 994 1082
234 661 994
2002 2897 3730
4458 680 1002
3957 680 2088
2002 308 680
3152 1023 3775
2091 1935 2433
517 1023 1935
517 3904 4357
2337 3034 4293
2070 517 2337
1610 517 3830
509 517 2168
234 308 509
381 2513 3977
681 897 2046
381 681 2244
882 1160 1246
234 381 882
185 234 2406
1406 3179 4433
1917 2566 3304
2284 1917 2303
3223 1406 1917
1406 1172 2574
4495 3368 4260
1172 185 3368
3598 4328 4354
677 507 3598
58 185 507
58 1054 3116
3895 599 683
1019 2009 4488
3409 3541 3566
2866 2312 3409
1019 2160 2312
1019 1098 4082
2178 1836 1928
1019 1836 2855
3399 4118 4146
532 1019 3399
599 291 532
58 291 338
1105 1543 3604
58 17 1105
793 3126 3514
726 793 1140
726 17 4419
3403 1880 4286
2894 3238 3487
2999 1880 2894
353 1805 3236
1880 34 353
3270 3893 4181
290 3252 3270
166 290 2724
2888 1072 2276
1425 2765 4284
4469 1892 1966
586 1425 1892
1842 2925 3877
2486 2016 3351
1093 1464 2016
1842 1093 1212
1093 586 1681
4197 2947 3645
1311 2454 2947
578 586 1311
578 2828 3445
166 578 4154
34 166 1072
196 800 881
196 2721 4159
324 727 1226
196 324 4341
196 419 2770
196 44 3485
3242 1301 3824
1213 3594 3699
4513 280 1213
1117 2216 4099
466 1117 3506
466 684 4281
610 466 1675
1634 3153 3320
280 466 1634
108 280 1477
567 420 2792
359 420 2966
108 359 4147
725 2184 2301
1218 725 3505
2148 2732 4367
3811 2148 4342
2321 2273 4474
725 2148 2273
564 725 4383
564 108 2329
3041 3277 3799
228 999 1735
3990 3334 3607
276 318 3334
440 276 2036
2141 2171 3700
3190 1036 2141
3625 3922 4306
2294 1656 3625
1575 563 1656
1036 495 563
2552 974 2568
974 495 2482
2821 408 3518
495 357 408
357 485 1336
357 276 3939
3041 228 276
1463 2019 3243
1135 1463 1794
108 228 1135
1301 82 108
274 1542 1652
82 274 2807
82 72 3375
2268 1728 2993
139 1728 3796
139 516 887
115 139 3502
1224 1319 3098
1224 131 1743
204 1774 3859
115 131 204
72 115 437
72 60 833
34 44 60
3395 3666 3724
39 2057 2702
3512 2348 4081
395 562 2348
329 395 3062
4467 2167 2612
358 900 2167
358 2671 3516
329 358 1961
4106 329 706
1795 1846 4196
1446 4070 4339
1599 4222 4414
1737 1446 1599
1446 1264 3039
4295 1264 1385
1795 879 1264
618 740 916
329 618 879
3395 39 329
117 2396 2841
2604 370 674
2125 3110 3956
2125 370 542
370 2863 3769
4208 845 3261
1193 428 1045
370 428 2516
39 370 845
34 39 117
821 34 908
2326 3473 4289
2326 662 2161
662 2190 3186
662 503 2392
1214 1660 2162
34 503 1214
34 17 2764
252 1668 4098
252 1084 3449
3162 4002 4164
3162 648 2229
539 588 648
462 539 1810
462 2114 3773
331 462 2382
63 252 331
3658 2017 2147
4343 4430 4465
4059 4103 4343
1378 3619 4059
63 1378 2017
8 17 63
2665 1481 2643
2389 1123 1481
1123 1782 4176
1123 1922 2987
11 8 1123
2040 849 2235
1205 2400 3174
1293 1205 3702
8 1205 2065
849 8 2650
2660 2755 3676
25 94 2660
528 840 2466
1523 1601 1900
27 899 1523
4503 132 421
3765 2146 2156
270 2703 2760
1371 3559 4329
4251 1371 1662
1371 1430 4463
270 1258 1371
1051 3333 3525
2081 995 1051
2867 889 995
132 270 889
332 2066 3701
332 1192 4128
4407 1174 2865
1174 1964 2108
1039 1174 3356
332 1039 1368
2146 132 332
497 33 132
583 33 3311
1276 3588 4064
416 708 1276
2578 2677 3286
33 416 2578
2063 859 2460
1209 505 859
3804 1486 2461
2548 3239 4285
4352 3880 4301
2548 1948 3880
1948 1486 3613
3551 1402 1486
2031 2369 4317
2031 3504 4224
2871 1603 2031
1402 505 1603
1080 505 1026
33 29 505
29 948 4248
528 27 29
3346 2748 4376
2748 65 3030
1343 2533 3665
1343 1363 2641
1343 716 4053
806 3142 3377
716 806 1623
716 96 1227
2992 2949 3641
1590 1563 2949
209 551 1563
3780 209 2351
1855 3812 4191
2220 2756 3755
2089 2220 2468
1855 2089 3381
3199 1855 3480
96 209 1855
1010 2182 4319
1010 670 2267
801 1443 2716
670 801 826
670 1138 3902
96 670 1459
1545 3066 3490
1636 1545 3878
154 1545 1678
3782 154 1295
1100 1304 2051
1000 1100 3410
4161 1000 2912
65 154 1000
96 65 3020
469 2274 4003
4337 65 469
2149 2964 3854
3064 2149 2619
2149 247 2710
2139 2247 3257
3029 3146 4299
3822 2139 3029
65 247 2139
27 65 172
25 21 27
3046 21 4166
21 825 4101
203 2554 4060
206 1907 2540
159 203 206
1719 3660 4477
1719 3846 3871
3911 1719 2744
1719 1185 1676
159 1441 4218
1536 594 4132
1185 159 594
1821 414 595
21 159 414
8 21 1404
8 7 4371
41 540 4255
7 41 410
2 7 587
10 2 741
1992 2117 2697
480 1992 3157
1097 480 3382
701 2394 2627
480 701 2292
1362 480 1551
215 2829 4484
2 215 1526
2 3748 3953
480 2 2069
3838 1294 3540
1762 3229 4190
3571 963 1762
164 240 963
1133 1633 2104
164 1133 2277
1350 337 1379
1294 164 337
2242 246 4172
3840 2032 3074
1820 2901 3167
246 1820 2032
932 3694 3774
3829 2423 2564
2423 932 1031
246 326 932
246 189 4150
2 164 189
4136 1 2
2503 3653 4437
62 3646 4363
508 62 3005
960 3165 4450
1930 960 4089
1329 199 960
1624 1829 3589
1624 2129 4456
2740 1624 4321
199 1274 1624
2847 2915 3539
3806 2008 2847
1465 1537 2008
568 1465 3874
199 498 568
269 1993 4311
2885 199 269
1906 4242 4486
1943 4124 4252
2799 1943 2096
194 1906 1943
1107 1473 2347
199 194 1107
194 602 4052
938 4001 4203
1520 2571 3972
975 1520 3787
1102 3033 3835
1102 2826 3807
2608 1102 4378
2109 2383 2707
3901 4267 4279
2109 3901 4331
1102 975 2109
975 2543 3420
194 938 975
3 62 194
2503 3 654
1423 1253 2846
55 273 1253
55 3 3437
70 876 937
1492 232 2044
2904 2075 2095
871 2075 2286
2603 871 1381
70 232 871
2858 1146 4142
2100 1288 1439
1146 305 1288
305 2651 3881
305 239 1947
832 3802 3894
260 832 3206
2551 2694 3931
2551 260 2582
334 2080 3534
334 766 3643
260 334 2052
2606 3691 4492
2222 1233 2606
773 1233 3976
239 260 773
531 3275 4431
647 951 2605
647 687 1989
3433 3909 4449
1196 1215 1290
3433 1196 1741
743 3546 3705
531 743 1196
298 531 647
298 935 4372
2524 3507 3692
1408 2524 3959
239 298 1408
3338 3770 4015
4304 452 3338
865 239 452
3250 70 239
2485 764 2115
70 4 764
459 2699 2794
459 2853 3347
4007 459 3426
901 2413 2989
3639 1194 3060
796 901 1194
1289 2311 2814
1986 1548 3324
796 1548 3016
2211 1297 3795
1289 796 1297
653 2010 2656
360 653 796
412 733 1738
739 2315 2570
4062 496 739
2333 412 496
360 377 412
3237 2803 4206
2463 2803 4406
2463 2727 3215
2153 2463 3934
360 1585 2153
4229 1799 4310
459 360 1799
490 4 360
2700 2412 3393
4 2412 3488
3 4 3851
4362 2373 3230
2373 791 2121
352 1046 3703
791 352 4219
1015 1136 1375
1015 1369 1876
83 178 1015
657 2308 3105
2763 2693 3792
1344 657 2693
1410 1684 3224
4439 1410 4110
1410 657 4012
222 657 3656
222 1485 2488
222 2447 2905
2988 222 2717
105 1417 3129
222 83 105
1426 946 3819
4312 457 946
83 457 1357
352 3 83
2725 692 1891
1570 2934 3234
1081 1570 2049
1843 2995 3814
922 1081 1843
692 922 2990
30 692 3387
2704 2940 3523
2704 902 1811
558 902 1489
492 558 3595
30 492 774
451 665 2741
3631 3670 4423
982 1939 3631
30 451 982
852 2848 4221
1991 2618 2793
1028 1103 1991
852 1028 3144
265 852 1149
2613 435 3221
435 1020 1283
1594 1932 3950
265 435 1594
1946 1488 2354
265 1488 1764
61 265 907
2039 3323 4370
61 2039 4223
2138 2248 2489
1300 2138 4361
107 1300 3531
1640 2118 3427
1377 1386 1640
1377 406 3761
2695 1115 2270
369 613 1115
406 369 1513
816 1321 1997
816 985 2535
369 107 816
1234 61 107
913 1765 4452
38 913 2420
846 1649 1669
846 402 3841
363 915 4042
707 2719 2943
402 363 707
2377 1306 1347
673 1396 2906
487 2163 2778
456 487 673
1588 1175 3927
405 456 1175
2393 3315 3554
2275 2393 3247
1415 1865 2275
3389 405 1415
2705 405 3264
1306 302 405
302 697 944
363 275 302
422 1693 1701
73 275 422
73 2769 3310
4410 1183 2687
1183 198 2410
942 3411 3764
2713 3452 4030
942 918 2713
198 136 918
38 136 3023
30 38 73
3 30 61
2864 526 646
3 1 526
652 1055 2180
2786 3168 3886
2667 2786 4215
1440 2201 2667
1326 1440 2365
1326 1207 2054
3164 2154 2652
3068 2055 2154
138 1207 2055
1257 1484 2307
1005 1257 4129
652 138 1005
598 1578 3443
1416 1807 4199
1317 1416 1980
598 1317 1358
2878 3000 4505
1349 1434 3047
598 1349 2878
3148 1600 3297
598 709 1600
138 598 929
54 138 3628
286 1698 3856
3866 286 323
787 1972 2510
286 787 1549
488 3471 3610
2638 3155 3616
488 584 2638
4143 286 488
286 208 519
384 1461 3732
1650 384 969
384 386 4083
658 2839 3198
658 2451 4231
384 208 658
1074 4144 4174
1074 1254 4428
254 1074 3867
254 1677 3256
155 254 3898
307 2157 3905
307 1514 3042
155 307 1181
155 631 1709
54 155 208
3149 54 3075
605 813 2975
605 1619 2653
605 53 4134
54 5 53
9 2239 3513
1784 1403 2418
37 1141 1403
125 2297 3919
737 4011 4387
125 737 2938
729 1373 2437
1309 1178 1210
729 838 1178
415 729 980
2908 415 2221
415 256 1134
2073 2402 4125
3593 2073 4227
2587 1911 2073
1395 2913 3004
1395 548 3823
431 548 3928
1911 431 1576
431 954 1228
3072 3015 3892
2916 3015 3587
388 2916 3111
431 256 388
1611 2773 2789
649 1029 1611
3855 1606 2808
649 2258 4183
3067 1462 4309
1462 1695 3954
1606 649 1462
1067 1491 1770
649 1067 1524
144 256 649
3147 3762 4133
306 1862 3545
990 1598 4314
489 990 1908
2528 364 489
3147 306 364
144 746 2450
125 144 306
125 2647 3259
1372 3438 3727
2061 1211 1970
128 1052 1211
1372 128 776
445 2208 3322
445 2963 4349
1380 1320 3013
2464 445 1320
4048 225 445
2282 795 3101
245 2981 3517
795 245 1981
3967 3548 4091
2783 3548 3582
245 225 2783
128 125 225
125 37 626
3879 924 1913
37 622 924
227 1394 2142
227 2137 3115
66 37 227
560 3293 3343
560 910 4396
560 1222 4127
40 560 2130
1322 3373 4005
1322 40 1779
632 663 4338
632 40 3945
52 1910 2254
52 656 2825
3475 52 2830
958 1171 4489
2954 958 3580
1936 3274 4346
3021 1577 1936
958 1263 1577
803 955 3768
780 803 2657
335 780 4233
988 1615 4411
514 335 988
958 52 335
945 2169 2556
48 945 3361
1558 1726 3412
530 556 1558
3921 356 530
52 48 356
48 368 3710
48 2622 3178
3978 40 48
3944 797 1527
2280 2192 2798
596 797 2192
3251 596 4496
130 1047 2228
1801 2644 3683
346 249 391
1801 130 249
130 92 736
3993 1397 3890
1431 3093 3564
3477 1431 1568
1397 878 1431
878 92 3325
75 92 2491
624 1158 1797
624 192 3344
3119 88 192
88 2097 3570
288 2281 2880
2124 2499 2738
2112 2124 3104
114 1021 2112
436 1621 1766
88 114 436
75 88 288
1429 629 1517
1625 2856 3669
1707 3022 3632
629 1707 2745
76 629 1625
3889 1742 2256
4028 1474 1742
1942 2442 3731
499 1474 1942
3627 678 4010
693 979 2078
693 894 1710
1346 693 1659
671 678 693
76 499 671
75 76 2350
1616 1353 3910
761 1353 4162
600 1266 3091
761 593 600
1232 2397 3662
1099 1232 2680
593 1099 1657
2514 4088 4327
1203 3422 4397
593 1203 2514
262 593 2629
175 2616 2860
2945 1540 2288
1540 763 1455
348 763 1014
75 175 348
104 1671 4296
978 2327 2507
2459 2868 3547
2459 719 1965
978 104 719
1951 2899 3132
1951 950 3647
950 3397 3984
3744 950 3271
950 589 2929
442 589 4100
2027 2278 4313
2027 2684 3605
2391 1182 2027
2132 442 1182
165 1030 1125
2336 1857 3135
4435 165 1857
104 165 4391
1967 2849 4072
1967 1352 2380
1760 1352 1460
1060 156 1352
442 104 156
104 2731 3398
262 75 104
596 64 75
4067 1863 4085
769 1863 3451
64 769 4209
3287 64 2183
9 40 64
2539 3576 4016
574 2539 2872
2890 2419 4024
574 1090 2419
574 2058 2506
2165 3464 4440
2165 1308 4102
3637 2092 3058
2092 3926 3951
574 1308 2092
3784 574 872
1411 1933 2690
2094 1411 3561
9 574 1411
5 9 37
1354 3154 3294
3747 3184 3791
1068 3282 3789
559 1068 3184
2416 2777 2812
2416 1303 1384
565 559 1303
2559 328 559
3073 1050 1145
328 3048 4094
1050 328 3024
328 1593 1969
285 328 3929
3227 570 3094
570 1838 3099
1501 570 4412
1354 285 570
285 784 2470
3087 100 285
3875 767 1033
1597 3069 3084
775 996 1597
571 767 775
3719 805 3097
100 571 805
4051 2857 3159
549 2854 2857
2176 3408 3558
549 2176 4418
1167 2685 2836
549 1167 1538
3975 2771 3900
383 293 2771
3778 3668 4399
3372 3138 3668
1332 1630 3138
1332 4131 4185
2924 3930 4451
1332 2172 2924
293 1332 3682
1243 2133 4230
293 336 1243
549 261 293
2300 2107 3418
2355 2043 2107
287 1940 2119
2043 287 2449
2519 1420 2775
261 287 1420
109 261 2928
2521 2523 4004
1973 2210 4365
714 1973 2521
714 1756 1999
1708 2404 3369
1573 1708 4228
1299 4105 4194
714 1299 1699
349 714 1573
109 349 4258
3489 1355 2395
1355 109 905
5 100 109
1 5 77
861 1064 3386
1151 1854 3688
3529 1151 3861
1006 4029 4155
861 1006 1151
4022 3609 4031
3609 1927 3483
1927 861 1279
67 3436 4326
67 689 3249
928 1674 4351
1824 1954 2474
914 1824 2429
438 914 928
861 67 438
15 3508 3515
4479 417 1284
3771 4213 4502
417 880 3771
4482 1152 2177
644 1152 3642
2077 1348 1899
1076 1348 2544
1225 2610 3509
1841 1114 1225
1114 1076 2753
1849 644 1076
417 3163 4121
644 417 2532
362 309 417
527 786 4046
527 2502 3522
15 309 527
815 1521 2742
68 815 3078
1727 1556 4241
1556 2331 2600
768 2328 3590
68 768 1556
68 15 3442
3800 279 2509
4201 4216 4385
4201 1883 4250
279 1768 1883
168 279 3108
101 483 3201
200 973 2664
1323 3246 3352
101 1323 2345
15 101 200
85 2269 2368
3008 1592 3160
2817 1586 4168
397 1586 2673
1438 3689 4240
3404 397 1438
3158 3363 4160
1547 836 3158
397 836 1552
1592 85 397
2253 134 4065
1345 3407 4078
977 1345 1864
2102 3864 4204
202 977 2102
202 1391 1798
885 512 557
512 3623 4473
1327 300 512
3036 300 3306
333 3914 4117
202 300 333
3076 425 1040
1220 2632 3484
721 1220 3166
1845 425 721
161 1962 3757
134 161 425
85 134 202
168 15 85
441 1359 3365
2498 441 1971
441 856 1091
1495 1915 3401
2323 2245 3216
441 2245 4445
433 441 1495
724 2111 2805
925 433 724
827 2752 3455
807 827 3968
4207 3711 3742
3283 3687 3711
3283 807 4092
807 580 2090
1931 433 580
1685 1721 1825
433 51 1685
2550 3585 3614
51 2550 4192
15 51 1702
2631 2614 3949
15 621 2614
67 6 15
413 1405 1958
785 1879 2593
3873 2199 3202
3917 890 1509
785 890 2565
413 785 2199
118 413 2425
547 1731 2500
850 2164 4169
3035 1703 3380
2062 850 1703
118 547 850
1505 2734 4394
819 1505 4303
2084 2098 2304
819 2084 4217
118 819 1711
2572 926 1449
2005 314 926
314 2893 4073
303 314 3979
137 303 828
1360 2902 3938
137 205 1360
2414 2648 3123
3805 933 3385
933 2941 4457
1557 933 3336
137 292 933
118 137 2414
1781 1729 3940
1871 3281 4170
3510 2784 3608
1871 2408 2784
1791 1871 2086
3810 1791 3391
350 1729 1791
2246 1078 1796
350 14 1078
18 1518 2014
603 1612 3633
3704 603 2712
1715 1048 1608
3661 1048 1533
2681 2824 4403
4097 2956 3245
2956 2681 3876
1955 2237 2681
1048 603 1955
149 392 603
792 149 3266
407 4018 4187
320 444 3071
149 320 407
18 149 4086
18 1926 3413
180 3327 3816
4476 1609 3626
1609 1560 4014
515 1365 1560
180 515 750
180 1206 1251
180 2813 4335
163 180 4292
1451 1515 2833
1451 1691 2191
163 1073 1451
3786 522 2672
522 2233 3707
1148 1437 2287
947 1148 3466
233 947 3340
163 233 522
1262 18 163
2779 2050 3955
18 158 2050
18 16 3813
1758 2630 2861
690 2015 3151
2683 2972 3114
690 2683 2709
1758 690 2526
3057 3738 4202
4485 3057 4137
1278 1312 3057
2289 1278 1559
3600 1001 1278
1529 1001 2446
4416 1746 2453
1528 1746 2706
1383 1851 3849
753 1383 1528
690 753 1001
690 3037 3461
22 690 2935
22 2407 3003
4140 22 1996
3842 3309 4189
3736 1168 3907
1168 1273 3536
513 1168 1605
888 704 987
513 704 2634
4432 2458 2615
1256 3444 3971
4247 1813 4177
3446 2185 3932
1256 1813 2185
1037 1256 2458
1667 1751 2927
4198 1667 4510
513 1037 1667
3624 2426 2476
1315 1487 3212
513 1315 2426
294 513 956
294 31 1025
909 1110 2850
909 3211 3530
909 1790 3278
2668 546 909
3836 637 1044
637 630 3203
1705 546 630
546 869 3809
993 3244 3331
197 993 4139
546 197 1127
1655 2140 3698
757 855 1655
84 757 1582
197 84 2750
84 2818 2820
2272 2663 2837
84 2272 4377
2436 538 1679
2152 56 538
1124 2708 2787
717 464 1124
464 1452 4404
56 464 2452
36 56 1700
171 1722 4232
171 1869 2456
36 171 4075
36 592 1574
862 4265 4405
4402 2214 2243
732 862 2214
1356 2688 4277
959 1356 1867
651 732 959
112 316 651
3720 1208 1596
983 1208 1302
112 983 1792
1421 841 2241
382 841 3376
382 297 953
373 1642 2376
502 1418 3974
502 1550 3350
751 502 1665
373 297 502
1307 3268 3447
112 297 1307
3497 1112 3188
1112 430 837
2917 614 4112
4290 686 1498
430 614 686
430 142 3903
2385 2431 2714
1673 2385 3839
142 607 1673
3659 1916 3788
1409 1916 4114
4272 2223 4409
1409 2059 2223
142 1409 2021
112 142 1176
112 36 2553
36 1476 2194
2150 3568 3635
31 36 2150
22 31 84
16 22 3309
2309 2448 3681
16 257 2309
1670 1144 3440
1830 2028 2424
1144 713 1830
713 1038 1083
676 713 2155
4434 904 3095
904 676 1131
4334 525 676
2626 525 3055
259 525 609
2101 4305 4374
340 3289 3328
2144 2352 2353
2085 2144 2633
2726 941 2085
3044 941 2759
340 941 1852
401 1937 2187
340 401 3337
340 2173 2883
2101 259 340
3301 26 259
2802 1111 1839
482 1111 2948
789 1113 4122
3364 814 3579
3553 3124 4061
814 789 3124
1445 854 3753
1884 3833 3998
854 1567 1884
854 2013 2547
789 854 1566
577 789 1444
4359 342 577
1389 2360 3733
873 1389 1414
2305 3288 4020
1905 2305 3348
873 1905 3128
3014 3622 4236
2983 3014 4318
873 2983 4244
345 873 2645
342 345 822
35 342 1453
3318 3423 3565
921 1128 3318
823 921 4120
482 35 823
2316 1724 3430
1075 1724 2529
35 2232 3305
847 1422 1646
3634 847 3210
1075 35 847
35 2174 2873
866 2440 3557
133 866 3989
3947 2511 3448
544 2511 3482
4107 3937 4324
3712 3850 3937
1011 2525 3712
2197 1745 4330
544 1011 1745
133 544 3279
35 26 133
685 1089 1435
26 685 4163
3025 16 26
3577 174 3414
174 1569 1853
844 2195 3994
4356 3915 4316
844 2439 3915
844 230 378
57 174 230
95 1718 1944
3109 97 3503
3103 2405 3552
1990 2405 4157
1826 1990 4288
1826 2364 4472
1467 1826 3421
1644 1467 3499
1034 1467 1804
772 1034 1049
2896 772 3763
772 409 555
2698 2457 2586
1831 3185 4044
728 1831 2457
2545 3176 4171
728 2545 4483
97 728 2048
95 97 409
3655 472 3726
943 365 472
57 95 365
1062 78 3519
57 78 2843
57 1400 1886
16 57 4336
16 1229 3106
16 14 2649
118 6 14
4426 660 3916
1238 3189 4294
1238 2283 3657
111 1238 1938
3495 3912 4180
143 2870 3495
1773 3049 4459
777 1773 3801
1827 143 777
2686 143 4257
19 111 143
2263 1815 3958
660 19 1815
2537 3618 4481
3496 74 3834
2537 19 74
1 6 19
4400 1 1456
