4308
7169 4655 7068
4312 3282 4655
2292 3282 3514
3923 4968 6069
3880 3923 4227
1009 2292 3880
1 1009 6980
1153 1939 7107
658 1153 5778
4224 6244 7381
4224 658 5649
320 539 658
2578 320 2672
3511 5277 8021
606 883 3511
4316 4128 4596
6496 2453 4128
2849 1567 2453
806 1567 6016
606 806 4002
4242 320 606
3398 5764 7465
282 320 3398
1244 2687 4437
2794 3739 7699
2101 2794 4948
2397 628 2101
315 628 7352
6412 315 2085
315 296 7485
2580 1070 4364
296 1070 7523
8430 6151 8344
8035 5667 6151
7652 296 5667
1244 282 296
1937 4637 5541
205 1937 3560
8391 2382 8102
205 1297 2291
83 205 2382
5733 7041 7894
1396 4456 5733
317 1396 4560
162 317 1655
282 83 162
6352 1355 1535
3428 99 1355
83 99 5663
3590 3806 5329
3590 6108 8504
475 3590 6198
7491 1723 2848
2683 4309 8389
1723 2683 7455
4330 2372 5723
2372 4762 7285
1723 2372 6656
1723 1260 1998
2884 5472 7110
1260 2884 5533
2159 4429 7153
640 2159 8486
4654 6500 8104
1260 640 4654
640 1448 6911
761 3552 8462
475 640 761
1823 475 5408
83 475 4702
7761 1954 2458
3613 3790 5840
177 1077 3613
217 528 5397
3997 6932 8431
217 3021 3997
177 217 7482
1954 177 3727
177 3871 4337
354 1470 5220
1274 3891 4643
3685 5550 6730
3685 1905 4837
2178 2356 6777
1274 1905 2178
6939 354 1274
7542 4513 5206
2730 4513 5944
208 263 2730
5269 4083 5784
6344 4083 5263
3966 6340 6781
4083 3966 5015
208 377 3966
1196 2290 6320
1196 2636 7507
208 865 1196
134 208 354
134 2736 4517
83 134 177
5040 2440 6809
7869 83 2440
1 83 5574
909 5201 8172
2067 909 3113
8157 599 4293
2071 2328 6312
3862 2106 4234
1559 2071 2106
5918 1559 2782
5295 599 1559
909 197 599
5409 4105 4259
2334 4105 5459
7779 197 2334
1056 3025 4291
1056 1403 4452
4467 1531 8237
1417 6983 7605
7006 7097 7978
8239 5599 7006
5599 1417 5301
1056 1417 8606
2743 5060 5990
8557 1612 2743
8326 4096 4122
5386 6114 8233
4096 4824 5386
4096 1612 6686
1531 1056 1612
504 1056 5230
4202 504 8249
1944 3201 3822
729 3028 6740
1944 729 1590
3919 7435 8588
729 3869 3919
992 4723 6279
992 2426 4733
729 992 6392
197 504 729
8457 6236 6572
852 5160 6236
3261 4393 6331
852 3261 8562
197 852 5846
197 5508 5647
24 6066 6337
24 2277 2339
1497 3086 5817
2134 5714 7993
24 1497 2134
3012 24 6209
31 888 1888
4899 5128 7713
31 4594 4899
3237 3352 7411
2529 2678 3237
2114 2529 8054
5523 2114 2651
97 1928 3122
2114 97 7424
6755 1116 6191
1116 3792 5776
97 1116 6474
346 2890 2944
346 3500 5121
300 346 3482
2924 300 736
438 2351 8070
423 438 3788
2634 8308 8561
4013 6562 7663
2293 2634 4013
2197 423 2293
4860 1242 5991
5255 4428 8322
6805 4428 5794
4428 5089 6952
341 1242 4428
300 341 423
6475 5423 7189
540 3787 3948
5423 300 540
2677 3734 8324
1748 1610 3454
3895 1206 1610
2677 301 1206
1007 3846 5645
1007 4663 7856
3789 5318 6603
8547 4782 6985
1949 3789 4782
1436 6817 7609
1949 1007 1436
1007 707 8450
2022 707 2679
707 541 3525
301 541 1357
502 1388 7396
787 5555 6398
3756 1551 7789
787 1551 8000
502 787 2194
1909 5140 5496
2046 2541 3951
895 2046 4357
1909 831 895
831 2567 4462
301 502 831
4445 1658 3896
1658 1378 6765
301 300 1378
6124 5169 5660
456 1695 5169
130 456 2711
97 130 2959
31 97 300
790 1085 3964
6056 3251 3815
1136 790 3251
1617 3279 5127
790 7476 7930
1617 790 2605
4127 921 1479
921 1611 2961
1651 1178 5998
921 230 1178
3133 7782 8156
420 1881 3133
426 857 6416
2642 673 1898
1688 4553 7837
1688 6854 8011
7679 1688 8091
3508 1942 6618
3946 3003 5199
3614 8093 8361
4361 3650 6110
3614 3650 4415
1942 3003 3614
1688 995 1942
682 995 6966
682 2077 2606
682 673 6924
673 426 7310
230 420 426
7973 4515 6935
4515 1445 2863
6116 5986 6792
1445 837 5986
230 837 7774
70 230 4647
4139 3971 5865
7458 4799 6054
4799 3971 7864
8238 70 3971
790 31 70
4425 4904 6964
4425 1135 4887
819 7547 7662
100 819 5351
1135 100 8536
3637 4641 6339
3637 100 3874
227 4682 6784
3142 4836 8168
5446 338 3322
6034 1674 4738
227 338 1674
100 227 3142
459 3530 6427
8323 459 4758
459 455 6045
748 455 6681
835 4605 8152
835 2311 4332
1358 3636 8085
835 1358 6782
4310 5224 5564
835 3487 4310
2364 2999 6147
835 455 2364
5524 414 455
2112 2981 6367
2644 3381 6042
4626 3390 6247
3748 2644 3390
2089 2112 2644
4891 2695 4840
7627 2062 2695
2062 2353 3983
8123 2154 5238
6592 2154 7276
1124 2062 2154
649 1124 8032
2041 649 3963
2089 414 649
1742 102 414
1341 6119 6318
924 1341 2338
1096 3721 5237
1179 3135 6439
3916 7140 7392
3916 4110 8144
6030 1179 3916
2479 2612 5718
3642 2479 6738
1096 1179 2479
2524 5741 5763
5391 6217 6925
2524 5391 5781
7198 1096 2524
2698 4893 6142
3643 2698 6597
2698 8148 8605
2698 2300 4529
1096 924 2300
2200 2857 7728
396 924 2200
4400 5755 7874
1813 2332 4400
850 1813 5000
1797 850 4319
5748 4315 8318
2324 4315 8178
4671 6007 8214
2616 4671 5726
3466 6207 6796
3466 2616 5532
2324 2473 2616
396 850 2324
194 1130 7549
7331 6797 8518
6274 5058 6797
3890 4056 5058
5334 3178 3890
770 1628 3178
3528 4180 7791
3528 770 4419
5187 194 770
7342 419 3707
5931 1613 5705
1150 3729 6544
7428 1150 8041
1613 339 1150
4033 4767 7681
4033 525 2316
1735 7406 8226
8303 576 1735
2875 4500 6721
5084 1663 2875
1663 4008 7559
576 1663 2082
6402 7405 8478
576 679 6852
399 576 6402
6936 431 1234
3388 6678 7386
3388 3982 5003
3388 7263 7941
8241 3388 6001
3388 431 7812
6355 8158 8438
431 399 6355
4075 2405 5951
1106 3719 5101
6231 4947 6122
4233 1106 4947
399 1106 4037
941 2070 2681
960 4230 4503
1547 960 4984
941 531 960
531 3649 3853
531 3857 5830
3272 531 3892
531 3069 3316
2405 399 531
7813 3115 5234
339 399 3115
1833 2844 3234
525 339 1833
419 194 339
3644 3107 6123
3107 1245 2750
194 1245 3231
533 3082 4488
2363 273 533
102 194 273
102 5632 7808
5419 1080 5973
7954 4699 6289
6025 4536 4699
4536 4929 6414
804 4536 7194
102 804 1080
396 102 6931
6533 3775 5203
971 3262 3775
7797 392 1768
5399 6775 8601
2996 4052 5399
392 2996 5466
3100 392 6778
872 6111 8186
1740 872 6487
3263 4584 5284
4059 2542 3263
1668 2542 8435
3750 4375 4977
3750 1668 2327
1668 5917 5965
4179 5514 7172
872 1668 4179
392 104 872
102 104 8464
44 102 971
1354 1592 4525
1354 415 626
3754 4946 7279
2620 2815 3754
4866 7788 7816
415 2620 4866
5471 415 8294
100 44 415
34 44 791
5016 2732 3258
2732 4448 7190
2732 6146 6632
6000 2732 6093
6047 110 5976
4035 7142 7820
957 4035 4388
291 957 7951
291 1477 5278
4809 2093 7147
2749 2093 2425
286 2093 8141
2214 2812 3554
7379 2658 6535
2214 2658 5367
6589 307 2214
5360 1636 5597
1636 2562 5971
307 1636 8036
307 4955 8428
286 307 5676
3503 5390 7915
2516 3503 6685
614 2516 5869
291 286 614
1030 874 5385
874 2767 7163
874 3154 4978
874 5377 6094
2565 874 1929
2019 6310 6769
2019 4872 5126
2766 1906 2019
4258 1906 5727
7137 1412 1906
3714 3302 7051
2040 1484 3302
1412 1484 5478
3774 2237 4803
862 2237 4071
1412 862 6152
8016 8206 8613
4589 6917 8016
5898 862 4589
874 530 862
1853 497 530
151 175 497
151 3816 6843
110 151 286
4684 5011 6757
3625 4684 8274
2633 3147 7921
2489 2979 3199
2489 1309 2219
372 1109 1309
4051 4667 7032
372 1854 4051
3153 4750 8263
6634 3884 3936
3153 3831 3884
652 1583 3153
372 652 8064
567 3010 7555
6504 567 5948
8210 372 567
2633 124 372
110 124 1215
4869 3096 6628
3625 110 3096
8434 3351 7025
1855 6916 7283
1805 1855 3351
34 110 1805
31 34 2732
8090 24 31
26 812 1834
26 4103 7710
7660 6728 7511
2306 3176 6728
484 2306 7871
4974 6971 7078
4974 484 4392
1118 3471 5078
7232 1118 3949
1118 3408 6808
260 887 1118
26 260 484
2220 7192 7489
1788 3062 7030
1788 3794 4906
2220 26 1788
24 26 4726
3280 5451 7611
3280 3878 4058
3280 5750 6542
434 961 3280
2423 1139 2746
1899 6482 7914
5684 6192 8364
4418 4534 5684
4418 2531 5977
2531 3114 4882
2886 5643 5962
5469 2531 2886
1626 1899 2531
1167 1626 5044
1139 1167 2058
7689 434 1139
24 434 6586
197 23 24
7076 633 7833
6130 3712 7199
5194 987 3712
23 633 987
2592 2754 4743
7421 1646 2592
471 642 1646
1 23 471
1293 4552 8553
1911 1946 2387
4070 1911 3049
4248 7809 8199
1911 3690 4248
1473 1911 6701
2593 1293 1473
913 1293 8067
7262 913 5267
4069 3860 6129
1616 3610 3860
6762 2501 3484
7759 1616 2501
30 913 1616
3125 5375 7307
2198 334 3125
582 3037 6672
582 334 8337
1219 220 7355
30 220 1466
5193 7608 7640
2945 5051 5193
2858 2945 8587
2858 7344 7770
778 2118 6751
2858 778 6840
2561 2585 3378
778 274 2561
7602 4455 4583
274 4367 8069
49 274 4455
3738 4544 5834
3738 4463 7566
3738 49 5713
49 1159 1978
4280 7971 8225
87 2025 4280
4549 5249 7981
2391 4907 5166
829 2391 4549
7407 5280 7818
829 2901 5280
1406 2998 7926
1553 308 1406
2032 5108 6748
6989 990 2032
308 936 990
226 308 5841
226 1088 6079
5915 226 2002
3889 2739 4649
87 226 2739
87 2028 3761
2059 2120 5749
2637 4085 7300
4997 3881 6582
769 2637 3881
769 3222 8559
2059 223 769
829 87 223
233 1387 8507
233 554 5086
1892 233 2883
233 1075 1945
153 1815 7989
5702 6359 6794
2039 5702 7448
3425 2039 7768
1031 2173 6920
1031 3978 5725
2039 1031 7468
7784 2184 6375
1031 187 2184
6662 2488 6967
2477 187 2488
187 153 4376
6714 574 6727
1866 655 6013
3195 5141 6658
4900 3284 3376
8285 3195 3284
1446 1894 3510
3195 1446 1596
4273 1446 8552
1446 655 6009
4211 6750 8544
3844 4211 6700
3357 3844 4614
655 3357 5162
5897 574 655
5167 7975 8409
574 839 5167
574 1152 6295
574 405 2689
1524 6205 7155
1410 1524 6790
1410 5816 6639
153 405 1410
4969 1192 1817
8110 6538 7735
270 1192 6538
570 5056 6334
8510 570 3032
4601 2551 8260
2551 7370 8107
1191 2551 2973
4505 774 1191
2885 4426 7987
2779 2456 2885
6959 8272 8415
1916 2456 6959
1210 1916 4557
774 570 1210
1326 1683 2626
570 5437 5601
1326 570 5052
516 3053 5452
270 516 570
270 1346 2702
2179 5655 7085
5425 3099 8118
2532 3099 5852
7483 2179 2532
2179 2196 6947
270 184 2179
6006 6682 8219
3160 6006 7723
184 3160 6708
153 184 7282
233 96 153
430 6171 7072
1065 5136 8380
3266 4580 5887
4090 2619 3266
3591 4212 8311
2619 3591 4569
2619 5679 5805
1065 2619 3786
1065 4201 4886
1200 1409 8092
7881 1200 1327
5424 1065 1200
3438 7145 8170
1065 430 3438
2232 4708 6596
2232 1792 4123
963 1147 1792
3979 5180 7257
4047 3979 5892
7932 7506 8586
3168 7506 8417
5148 7423 8163
4411 3168 5148
4688 7159 7729
3168 4200 4688
963 3168 4405
3979 963 3285
2170 3286 6149
7264 8501 8571
1812 2170 7264
1812 4903 7059
8139 2814 3546
1812 963 2814
963 3277 5358
96 430 963
87 81 96
1369 4117 6498
1369 3013 7499
2370 6265 7143
1369 6741 7412
1308 1369 2370
1308 3681 5585
1046 1308 6695
1046 4408 4599
1609 927 5933
8583 3317 7080
927 1767 3317
870 927 5820
1046 662 870
5154 3324 4198
7624 4943 8242
4300 4943 8517
1404 4300 6336
3324 1404 2594
1404 4694 6891
1404 662 4494
5149 6613 8267
5149 2852 7152
2852 2834 3416
6028 7492 7573
2834 6028 8603
662 1728 2834
662 2056 8537
81 662 1347
2540 3970 6473
1444 2540 3469
3372 3120 5081
2128 3120 6240
1444 2128 3496
106 1444 8256
6599 190 3547
8087 6469 8528
2352 2603 6469
625 1502 3801
7001 631 4512
631 4967 7895
625 631 7850
3864 5800 6799
625 2755 3864
5895 6957 7290
625 5895 7902
2352 625 3807
1640 190 625
2021 1765 5715
744 1765 3193
190 106 744
627 5843 8520
899 627 7982
106 81 627
2103 224 3934
585 4115 4135
1281 6254 6903
1676 4787 7644
1281 1375 1676
1281 5696 6575
2221 2963 7696
1281 2221 7865
1741 1029 5717
5006 5590 6607
4350 3929 5006
4540 1029 3929
939 1029 6518
585 939 1281
2168 3394 5188
5130 585 2168
224 585 4851
3035 224 4764
4566 4730 8276
1169 437 4566
1749 4739 7495
1749 586 7847
2499 586 3759
224 437 586
165 224 3216
7452 5954 7778
225 4901 5954
2139 929 5824
225 1131 3104
249 6477 6588
6905 2117 8138
5396 7019 7568
4966 5396 6303
2117 249 4966
4511 1043 2064
3520 613 4040
3925 6133 8265
2345 2365 7851
2345 2408 3155
1288 2345 3067
4440 2543 3411
2543 1288 4519
853 1288 3779
702 853 3925
1453 3984 6471
1453 702 3845
249 613 702
1322 2299 3239
3926 8341 8421
5739 3926 6684
249 1322 3926
225 249 1043
5161 6243 7846
1862 5161 7985
6679 1280 1862
225 1280 6183
165 225 929
5575 5981 6527
1047 1923 5575
81 165 1047
81 49 267
1546 5651 7418
3306 3600 7998
6476 3306 6982
3306 1546 3657
7618 305 1546
3609 5116 6638
6933 389 3609
2655 7294 7554
1093 2655 8539
4231 389 1093
389 305 7828
743 1004 5257
3083 6804 8331
7795 1276 3083
4890 2957 6913
2957 1276 2903
2632 1276 2600
1276 743 7440
305 743 6035
2451 7261 7911
49 1285 2451
30 49 305
2 30 334
8255 5793 7195
1040 976 5793
1989 2176 6861
2596 1989 2341
1989 2256 5306
4720 6645 8488
976 4720 6629
615 976 1989
398 615 1275
2145 398 3718
5584 2244 8297
542 2244 7721
369 542 5250
1721 3536 7567
1721 7248 8527
369 3207 7217
369 6332 7600
350 369 1721
350 3400 6894
1953 4990 6928
398 350 1953
2 129 350
2188 4565 5378
43 700 2188
122 4924 8161
1286 330 2099
330 6282 7111
5553 4339 7445
324 330 4339
1776 5098 8604
1719 3271 6458
1776 594 1719
594 6017 8408
6664 594 4727
5145 6288 6370
1539 3152 3485
5145 1539 4433
3269 1539 7633
4772 716 1539
7003 3933 3995
4111 5964 6543
2604 4111 4825
1959 2604 6083
3933 716 1959
3433 4630 5652
3433 3148 4715
716 594 3148
8470 6841 7092
2136 3476 6841
594 324 2136
43 122 324
113 6184 6789
113 1967 6824
5640 2781 7296
3537 3301 6927
2781 622 3301
113 622 2898
60 113 3646
1193 4983 6689
1193 4732 7087
1193 4892 7923
721 1193 5662
3769 5197 5747
3252 3769 8545
3252 3563 5228
721 3252 6454
721 703 3102
7183 4639 7473
5147 4725 4902
4725 4639 6395
703 993 4639
60 703 8068
4431 6907 8475
82 2938 4431
5214 6117 6465
1591 5083 5214
7441 1963 4160
152 1963 4689
82 152 1591
370 473 1649
2057 664 6594
1223 7258 8523
1223 758 6514
7166 3811 8468
561 758 3811
664 561 4055
2297 4391 5704
7318 7345 8171
2297 3959 7318
2297 1629 7683
1629 1876 2786
3635 4326 5547
3101 3635 8566
1127 3101 4487
561 1127 1629
561 2275 6315
172 370 561
4074 172 2983
3915 568 4147
5270 6262 7736
1781 5270 6732
7433 1781 2209
568 1259 1781
172 568 6948
172 2508 7043
172 3648 6216
4953 1361 3209
82 172 1361
2074 82 8230
1172 5090 7108
1555 7656 8304
1555 4082 4610
1555 1711 2432
2649 1555 4178
1555 1172 4574
383 3726 3803
1172 228 383
82 228 6760
82 64 3742
1994 7584 8264
1536 2902 3150
64 1536 1994
6567 2726 5413
64 60 2726
60 4771 6463
43 60 1950
1005 6170 7965
6537 2195 7904
2208 2691 4616
2208 5681 6358
2208 2487 6509
2195 2208 8387
2195 3245 6481
4606 1005 2195
2624 108 1005
108 3570 5076
287 1266 6287
8610 287 4060
239 287 6747
239 5303 7686
6381 174 239
400 1320 2435
4346 409 4769
651 5232 6125
6553 2856 6076
2663 2386 8037
2856 763 2386
763 651 2371
409 562 651
593 2260 7999
593 1148 4873
1816 5939 6541
1667 1816 2717
593 1667 2374
1108 3843 8109
2441 3345 4692
5835 5113 6326
2441 2124 5113
4057 4865 7626
1927 2124 4057
4746 1108 1927
1119 4563 8045
5204 5654 7949
1119 3725 5204
1227 1108 1119
409 593 1108
400 6175 6798
400 5235 6972
174 400 409
3244 3356 7010
5152 174 3244
178 4451 6314
178 1660 7677
5290 7672 7839
178 2497 5290
108 178 1545
6226 7642 8495
3793 7635 8096
2285 3793 5069
4138 2285 7966
6377 1956 2285
1848 1461 2740
1395 1461 5572
809 1395 1956
809 940 6283
5687 809 4089
6226 727 809
3863 3313 4657
5864 2113 3313
2113 5855 7969
1782 2113 4162
8149 727 1782
108 672 727
43 108 174
8483 5682 6850
43 5818 7425
1997 4593 5150
6321 6131 7184
1644 1997 6131
1644 2177 6105
621 1644 7861
948 2995 5434
4672 2646 5073
948 2646 7268
7219 948 4382
2474 4290 6177
948 2474 4465
811 948 6909
811 1799 2419
621 811 7210
5682 43 621
328 956 5782
3399 4805 7622
3399 2759 7512
2966 1460 2759
3259 1105 1460
1105 328 6162
43 328 5407
6998 3658 7432
1710 3418 3658
1710 1558 7322
2490 2741 5548
2490 1558 4571
7028 3901 8268
3170 3326 3901
645 3170 3360
645 6199 8386
2641 4551 6298
28 645 2641
2866 2820 5117
5420 3144 5038
898 3211 4788
967 2574 3817
1311 3161 6497
934 1311 4761
898 934 967
139 898 3144
8060 5071 7095
6258 6459 6785
5071 1517 6258
1517 1760 3402
3910 779 6271
140 779 6512
2392 3034 3903
2639 7819 8590
3455 2392 2639
1517 140 2392
5484 7167 8030
4181 4301 5484
4265 7671 7840
4591 4197 4265
140 4181 4197
4154 6997 8325
1759 4154 5186
4554 6626 8198
6650 1759 4554
1399 1759 3553
4229 4344 4490
3225 3985 4229
140 1399 3225
2820 139 140
8460 139 7711
2357 1374 1860
139 1374 2431
3253 2771 5229
2525 2771 6773
1155 2017 4340
322 1155 2525
7617 322 1063
8481 6744 6754
6744 6012 6943
6012 5330 7021
322 3752 5330
738 3672 6505
322 738 4032
139 322 4379
2399 2851 4541
1716 378 2399
4495 139 378
1558 28 139
1045 1257 3039
4789 6503 7740
863 1045 4789
5788 8234 8432
2744 4255 5788
1494 2744 4351
1494 7750 8243
3634 4325 5274
3634 1955 6479
1955 7395 8352
1955 3638 4602
1955 4996 6041
3190 1494 1955
163 903 1494
2718 5500 5520
163 1846 4253
28 163 2718
3 28 863
7058 4600 6979
189 3518 4600
7315 343 2773
7726 2336 6833
1337 2234 2336
7621 6031 8377
1337 2163 6031
728 1337 6815
189 343 728
2368 5458 5638
6266 382 2368
445 3865 4632
445 1010 3604
1258 3401 5856
8286 3347 7319
7016 3169 3347
3169 4006 6484
1258 2272 3594
445 1258 3169
4527 6906 7607
1691 4527 7631
2034 445 1691
2073 4438 5522
619 5563 8379
1890 2937 5823
1890 3564 6532
619 1890 1891
619 3608 5569
477 619 2073
477 445 986
382 4786 5875
690 2865 5261
5968 6081 8128
2122 5968 7653
1971 2122 4923
1149 1971 5787
4208 690 1149
1173 1576 6937
1173 3733 4633
690 1173 5181
648 690 6357
382 648 3457
8516 4848 6601
550 1542 5428
4137 4518 4653
3826 4137 8008
4334 2043 3826
4848 550 2043
445 382 550
189 382 3156
6135 3671 7077
2550 2377 3671
2377 5364 8471
6165 189 2377
73 3204 3300
406 6396 8246
5286 406 4700
7141 406 4129
1831 2105 7271
406 1831 6464
6420 85 406
5182 4093 4908
252 4093 6446
374 2143 7240
374 509 4352
5123 575 676
374 252 575
1914 5354 6294
1419 1914 3410
7720 1419 6399
1425 6174 6904
1419 747 1425
999 975 1072
975 4928 6675
747 252 975
252 2133 7919
342 4019 5946
342 5288 8384
5298 618 1951
342 618 5139
252 342 1847
6993 3897 7343
3897 1117 8176
1073 1117 6994
5695 3430 4341
3417 3430 6523
347 1073 3417
1587 4687 8043
1006 1587 3709
2573 6848 7375
1006 2573 4131
1006 2321 7481
347 1006 3071
252 85 347
495 4627 6522
6528 85 495
131 641 4176
4502 410 3838
4245 2076 4994
4777 7069 8484
410 2076 4777
131 410 4228
73 85 131
6215 3396 3693
6376 73 3396
4169 5100 7289
1985 4169 6745
5534 6238 8301
1880 1985 5534
1880 2587 7625
713 1880 5064
4972 7829 7977
910 2084 5252
1384 4675 8075
4972 910 1384
7526 713 910
73 337 713
73 6 5513
402 1195 7478
2482 402 5758
402 6 7451
4680 1808 5337
2464 257 1808
2586 4588 7391
7620 2586 7459
257 1089 4939
973 754 7991
754 1519 5789
2586 257 754
1896 5072 6269
8578 5552 6683
5690 6490 8373
2519 5552 5690
1896 2519 4707
3182 4713 5814
3182 4542 6919
3182 1895 2799
1896 257 1895
2068 4980 6726
2068 5031 8342
7132 2068 4453
6480 5463 8321
2068 4076 5463
2068 1025 2162
1025 2569 4073
2911 4951 7079
705 1025 2911
16 257 705
367 1577 4321
1115 3980 4624
367 1115 1538
1360 367 869
16 367 2800
6292 2235 3820
1737 1371 2235
1371 6649 7948
4221 2530 3119
3060 1371 2530
1371 448 3539
2317 4568 6976
2317 4264 5848
1405 2317 8033
3436 1405 3334
448 436 1405
4975 52 6617
52 4018 8108
5244 4317 5777
5996 3505 4317
167 3505 8493
4134 1265 4925
8609 458 2830
167 391 458
167 4370 5771
1265 167 1465
6354 52 167
52 218 4133
6836 2026 7024
616 2026 6774
20 52 616
84 428 7213
798 1883 2870
5061 798 6974
1013 2286 6930
771 1013 4007
3419 3556 6494
3419 1434 7510
1392 1679 5347
908 1392 1434
3527 3999 5173
3875 3136 4385
3136 2502 7200
1066 2913 3596
908 1066 2502
3527 908 1912
798 771 908
771 84 8611
7655 4476 6922
558 3054 4476
558 4611 7868
558 2447 3813
558 203 2181
53 84 203
5333 1413 7005
3465 2738 5080
1413 2738 7216
4665 53 1413
53 3770 6571
436 20 53
211 3956 3968
211 2613 5866
265 1038 3908
1476 624 2161
265 1272 2770
211 265 624
701 1837 4942
6705 701 4857
173 211 701
821 1601 3737
7038 173 821
3112 6856 7831
4305 2862 8376
173 2862 3654
20 173 3112
6578 2829 7036
5450 8346 8348
2829 5450 6787
1428 2829 3731
118 772 1428
4158 4386 7777
777 4158 7351
731 2236 4327
5494 2045 7269
2045 1705 2395
118 731 1705
6609 5310 7377
2030 733 5310
3928 3847 7484
2417 2734 3847
2813 3720 8181
3103 2813 7226
733 2417 2813
733 2436 5751
1351 7560 8400
1351 1418 2553
792 1351 8133
3118 5085 7171
3118 792 2271
733 792 2788
2326 733 7390
777 118 733
2936 5414 7776
200 1168 2936
200 4985 8228
200 118 3584
118 40 6346
40 1659 6687
677 2443 8173
7529 4867 7042
4867 5567 5926
1058 1177 6992
4895 6717 6874
4151 2036 4895
677 1058 2036
979 1533 2789
979 2910 8215
1103 3256 4826
2930 3507 4267
1103 2930 7763
677 979 1103
659 677 4867
3159 4646 8205
2804 3159 6260
388 2804 5873
6248 6865 7668
2380 3470 6248
659 388 2380
20 40 388
1826 2001 4795
1076 1826 3572
1076 3179 5218
4744 20 1076
8151 5013 6252
2760 3827 5013
665 1385 2760
2216 665 5053
20 16 665
2015 7020 7420
1107 2015 7569
6 1107 8291
3 6 16
3840 4039 4283
3840 5554 5607
3392 3840 7575
3392 7684 7929
5245 2520 3942
3392 1806 2520
3605 4740 7524
4962 5646 8251
4962 3605 5900
4432 3320 3605
247 1806 3320
247 4416 7780
247 1549 4066
946 1984 5435
946 4335 5065
247 946 3743
3 247 1554
189 3 7588
3833 4638 6176
3606 3833 7639
3 2153 3606
8330 988 6558
988 704 7619
704 2127 5901
3755 4269 6872
704 1079 3755
8078 6200 7150
7933 1340 6200
1478 3349 3670
6159 1340 1478
111 704 1340
2601 111 2097
111 3616 4959
4838 7295 8602
2478 4838 5217
1359 2478 4499
1359 5506 6648
412 1359 8275
412 1386 6540
9 412 3623
39 2469 8425
7417 8159 8479
3506 4024 7417
39 3506 4810
9 39 5114
3 9 111
4 1698 7328
6361 440 8329
440 5586 8182
451 3519 8051
6587 2072 5955
5708 5001 7353
7018 2072 5001
506 681 2072
5030 5265 5402
757 1933 5030
3724 4153 4770
4311 5213 6574
8028 4311 7488
1129 3724 4311
1129 2249 3341
757 1129 2700
1092 8508 8569
4199 4156 5431
2818 3782 4156
4642 5233 5803
2818 1092 4642
757 5752 6759
757 1868 4991
506 757 1092
4716 5489 7724
2932 4716 7796
506 2932 4345
1832 3164 3882
1832 5768 6694
3181 7175 7752
2515 4216 7755
3181 767 2515
1832 506 767
451 1454 3695
506 451 1495
2762 2191 4442
1067 793 2191
3679 1761 4209
451 793 1761
3106 4894 5598
598 451 3106
17 440 451
5054 5400 5761
1166 2230 3555
1166 3656 6448
3697 7112 8370
7114 1166 3697
5054 710 1166
27 3004 4486
95 1697 8594
4113 95 1352
123 2997 4681
95 123 3276
710 27 95
5398 2914 7174
7589 1548 1771
2914 462 1548
6225 5319 8437
5319 3424 4436
7131 5208 8306
3424 5208 6394
2819 2972 3424
1593 2819 3741
1593 3371 4011
3480 1593 6890
3575 6270 7530
498 3575 8398
2656 4053 4620
3426 861 2656
861 1331 5339
1593 498 861
3027 3577 7099
3027 2108 3873
462 498 2108
27 462 7029
27 6561 6898
2647 3651 5008
6688 3808 7615
3808 6637 7129
5862 3808 8358
2647 1807 3808
1254 1366 1807
5623 384 1254
384 5393 7065
158 384 8192
6529 978 1145
4481 5847 5999
340 978 4481
3397 6121 6442
720 4695 5559
3397 720 7678
429 694 8052
4050 5905 7659
4050 4621 5422
1598 4447 8531
4050 429 1598
5438 7123 7887
932 1270 1787
932 1934 7202
429 932 5438
4188 4576 6098
429 6761 7293
340 429 4188
158 340 720
7737 3192 8302
158 938 3192
6838 3716 6887
158 1814 3716
1240 4533 6879
1240 3830 4168
2333 158 1240
2373 6095 7804
2373 4403 7056
158 2373 3987
813 4281 7986
813 3185 7595
2900 3000 4753
2900 1081 1220
3299 2414 3108
2259 2414 2517
1271 2259 4277
6008 1271 2506
1271 1408 6316
813 1081 1271
5940 3961 7817
813 63 3961
4144 4609 6516
2331 4144 7688
2379 4992 7256
3825 2379 3740
2331 2379 4721
1185 1222 2331
3305 4275 5756
2874 2667 7313
3305 1185 2667
63 1185 7767
158 27 63
1865 6430 6651
4274 7287 7866
3669 4274 7730
318 3669 6180
1865 318 5107
2465 661 3212
176 386 661
176 254 469
318 27 176
7807 5642 6698
5578 5642 7836
2020 2668 5578
2625 5096 6088
2625 5418 7185
1931 4398 7650
583 1931 2625
583 6113 8442
547 583 2020
3026 962 6526
2484 4091 4834
3619 965 2484
965 962 996
3760 796 962
1141 6330 6661
5612 1141 8404
796 1141 4776
796 547 4564
6296 1269 1604
1134 5118 5291
2833 2653 5627
1134 2653 5476
972 1134 7597
2503 2984 8441
8112 2595 7139
2503 2595 7643
972 2503 8232
697 972 5831
620 697 7098
547 620 2992
547 5992 6011
1269 547 3821
421 547 5664
421 2847 4044
17 421 8094
17 1486 4881
2872 3661 7783
1314 1241 2872
8394 4306 6539
3460 4306 7775
4674 3460 7105
3460 1241 1981
725 1241 5853
7115 2716 5468
2716 725 5540
3772 6194 6912
6102 1267 5106
1267 3061 7457
8287 6189 6884
1267 5340 6189
3772 326 1267
1407 4988 7122
696 452 1407
699 326 452
3186 5448 5622
5913 3059 3186
4670 1952 3059
141 326 1952
141 1427 4237
2513 5921 7157
6018 2513 7383
1573 2513 8100
1568 1573 7521
366 1568 8514
2552 3602 7997
3007 6097 7373
2552 3007 3294
2552 1991 4466
1991 687 8081
1062 6881 7249
7719 2629 4365
687 2629 6849
501 687 1062
7449 3799 8440
366 501 3799
653 2210 6900
653 820 5678
2187 653 3773
366 653 4528
141 366 381
141 2446 3420
17 141 725
17 120 4932
2495 4816 5371
849 1199 2495
545 849 6090
232 545 7939
2042 4441 7479
3627 5943 7464
6440 3627 5032
2329 3568 3627
1809 2329 3464
760 2280 6956
1720 3346 3653
760 1720 8088
2810 5661 6550
966 2810 8065
5403 981 1707
760 966 981
708 760 2263
1809 536 708
536 2444 7062
280 536 3442
3441 280 5221
264 280 7508
264 3414 7126
2416 3183 3991
7984 264 2416
2980 4640 5616
4804 2980 5049
2330 264 2980
2042 232 264
138 232 6406
740 4043 7034
740 138 6565
138 2801 5202
47 138 7927
1376 1869 7762
937 1339 1376
5325 937 6144
2492 3703 8465
937 2492 3950
937 522 7925
1537 313 1373
272 313 6410
675 5365 6362
1764 3303 7974
4173 1764 4238
2780 1762 8328
7536 1330 1762
1764 1048 1330
3365 4936 5929
1048 675 3365
256 272 675
1962 256 3735
256 246 7134
5485 1948 6022
5656 1948 5168
1948 2964 3076
380 3289 6820
246 380 1948
4065 5022 8258
4065 246 4458
114 246 5953
522 114 6263
5068 1900 6990
6297 5392 7962
1492 1900 5392
1492 1033 2428
2054 114 1033
3467 47 114
3571 5481 6062
6190 3571 3686
47 2410 3571
7130 1560 3723
1560 3662 7436
856 1897 7027
4236 3765 5300
856 3823 6137
643 856 3765
643 2990 5780
69 643 8401
802 1226 8576
1099 4297 7664
7118 7348 8555
8538 1099 7118
1099 1182 7983
802 1099 8393
3137 1642 4377
69 802 1642
7086 180 1334
180 1941 3691
2956 5246 7312
2765 2956 4413
2583 193 2765
1300 2011 3557
7646 4387 7052
1777 1349 4387
1615 2005 2254
1300 1349 1615
823 327 1300
2347 1753 8579
209 1753 5773
193 209 327
8020 6411 8454
2270 4331 7727
3947 841 2270
2675 304 841
4152 1498 5644
304 784 2845
3318 4970 6946
8002 5595 7117
5595 3318 3358
3597 1982 3318
1498 304 1982
304 5492 6044
193 304 2088
180 193 6411
5231 1675 4368
1534 180 1675
6949 1252 5936
7766 5368 5774
1016 1252 5368
602 1016 7223
112 1702 5729
7173 5960 7235
602 112 5960
69 112 8111
527 866 2778
1523 1915 6483
2899 1397 6447
2160 2245 3198
2705 5433 6602
4285 7992 8106
3526 4285 7066
2705 3526 5669
6855 3513 8083
2705 3513 5536
2160 2705 6347
1397 2160 5247
1523 925 1397
5995 1377 2824
527 925 1377
69 527 1879
3578 3205 7376
180 69 3205
47 69 1714
1560 47 480
2355 4780 8147
7487 2355 8269
2355 1019 3545
565 714 1019
32 47 565
1333 4539 7786
1333 5903 8115
7667 7893 8003
7591 6640 7785
7667 5467 6640
2044 5112 5467
2621 2044 2050
2044 671 6157
255 345 671
255 331 2012
7682 1306 6510
6953 3214 5521
3214 4114 6460
255 1306 3214
8600 4791 7827
2218 2921 4791
277 2218 5313
5477 5373 5543
4961 5373 6548
1003 4961 6802
1237 4794 8120
1003 1237 3220
1003 6770 7164
2907 5260 8135
1003 3694 7127
526 1003 2907
255 277 526
1294 4384 7044
680 1294 1964
1864 680 2289
680 693 4631
255 600 680
4548 2614 2837
1518 464 2614
258 464 5732
258 5925 6555
3143 258 4717
7474 255 258
1333 32 255
207 2952 4383
8592 6020 7734
6032 404 6020
1390 7064 8209
3095 6513 6724
1390 1904 3095
647 404 1390
261 5804 8335
207 261 404
5692 207 2917
2403 8019 8496
2403 439 2706
32 439 6051
4766 6413 7231
3423 1262 4766
207 32 1262
2367 5899 8244
6862 470 2367
17 32 470
2982 4916 6455
2982 650 1074
143 556 650
3045 5984 6545
3045 1581 7645
8074 1469 5863
630 1469 5580
630 4404 8365
1581 630 896
1700 4710 8489
1700 630 799
630 487 3566
6722 259 487
196 259 6438
143 196 1513
5171 4469 5631
481 1798 6418
4469 481 6977
4119 481 7193
4320 6075 6969
4320 639 5289
3493 3837 5361
1249 3493 3559
6161 639 1249
639 612 1779
481 143 612
6145 164 7101
3458 7446 7910
5037 2544 3458
2544 235 3278
1098 7154 8563
1098 5070 8229
7176 868 1098
4329 868 4170
868 1780 7284
4171 7207 7354
3443 4171 7913
868 795 3443
1037 1474 5859
795 1037 5036
164 235 795
17 143 164
836 7228 7429
4917 5629 6136
836 2694 4480
59 836 4917
2142 5938 7015
5983 3523 4615
2142 2253 3523
2418 1772 2142
1772 4420 5815
1491 1731 1772
2623 3758 7794
2623 1491 7905
3781 5346 5790
1491 1157 3781
1157 6267 6863
491 1763 6109
281 491 1157
92 281 1279
92 3146 4524
6407 92 2989
5024 3872 6060
8420 2457 3872
523 985 2457
142 523 7291
92 142 5498
92 3139 5453
1467 2597 2720
363 1467 8201
3996 1180 6612
1180 735 3041
6405 3353 6737
5025 6067 6731
735 2493 5025
3058 4183 7800
2172 3058 3187
2278 6223 6869
2172 2278 3307
2640 4054 7162
3953 3962 4470
8368 3953 8058
3953 2640 6631
6372 2172 2640
2172 1647 7012
3353 735 1647
5473 5635 8117
6341 5473 7320
5473 5487 5988
3967 5473 8164
2006 1935 3967
1935 2617 4338
735 1935 7350
915 4858 8105
735 915 1745
363 735 7399
1988 2144 4677
363 1988 5034
92 59 363
942 5724 8455
2832 5538 7876
942 2832 7556
1002 3031 8497
4491 635 1002
7308 4793 5259
1318 4793 5192
8452 6374 7680
3126 1318 6374
7502 750 1318
7178 635 750
942 146 635
5157 4414 7106
555 1920 4414
855 1607 1693
2797 2880 8044
847 1246 2797
555 847 1528
855 555 4084
1966 4302 7031
1966 1884 8292
1884 3202 6991
5537 2468 4661
1975 2468 8031
1975 1884 2510
283 1433 1884
146 283 555
5109 4847 5904
4847 2298 6351
511 2147 7250
416 511 2298
416 3461 5440
5239 6653 8350
146 416 5239
1774 1232 4510
146 1232 7896
3450 6511 7338
3450 146 1580
3905 146 6061
1578 4922 6696
3123 1578 6437
146 1319 1578
953 3409 6878
6889 953 8240
59 146 953
27 17 59
2850 816 6077
17 816 3246
2701 3767 7781
601 2701 5491
5527 601 3047
3952 4218 6089
601 472 3952
3475 276 4815
276 2284 6488
3937 276 4737
472 17 276
1825 1983 7634
6457 4736 5122
1825 231 4736
3954 3944 8500
573 3701 3944
4775 573 959
3413 3177 7955
573 231 3177
1052 7000 8525
231 1026 1052
403 1481 2047
2430 5832 7519
1550 2430 8385
629 1550 8098
629 489 6107
3784 6452 8076
5075 3784 6800
8066 6886 6970
3319 2665 6886
3784 508 2665
489 403 508
3969 4288 7564
403 3969 5668
2841 4203 7075
3834 5314 6057
3834 2841 7587
3524 1819 3105
3367 6568 7410
2411 3367 7229
1485 1819 2411
524 1485 4530
403 524 2841
2724 5557 6204
4108 4516 7870
2724 4108 7400
8502 2723 2724
776 2723 4877
776 5002 7220
557 776 3515
297 557 3673
1947 7241 8284
912 1947 2310
5441 6803 8469
2758 5441 7280
6671 2783 4956
2783 2462 3795
2758 1821 2462
1437 1821 4832
1802 949 1437
912 949 1313
912 2719 3215
454 912 8191
1416 5604 7497
1416 454 6604
454 5963 7753
4582 1925 5497
2242 3939 5576
3940 6380 6832
2242 3940 7834
3233 4884 8572
3233 6064 6349
2242 1104 3233
3665 6426 8443
884 1104 3665
1925 454 884
297 454 7924
2950 6233 7398
297 2563 2950
8451 5821 6954
3389 5583 5821
297 3389 7909
3344 2568 8543
5328 3927 4712
3927 2568 7810
4068 297 2568
6593 6085 8405
1216 5987 6085
442 1216 8362
8013 3474 5621
442 3474 6210
4028 4038 4952
4876 4028 5103
2467 5010 8411
4028 2467 3329
6823 442 2467
4204 636 8614
636 718 5890
442 636 3618
231 297 442
17 231 403
2761 3184 8529
1138 2761 3836
1138 3165 5562
1138 2075 7369
1197 4652 8436
1197 7094 8416
1138 1197 4811
1968 7321 7544
105 1968 2745
1138 105 8146
1142 2752 6647
8390 1673 3145
360 1142 1673
844 3448 3639
844 360 3684
1810 1681 3459
1681 5055 5383
8515 1681 5155
1438 6160 8281
503 1438 1681
6261 2537 5143
4585 7292 7690
3391 4585 4645
503 3391 8017
360 503 2537
105 360 5620
1163 5683 7883
493 1163 6926
125 157 1594
493 125 2149
7756 4749 6382
125 4749 5914
125 105 2822
6313 103 105
19 103 8082
7136 4045 4698
3366 3715 4045
8333 7349 7647
7349 4412 8018
7156 154 4412
3315 4841 7918
5833 1101 3315
5389 900 1564
2165 900 4514
1101 154 900
2376 2926 7793
154 1645 2376
1304 4307 6551
25 154 1304
4920 5376 7859
3688 4920 5097
3688 3055 6706
7956 2303 3055
349 1082 2303
894 1512 2645
4765 8189 8456
4765 3706 5426
894 3080 3706
8121 894 2828
2315 3281 6023
2315 894 3042
894 3674 8392
349 894 6771
3366 25 349
19 25 745
379 2690 4883
425 6220 8616
2685 425 2670
379 425 759
6074 1402 8217
8446 1036 1402
433 4831 7708
4915 3907 6293
1078 1974 2929
1790 4489 6577
1078 1790 6071
2881 6043 8582
1078 2881 4343
3911 8097 8145
3405 3911 5320
2243 3405 7486
2243 5457 8277
2390 1986 2243
3275 6027 7037
3275 3768 7960
1986 3275 6940
3935 1986 7844
3024 6633 7826
3024 4550 6579
1986 1078 3024
1078 2053 7598
1078 2472 3538
3907 460 1078
460 989 5674
5439 3379 3567
460 3379 4577
433 460 7538
1036 379 433
753 2727 6178
4768 1827 5059
1827 5179 6552
918 1827 2450
918 2448 6379
1685 7504 8169
5281 1685 3015
918 1151 1685
753 918 3310
7301 1110 4406
1110 753 3532
156 4417 7947
1631 1919 5828
1449 2920 3509
179 1224 1449
179 314 535
179 7363 8142
6063 4995 6819
4995 6132 6390
6621 734 4995
1631 179 734
2111 4356 6795
4814 6156 6363
2111 4814 7365
2261 2638 8315
8307 1973 5912
3196 3930 6239
8204 3196 8367
1973 1811 3196
1618 1811 5792
854 1618 8154
854 1208 7744
1287 1725 2138
7953 1287 4579
854 864 1287
854 3343 7691
6046 6342 7732
6046 1625 4166
1625 2735 3393
1727 3163 6576
5691 1727 4389
4088 1625 1727
1625 845 5884
854 490 845
1363 1730 5163
1796 2703 8499
4982 4100 7247
1363 1796 4100
765 1363 6743
2974 4812 7920
8077 765 2974
749 765 1586
1221 749 6369
6049 6711 7040
3647 3861 5093
4048 7367 7765
3647 4048 6492
6049 3128 3647
7738 1069 8480
1069 2751 4460
3128 1000 1069
1729 6462 7578
2308 3308 7179
5743 6134 8200
8137 3766 5743
6659 2308 3766
5381 2212 2308
3562 3976 5870
3328 3562 4372
2588 4328 6973
2588 7673 7692
2212 2588 3328
1000 2212 5565
1000 3203 7805
749 1000 1729
490 749 6506
2261 215 490
215 250 2618
982 1328 1921
7916 982 5026
1856 215 982
2111 183 215
183 1602 6955
2505 5860 7698
901 3097 4856
4030 3696 5033
1044 2769 3696
7822 1044 2795
1044 4628 7532
2763 1044 3206
901 1044 4268
229 901 1873
183 229 2505
3732 4261 4963
1664 3732 5305
1664 2538 6517
179 183 1664
753 156 179
6272 6806 7242
6272 156 5941
379 19 156
19 4927 5836
19 2250 5405
19 364 6329
293 2090 8343
19 368 3819
21 4477 6080
1694 2772 3573
715 1694 5605
3361 6255 6975
715 3361 7413
375 715 8034
5195 5707 6674
1095 4187 5195
1095 375 1422
7238 1189 6866
858 2409 3924
1189 858 3498
858 4359 6166
2239 4042 5738
4450 1680 6466
8290 3166 7109
1680 3166 4296
2239 1051 1680
2534 858 1051
858 375 4846
1672 1845 2918
848 1672 2069
171 848 4189
171 2055 2906
375 171 8312
2842 2481 4607
171 21 2481
4010 8194 8554
7362 1838 7565
1838 3236 4509
1055 5369 8585
21 1055 1838
1887 4098 5730
4010 21 1887
7252 80 5345
80 7007 7084
7592 4828 6968
8050 4597 4828
1228 4597 5321
5528 6858 6895
4998 7209 7404
5528 4409 4998
1228 4910 5510
3364 6693 8506
1228 3364 4120
80 1228 4409
7146 4526 5526
4526 2714 7935
4373 926 1181
4025 2915 3655
2224 3488 5979
926 2224 2915
2714 237 926
237 1289 6892
4080 3116 7858
237 2350 3116
4778 6019 8155
1317 1960 4778
2104 3332 3535
2104 3828 7063
478 1317 2104
2116 5156 6078
2383 2116 3899
5975 6150 8397
5975 2116 5449
8062 1828 2116
1828 478 2156
5110 1565 2016
1565 780 6384
780 1977 6713
237 478 780
6461 80 237
2233 6636 7477
80 74 2233
3912 595 3387
595 1356 6831
266 595 4034
2381 2222 8126
6257 1187 2222
8319 5363 8360
2970 3798 5363
3660 6807 6868
7792 3660 8216
2279 3631 3660
7950 3018 5412
7758 2279 3018
2279 1372 4829
1324 4981 7442
1324 5268 8166
1187 1324 1372
1187 5432 6235
1137 1187 2970
1050 1071 1137
7976 2682 3043
1050 2119 2682
417 1050 1429
2014 3274 3668
1459 417 2014
288 2024 8211
5293 6168 6883
6758 1507 4673
5551 6211 7332
5551 7582 8581
5551 5861 6470
3321 5551 6667
5699 3321 3870
1507 6195 7467
1203 1507 3321
5519 3288 5380
5293 1203 3288
807 2570 4289
443 807 1203
417 288 443
288 5505 7616
266 288 7563
266 955 5937
4102 3499 8212
4318 3499 4561
1657 3463 3499
1657 569 810
1754 266 569
191 266 4933
319 2439 7579
2027 2581 6456
3077 7096 7158
2027 3077 4036
591 1146 2027
191 319 591
3297 191 6864
1922 4005 5826
6164 1922 5878
191 74 1922
2205 3663 7841
21 74 2205
293 19 21
11 19 4397
980 5479 7374
1682 1638 7303
1638 1156 7666
980 1156 2721
3138 4239 4251
2427 3138 7928
6400 6846 6885
2427 4286 6400
1382 2427 3422
1367 1382 3958
3698 980 1367
3348 11 980
4194 7372 8253
4194 1669 7205
3558 1123 1669
2823 7211 8262
2388 3751 5711
1123 2388 2823
4482 1053 5829
1053 1061 6573
1123 515 1053
515 584 1850
515 1755 7520
11 515 5045
4217 6570 8584
329 4217 5191
6554 1057 5444
1057 4954 5379
1190 7180 8378
5177 3938 3993
8320 2869 3938
2869 1599 2109
5273 1800 6408
1190 1599 1800
2958 1057 1190
329 684 1057
361 741 5387
5020 329 361
8396 1122 3780
1858 5775 5974
859 1858 8162
859 1841 4250
2521 7267 8222
1024 2340 2521
859 1024 7204
401 859 1122
5362 4493 5637
5757 4222 4493
401 2887 4222
1472 7848 8005
401 1472 5573
5735 5395 8418
5395 2791 4263
8271 3802 4945
2895 4421 5256
2791 2895 3802
401 2791 3955
68 401 7581
6403 3140 8530
3612 1125 3140
1125 2590 2753
4656 808 1125
6827 5178 5442
663 808 5178
824 5297 7832
663 68 824
1217 1335 1623
68 1217 4143
329 51 68
11 51 7299
5184 3072 7522
2575 147 3072
76 147 1277
537 2577 6842
537 3298 4116
387 1624 2748
1932 4454 5445
4781 1034 4940
2622 5610 5811
2622 1034 3023
654 751 1034
1670 654 4696
3350 4531 8526
3350 6242 7693
2836 3350 7113
686 2836 2933
686 654 3512
1932 387 654
1160 4618 7339
3167 4709 5759
1803 2986 4989
3167 1160 1803
387 166 1160
76 166 1606
537 76 2000
7632 2199 8248
11 76 2199
611 1936 2207
611 1171 5119
1017 773 8476
11 611 773
2318 1120 6319
1120 236 2548
8 11 236
3359 3338 3974
2582 2949 3338
188 2582 7613
752 6058 7385
752 5028 6084
3036 7149 8548
3036 2671 2876
2404 4101 8049
752 2404 2671
461 752 2407
1582 1627 6616
5731 5844 6304
2652 5731 6026
1877 3008 4742
1582 1877 2652
6307 2215 5401
1582 2183 2215
1582 1389 1527
711 1389 3531
5942 711 6201
461 188 711
4697 8024 8485
5088 3676 4697
2125 3676 7675
2125 2322 3492
6308 4145 4703
3877 2125 4145
4014 7302 7733
2125 775 4014
6719 5592 6197
4754 4581 5592
4303 3384 6126
817 3384 5709
1544 4827 7749
817 1544 8279
8449 3800 5657
817 3800 8513
797 817 8140
7700 2247 4021
4581 797 2247
775 188 797
970 2051 8010
2798 4506 6415
3659 1499 2798
188 970 1499
242 8 188
2422 336 2608
4567 7334 7772
4439 1332 4567
880 1332 7712
8 336 880
310 5021 7466
7540 8 310
17 4 8
4 6291 8071
1383 2087 4017
737 1383 7401
928 1100 7047
3620 4155 5712
2527 3620 5183
3689 5980 7426
2527 1793 3689
4941 5309 7336
947 1793 4941
950 4077 8207
947 950 1455
947 5102 8546
4270 947 5994
4734 928 947
8388 169 928
1027 5004 6657
161 1027 4215
5248 6888 8412
168 5248 5501
169 161 168
917 4186 6960
1201 5535 8541
5504 917 1201
4958 449 917
161 449 3267
8494 4279 5624
4279 5124 7814
2942 4279 4378
4240 2942 7863
161 2942 7014
12 161 6857
3581 3094 3287
3094 2031 7416
444 2031 7203
7438 2460 6493
2460 3617 7364
2460 1380 4446
1622 3377 3876
1622 1380 1924
1290 444 1380
6489 206 444
344 2757 7889
712 3744 7838
5839 1684 5326
768 1684 6591
2607 4543 4813
768 1738 2607
6818 712 768
712 344 7125
344 206 5046
1965 3330 5561
2454 2549 3497
3180 4926 7636
3180 2598 5809
2226 2598 7515
2226 2361 4859
2454 1965 2226
4885 1635 4254
1965 397 1635
6167 579 7963
397 579 6669
7415 397 6670
3804 7612 7898
3804 1703 6690
397 1316 1703
7273 7707 7798
397 269 7273
827 7387 7806
269 827 964
269 5105 5316
206 269 3472
737 12 206
12 1511 4666
2313 4 12
546 1121 3014
546 107 800
3063 5742 6580
3412 2512 4648
2081 2421 2512
2081 1278 7757
1278 3250 5014
8015 1303 1630
107 1278 1303
3063 107 5838
1325 2609 6449
4676 7754 8305
3051 4676 7060
1214 3051 3188
1820 7534 8025
6709 3522 6249
3431 1820 3522
1214 1820 3592
1415 2631 3006
1214 1415 2831
1214 1696 7389
1364 2584 5625
3749 1364 6660
4106 1214 1364
1325 512 1214
902 951 4719
1556 6256 6941
6281 1556 6214
1154 4027 6704
902 1154 5907
1556 902 7259
2742 3440 4118
7135 902 2742
298 512 902
3 107 298
7050 1699 5798
1699 1248 4029
3 1248 5517
4112 7270 8381
6668 4112 4875
75 1722 4112
75 390 3124
3886 75 5949
4 3 75
1639 3197 6630
7576 6951 7133
6780 5225 6951
1639 2940 5225
1112 1639 7337
72 1112 3540
186 299 2775
4064 3630 4473
3479 3630 5495
6814 724 3479
186 724 3090
607 4888 8127
186 607 6419
6710 7182 8009
7630 6710 8422
5736 1532 8089
1532 2319 5165
6710 483 1532
4072 5142 7358
3867 4072 7877
3868 2412 3867
8399 483 2412
5151 371 483
5236 371 5659
692 1572 3583
408 692 8270
408 371 510
371 90 6508
186 72 90
8492 3415 4773
78 1552 3415
1654 2346 2559
1654 1140 4022
7855 78 1140
78 3859 5343
3814 3866 8426
3814 352 5196
5308 3588 6227
137 1441 3588
6627 6945 7022
1671 4243 6627
1608 1671 2925
670 1608 3851
3943 670 4485
1158 3839 6821
5675 1158 1526
3582 1194 3917
1158 1064 1194
137 670 1064
72 137 352
6232 4424 7604
2839 4353 6585
4424 1170 2839
2401 6776 7907
181 1170 2401
78 72 181
7 72 5594
7 3403 4430
7 5455 6048
2968 4979 8004
98 2968 8273
4374 2325 8423
1653 6485 6680
2325 98 1653
333 732 6712
8445 98 333
794 3587 7255
1292 4679 5930
7197 794 1292
98 7 794
128 5415 5982
128 1701 1926
1211 128 4472
7585 3757 4839
3757 1840 2276
4729 5760 7501
1840 4729 6082
860 1840 8482
8550 984 6961
860 984 3171
7715 476 860
3544 4849 6290
1976 2916 6880
3312 2684 7053
2360 2684 7570
7346 7873 8295
2360 2654 7346
3945 2360 3131
1976 1202 2360
1307 2471 7531
1307 1458 8007
3255 4164 7244
3255 6942 8026
1307 1614 3255
1202 1307 8487
762 954 1202
2135 2560 4823
4449 762 2135
2805 6882 8472
1323 1996 2805
1323 5518 5571
762 1323 5035
3544 476 762
6193 1563 6065
128 476 1563
4249 128 2635
22 395 3336
8283 1726 3622
6428 2576 6624
1557 1726 2576
3453 1557 3992
3407 3432 5525
3407 5042 7341
1557 3407 4278
394 1557 7525
4785 22 394
22 6443 7802
2018 7490 7702
2018 3070 6944
1490 1540 2018
1633 563 5323
4590 2676 4862
994 2533 4792
2676 678 994
4159 7751 7764
678 1515 4159
2033 2821 4092
4578 2033 7649
2033 678 4797
678 563 3922
6793 5137 8298
563 2877 5137
514 2301 7714
4678 1620 6404
5077 3914 7447
514 1620 3914
29 514 563
29 1212 4921
22 29 1490
7957 1209 6073
7215 22 1209
128 7 22
7 2258 6432
15 3447 6837
1365 1566 3593
65 4150 8447
2193 4322 8473
65 2130 2193
219 1597 2314
1365 65 219
4163 6182 6549
4390 3607 8327
4163 2228 3607
1579 2228 7314
7251 4532 5512
2400 3111 4532
2400 1907 6600
1907 1980 4256
6556 1579 1907
1579 6010 7128
1775 5882 8177
7324 1775 7654
6115 1775 3257
65 1579 1775
7968 5753 8596
4165 1619 5753
15 1619 6202
2148 2217 7739
6723 7090 8533
6723 2148 4855
7513 2696 4185
2696 2555 6524
2555 2206 7196
6268 2369 2860
2369 2688 7281
2148 2206 2369
886 2148 4986
886 121 3481
210 2384 3835
6237 8252 8356
2840 2790 4109
4944 5335 7026
4435 4944 5341
4410 4435 6988
2790 1893 4410
2445 3002 3421
6140 3785 8338
2445 2796 3785
3189 2445 3569
6507 1893 2445
6237 709 1893
7803 4603 5342
1435 3621 4603
709 1435 7980
3056 2556 7382
5209 3849 7550
2556 1305 3849
4613 6423 7073
7409 1368 4613
1368 2060 5609
1835 1368 7278
1305 709 1368
7124 210 709
1561 5292 5618
1231 1561 3121
5411 1231 2896
1231 210 5658
210 2712 4763
517 3434 8375
517 2662 3576
517 2362 8221
1414 1054 5754
1054 1801 3427
8095 605 1054
8498 5355 7091
517 605 5355
7593 517 4835
210 517 3747
691 121 210
65 15 121
3373 6752 8254
4735 1090 3373
7356 248 1090
8359 248 5374
2905 7237 8347
2905 2126 8197
1161 1091 2126
638 1042 1091
4538 2602 7543
1263 1715 2602
2976 3309 5581
6619 1298 6734
2282 3854 6158
8345 5744 6245
5641 2083 5744
1391 2083 6224
2282 1391 3677
1263 1298 1391
2976 1263 2146
5158 1263 4184
7936 719 3541
719 3579 6764
4304 7590 8575
5785 6186 7017
8593 5185 8448
5185 4806 5299
4806 4757 7705
4757 5765 6530
5785 4304 4757
7046 3549 4304
719 2004 3549
1263 638 719
6826 1917 3629
1692 4298 5570
638 1692 5462
248 638 1917
15 248 4427
2476 1329 4020
240 1329 6014
6897 1083 5460
1083 5474 8414
240 1083 2180
4850 4457 5352
6502 8458 8512
3130 4457 6502
3852 5530 7970
3314 3852 4913
3081 3314 7541
2528 3081 6581
1505 2528 5589
889 1505 5488
7892 6844 7045
1504 2248 6844
1504 3858 8130
1014 1504 4651
889 1014 5670
240 889 1875
15 240 3130
7747 1452 1525
577 1452 8250
89 577 4423
89 3020 8521
89 1462 5769
7 15 89
529 7 1188
2169 7444 8056
1665 2169 8247
4349 3879 5135
6203 952 3879
2461 6196 6301
2461 4434 7008
4843 2461 3098
608 952 2461
1176 3227 8048
689 1176 6300
689 6608 7900
608 689 840
56 608 1665
2182 3052 3230
2182 2731 8351
3456 1632 2182
488 5222 7004
1632 213 488
1128 8564 8568
1704 2251 3046
3219 3134 4608
4759 3682 6519
1704 3134 3682
1102 1704 3429
7787 3624 8296
3624 3771 5394
3624 2312 6811
1102 2312 2943
213 1102 1128
3957 1164 5958
2704 213 1164
56 213 8461
4381 1022 6264
1022 5066 8134
875 2666 5384
4800 5007 6435
4800 5063 7606
4800 1943 6155
8567 3666 8444
2969 3079 3666
875 1943 2969
1520 1829 7165
185 875 1520
56 185 1022
56 3323 7187
198 8180 8427
587 1394 5429
587 1901 5783
5985 3229 5710
3229 4718 5302
6699 2202 3229
7357 587 2202
587 2171 3380
2934 4174 8591
923 2934 6996
923 2728 4292
198 923 7272
5797 199 7265
587 198 199
355 1778 6277
7067 3477 8299
355 3477 7742
355 3217 5454
2768 4522 6733
1001 4507 6676
1001 3241 8099
355 1001 2768
198 355 5666
56 198 6801
3601 94 5871
2211 5808 8522
1516 2211 4957
2343 3960 4207
1283 2343 2507
2868 2692 5144
2185 2692 5772
2185 2265 4284
1516 1283 2185
5243 6299 7572
5174 5243 5443
289 5174 5889
2827 3439 4635
6950 2123 2827
2123 3445 3713
8282 289 2123
94 119 289
56 94 1283
3 7 56
4205 2449 4897
2449 42 5486
42 3711 7161
3 42 7760
43 2 3
6350 1 2
559 2098 5993
5043 559 3667
1471 935 1641
6654 2793 6834
5153 881 2793
881 3240 6143
818 881 1634
559 818 935
77 559 8119
5909 6610 7100
723 5909 8615
723 3247 7882
905 2274 6050
905 3337 3841
905 2579 2951
723 905 933
77 723 2091
1132 77 3632
3699 4912 7359
5795 3699 8150
3699 2747 6938
2203 2747 3797
50 2203 4820
3829 5009 6285
669 1783 3829
8374 6179 7035
669 6179 6715
6253 916 8257
669 974 3842
916 669 5819
669 5094 8231
50 669 1757
8453 6306 6691
2792 6306 8357
1979 67 2792
1770 3444 3565
54 1770 6284
6605 3704 4878
6899 2189 3704
6984 2189 3208
2189 6024 7743
2429 6725 7709
5294 2429 5050
2189 2429 6229
1739 1218 2189
1218 2504 2873
2437 4755 7553
3580 4282 7823
3580 2437 2627
3385 3918 6666
2437 3385 8220
1218 2437 4774
54 6038 7496
54 3087 4380
1218 54 2204
1648 5120 7557
1381 1648 7371
5029 1381 5111
50 54 1381
7494 4731 6766
2878 4731 6929
6106 2878 4779
1183 2878 5104
1183 3664 6343
7083 1183 4496
50 285 1183
2960 86 8467
67 50 86
77 1 50
10 6825 6915
6103 838 4099
838 7103 7888
838 2029 2589
838 279 6534
4475 2669 3157
279 10 2669
1851 7879 8125
1844 245 1851
6703 698 2003
698 5338 7596
385 245 698
4063 4919 6867
2867 4063 7306
245 61 2867
61 520 8086
10 61 2092
3645 1650 2013
4464 2939 7366
2939 2784 5600
407 1650 2784
407 4336 6767
1746 6003 8598
1503 1746 1766
1503 5490 6273
1503 4845 7081
4937 1503 4807
467 7082 7878
467 1508 6421
1503 467 4595
6409 2358 3064
2296 5566 6557
2358 467 2296
4987 407 467
911 1447 6431
3478 911 3753
891 1353 3812
911 891 6851
891 2151 2494
132 891 1637
3486 4219 7518
132 468 3486
7384 5545 6015
1861 4747 5545
4497 5317 7718
1861 4497 6877
3451 4271 5219
3451 1861 8061
132 1861 6429
2359 2988 4172
3158 3110 7439
2359 3110 4501
4784 1432 2359
5685 906 1432
5615 3462 7227
549 2904 3462
1677 2539 6478
4802 1677 4547
906 549 1677
3490 362 549
132 1336 5279
66 132 362
3551 4461 7039
3551 877 5922
221 877 1706
4210 3213 6036
7849 1867 3213
348 1509 4246
221 348 1867
407 66 221
5099 5706 6055
5159 5099 5608
5099 2737 6859
2100 5874 7958
2007 6278 6364
6536 5027 5132
5027 5482 8103
2007 5027 7706
2535 2007 6188
411 1541 2007
411 4354 6559
353 411 5801
474 2294 3848
8300 474 1443
1652 1882 2808
920 1652 3221
474 2713 4257
2190 5849 8259
474 2052 2190
920 474 6206
2100 353 474
4586 6397 6901
2121 3355 7821
1736 2121 4586
2394 2882 7657
3517 4521 7089
3850 6999 7055
3517 3850 6531
2038 2394 3517
2038 1736 8202
1213 1736 2923
3543 353 1213
2737 66 353
8280 66 2158
3495 5258 6749
3435 3495 7842
66 2066 2955
6099 7461 8218
136 2835 6099
2888 3585 6317
834 2888 6181
435 834 3218
435 7546 8039
435 136 2853
136 2897 7811
3435 66 136
5264 4003 7943
7773 4003 8466
6104 1824 4003
1824 1482 6325
1482 3290 3730
1482 201 8597
5593 4004 7629
1488 2946 8355
3533 4009 7697
3595 5131 7088
3595 3533 4949
3383 2174 3533
5850 2174 6810
2174 1488 5307
1488 3640 7637
1488 1015 5198
4004 201 1015
222 3363 6845
3902 201 222
66 13 201
13 3248 7253
5910 7186 7335
3009 564 5910
2838 2935 8580
4443 1162 2838
6918 1886 5349
1162 1886 7093
2140 2894 5240
1162 7857 8505
846 1162 2140
6896 3776 8353
6040 1442 3776
564 1442 3395
241 564 846
241 6389 6779
548 7378 7535
1784 6021 7717
5611 5529 7509
1784 2281 5529
3238 1401 1784
1401 560 882
2710 6401 7694
4363 7539 7901
4363 2710 3900
2710 3973 3989
548 560 2710
290 548 7104
6673 1842 4041
1842 766 7651
6763 3778 5558
766 3778 7144
766 290 4130
1863 241 290
321 1687 5304
5857 321 6736
465 6246 8403
6068 465 1230
7884 1423 4685
3452 6622 7218
892 1423 3452
892 465 3762
4830 321 465
41 238 321
446 1969 4062
7852 446 2893
4880 323 446
722 1990 5082
1023 722 968
2396 2566 4015
8080 5272 5673
2536 2991 5920
2396 2536 5272
5133 7260 7825
5133 6772 8511
4751 5133 5677
722 2396 4751
6828 6208 7886
424 722 6208
323 424 1818
5602 5689 8349
2909 5560 7853
5602 2909 4934
2909 668 5366
5740 6598 6641
5639 4622 5740
5332 2807 4622
3066 4079 5023
2442 2807 3066
4146 5701 7061
4146 5648 7414
2413 4146 8001
2442 2269 2413
668 2674 5546
2269 668 5928
588 674 6387
2342 1709 7875
6786 6345 6417
6345 3603 4358
1207 1709 3603
1207 3975 5175
1207 3885 4287
668 588 1207
195 323 588
195 4844 8288
879 1530 5700
7748 3920 7676
2262 2485 3920
879 2262 7325
3468 5253 7462
3468 3680 7049
1789 2554 3468
1789 3722 6981
1084 1789 6625
7454 5854 8491
3075 5465 7469
1084 3075 5854
879 1084 4214
447 879 7236
1522 5447 8490
447 1296 1522
538 447 3705
195 7830 8402
195 3019 8193
447 195 637
5048 5382 6962
485 3692 5048
2110 3242 8046
6515 5322 8608
2954 2110 5322
6560 1250 2110
5745 4690 6096
4690 1689 6138
1689 4016 8079
7880 1689 4693
1035 1689 3224
485 1035 1250
195 116 485
3589 4333 5336
919 3589 4705
1174 2693 8618
919 1174 1585
7340 2518 3029
2483 1068 2518
6583 919 1068
3268 4031 6652
4399 919 3268
457 919 1584
457 998 4714
116 457 6234
48 116 7188
244 2787 7906
262 6847 6986
2323 1571 3340
1666 262 1571
6037 6173 6642
6371 2238 6037
244 262 2238
8524 571 4260
1457 1255 1315
244 571 1255
7704 552 842
251 6286 8184
2928 907 8439
2664 251 907
552 244 251
597 7917 8160
2855 2975 6250
597 2855 3228
5039 5952 8573
6441 5039 7011
294 597 5039
294 1870 6120
6275 1756 7057
1233 1756 4223
1233 4362 4842
3909 3406 4323
4087 1603 3406
4930 1233 1603
6391 294 1233
1961 5872 6222
1430 1961 6005
5671 1430 3092
1496 1430 6783
244 294 1430
1718 756 781
756 244 7505
2065 3194 5470
7119 2065 4950
244 149 2065
1822 7967 8245
7552 1822 4121
3687 4140 6812
3687 5427 5628
3687 2630 5947
632 644 2630
149 632 3249
91 149 1822
3529 3615 5283
91 3529 7266
5932 5967 6185
5932 5531 6791
5531 5262 8595
91 2891 5262
2094 4095 6451
357 1321 2094
897 1686 5720
944 1678 7304
897 944 6963
144 357 897
1510 7246 8116
1510 144 3986
8040 1483 5626
91 144 1483
48 91 4854
3174 3362 8503
4492 3162 7577
3174 57 3162
1247 57 7170
2378 2826 3057
5966 5734 6353
2756 3304 5734
2378 843 2756
1713 4136 4272
2227 4864 5568
843 2227 6311
48 843 1713
57 48 5509
41 48 2078
6148 832 5880
3599 5746 8617
3534 4612 6092
3270 3534 5019
3633 3931 6860
3599 3270 3633
3335 3093 3270
41 832 3093
1589 4078 7453
2010 3191 5858
1097 1589 2010
746 1097 3894
7054 8314 8577
2434 4822 8174
1133 2434 6053
7054 746 1133
2344 6219 6491
746 2344 6707
746 41 284
2433 4683 6692
2385 2433 7380
2611 2385 6112
71 2385 8012
5018 2498 8223
3904 7002 8558
4369 2892 3904
2892 4225 4604
2892 2273 2455
2498 1743 2273
7148 660 1743
3489 5282 7687
2643 3489 8612
312 660 2643
126 312 2927
1656 4889 8057
6383 5205 6328
2320 4483 7033
1656 2320 5205
126 1656 2375
8459 71 126
7771 41 71
241 14 41
3149 6620 7594
7815 3149 7628
2558 4295 4478
6822 4206 7799
4161 4206 8073
3149 2558 4161
4752 1913 2558
466 551 1913
5372 4177 4535
610 3172 4177
4724 1804 5549
667 1804 5950
5766 3763 4141
3763 2295 3708
3109 667 2295
667 6388 7121
667 610 7528
610 466 8395
18 2201 6002
466 18 2680
3745 2967 3291
1501 2967 7824
553 2115 5287
4192 6366 7329
553 2406 4192
730 7551 8560
1350 6655 8293
3446 2079 8424
6520 3050 4167
3050 6729 7368
6663 2079 3050
730 1350 2079
4798 3521 4745
730 3521 6978
1562 553 730
1501 311 553
1972 2994 6327
867 1972 5799
1712 2908 4067
1712 867 1751
826 867 1021
8136 826 5410
7177 826 4999
309 311 826
18 309 830
8195 4701 7151
2337 4701 5511
18 922 2337
33 6590 6987
1903 5176 5416
1903 1999 5867
1903 1312 3736
5827 6039 6563
5827 1717 1902
6004 4191 4235
1312 1717 4191
7641 6643 8165
4484 2861 6643
1489 1431 2861
1431 4664 7845
5923 1312 1431
5927 5703 8266
33 1312 5703
33 789 805
7388 4000 4444
1028 4459 6753
4909 609 1028
4000 36 609
2061 2816 3824
3038 2061 3746
2628 3783 3998
7427 5062 6100
4964 4976 5062
2628 4964 6425
3132 5190 7623
1398 3132 6902
37 1398 2628
37 1440 4232
8463 4508 4728
4650 4508 5074
6368 5207 7430
4965 2545 5207
4508 1830 2545
8023 6566 6746
37 1830 6566
822 6467 8072
2987 37 822
2061 36 37
36 2660 7212
159 2729 4348
3717 36 159
8570 33 36
499 2063 7254
5886 6923 7945
873 5886 7537
6365 6213 8042
2859 2086 6213
2086 3264 8185
8227 873 2086
873 2150 3382
2843 1126 5969
499 873 1126
2241 499 4853
499 1225 5767
4833 499 4911
7437 492 6813
499 192 492
3548 5653 6378
2389 3548 5606
2389 5845 7434
1426 2389 7701
5138 1426 5047
7790 1175 1426
109 192 1175
109 1299 1595
4918 6739 7516
4918 6228 6716
6468 109 4918
35 109 7835
4879 2491 3977
2491 2287 5502
3033 4479 5802
6029 3033 3073
2287 3033 5359
1732 2287 2393
1732 3887 5041
617 1463 1910
617 833 7222
617 5934 7517
617 4573 6908
617 202 2825
7860 4870 5164
4870 2941 8289
3226 3678 8310
3226 5515 6385
2941 3226 5344
6434 2500 6323
450 1094 2500
202 450 2941
5582 5796 7460
4001 4182 6309
5582 1018 4001
202 592 1018
1732 45 202
2267 500 1041
500 1282 8101
646 500 2648
1456 500 7360
7120 4049 8366
5636 2615 4049
6230 1506 7298
904 1111 1506
521 904 969
7938 997 3331
1621 2809 2846
5275 6070 8208
1852 3805 5275
2486 3777 5315
1852 2486 7233
997 1621 1852
521 997 8589
521 2415 7480
45 521 2615
35 45 500
7995 4914 7741
145 1500 4914
7583 2572 3856
1451 2572 6958
432 145 1451
4625 4026 4175
3652 2095 4086
5556 7562 7571
4817 4931 5556
4817 5227 6486
4817 5737 6445
4213 4634 4817
4213 3611 5223
3611 2806 5588
755 2095 2806
2803 5516 5587
755 1747 2803
1574 755 4126
4660 4644 8532
7638 755 4644
4026 325 755
2438 145 325
3941 5254 7937
3342 3941 6360
3342 5997 6433
3342 3368 8187
7890 3235 5721
3342 2776 3235
2776 2708 3016
150 2708 7208
150 983 2523
150 2480 5810
35 145 150
5672 5959 7891
35 1039 5672
35 148 623
33 4523 6718
1114 1874 4244
46 1114 8556
2037 6735 7102
1424 356 2037
6072 4107 7952
356 4572 5357
46 356 4107
2953 2985 8474
7422 7558 8129
3574 3893 7422
2953 3574 7769
5851 1439 2953
7685 1439 6876
393 1144 1439
275 393 1236
7071 3728 5324
3030 5241 7934
3728 275 3030
275 234 1487
292 2225 4097
3117 4658 7922
5694 4266 5680
6646 3117 4266
2459 2854 3117
2764 2459 2673
7503 292 2459
2157 2268 8332
79 292 2157
4247 5057 8124
3292 6059 6614
505 3292 4247
4592 1970 2522
695 2152 3501
871 885 6033
5242 871 3972
871 2307 7239
7979 695 871
5370 5215 7843
3375 695 5215
1970 505 695
3232 596 5417
596 604 5633
79 93 596
764 1284 7330
5211 764 5271
764 4691 7716
764 930 5388
1420 2526 4558
7745 3273 5216
1420 1785 3273
1420 764 878
505 79 764
234 46 79
2947 2475 6153
5945 5134 6595
46 2475 5134
4193 6893 8535
1475 5728 8334
5480 3404 6356
742 1475 3404
2102 5312 7903
1839 7234 7669
1839 7456 7867
1662 1839 2102
742 1662 6830
5883 5989 8213
8607 3011 5883
2650 2175 3011
4193 742 2175
3127 3293 5842
3017 3127 5825
2817 3017 4748
4960 3888 8509
742 2817 3888
5935 3175 3295
46 742 3175
33 46 6677
18 33 35
302 413 3810
88 302 6324
373 3022 6221
373 2141 2283
316 373 3700
422 3906 7912
3981 4148 5693
7297 422 3981
4394 6853 7168
316 422 4394
2686 6276 8599
316 534 2686
8175 2048 3921
88 316 2048
88 2564 4617
7872 1690 7610
2496 1690 4401
1345 2252 7545
1690 1345 7419
182 1345 7201
6768 4971 5719
4142 5894 7746
3327 2302 4142
2302 2514 5493
666 2302 7160
4971 182 666
4314 3141 4157
351 3141 7408
815 2657 4226
463 815 4190
463 1885 4299
3200 463 1570
8203 6302 7214
2266 3265 7996
6302 2266 3001
2266 463 1370
135 351 463
2257 3473 6873
825 2257 8406
603 825 6720
1342 2699 4790
603 427 1342
1871 1253 3040
427 1253 3542
507 991 8413
427 507 4498
216 427 685
1143 1843 2871
1836 2993 8236
3044 2164 3089
1836 1859 6501
1605 1836 2164
706 1605 8143
8540 2785 5891
706 2463 3883
332 706 2785
1400 6829 8574
1400 1411 7665
441 1400 1908
8113 1464 3965
1464 4559 7658
441 1113 1464
441 332 2008
1143 268 332
5686 216 268
216 1993 3990
7221 4623 8565
4396 4623 7897
135 216 4396
7463 1588 5613
182 135 1588
8027 2509 4355
2725 3068 7972
2509 2725 7326
6615 2591 4818
2591 1918 7070
8261 4852 4905
4575 4852 7586
1918 4575 4871
1186 1529 1918
2466 1186 8410
6584 6816 7731
135 1186 6584
4241 1733 8354
135 1733 7450
88 135 2509
496 5603 5956
496 581 6251
88 496 8132
3818 1012 1362
1012 4324 6914
7116 2424 2707
1012 1938 2424
58 88 1012
6052 6742 7695
6052 3994 7801
3994 1514 3369
1514 2722 6393
1393 1514 2511
5908 2977 8038
1393 2977 5115
1393 1379 4619
8534 58 1379
5868 4294 5770
8419 5430 8309
5430 1086 7403
4294 58 1086
58 204 2229
5957 18 58
8153 4722 6875
4722 4706 7959
2965 3491 4706
1569 2965 5716
4662 6424 6472
3855 4662 6373
1569 3173 3855
1229 1569 6436
1251 6835 7548
14 1229 1251
13 14 18
7191 6139 8047
4545 6139 7305
13 2557 4545
4422 453 2186
453 4395 8383
278 2255 4570
1302 5125 5212
7394 6965 7674
8317 1302 6965
5591 4973 6348
1302 785 4973
785 278 5916
278 2288 3832
1268 5879 7048
657 1521 4468
657 2107 3502
482 657 7317
5978 5902 6141
482 3641 5902
3065 3048 7333
4360 6611 8183
4360 5172 5356
5087 3483 3913
4360 1795 3483
1795 4741 6756
8114 1795 4704
3048 890 1795
2349 1291 3710
890 1291 1724
486 890 7431
482 486 7964
6623 513 3764
482 513 1958
115 482 1268
4868 1786 4471
6635 7274 8551
6635 7181 8336
5464 6086 6635
1786 5170 5464
1059 1786 5067
1059 2264 7603
127 1059 7316
127 4711 4821
2348 3151 5404
1020 2348 4094
127 1020 5876
4863 1480 4861
1480 5251 7347
1480 1421 7475
1235 2659 5539
3311 1235 7311
5779 6163 8313
1235 5779 6087
1421 365 1235
8278 212 365
7472 7527 7944
4124 4546 5896
7472 3339 4124
7470 1940 3339
1940 494 1205
243 359 494
1264 5807 6995
1264 2335 7601
243 572 1264
2864 2599 6839
5786 2599 2912
2599 1198 1995
8519 1493 5619
1493 1198 7361
8433 243 1198
958 3091 7309
7009 5837 7614
958 5837 7225
243 958 5961
4252 6450 7275
1261 4252 7397
5353 1450 2155
5972 2305 7661
1261 1450 2305
1261 5017 6422
2919 2223 5350
2080 2223 5503
1261 243 2080
2879 212 243
376 4801 6169
5762 5906 6101
1758 4819 5762
376 1758 8224
376 1008 1750
376 739 1872
3702 4196 5822
8235 3449 3702
1794 3449 4808
4061 7514 7961
376 1794 4061
212 127 376
3333 418 3370
418 5456 5614
2096 3516 6910
1992 2096 7327
2231 8006 8055
1204 2231 4629
786 1204 1992
2978 4366 6335
786 2978 5406
170 786 3809
418 170 1600
876 1087 6569
127 876 1032
170 127 6127
519 4555 6870
3386 519 4081
519 2213 5091
127 519 1708
3074 2131 5812
127 1239 2131
977 2811 6322
2304 2733 4149
977 2304 6547
977 1344 5189
127 803 977
278 115 127
453 101 115
6788 6212 8407
4686 5005 6212
7899 3283 4132
4686 3078 3283
2246 7942 8542
3586 2246 6444
479 3504 7580
5877 6118 8167
5877 3005 5331
1243 688 3005
1310 1752 5092
688 1310 7931
1575 4276 7471
479 688 1575
101 479 2246
1878 2802 3675
8029 7648 7990
2931 6338 7648
2366 2931 4993
5079 5226 7500
2366 5079 6525
828 2366 7224
3210 945 4598
945 2137 4659
1878 828 945
656 828 3129
4556 6453 8196
4556 717 7245
5285 717 6934
4474 656 717
3078 101 656
55 3628 3988
4125 5348 6606
7670 4125 5499
55 4125 7533
55 5095 5475
13 55 101
4874 2971 3796
5665 851 2971
8131 13 851
8549 6546 7230
943 4023 6546
13 943 5146
2697 3494 7574
931 2697 2948
5806 4262 6697
1643 4262 6499
1165 1643 5579
1165 1773 5596
1165 3374 6871
1165 5650 8369
931 1165 7862
8372 518 931
783 5617 7286
783 5577 7994
518 783 3898
4347 1849 6521
518 1849 4308
117 518 1184
2452 3243 8363
2452 5200 5697
580 2452 5893
2129 7725 8316
782 5722 6665
2023 3932 4504
2129 782 2023
253 580 782
543 2309 5888
893 1857 1930
893 543 6172
253 543 5881
117 253 3088
1769 4520 5276
7908 1769 5296
1769 160 5327
5542 7138 7599
2166 5542 5919
5436 1987 2166
160 1987 7988
160 133 295
10 117 133
5 10 13
2709 2571 7498
2922 5421 8477
3325 7243 7493
2922 1238 3325
1049 1238 5630
38 1049 5461
38 3354 4313
2546 4898 4938
2546 1343 2962
1343 1060 2547
8382 155 1060
532 38 155
38 335 7393
3683 4756 8122
5970 2009 3683
1301 2009 4402
1301 3626 6564
4562 1301 1889
4796 589 1301
814 2192 5698
814 4783 7277
5012 6333 7023
7402 5012 5688
814 3223 5012
62 814 4935
801 6644 8179
5129 5813 8371
1744 5129 8190
1273 7703 8053
1744 1273 4407
801 590 1273
590 2661 8022
590 62 7940
62 358 3598
8429 726 5885
726 4537 4896
2402 3296 6128
2398 2402 3791
2132 2398 2889
62 726 2132
3550 3260 5507
634 3085 3260
271 634 4220
6305 3437 4636
7854 3437 6241
788 2777 3437
7288 1543 6259
4195 5311 8340
2715 4668 5483
7074 2049 2715
2240 3254 4012
1543 2049 2240
788 1543 4195
271 788 1338
271 6154 7323
271 6495 7885
271 62 2167
589 38 62
2571 5 38
5 566 7722
4104 3561 4669
6921 6187 6218
1661 3561 6187
6280 4371 6702
4342 578 1468
4371 544 578
2420 5266 5544
2420 6091 7561
8014 544 2420
683 4760 5210
4046 6386 8084
4046 2610 3084
5791 683 2610
544 303 683
2774 303 1791
214 303 2354
8059 214 2035
1256 2470 5634
5911 8063 8339
1734 1256 5911
8188 7206 7443
1256 5924 7206
5 214 1256
4587 1011 1348
1661 5 1011
914 1295 1957
914 7013 7946
306 5 914
