3253
805 478 3621
1445 478 6095
4909 478 2535
5163 478 4389
3244 478 1559
2505 478 1680
5756 478 3915
4604 478 2339
1192 478 3375
2016 478 4254
3945 478 2158
1063 478 271
4385 478 6238
1407 478 3378
2843 478 6379
5138 478 6167
5783 478 3924
5779 478 128
3423 478 2658
3033 478 407
1007 478 5437
5978 478 3238
3969 478 171
3072 478 2964
589 478 1874
2780 478 4954
2906 478 1485
4650 478 4791
4392 478 5313
1673 478 1357
6147 478 1562
6109 478 2764
2661 478 5919
2818 478 2659
1504 478 3181
3481 478 6361
939 478 4959
207 478 3156
3352 478 2150
44 478 4089
1625 478 2165
3232 478 6020
1100 478 2828
5270 478 4955
6334 478 5295
4888 478 5502
2056 478 4276
889 478 2497
3191 478 208
3964 478 5736
6273 478 21
4048 478 4411
2478 478 6247
2094 478 2296
6114 478 1469
4129 478 6193
584 478 5929
640 478 3825
2758 478 2273
1834 478 5022
3553 478 4944
1301 478 4041
5470 478 1544
6269 478 5968
2739 478 2537
2121 478 1410
2284 478 3992
2773 478 3475
3875 478 3281
6388 478 3141
3189 478 2834
4534 478 178
2544 478 5833
2795 478 3807
3830 478 3766
1167 478 6367
6102 478 3237
2087 478 1528
1306 478 5752
75 478 2009
3620 478 635
3117 478 5666
2510 478 1674
4213 478 6280
2552 478 2508
3111 478 4557
5796 478 3642
2174 478 2406
4484 478 4448
2543 478 5568
5236 478 4230
1736 478 519
111 478 674
6380 478 1708
204 478 2210
2276 478 281
4756 478 2897
4063 478 3055
6239 478 700
6281 478 6103
2913 478 4829
6314 478 276
3638 478 768
5365 478 2695
447 478 2931
422 478 2889
4763 478 5507
149 478 4271
3709 478 5950
5917 478 1564
2682 478 5257
3862 478 1784
3602 478 1844
5614 478 2359
1575 478 3029
1883 478 1314
3483 478 278
4283 478 4734
3359 478 3873
329 478 5348
3578 478 539
6054 478 924
347 478 43
3392 478 2572
6396 478 6477
1634 478 985
5124 478 430
6324 478 1482
1020 478 1392
4104 478 5047
1526 478 6411
3784 478 1551
509 478 607
6063 478 4053
2615 478 3102
5716 478 1008
2609 478 2638
4440 478 300
4011 478 2702
4107 478 3067
3486 478 6320
604 478 590
5077 478 5872
5192 478 1207
2820 478 5452
3149 478 5287
2420 478 5406
4407 478 3416
4391 478 1075
3013 478 2632
656 478 5486
5314 478 221
6255 478 5237
3372 478 999
2400 478 5413
4099 478 4216
3803 478 3619
4062 478 495
4652 478 4268
5972 478 543
4562 478 4621
479 478 6006
3786 478 1631
3041 478 6012
927 478 4790
3173 478 1260
1740 478 4748
4086 478 3472
268 478 2055
2829 478 1455
1011 478 4541
3208 478 609
3377 478 3833
1161 478 3476
650 478 6405
5540 478 3867
4479 478 1277
306 478 4238
1682 478 6120
1667 478 3721
3591 478 5271
1948 478 6295
499 478 5914
3338 478 1379
5232 478 5015
2688 478 2951
5729 478 986
5174 478 2286
3452 478 6297
166 478 2900
1233 478 808
1422 478 5986
3206 478 2870
6097 478 4917
1094 478 1323
5478 478 4910
3406 478 1088
1417 478 810
5405 478 6325
5924 478 4851
3492 478 5768
4647 478 1477
2479 478 3805
2366 478 1424
5323 478 1440
1442 478 2043
6322 478 4603
5989 478 908
724 478 1870
2788 478 5856
566 478 1079
2469 478 2239
6015 478 2800
1723 478 2792
1514 478 5634
1709 478 2282
5935 478 5848
1678 478 485
398 478 5727
4108 478 4677
540 478 1256
6222 478 3597
3785 478 5786
4446 478 4728
5997 478 760
4744 478 1836
5490 478 532
4301 478 5760
4561 478 1970
4742 478 722
3566 478 1398
6019 478 1604
792 478 3655
5578 478 2981
814 478 4947
4670 478 2826
3159 478 136
1965 478 1672
2191 478 4372
831 478 4886
2729 478 1754
4426 478 3662
189 478 6048
36 478 3531
2559 478 6438
4375 478 2435
287 478 4988
1890 478 31
3298 478 4215
4300 478 496
2947 478 4398
1765 478 6188
993 478 6098
4934 478 1726
2283 478 1246
2912 478 5646
2224 478 6248
2000 478 1494
928 478 2726
3133 478 2760
5732 478 2877
5233 478 5522
4091 478 420
1185 478 122
1236 478 219
3227 478 4070
272 478 5543
2353 478 3666
3080 478 2277
1799 478 2821
5652 478 4335
6392 478 5132
2473 478 2745
2272 478 2088
3985 478 2888
2743 478 1239
6359 478 3997
4483 478 5416
1933 478 2831
2389 478 4543
5722 478 542
116 478 3916
6023 478 911
1416 478 3332
6358 478 1684
5023 478 2643
4971 478 1038
3827 478 6446
5228 478 5909
3897 478 2060
3147 478 5293
3555 478 4883
5472 478 6073
246 478 5503
181 478 5583
5991 478 5476
5216 478 809
2736 478 5496
4598 478 1162
5504 478 5667
3487 478 630
388 478 120
6296 478 3175
2943 478 4824
3660 478 3051
2525 478 2430
3390 478 3702
4542 478 2518
3279 478 3753
780 478 4346
6151 478 4890
829 478 4919
1467 478 4081
3310 478 1292
3353 478 547
106 478 3713
4619 478 383
4765 478 3042
4705 478 6308
2257 478 806
2188 478 4849
5210 478 1857
4869 478 3708
431 478 2974
5981 478 2379
536 478 1535
3793 478 2433
3272 478 2135
6302 478 6132
5325 478 4292
3403 478 5429
5588 478 2538
4731 478 6501
3253 478 2240
5075 478 6144
4653 478 4294
6004 478 3290
4202 478 5148
4079 478 3448
1223 478 5560
2096 478 784
5618 478 2562
9 478 404
4691 478 5005
587 478 2269
2545 478 2546
1093 478 1157
6424 478 1141
2634 478 4357
6370 478 3402
6486 478 1633
531 478 3184
1214 478 1729
4450 478 3599
4093 478 4007
27 478 849
2483 478 905
2921 478 6473
6252 478 4066
3831 478 1043
4157 478 5536
1856 478 3838
1076 478 1609
4654 478 5604
3318 478 1164
4870 478 3373
2593 478 3477
2620 478 3525
1383 478 1222
5050 478 5537
3243 478 4721
2920 478 6462
4960 478 5567
1114 478 2143
5 478 2690
5899 478 2357
4939 478 4112
4952 478 4873
1298 478 2910
619 478 5172
2413 478 762
2490 478 1339
368 478 2774
670 478 2162
4028 478 720
1097 478 6409
4406 478 4167
2509 478 2014
4875 478 2757
4645 478 4933
1524 478 4589
1309 478 1293
4986 478 1310
5000 478 6002
299 478 1897
3984 478 1370
6423 478 5488
3870 478 929
3362 478 3996
3823 478 4020
1450 478 2684
1268 478 6366
4105 478 1924
5762 478 4990
5845 478 1090
3073 478 5632
1640 478 2946
1762 478 3700
277 478 4377
4090 478 5489
5960 478 6179
4590 478 2950
4880 478 1639
4889 478 1151
4003 478 6089
1338 478 1817
3048 478 3137
6318 478 2997
6169 478 432
2064 478 4579
2396 478 4558
5296 478 4265
3516 478 5639
5619 478 3809
1845 478 1211
73 478 3839
4509 478 2840
2172 478 487
4231 478 121
3065 478 4403
5936 478 5843
5378 478 2127
2516 478 3560
3661 478 738
1662 478 2710
6083 478 4016
4495 478 3564
5862 478 5638
5198 478 3957
5547 478 5871
2023 478 1767
797 478 2787
914 478 4055
2340 478 3888
2026 478 4530
5173 478 2585
5290 478 5928
3715 478 5157
6216 478 6112
4878 478 2563
1318 478 2649
3420 478 5626
437 478 5764
4156 478 6459
1679 478 631
2778 478 6198
3035 478 3565
325 478 4273
5439 478 1399
669 478 694
3794 478 3963
4972 478 2295
1967 478 581
6116 478 1111
5621 478 3368
4957 478 4456
3125 478 3604
3201 478 2577
1337 478 6134
1449 478 4433
3975 478 3877
2823 478 654
2336 478 3447
6245 478 6129
500 478 5087
3987 478 4040
5916 478 6178
6263 478 5448
4978 478 1961
2618 478 3951
5664 478 6455
1122 478 6123
5277 478 4428
4796 478 5793
4415 478 5992
4708 478 6075
2017 478 5479
1404 478 4946
3400 478 3422
97 478 4735
1875 478 4422
4088 478 1377
3547 478 4932
683 478 4133
414 478 2768
280 478 1816
550 478 6505
4417 478 510
743 478 3449
4480 478 1997
3031 478 3108
248 478 5753
2517 478 2126
865 478 1067
937 478 3130
4583 478 2949
3814 478 709
1138 478 5529
4014 478 2236
5465 478 4155
544 478 4497
3551 478 5558
1872 478 58
164 478 979
6135 478 6300
26 478 2954
1329 478 457
1107 478 2748
4019 478 4355
5721 478 2306
4328 478 6224
1912 478 5017
4958 478 458
2187 478 2182
214 478 6408
4912 478 5965
4234 478 70
5498 478 4624
1290 478 4035
6115 478 1971
1885 478 3978
5431 478 4725
1054 478 2802
5083 478 4280
6249 478 3856
1452 478 4798
4665 478 394
5027 478 3884
1341 478 6026
3109 478 5524
2102 478 776
5967 478 3582
6084 478 1996
2713 478 3936
6442 478 3006
4416 478 1873
5211 478 5447
5973 478 3342
5820 478 3767
2075 478 2401
5500 478 5399
5901 478 3329
6282 478 3445
3150 478 6130
433 478 4057
4622 478 1276
6498 478 5334
2205 478 3213
5680 478 1322
3145 478 5360
4427 478 5905
1472 478 6175
4585 478 5663
3018 478 5571
5553 478 5229
5347 478 396
3155 478 335
3824 478 6057
4741 478 3115
1032 478 6085
1635 478 6312
1263 478 1995
5373 478 5587
165 478 3761
3749 478 4061
337 478 850
108 478 2301
3054 478 5008
5497 478 2024
2190 478 3301
4223 478 6406
1279 478 3675
3841 478 3441
2939 478 5976
6183 478 1985
5601 478 340
2338 478 3225
2514 478 5241
6430 478 2398
1401 478 5751
5943 478 5312
515 478 452
1265 478 20
1140 478 4968
4124 478 5419
3868 478 6353
1394 478 3265
6290 478 5226
4284 478 4577
2938 478 2647
5286 478 2880
1721 478 5307
3836 478 2279
4956 478 4842
4244 478 5946
4736 478 6185
1153 478 3094
3256 478 292
5146 478 2674
6276 478 4840
88 478 4551
4655 478 766
310 478 880
6008 478 4896
4383 478 2876
4518 478 3608
311 478 3430
2113 478 2761
1070 478 6106
5861 478 3886
6217 478 824
416 478 4816
1599 478 1500
2550 478 974
3743 478 837
3643 478 3526
314 478 3337
1001 478 4892
3673 478 1495
2881 478 1321
3339 478 2622
4290 478 686
4808 478 1086
5114 478 2
6251 478 1400
2134 478 2907
2854 478 5238
4980 478 429
5879 478 981
881 478 2524
5953 478 2617
1942 478 1127
729 478 2118
5598 478 2895
4262 478 1084
2267 478 2869
6332 478 5724
4976 478 205
2805 478 652
3586 478 4224
4282 478 2350
6043 478 6194
4198 478 1237
1371 478 412
235 478 4475
6137 478 1606
5603 478 5441
4649 478 2111
2639 478 5700
4907 478 5147
3221 478 1807
4867 478 186
6291 478 778
2274 478 2853
5834 478 1056
4310 478 2310
3399 478 2763
2586 478 1951
3140 478 2013
4820 478 5028
4489 478 2278
1670 478 5538
5576 478 1768
4491 478 4345
6363 478 4694
1212 478 1066
1690 478 661
3484 478 5897
1584 478 381
2054 478 6139
2011 478 6181
989 478 6205
6257 478 4168
2669 478 4315
1753 478 5055
4159 478 2776
6284 478 1177
5565 478 6199
4148 478 1955
4610 478 5011
225 478 1838
1226 478 2667
846 478 1960
4154 478 5949
2849 478 3278
1378 478 5673
217 478 5995
5099 478 6062
5602 478 2730
5829 478 2539
5446 478 466
2452 478 3895
6432 478 22
3928 478 2467
2608 478 6338
4546 478 6270
6306 478 62
180 478 5009
680 478 2037
4193 478 3494
3482 478 4083
3598 478 4757
5778 478 6422
2979 478 1297
3473 478 4511
4564 478 1699
3893 478 4400
4826 478 3384
1715 478 3521
338 478 3545
4199 478 5026
3183 478 4059
1735 478 2425
4983 478 5846
777 478 2779
2176 478 6476
5395 478 6182
6072 478 1939
894 478 3205
3248 478 2738
1925 478 6340
6294 478 2501
2626 478 6003
3393 478 3408
6327 478 2857
6372 478 5002
5110 478 3988
1934 478 3374
6190 478 4755
2642 478 6210
434 478 2166
4402 478 5742
4145 478 719
3069 478 3099
2251 478 1632
860 478 4478
1120 478 1415
1119 478 2953
6507 478 2693
5297 478 4764
3064 478 5593
1437 478 3542
2314 478 1843
4052 478 3612
2567 478 2822
1041 478 4037
3404 478 5480
863 478 1688
2254 478 2824
1208 478 418
5423 478 2832
2008 478 1876
244 478 4115
4844 478 1833
2706 478 5546
1714 478 1503
4293 478 393
781 478 1687
2903 478 1131
2646 478 4704
6346 478 6016
2817 478 134
1113 478 5475
1792 478 417
5329 478 1869
947 478 1871
1956 478 1638
3776 478 4554
5388 478 4855
5850 478 2057
677 478 3161
5150 478 3089
4394 478 965
3289 478 3910
4410 478 3043
297 478 2393
2253 478 5542
2197 478 3595
4432 478 4153
5555 478 1391
6304 478 4679
5896 478 2633
5315 478 3775
1936 478 4175
2984 478 3313
1520 478 3127
1091 478 3002
5333 478 1894
5282 478 5874
3703 478 5407
160 478 3282
2879 478 1577
2790 478 6484
2028 478 3211
3727 478 4853
290 478 3920
5791 478 5693
1517 478 748
3641 478 51
1224 478 5589
4031 478 3034
242 478 6483
1264 478 2815
992 478 6310
2457 478 2582
2571 478 226
353 478 2862
2477 478 4458
4814 478 3439
3609 478 123
4776 478 6275
3326 478 4574
5608 478 1811
5380 478 1821
2841 478 229
5782 478 6333
3435 478 4021
4197 478 2498
3401 478 4313
740 478 732
2407 478 3677
5004 478 5506
5342 478 2777
332 478 6277
1705 478 2365
6445 478 2941
1334 478 1778
560 478 1713
2223 478 6393
6286 478 6018
6468 478 4746
411 478 2708
112 478 4404
2836 478 3171
6071 478 5763
3780 478 4792
4069 478 4102
6166 478 872
1308 478 2012
3536 478 5656
2441 478 5730
6443 478 4719
2893 478 2660
5648 478 3691
4937 478 3334
825 478 3724
312 478 4425
5654 478 6066
2568 478 4591
5629 478 5368
2233 478 6037
4639 478 1958
3750 478 4505
3095 478 4370
6138 478 3336
4210 478 5865
6173 478 405
1148 478 3669
4136 478 2097
5688 478 6472
747 478 5065
3654 478 4567
4359 478 5572
2397 478 5337
6491 478 6301
6108 478 5980
5301 478 1837
3623 478 4374
3853 478 1130
1594 478 950
3383 478 5433
6154 478 2566
4366 478 4531
5067 478 2558
2367 478 2078
1757 478 533
3098 478 3078
5383 478 2007
5376 478 192
331 478 5657
72 478 2904
5870 478 1170
6454 478 2930
3037 478 241
5491 478 3480
4127 478 5842
2349 478 2100
2216 478 3168
2156 478 3757
3388 478 791
517 478 1296
916 478 3321
1105 478 6434
676 478 82
5247 478 3371
6105 478 2119
4237 478 6149
6339 478 2611
5642 478 4259
2495 478 2578
286 478 3412
2058 478 3735
4065 478 4342
4793 478 5881
2728 478 3885
1853 478 4488
2107 478 2670
1598 478 4553
5335 478 2762
562 478 5707
1074 478 1804
2555 478 1601
5425 478 6384
682 478 6131
1719 478 4916
6305 478 504
5079 478 2209
5746 478 4616
5863 478 2136
6201 478 6449
2071 478 3535
2141 478 4327
293 478 3990
1615 478 5781
131 478 5263
1581 478 5851
5771 478 4993
2806 478 3581
5389 478 5133
1248 478 1252
4187 478 4770
5464 478 3106
1913 478 4261
721 478 2581
6264 478 4700
1930 478 3261
2208 478 734
4771 478 232
2463 478 4702
3060 478 2929
4044 478 5145
3345 478 2845
5459 478 2404
1785 478 1271
687 478 6045
4854 478 5801
4578 478 3083
1516 478 5230
3658 478 6265
1656 478 4453
658 478 4378
4113 478 5803
948 478 3442
5010 478 6335
360 478 1605
3228 478 1671
1582 478 2553
1453 478 6336
944 478 5239
553 478 3182
4715 478 4012
5141 478 3287
4158 478 2298
2185 478 3769
1739 478 816
3493 478 1743
2381 478 3153
4434 478 6122
14 478 5754
6090 478 2199
1434 478 2186
3009 478 2214
2952 478 3114
5789 478 6504
3607 478 1316
3999 478 2326
2655 478 5393
4269 478 4178
4390 478 5584
5467 478 129
1289 478 3857
2385 478 1780
527 478 5319
2781 478 4686
3233 478 1597
4412 478 5777
882 478 5990
1882 478 2703
4246 478 5016
4845 478 1354
5687 478 1549
611 478 6383
3854 478 6456
6211 478 4437
3434 478 6230
38 478 3832
3575 478 5033
6352 478 4371
583 478 5645
6493 478 5108
688 478 6192
936 478 3085
1957 478 5105
5740 478 565
428 478 3277
1029 478 455
4581 478 4470
586 478 5200
1478 478 6440
1031 478 4987
2875 478 2963
3668 478 3682
1155 478 1300
3974 478 2368
4709 478 2476
2039 478 130
1108 478 2521
6470 478 1092
5640 478 3503
930 478 4966
5021 478 4501
1251 478 1389
4974 478 5442
5284 478 6038
6268 478 1847
301 478 4032
3747 478 4693
1420 478 3649
1818 478 4151
3512 478 623
6460 478 1648
2403 478 518
4663 478 3285
402 478 5051
5562 478 1830
3380 478 4421
3653 478 5424
2500 478 492
2717 478 3230
1791 478 3330
1317 478 4767
2458 478 2689
4418 478 4098
1507 478 6076
731 478 3210
627 478 4324
624 478 2993
4110 478 5209
4698 478 5827
6307 478 1868
5175 478 3151
3872 478 2637
446 478 1950
3540 478 6315
99 478 5979
1125 478 4768
2542 478 1941
5622 478 1654
6218 478 1423
596 478 425
1963 478 6458
3174 478 4449
1474 478 6356
5857 478 1839
2698 478 3558
6152 478 5635
2025 478 3889
5686 478 3891
2534 478 3
4074 478 5139
6495 478 4274
1889 478 2287
818 478 4925
4559 478 853
6326 478 664
4806 478 3110
708 478 3738
3523 478 554
4923 478 1978
763 478 4526
1147 478 614
349 478 3842
5044 478 5116
3887 478 1806
3323 478 5564
912 478 1649
39 478 2369
1937 478 3580
2959 478 2747
4690 478 4787
2322 478 3881
6399 478 1085
4220 478 2329
600 478 4264
5066 478 1588
2305 478 2961
644 478 1825
4596 478 2031
4439 478 2610
960 478 5773
3044 478 1618
3760 478 2905
2046 478 3663
2549 478 2807
612 478 1018
6180 478 6329
511 478 2063
522 478 4026
1590 478 2387
4794 478 673
4368 478 3615
616 478 4361
3440 478 4240
5650 478 4073
5197 478 5054
933 478 257
5482 478 821
4025 478 2418
3121 478 2302
1197 478 2673
5165 478 783
5018 478 5353
2651 478 1183
5304 478 1906
2540 478 2863
5084 478 3497
2838 478 5377
4927 478 4711
5183 478 568
4444 478 1626
1231 478 4568
2416 478 6025
1419 478 1352
4322 478 2584
3385 478 2720
5599 478 370
3160 478 2211
5882 478 5711
2030 478 3058
4992 478 1036
3577 478 716
4232 478 3262
4333 478 3778
4701 478 5758
2486 478 4161
1395 478 5374
5661 478 3756
1786 478 6200
1324 478 3113
3344 478 3351
2858 478 5069
6283 478 459
5595 478 2865
3177 478 6402
4607 478 4486
5392 478 318
3465 478 2712
401 478 2957
5085 478 4707
666 478 3977
3613 478 323
2380 478 3962
6490 478 503
1446 478 3979
3295 478 2530
1561 478 5477
1835 478 2343
2248 478 2153
2851 478 1908
4502 478 2536
1335 478 601
701 478 76
3899 478 995
1614 478 6369
3976 478 2901
752 478 3169
296 478 2114
3645 478 5336
2746 478 390
1730 478 260
6348 478 1718
319 478 258
5244 478 4739
1928 478 5767
2144 478 3090
3537 478 5451
2219 478 842
3922 478 5674
3650 478 4913
2557 478 2101
481 478 4605
991 478 3859
2796 478 5592
1346 478 6279
2859 478 5469
1189 478 558
615 478 5682
5096 478 5180
988 478 3026
1884 478 2603
663 478 4723
5840 478 5577
473 478 345
3592 478 2811
5539 478 3519
2999 478 377
3937 478 4539
5623 478 4967
4623 478 6101
5359 478 4868
891 478 5889
770 478 1409
2005 478 4256
660 478 5243
451 478 3079
6220 478 1487
2419 478 247
5082 478 1336
3571 478 861
6047 478 3983
5831 478 5169
559 478 2095
5176 478 3097
2220 478 63
4782 478 3600
923 478 154
6150 478 4332
1381 478 3894
3636 478 101
251 478 4637
2408 478 6207
74 478 5387
1772 478 4194
220 478 1660
3939 478 5398
6349 478 5620
4995 478 5039
4825 478 4419
3376 478 5194
897 478 2798
1755 478 2971
139 478 3010
4408 478 4042
695 478 5869
2181 478 638
5221 478 5519
4862 478 4308
5894 478 4945
3515 478 3554
2271 478 4329
3424 478 3946
2528 478 3611
4101 478 5107
2155 478 4005
1042 478 1808
4503 478 4938
3594 478 4461
787 478 5495
4573 478 2217
3273 478 3914
3180 478 537
1824 478 5737
5332 478 3699
1589 478 3982
2956 478 2402
4119 478 1999
6506 478 3522
4131 478 714
3514 478 2145
5518 478 6146
2447 478 5045
2203 478 3541
3624 478 1368
4307 478 1257
5585 478 1940
6474 478 4965
3605 478 6417
5415 478 3730
892 478 2898
1929 478 2597
6344 478 65
109 478 1476
1731 478 357
3264 478 5275
6121 478 4696
12 478 4170
733 478 3509
5523 478 483
1403 478 3723
119 478 5351
3172 478 376
6068 478 3387
2784 478 830
1133 478 2459
1840 478 5735
3203 478 2484
295 478 5062
346 478 2206
1896 478 6042
4248 478 60
3918 478 2117
3050 478 3634
1841 478 5149
2042 478 6052
4525 478 3000
4797 478 1781
5245 478 224
5570 478 4186
385 478 2415
1776 478 3510
1541 478 33
6053 478 5541
2335 478 227
6323 478 2583
3426 478 3485
1218 478 5121
1438 478 6094
6416 478 1511
3119 478 176
4454 478 1200
2873 478 3942
1746 478 3124
6250 478 2180
6500 478 1636
2258 478 4183
4697 478 6118
5855 478 1158
4214 478 4369
5381 478 767
93 478 4180
3417 478 4508
6164 478 6168
888 478 68
3004 478 3800
3038 478 4496
3178 478 1397
168 478 4039
5499 478 5481
6365 478 1842
1555 478 5279
4018 478 3084
3639 478 591
852 478 1711
330 478 3744
4381 478 1128
1809 478 4384
3104 478 3224
4250 478 2775
2732 478 6467
4463 478 2475
691 478 2635
5187 478 4
1602 478 6061
5873 478 4975
570 478 3349
6033 478 6039
2328 478 1502
1382 478 3340
5866 478 3275
1023 478 2772
3818 478 4901
2770 478 3932
3561 478 4877
1374 478 1360
6028 478 2412
557 478 4600
5677 478 5326
552 478 3696
4548 478 5432
1288 478 4201
1426 478 5974
649 478 2198
3606 478 3333
5094 478 4249
348 478 2507
6410 478 52
3840 478 3105
5836 478 1210
982 478 6049
6425 478 6035
4312 478 1089
833 478 1717
3701 478 3427
1916 478 4380
1627 478 5156
2022 478 5847
2917 478 3998
4576 478 113
5607 478 2109
3087 478 4799
2672 478 2842
3410 478 4695
2808 478 5068
5260 478 1810
445 478 5493
3527 478 803
5013 478 5474
3632 478 2522
3835 478 3364
187 478 3455
288 478 6391
78 478 843
126 478 4076
4144 478 161
29 478 512
4311 478 711
4318 478 6419
6079 478 4277
5445 478 3297
4651 478 5826
4420 478 1165
3057 478 4664
5276 478 3304
4846 478 2681
525 478 1129
4128 478 1813
3741 478 3254
5832 478 1496
3249 478 5356
4340 478 5092
5298 478 4682
3322 478 1175
5386 478 5955
4149 478 6243
6437 478 145
5513 478 4871
3354 478 5501
3312 478 1430
1186 478 3993
1172 478 4288
1851 478 419
1137 478 6195
355 478 3947
5014 478 2686
210 478 3764
917 478 5844
1462 478 2523
5878 478 3513
6046 478 5807
502 478 1738
2429 478 1421
3068 478 1427
513 478 6397
1280 478 5341
4242 478 4678
2308 478 561
2944 478 477
3630 478 2481
3134 478 2373
1587 478 1009
2753 478 4906
3428 478 1061
3056 478 4289
5095 478 1848
3120 478 5985
4344 478 684
1703 478 4396
3462 478 1002
5514 478 1373
3532 478 3736
3698 478 4176
1619 478 3972
4858 478 413
907 478 3813
1568 478 2275
6289 478 2020
5322 478 3656
5726 478 5830
6206 478 3389
2355 478 4599
3314 478 2299
28 478 2891
5591 478 5182
4999 478 4601
6204 478 5375
3808 478 5548
1766 478 4009
3913 478 5743
1480 478 2988
4900 478 198
5253 478 1966
3040 478 4996
535 478 675
2164 478 3728
3633 478 1789
3737 478 1098
4350 478 202
6439 478 4750
4727 478 2529
2431 478 1525
2089 478 309
3671 478 736
4899 478 4468
2159 478 6342
3768 478 4132
910 478 1464
2103 478 4628
4722 478 4117
2668 478 5755
3217 478 4206
5957 478 4902
1034 478 4659
4485 478 1471
1706 478 4071
2270 478 449
4519 478 3190
6128 478 4523
836 478 5912
2086 478 545
6303 478 5412
1865 478 1990
5034 478 1458
501 478 4706
3614 478 6140
5825 478 1325
1642 478 3081
3507 478 2861
1917 478 5449
4633 478 5723
5813 478 2656
5049 478 726
3717 478 2640
3143 478 4953
5414 478 1596
5633 478 2809
1349 478 114
2576 478 4064
2260 478 973
1534 478 5102
4594 478 1552
3690 478 1393
6117 478 2106
2928 478 4671
1787 478 2462
5264 478 1506
592 478 3851
4209 478 5310
4822 478 4033
3869 478 1124
2252 478 2029
3045 478 3157
5938 478 1752
690 478 3938
3787 478 6001
1287 478 5520
1756 478 4866
3567 478 811
759 478 3530
2793 478 3135
438 478 3672
282 478 1173
984 478 3882
3657 478 6450
2098 478 3874
2035 478 1550
5205 478 90
3062 478 1712
4034 478 2105
3811 478 2304
5552 478 1954
5757 478 1716
4848 478 96
5551 478 2235
4430 478 5839
427 478 1773
2966 478 369
1802 478 893
1858 478 2598
1217 478 3956
132 478 6032
1905 478 567
4617 478 799
480 478 5428
2799 478 4915
3163 478 2453
3511 478 5104
5063 478 1348
4779 478 5117
4058 478 8
3674 478 4482
3685 478 2204
1745 478 2410
1676 478 2184
440 478 6007
3498 478 1964
2980 478 1655
17 478 211
5035 478 3629
4082 478 1683
1701 478 4565
1027 478 551
1527 478 359
725 478 6100
4556 478 3716
956 478 2157
1136 478 1291
6092 478 7
671 478 5299
339 478 1266
741 478 699
5811 478 667
4836 478 1538
5821 478 387
1025 478 6362
807 478 1603
5450 478 4936
1815 478 5854
2683 478 3152
6234 478 864
2937 478 598
5853 478 2594
4304 478 279
4467 478 4338
2503 478 3386
6368 478 4162
6316 478 2697
5704 478 6377
1652 478 3648
2080 478 1005
3266 478 4179
234 478 6070
5858 478 4000
1945 478 3052
307 478 3429
3849 478 4905
3879 478 4388
1696 478 3103
2084 478 4931
6087 478 50
4506 478 1909
4710 478 5838
1388 478 1710
6285 478 4859
2596 478 5492
3923 478 5223
5515 478 2171
3260 478 2351
1903 478 3415
5460 478 5900
2515 478 2696
6374 478 1989
6390 478 4533
2987 478 4303
4941 478 2994
5885 478 5135
1269 478 4839
5774 478 5091
361 478 1235
1943 478 3123
1973 478 3061
6435 478 6225
2285 478 4837
6261 478 5586
196 478 4821
771 478 1117
4002 478 6056
3625 478 2378
1659 478 1196
5823 478 3826
3100 478 3146
6479 478 742
1247 478 5534
5331 478 3705
239 478 1681
3082 478 3136
4386 478 3533
902 478 474
6371 478 556
2290 478 2600
4331 478 2527
3901 478 5288
1770 478 6174
1573 478 2493
5892 478 48
1004 478 1629
1380 478 6321
1968 478 2868
6031 478 5384
3855 478 2813
1191 478 77
2653 478 5426
4348 478 4241
5457 478 4343
5987 478 3940
2886 478 4270
926 478 953
2344 478 6242
1904 478 4493
1406 478 2192
2575 478 5940
698 478 3501
6452 478 3355
2128 478 2511
2085 478 5835
5269 478 49
5556 478 574
2068 478 4120
5692 478 5812
2281 478 4772
2860 478 169
1396 478 6288
3274 478 2962
1657 478 1194
1267 478 2574
5808 478 4352
5903 478 2372
1479 478 4413
4285 478 1132
2466 478 1176
463 478 5177
5580 478 356
1540 478 5401
5942 478 6415
994 478 1115
4500 478 577
6189 478 5485
2293 478 3255
5805 478 2731
3257 478 1779
4529 478 2341
5242 478 4078
1728 478 4189
4810 478 4010
2414 478 3929
94 478 5056
5162 478 980
3693 478 2375
2601 478 5794
2721 478 1861
358 478 2424
3198 478 4494
6148 478 1732
4998 478 2664
4163 478 2227
3745 478 3725
4948 478 2707
18 478 3965
5396 478 6447
2666 478 4903
6186 478 4762
4950 478 3413
3534 478 6160
1087 478 6431
3360 478 3618
5420 478 424
5689 478 964
2569 478 1610
1533 478 81
5819 478 4141
765 478 6278
141 478 3421
5024 478 6482
3008 478 2112
2177 478 2472
4536 478 1179
4545 478 4195
1694 478 523
223 478 1441
2234 478 2051
812 478 3548
317 478 3718
5007 478 3876
1926 478 5512
439 478 4085
491 478 4593
6487 478 4630
472 478 2175
1028 478 4106
3864 478 4643
2797 478 1775
1021 478 110
2342 478 2580
2631 478 341
5070 478 3844
5659 478 712
848 478 4095
2139 478 4393
2432 478 6345
1285 478 3989
5219 478 3729
5074 478 5795
3967 478 6311
2657 478 4780
375 478 3556
755 478 5561
563 478 364
1059 478 5003
3240 478 6414
1134 478 971
1083 478 2307
2370 478 308
4364 478 1022
1447 478 1294
4843 478 3302
3234 478 2915
5563 478 5204
2297 478 2847
5125 478 5958
4897 478 976
704 478 5409
838 478 11
546 478 2714
2213 478 1016
67 478 5300
5417 478 5231
2969 478 3091
3880 478 2942
4173 478 2783
6080 478 5550
5804 478 5382
2471 478 1935
5975 478 5600
4991 478 362
1666 478 410
378 478 2313
5122 478 2871
4030 478 5484
516 478 1993
2636 478 4680
2081 478 5998
3576 478 5945
4401 478 6
3858 478 819
469 478 2769
3909 478 4804
949 478 1015
6086 478 2146
5073 478 125
1149 478 1898
66 478 5029
5057 478 3294
5684 478 3911
4675 478 4050
389 478 4326
4507 478 4552
4813 478 1512
2782 478 1150
3739 478 1182
3276 478 5937
3792 478 1048
5369 478 4116
4299 478 102
2541 478 15
5251 478 2394
1864 478 5152
2292 478 642
3817 478 3308
249 478 761
4712 478 2741
3585 478 4812
467 478 4118
2250 478 1579
2242 478 2855
2161 478 895
4789 478 2027
1852 478 6499
3589 478 4297
1320 478 5249
3074 478 4423
1846 478 448
1583 478 5701
5344 478 4334
4891 478 3358
95 478 2362
1232 478 5841
3409 478 5668
6017 478 2050
5681 478 2045
6050 478 2846
802 478 6044
2010 478 1156
962 478 488
1384 478 6022
2021 478 5059
163 478 1203
2819 478 4874
2945 478 1616
4997 478 6503
2427 478 5806
71 478 3689
3563 478 4051
5617 478 3995
3616 478 4319
1691 478 3197
5525 478 5088
3200 478 1071
4672 478 3028
4550 478 955
2399 478 6171
6319 478 521
6502 478 505
6051 478 4460
2856 478 6404
1981 478 183
3845 478 237
5153 478 5999
2073 478 5309
1919 478 374
3176 478 898
1801 478 3524
2332 478 6413
1585 478 4084
2294 478 2867
3763 478 4856
1820 478 5171
1174 478 1330
5913 478 1975
5961 478 3952
2554 478 3748
5733 478 4247
497 478 1302
2044 478 3093
218 478 4922
2564 478 1311
1486 478 2751
4077 478 659
4457 478 4469
5678 478 2006
5328 478 3118
5126 478 1274
6082 478 4087
1553 478 371
1171 478 1932
5046 478 5516
6191 478 1505
4699 478 906
2990 478 5097
717 478 1530
952 478 1832
195 478 298
845 478 1342
5103 478 2972
2226 478 3710
3943 478 5453
5178 478 4379
2179 478 4123
2325 478 1241
1651 478 4351
1686 478 5280
2363 478 2804
2749 478 408
57 478 1492
2665 478 5081
4819 478 13
6475 478 3544
3414 478 1363
16 478 2386
5545 478 4038
4835 478 4785
456 478 1146
4904 478 4365
2616 478 215
5948 478 2812
5575 478 4191
3959 478 3370
3573 478 549
3759 478 5877
938 478 2289
194 478 4777
3267 478 820
963 478 1986
3635 478 5569
83 478 415
6444 478 6412
5435 478 3411
629 478 5350
5612 478 4658
5770 478 625
2767 478 1275
2512 478 4769
5817 478 4429
5285 478 2321
3059 478 6427
3647 478 5254
2455 478 2614
5130 478 1473
983 478 69
5268 478 835
896 478 1902
5040 478 1425
5421 478 3366
2138 478 3986
4431 478 5954
2241 478 4940
3755 478 754
1351 478 1774
903 478 2395
6448 478 6067
2133 478 564
1927 478 2137
2354 478 840
2587 478 2922
2245 478 2882
3023 478 3892
1343 478 3341
4054 478 1347
5358 478 946
5142 478 3779
5179 478 2909
1003 478 951
3546 478 53
5111 478 1878
6209 478 3398
6009 478 1198
3088 478 3305
3179 478 4778
24 478 5939
6208 478 1109
1519 478 4863
2958 478 5292
2244 478 1620
1685 478 1796
3431 478 3132
3016 478 6000
3574 478 1854
4279 478 5893
5690 478 1744
4803 478 2409
772 478 3930
5379 478 622
3092 478 3706
3847 478 3096
6145 478 5748
1931 478 921
4438 478 2722
2047 478 3391
2709 478 4788
2148 478 42
1414 478 1959
1073 478 3933
648 478 2018
5340 478 1646
1254 478 685
5436 478 2825
2723 478 4584
5581 478 5266
5438 478 6165
6375 478 4424
1891 478 2444
4612 478 3306
1623 478 4973
3968 478 1491
637 478 3218
4676 478 6091
3520 478 392
1040 478 5720
2844 478 5202
6110 478 4614
1481 478 3207
2442 478 4347
2976 478 1788
3396 478 1259
4760 478 1510
6203 478 3209
2440 478 2533
3365 478 4451
1991 478 3187
5385 478 3860
4471 478 6159
6141 478 4263
2482 478 4275
321 478 3970
870 478 4190
641 478 1758
4642 478 3395
4217 478 1305
756 478 6081
3199 478 2663
3734 478 1702
1375 478 1790
2724 478 3505
617 478 409
3139 478 1707
3242 478 5324
3900 478 4517
1245 478 1195
1353 478 1508
4072 478 3011
10 478 5189
5883 478 2830
4182 478 6381
5127 478 5144
2316 478 6212
1572 478 4305
1064 478 4472
6466 478 4314
2345 478 689
5120 478 1497
2671 478 4929
5750 478 6481
5366 478 5685
5112 478 2890
6136 478 4068
25 478 530
1242 478 1900
6077 478 3361
3819 478 6394
5934 478 1617
4512 478 628
264 478 6170
6453 478 1463
2878 478 2331
2243 478 2470
6231 478 3732
1270 478 4732
30 478 602
1518 478 1901
3425 478 862
5876 478 2004
4809 478 524
3570 478 4641
2652 478 3495
3799 478 4688
4200 478 6387
4661 478 1795
2034 478 3456
4272 478 4724
605 478 2221
2423 478 1571
529 478 5809
5695 478 5048
6347 478 2816
5744 478 354
4852 478 3347
3549 478 3457
1886 478 2391
4521 478 6343
4510 478 2460
883 478 945
1613 478 1592
5718 478 4373
148 478 1101
6373 478 4830
2737 478 1126
2513 478 3122
1542 478 6228
4172 478 3550
5610 478 2864
2212 478 2645
4989 478 4827
4498 478 3001
769 478 1221
5738 478 3517
4522 478 2303
789 478 6187
386 478 5761
2261 478 5076
703 478 6093
6119 478 2740
2644 478 5463
2935 478 871
1641 478 4743
1593 478 3529
3695 478 2003
526 478 2196
745 478 920
1432 478 1387
3596 478 3720
2519 478 5281
5418 478 107
4339 478 6382
2621 478 79
285 478 5780
3367 478 4164
1923 478 4445
967 478 1800
2280 478 2312
1863 478 4147
813 478 1068
1953 478 1783
5630 478 5262
4979 478 1921
5168 478 5458
243 478 3714
2123 478 2195
4881 478 1046
793 478 2650
5884 478 5747
1862 478 5020
998 478 2892
403 478 1777
3216 478 2526
177 478 320
3731 478 1488
3667 478 2207
5330 478 941
152 478 5867
5343 478 5636
4165 478 3637
5131 478 940
6040 478 3286
1983 478 593
3821 478 2786
5494 478 1554
5837 478 2074
6337 478 3961
3247 478 5118
1356 478 5303
3866 478 4516
2268 478 3469
476 478 4207
3822 478 751
3568 478 4898
1611 478 1000
3902 478 190
6403 478 2215
3467 478 291
2560 478 1828
6497 478 2986
608 478 1483
5184 478 4075
5741 478 1849
6262 478 1047
681 478 4474
201 478 1737
970 478 1750
89 478 4981
5984 478 4817
124 478 4737
4918 478 2461
1760 478 3293
2237 478 5119
1536 478 4747
188 478 2733
4524 478 444
2678 478 137
4473 478 6407
4015 478 3407
6240 478 4236
3363 478 2315
6350 478 1475
3195 478 4730
3950 478 3681
6428 478 1866
3820 478 206
231 478 4024
4893 478 1578
3758 478 1668
643 478 2488
6232 478 2837
3627 478 5509
5907 478 1489
613 478 3196
1695 478 2627
2318 478 788
1035 478 4667
4349 478 718
2985 478 3771
508 478 3955
470 478 5206
4566 478 6202
5906 478 6385
2978 478 199
753 478 3014
3489 478 6064
5868 478 5544
5159 478 3688
2072 478 5273
5530 478 1867
5969 478 2619
851 478 5397
3659 478 3980
5025 478 3583
887 478 5710
380 478 2480
3246 478 2189
2116 478 1798
2654 478 2122
3066 478 6030
2968 478 3202
2451 478 5402
1725 478 5208
167 478 6461
5549 478 3328
3603 478 2662
5155 478 854
6153 478 2531
1637 478 5977
4884 478 4181
322 478 4490
5166 478 826
620 478 5225
5160 478 5655
2700 478 1145
2474 478 1979
2759 478 270
1014 478 959
3461 478 1345
1187 478 4022
3101 478 6237
579 478 2685
6292 478 900
3790 478 233
4580 478 5694
5971 478 4140
3579 478 1045
869 478 2364
610 478 5030
5064 478 3437
3252 478 336
5915 478 764
1988 478 1112
1143 478 702
2965 478 2599
5890 478 4720
1006 478 4864
6161 478 2059
5815 478 3357
868 478 5404
2324 478 2680
2346 478 5188
1095 478 3610
4135 478 454
2502 478 4360
3944 478 3896
3348 478 1484
839 478 6235
4807 478 1065
3919 478 5367
5444 478 2835
262 478 3284
2874 478 303
1262 478 1319
2648 478 3116
4648 478 901
2053 478 2422
2099 478 3905
4235 478 3572
4850 478 832
886 478 236
3801 478 5454
6309 478 2048
1693 478 5278
2437 478 5641
4320 478 6386
54 478 153
1677 478 156
5902 478 6489
2066 478 5951
1698 478 4056
5508 478 5705
1050 478 4306
4414 478 3017
4632 478 3251
4713 478 1077
1390 478 4188
621 478 5370
618 478 3941
3405 478 2317
757 478 1253
1303 478 4047
855 478 1914
200 478 255
2948 478 1574
4362 478 3684
4815 478 5248
98 478 5698
3740 478 324
3131 478 3226
3464 478 103
715 478 5908
5006 478 6155
245 478 1644
5511 478 2998
1037 478 874
3142 478 1358
2565 478 4296
779 478 2036
5993 478 5143
5643 478 5944
6299 478 5554
1082 478 6074
1030 478 3296
4146 478 2641
2766 478 2266
5627 478 1794
1949 478 3154
2883 478 2852
697 478 5609
3300 478 2154
5887 478 2311
3047 478 2140
5193 478 4409
4572 478 4537
400 478 2973
1273 478 5207
997 478 5983
879 478 2612
5400 478 5265
4982 478 5308
2417 478 5391
4211 478 6233
1215 478 4125
4476 478 1281
5151 478 2590
1612 478 2265
5019 478 3491
4970 478 2434
6395 478 3346
6127 478 4441
3479 478 4569
934 478 155
117 478 935
5708 478 1443
3049 478 1166
3324 478 4139
875 478 3802
1385 478 5898
693 478 6055
5996 478 266
85 478 4774
655 478 4477
316 478 6376
3917 478 856
5739 478 4963
5218 478 2675
4006 478 5875
899 478 4656
3317 478 1819
6463 478 453
4452 478 2052
6158 478 3027
5759 478 1665
4674 478 2936
1892 478 19
4465 478 4258
4532 478 2926
782 478 333
5041 478 4602
909 478 6104
4908 478 5725
3789 478 2551
1720 478 2152
977 478 3588
1216 478 707
6213 478 5533
1184 478 1980
197 478 5316
632 478 5765
261 478 3446
4226 478 5302
1058 478 2421
4828 478 1793
1188 478 5824
2033 478 2115
61 478 489
2361 478 2230
5658 478 1523
289 478 2756
3070 478 2801
1911 478 5320
4766 478 3925
2065 478 1859
3694 478 100
3934 478 3508
5434 478 2679
6162 478 3030
1344 478 5660
294 478 1466
391 478 3828
1044 478 4781
1532 478 1529
996 478 5713
5785 478 4251
2167 478 1366
174 478 5252
5190 478 1078
3954 478 4595
4962 478 2334
382 478 3773
147 478 3292
23 478 3765
366 478 3496
3953 478 4330
3144 478 750
138 478 3692
5283 478 4626
2983 478 723
2506 478 4726
4395 478 182
2169 478 365
4935 478 4555
1307 478 2967
2120 478 399
4323 478 6172
259 478 1650
5880 478 6010
3798 478 3032
3245 478 1742
4260 478 4229
5128 478 3754
5443 478 4321
6420 478 1952
326 478 2579
2448 478 1081
2083 478 4879
3309 478 3458
1515 478 162
2691 478 1355
4563 478 4847
315 478 5440
646 478 2300
5766 478 6429
665 478 5250
582 478 6143
3259 478 5923
6197 478 3746
5535 478 4185
4833 478 5822
2079 478 2996
2734 478 1546
1326 478 2125
1163 478 6124
2940 478 4462
4528 478 678
758 478 3812
5317 478 3777
1498 478 859
256 478 866
3165 478 4832
3418 478 4535
4160 478 4466
5161 478 275
1250 478 3212
6027 478 5749
1600 478 815
3622 478 1556
2606 478 5362
4914 478 2456
2255 478 5792
4733 478 351
1180 478 1249
3459 478 2376
5411 478 273
2124 478 5631
5061 478 1915
5037 478 4635
3569 478 5527
4749 478 2038
6034 478 2925
4638 478 465
5672 478 1994
6274 478 4121
5988 478 817
1202 478 4177
1190 478 5071
1700 478 1664
6364 478 2130
1012 478 2570
2062 478 1376
4784 478 4447
3077 478 5123
2496 478 3711
794 478 4894
2520 478 4895
159 478 4673
1454 478 3215
3631 478 5962
6401 478 6111
3460 478 146
5170 478 5769
5797 478 5185
5531 478 216
5291 478 4192
3966 478 3007
1984 478 1456
3678 478 1367
5212 478 1411
1764 478 4096
4267 478 774
1987 478 1110
6293 478 3590
6229 478 2494
1490 478 3883
6014 478 490
5203 478 2613
647 478 4876
1139 478 3906
6465 478 5487
1444 478 3837
1168 478 5810
1234 478 3076
3474 478 5864
2390 478 1055
6328 478 4222
2327 478 3453
4538 478 5911
267 478 3646
3071 478 3499
40 478 5167
3628 478 4221
4291 478 1761
2884 478 639
203 478 885
6226 478 594
603 478 6378
443 478 2151
3128 478 822
4911 478 6069
4692 478 4540
2231 478 4575
3107 478 6469
5352 478 1225
4669 478 4205
696 478 4298
5199 478 4239
925 478 4225
2348 478 32
5920 478 5403
1962 478 828
4738 478 6177
2833 478 662
5719 478 3871
4001 478 2131
4547 478 3912
1595 478 5918
2222 478 2193
1465 478 5060
555 478 4831
4049 478 4662
3170 478 5731
599 478 4687
3783 478 1969
6258 478 4949
706 478 1278
1557 478 2149
1024 478 657
3781 478 328
4608 478 1062
2754 478 5970
6266 478 2160
2110 478 626
5158 478 5964
5888 478 2108
5784 478 3015
6464 478 1669
775 478 4714
1560 478 6214
6492 478 847
5012 478 4834
5932 478 1315
2701 478 2291
4354 478 2561
3022 478 966
727 478 450
5222 478 2499
1365 478 877
3679 478 2249
6099 478 4243
2201 478 1096
254 478 3584
1537 478 3471
1910 478 1459
606 478 1747
4356 478 4668
471 478 3024
1823 478 4969
4100 478 5798
2238 478 6125
2104 478 5255
4196 478 2814
6065 478 435
4801 478 3164
143 478 534
2082 478 728
4631 478 6078
3528 478 5895
2358 478 5058
4008 478 1697
302 478 954
3687 478 4367
1219 478 5597
2002 478 5651
1057 478 5136
1822 478 5422
3046 478 6021
213 478 2827
651 478 3762
1675 478 1429
1748 478 873
5532 478 595
1402 478 2485
1569 478 5215
150 478 2070
5594 478 5510
1763 478 151
5466 478 4492
327 478 6331
5361 478 2090
4109 478 2589
5596 478 3268
1193 478 5408
1580 478 890
3433 478 5775
3665 478 115
5305 478 1144
4302 478 2202
1565 478 2803
1152 478 1992
1359 478 5318
4309 478 5644
5691 478 5321
4143 478 6060
6176 478 2625
3148 478 6478
3194 478 1741
3670 478 6241
3188 478 1566
785 478 2445
2077 478 3797
421 478 3436
1548 478 904
1522 478 5814
1645 478 3742
4126 478 4754
3683 478 6107
3770 478 990
3806 478 3852
4481 478 5714
2934 478 5256
185 478 3331
844 478 2839
1361 478 1567
3271 478 4278
5294 478 468
569 478 5129
931 478 5927
350 478 5559
228 478 3283
1887 478 800
5703 478 2468
4255 478 1805
118 478 1204
1240 478 4860
5109 478 957
1439 478 3680
3543 478 6041
3834 478 5922
5272 478 514
157 478 5115
3931 478 987
2093 478 5234
5461 478 5261
4718 478 1653
4233 478 4399
5098 478 710
2718 478 918
4227 478 1033
2091 478 679
5579 478 2264
1759 478 580
2705 478 5947
4017 478 2955
1977 478 578
1386 478 5904
2735 478 1733
6317 478 3788
3138 478 1922
1461 478 2932
597 478 1205
5787 478 3816
5505 478 1142
2789 478 1328
1428 478 5649
968 478 406
1893 478 2061
1814 478 3319
1460 478 4004
5195 478 1026
5357 478 140
798 478 5089
1104 478 3167
3752 478 2727
1457 478 4872
942 478 5349
265 478 2288
3438 478 498
2548 478 3239
668 478 1722
3335 478 2464
672 478 2256
2438 478 1539
3697 478 59
2319 478 1899
1010 478 5456
4597 478 548
4060 478 5338
6400 478 2032
3185 478 305
3419 478 1244
494 478 2439
2168 478 3921
6421 478 3733
5557 478 6163
653 478 4802
1545 478 3468
2595 478 2992
4805 478 6133
367 478 4818
5134 478 2228
773 478 2791
6354 478 4397
4142 478 2229
943 478 4783
4218 478 1769
2454 478 4629
506 478 175
2309 478 284
5473 478 343
1206 478 932
4212 478 2810
373 478 3890
4636 478 978
352 478 4520
3795 478 1576
2794 478 212
6451 478 5653
4036 478 1433
4171 478 5213
2178 478 274
1272 478 6398
5235 478 4358
5093 478 4097
4353 478 4943
1734 478 3861
2699 478 5100
3791 478 2076
1608 478 1493
5675 478 442
5462 478 5637
5240 478 4252
2989 478 5483
5227 478 3129
4317 478 3539
3722 478 1053
5217 478 5706
3220 478 4204
878 478 6496
3686 478 6126
2711 478 5611
3235 478 2092
827 478 1299
1201 478 5137
2337 478 571
3712 478 2232
3162 478 5327
5390 478 6096
4114 478 5788
1803 478 2607
1333 478 35
1661 478 2173
4103 478 4046
3810 478 41
6236 478 2392
1782 478 3231
5106 478 1630
3848 478 6480
191 478 4560
5925 478 3506
2848 478 4325
2602 478 5624
4582 478 5258
4620 478 1558
6113 478 2247
3382 478 482
3288 478 744
2491 478 735
6157 478 2449
1976 478 5921
1229 478 87
4405 478 1123
6253 478 2765
4363 478 3772
1513 478 2069
1121 478 975
3192 478 2371
1972 478 4435
3904 478 1238
3903 478 3504
867 478 6287
958 478 6488
3063 478 5427
6436 478 4455
1543 478 4786
2436 478 1258
2428 478 1159
1364 478 2604
796 478 2605
4634 478 2630
5468 478 2262
3626 478 4387
4666 478 4208
4436 478 3250
2129 478 636
795 478 4683
4660 478 1209
634 478 426
4570 478 4926
397 478 4376
2049 478 5728
3958 478 5306
4615 478 3991
5355 478 528
3926 478 3325
4611 478 1448
5036 478 5647
2374 478 240
5671 478 2977
1039 478 3241
4341 478 5891
3994 478 6005
520 478 2383
6313 478 4865
4045 478 3219
3075 478 2532
633 478 2183
2246 478 3053
4203 478 5101
4740 478 6433
1563 478 841
5994 478 3518
4646 478 2716
6260 478 1663
1622 478 4795
4689 478 4930
5339 478 5354
4729 478 5043
1907 478 5696
363 478 5220
3502 478 3557
4961 478 6196
1771 478 1413
4111 478 3948
3587 478 92
3927 478 250
2487 478 1470
5052 478 5802
1372 478 5734
3463 478 5852
3269 478 1282
2995 478 3369
972 478 5521
1879 478 2382
1998 478 5526
1831 478 5860
5224 478 6029
2142 478 2547
2872 478 334
5709 478 5181
4295 478 4625
5582 478 3379
1812 478 2001
4811 478 823
2629 478 4823
142 478 1860
3704 478 1974
1888 478 1160
2388 478 4094
1621 478 2592
3726 478 4703
4985 478 5818
5683 478 5471
1521 478 3971
1072 478 2923
3664 478 4586
384 478 5364
1451 478 4043
5670 478 2750
3774 478 2902
4885 478 4442
6330 478 4443
1982 478 170
5712 478 5625
3960 478 3850
1261 478 5080
1019 478 2719
2624 478 45
6272 478 4685
1944 478 1178
3012 478 1418
573 478 5140
5699 478 5702
1624 478 5772
5274 478 5828
4571 478 6441
4137 478 2694
6298 478 3617
1877 478 5933
4758 478 1230
5086 478 3843
2742 478 6360
2450 478 2352
2908 478 913
1881 478 5363
395 478 1509
1135 478 4613
4942 478 5790
3562 478 3651
1895 478 3036
1099 478 1855
5816 478 5042
2556 478 576
6058 478 2715
2771 478 692
1938 478 3229
3307 478 2924
2755 478 4882
4382 478 4067
1850 478 5031
5910 478 5799
5053 478 2163
2692 478 1213
2725 478 4527
3222 478 475
6227 478 2443
2785 478 144
5267 478 1102
5191 478 342
1797 478 80
2067 478 2704
3815 478 5662
2850 478 1547
4841 478 3782
786 478 1727
3280 478 6246
5715 478 4606
1283 478 6256
5679 478 4513
3291 478 5311
4336 478 1826
6024 478 4544
3270 478 2218
47 478 2927
6355 478 4219
135 478 3488
3025 478 5717
705 478 2970
84 478 6221
2263 478 4316
2147 478 834
1017 478 3443
2411 478 2132
5926 478 4588
749 478 3381
4609 478 3315
4122 478 5371
6215 478 2194
4751 478 6457
3973 478 6036
5930 478 2960
1468 478 3652
3003 478 5072
5186 478 4549
3193 478 1227
5164 478 3299
5956 478 5697
4138 478 1408
1331 478 55
1154 478 4027
2933 478 1052
876 478 1080
209 478 5346
3356 478 4657
3935 478 4459
2914 478 6011
5528 478 3751
6485 478 6351
2866 478 4759
1199 478 1628
2677 478 1169
179 478 1228
2384 478 507
4013 478 4029
5078 478 2744
4964 478 4775
1829 478 4281
1103 478 538
2405 478 464
6184 478 1751
4504 478 3432
5430 478 3593
1350 478 4184
2041 478 34
3320 478 1060
5590 478 1286
5001 478 4857
172 478 4286
2573 478 460
2896 478 1880
3478 478 857
230 478 2628
3158 478 1920
4928 478 2982
4266 478 105
4761 478 4920
193 478 304
4861 478 1947
969 478 3039
3019 478 3796
5090 478 64
56 478 5201
6156 478 1116
372 478 2259
1220 478 1946
1591 478 4587
2975 478 3538
4337 478 313
86 478 158
4924 478 1501
3327 478 238
572 478 4287
4150 478 1243
4169 478 1531
5859 478 541
5963 478 2687
4921 478 884
1181 478 5628
5931 478 5616
4644 478 3005
3350 478 5345
46 478 2588
2991 478 2676
4681 478 6244
3846 478 4245
3644 478 2200
3316 478 5800
127 478 1499
2887 478 3263
5676 478 1106
462 478 5372
37 478 575
1049 478 2899
4640 478 173
3204 478 5394
4684 478 269
3303 478 3126
3829 478 961
4838 478 2885
5941 478 3719
436 478 4152
484 478 6426
3898 478 1749
858 478 5410
1284 478 5214
4984 478 4717
5455 478 5038
344 478 184
5669 478 3343
4753 478 2465
3394 478 4977
1647 478 3020
645 478 6259
1704 478 2446
737 478 3981
6271 478 6142
4800 478 3863
5849 478 3878
3559 478 4130
4515 478 2323
1295 478 3907
2623 478 3552
6088 478 1431
4174 478 91
3258 478 2330
2040 478 2360
2170 478 915
588 478 1340
4228 478 6418
1069 478 2911
4994 478 4514
4464 478 3949
6494 478 6357
4745 478 3223
713 478 2333
2377 478 2320
1313 478 441
2015 478 4716
4134 478 5886
6341 478 5615
1570 478 1332
5745 478 3466
3311 478 6013
4773 478 2591
3451 478 3450
2504 478 6059
6471 478 4487
6223 478 5573
6267 478 2225
379 478 252
4080 478 1051
3908 478 801
1918 478 4257
3166 478 2426
2752 478 746
423 478 4253
3086 478 2919
3500 478 3397
1412 478 1312
5517 478 4166
4592 478 730
4752 478 3804
790 478 2356
2492 478 3454
5966 478 4887
1689 478 253
5289 478 4951
3236 478 922
1304 478 1658
3707 478 5113
3676 478 1327
4499 478 1362
919 478 493
1118 478 5982
3490 478 1643
585 478 1013
5246 478 5196
6254 478 486
3444 478 5154
5952 478 2347
5613 478 739
1369 478 3601
1405 478 3186
461 478 4627
3640 478 2918
4618 478 5566
283 478 2916
804 478 1436
1586 478 5959
263 478 5574
1724 478 3470
6389 478 5606
4023 478 133
5605 478 1435
104 478 1607
5665 478 3865
5259 478 4092
2019 478 222
5032 478 1255
2894 478 6219
3214 478 5776
2489 478 1827
1692 478 3021
1 478 3112
